[2025-04-17T22:40:45.235+0000] {processor.py:161} INFO - Started process (PID=83) to work on /home/airflow/.local/lib/python3.8/site-packages/airflow/example_dags/example_params_trigger_ui.py
[2025-04-17T22:40:45.237+0000] {processor.py:830} INFO - Processing file /home/airflow/.local/lib/python3.8/site-packages/airflow/example_dags/example_params_trigger_ui.py for tasks to queue
[2025-04-17T22:40:45.241+0000] {logging_mixin.py:188} INFO - [2025-04-17T22:40:45.241+0000] {dagbag.py:538} INFO - Filling up the DagBag from /home/airflow/.local/lib/python3.8/site-packages/airflow/example_dags/example_params_trigger_ui.py
[2025-04-17T22:40:45.269+0000] {processor.py:840} INFO - DAG(s) 'example_params_trigger_ui' retrieved from /home/airflow/.local/lib/python3.8/site-packages/airflow/example_dags/example_params_trigger_ui.py
[2025-04-17T22:40:45.604+0000] {logging_mixin.py:188} INFO - [2025-04-17T22:40:45.603+0000] {dag.py:3036} INFO - Sync 1 DAGs
[2025-04-17T22:40:45.644+0000] {logging_mixin.py:188} INFO - [2025-04-17T22:40:45.643+0000] {dag.py:3823} INFO - Setting next_dagrun for example_params_trigger_ui to None, run_after=None
[2025-04-17T22:40:45.702+0000] {processor.py:183} INFO - Processing /home/airflow/.local/lib/python3.8/site-packages/airflow/example_dags/example_params_trigger_ui.py took 0.473 seconds
[2025-04-17T22:41:16.059+0000] {processor.py:161} INFO - Started process (PID=138) to work on /home/airflow/.local/lib/python3.8/site-packages/airflow/example_dags/example_params_trigger_ui.py
[2025-04-17T22:41:16.060+0000] {processor.py:830} INFO - Processing file /home/airflow/.local/lib/python3.8/site-packages/airflow/example_dags/example_params_trigger_ui.py for tasks to queue
[2025-04-17T22:41:16.063+0000] {logging_mixin.py:188} INFO - [2025-04-17T22:41:16.063+0000] {dagbag.py:538} INFO - Filling up the DagBag from /home/airflow/.local/lib/python3.8/site-packages/airflow/example_dags/example_params_trigger_ui.py
[2025-04-17T22:41:16.086+0000] {processor.py:840} INFO - DAG(s) 'example_params_trigger_ui' retrieved from /home/airflow/.local/lib/python3.8/site-packages/airflow/example_dags/example_params_trigger_ui.py
[2025-04-17T22:41:16.188+0000] {logging_mixin.py:188} INFO - [2025-04-17T22:41:16.188+0000] {dag.py:3036} INFO - Sync 1 DAGs
[2025-04-17T22:41:16.207+0000] {logging_mixin.py:188} INFO - [2025-04-17T22:41:16.207+0000] {dag.py:3823} INFO - Setting next_dagrun for example_params_trigger_ui to None, run_after=None
[2025-04-17T22:41:16.246+0000] {processor.py:183} INFO - Processing /home/airflow/.local/lib/python3.8/site-packages/airflow/example_dags/example_params_trigger_ui.py took 0.192 seconds
[2025-04-17T22:41:46.865+0000] {processor.py:161} INFO - Started process (PID=194) to work on /home/airflow/.local/lib/python3.8/site-packages/airflow/example_dags/example_params_trigger_ui.py
[2025-04-17T22:41:46.867+0000] {processor.py:830} INFO - Processing file /home/airflow/.local/lib/python3.8/site-packages/airflow/example_dags/example_params_trigger_ui.py for tasks to queue
[2025-04-17T22:41:46.870+0000] {logging_mixin.py:188} INFO - [2025-04-17T22:41:46.869+0000] {dagbag.py:538} INFO - Filling up the DagBag from /home/airflow/.local/lib/python3.8/site-packages/airflow/example_dags/example_params_trigger_ui.py
[2025-04-17T22:41:46.896+0000] {processor.py:840} INFO - DAG(s) 'example_params_trigger_ui' retrieved from /home/airflow/.local/lib/python3.8/site-packages/airflow/example_dags/example_params_trigger_ui.py
[2025-04-17T22:41:47.002+0000] {logging_mixin.py:188} INFO - [2025-04-17T22:41:47.002+0000] {dag.py:3036} INFO - Sync 1 DAGs
[2025-04-17T22:41:47.025+0000] {logging_mixin.py:188} INFO - [2025-04-17T22:41:47.025+0000] {dag.py:3823} INFO - Setting next_dagrun for example_params_trigger_ui to None, run_after=None
[2025-04-17T22:41:47.058+0000] {processor.py:183} INFO - Processing /home/airflow/.local/lib/python3.8/site-packages/airflow/example_dags/example_params_trigger_ui.py took 0.201 seconds
[2025-04-17T22:42:17.339+0000] {processor.py:161} INFO - Started process (PID=249) to work on /home/airflow/.local/lib/python3.8/site-packages/airflow/example_dags/example_params_trigger_ui.py
[2025-04-17T22:42:17.341+0000] {processor.py:830} INFO - Processing file /home/airflow/.local/lib/python3.8/site-packages/airflow/example_dags/example_params_trigger_ui.py for tasks to queue
[2025-04-17T22:42:17.344+0000] {logging_mixin.py:188} INFO - [2025-04-17T22:42:17.343+0000] {dagbag.py:538} INFO - Filling up the DagBag from /home/airflow/.local/lib/python3.8/site-packages/airflow/example_dags/example_params_trigger_ui.py
[2025-04-17T22:42:17.369+0000] {processor.py:840} INFO - DAG(s) 'example_params_trigger_ui' retrieved from /home/airflow/.local/lib/python3.8/site-packages/airflow/example_dags/example_params_trigger_ui.py
[2025-04-17T22:42:17.479+0000] {logging_mixin.py:188} INFO - [2025-04-17T22:42:17.478+0000] {dag.py:3036} INFO - Sync 1 DAGs
[2025-04-17T22:42:17.499+0000] {logging_mixin.py:188} INFO - [2025-04-17T22:42:17.499+0000] {dag.py:3823} INFO - Setting next_dagrun for example_params_trigger_ui to None, run_after=None
[2025-04-17T22:42:17.541+0000] {processor.py:183} INFO - Processing /home/airflow/.local/lib/python3.8/site-packages/airflow/example_dags/example_params_trigger_ui.py took 0.208 seconds
[2025-04-17T22:42:47.802+0000] {processor.py:161} INFO - Started process (PID=304) to work on /home/airflow/.local/lib/python3.8/site-packages/airflow/example_dags/example_params_trigger_ui.py
[2025-04-17T22:42:47.804+0000] {processor.py:830} INFO - Processing file /home/airflow/.local/lib/python3.8/site-packages/airflow/example_dags/example_params_trigger_ui.py for tasks to queue
[2025-04-17T22:42:47.807+0000] {logging_mixin.py:188} INFO - [2025-04-17T22:42:47.807+0000] {dagbag.py:538} INFO - Filling up the DagBag from /home/airflow/.local/lib/python3.8/site-packages/airflow/example_dags/example_params_trigger_ui.py
[2025-04-17T22:42:47.835+0000] {processor.py:840} INFO - DAG(s) 'example_params_trigger_ui' retrieved from /home/airflow/.local/lib/python3.8/site-packages/airflow/example_dags/example_params_trigger_ui.py
[2025-04-17T22:42:47.947+0000] {logging_mixin.py:188} INFO - [2025-04-17T22:42:47.946+0000] {dag.py:3036} INFO - Sync 1 DAGs
[2025-04-17T22:42:47.969+0000] {logging_mixin.py:188} INFO - [2025-04-17T22:42:47.968+0000] {dag.py:3823} INFO - Setting next_dagrun for example_params_trigger_ui to None, run_after=None
[2025-04-17T22:42:48.018+0000] {processor.py:183} INFO - Processing /home/airflow/.local/lib/python3.8/site-packages/airflow/example_dags/example_params_trigger_ui.py took 0.222 seconds
[2025-04-17T22:43:18.556+0000] {processor.py:161} INFO - Started process (PID=359) to work on /home/airflow/.local/lib/python3.8/site-packages/airflow/example_dags/example_params_trigger_ui.py
[2025-04-17T22:43:18.558+0000] {processor.py:830} INFO - Processing file /home/airflow/.local/lib/python3.8/site-packages/airflow/example_dags/example_params_trigger_ui.py for tasks to queue
[2025-04-17T22:43:18.561+0000] {logging_mixin.py:188} INFO - [2025-04-17T22:43:18.560+0000] {dagbag.py:538} INFO - Filling up the DagBag from /home/airflow/.local/lib/python3.8/site-packages/airflow/example_dags/example_params_trigger_ui.py
[2025-04-17T22:43:18.587+0000] {processor.py:840} INFO - DAG(s) 'example_params_trigger_ui' retrieved from /home/airflow/.local/lib/python3.8/site-packages/airflow/example_dags/example_params_trigger_ui.py
[2025-04-17T22:43:18.695+0000] {logging_mixin.py:188} INFO - [2025-04-17T22:43:18.694+0000] {dag.py:3036} INFO - Sync 1 DAGs
[2025-04-17T22:43:18.717+0000] {logging_mixin.py:188} INFO - [2025-04-17T22:43:18.716+0000] {dag.py:3823} INFO - Setting next_dagrun for example_params_trigger_ui to None, run_after=None
[2025-04-17T22:43:18.747+0000] {processor.py:183} INFO - Processing /home/airflow/.local/lib/python3.8/site-packages/airflow/example_dags/example_params_trigger_ui.py took 0.196 seconds
[2025-04-17T22:43:48.821+0000] {processor.py:161} INFO - Started process (PID=414) to work on /home/airflow/.local/lib/python3.8/site-packages/airflow/example_dags/example_params_trigger_ui.py
[2025-04-17T22:43:48.823+0000] {processor.py:830} INFO - Processing file /home/airflow/.local/lib/python3.8/site-packages/airflow/example_dags/example_params_trigger_ui.py for tasks to queue
[2025-04-17T22:43:48.826+0000] {logging_mixin.py:188} INFO - [2025-04-17T22:43:48.825+0000] {dagbag.py:538} INFO - Filling up the DagBag from /home/airflow/.local/lib/python3.8/site-packages/airflow/example_dags/example_params_trigger_ui.py
[2025-04-17T22:43:48.849+0000] {processor.py:840} INFO - DAG(s) 'example_params_trigger_ui' retrieved from /home/airflow/.local/lib/python3.8/site-packages/airflow/example_dags/example_params_trigger_ui.py
[2025-04-17T22:43:48.944+0000] {logging_mixin.py:188} INFO - [2025-04-17T22:43:48.944+0000] {dag.py:3036} INFO - Sync 1 DAGs
[2025-04-17T22:43:48.963+0000] {logging_mixin.py:188} INFO - [2025-04-17T22:43:48.963+0000] {dag.py:3823} INFO - Setting next_dagrun for example_params_trigger_ui to None, run_after=None
[2025-04-17T22:43:49.001+0000] {processor.py:183} INFO - Processing /home/airflow/.local/lib/python3.8/site-packages/airflow/example_dags/example_params_trigger_ui.py took 0.186 seconds
[2025-04-17T22:44:19.692+0000] {processor.py:161} INFO - Started process (PID=469) to work on /home/airflow/.local/lib/python3.8/site-packages/airflow/example_dags/example_params_trigger_ui.py
[2025-04-17T22:44:19.694+0000] {processor.py:830} INFO - Processing file /home/airflow/.local/lib/python3.8/site-packages/airflow/example_dags/example_params_trigger_ui.py for tasks to queue
[2025-04-17T22:44:19.697+0000] {logging_mixin.py:188} INFO - [2025-04-17T22:44:19.696+0000] {dagbag.py:538} INFO - Filling up the DagBag from /home/airflow/.local/lib/python3.8/site-packages/airflow/example_dags/example_params_trigger_ui.py
[2025-04-17T22:44:19.721+0000] {processor.py:840} INFO - DAG(s) 'example_params_trigger_ui' retrieved from /home/airflow/.local/lib/python3.8/site-packages/airflow/example_dags/example_params_trigger_ui.py
[2025-04-17T22:44:19.817+0000] {logging_mixin.py:188} INFO - [2025-04-17T22:44:19.817+0000] {dag.py:3036} INFO - Sync 1 DAGs
[2025-04-17T22:44:19.836+0000] {logging_mixin.py:188} INFO - [2025-04-17T22:44:19.835+0000] {dag.py:3823} INFO - Setting next_dagrun for example_params_trigger_ui to None, run_after=None
[2025-04-17T22:44:19.865+0000] {processor.py:183} INFO - Processing /home/airflow/.local/lib/python3.8/site-packages/airflow/example_dags/example_params_trigger_ui.py took 0.178 seconds
[2025-04-17T22:44:50.520+0000] {processor.py:161} INFO - Started process (PID=524) to work on /home/airflow/.local/lib/python3.8/site-packages/airflow/example_dags/example_params_trigger_ui.py
[2025-04-17T22:44:50.521+0000] {processor.py:830} INFO - Processing file /home/airflow/.local/lib/python3.8/site-packages/airflow/example_dags/example_params_trigger_ui.py for tasks to queue
[2025-04-17T22:44:50.524+0000] {logging_mixin.py:188} INFO - [2025-04-17T22:44:50.523+0000] {dagbag.py:538} INFO - Filling up the DagBag from /home/airflow/.local/lib/python3.8/site-packages/airflow/example_dags/example_params_trigger_ui.py
[2025-04-17T22:44:50.546+0000] {processor.py:840} INFO - DAG(s) 'example_params_trigger_ui' retrieved from /home/airflow/.local/lib/python3.8/site-packages/airflow/example_dags/example_params_trigger_ui.py
[2025-04-17T22:44:50.642+0000] {logging_mixin.py:188} INFO - [2025-04-17T22:44:50.641+0000] {dag.py:3036} INFO - Sync 1 DAGs
[2025-04-17T22:44:50.661+0000] {logging_mixin.py:188} INFO - [2025-04-17T22:44:50.660+0000] {dag.py:3823} INFO - Setting next_dagrun for example_params_trigger_ui to None, run_after=None
[2025-04-17T22:44:50.689+0000] {processor.py:183} INFO - Processing /home/airflow/.local/lib/python3.8/site-packages/airflow/example_dags/example_params_trigger_ui.py took 0.175 seconds
[2025-04-17T22:45:21.168+0000] {processor.py:161} INFO - Started process (PID=579) to work on /home/airflow/.local/lib/python3.8/site-packages/airflow/example_dags/example_params_trigger_ui.py
[2025-04-17T22:45:21.170+0000] {processor.py:830} INFO - Processing file /home/airflow/.local/lib/python3.8/site-packages/airflow/example_dags/example_params_trigger_ui.py for tasks to queue
[2025-04-17T22:45:21.173+0000] {logging_mixin.py:188} INFO - [2025-04-17T22:45:21.173+0000] {dagbag.py:538} INFO - Filling up the DagBag from /home/airflow/.local/lib/python3.8/site-packages/airflow/example_dags/example_params_trigger_ui.py
[2025-04-17T22:45:21.196+0000] {processor.py:840} INFO - DAG(s) 'example_params_trigger_ui' retrieved from /home/airflow/.local/lib/python3.8/site-packages/airflow/example_dags/example_params_trigger_ui.py
[2025-04-17T22:45:21.291+0000] {logging_mixin.py:188} INFO - [2025-04-17T22:45:21.290+0000] {dag.py:3036} INFO - Sync 1 DAGs
[2025-04-17T22:45:21.311+0000] {logging_mixin.py:188} INFO - [2025-04-17T22:45:21.310+0000] {dag.py:3823} INFO - Setting next_dagrun for example_params_trigger_ui to None, run_after=None
[2025-04-17T22:45:21.339+0000] {processor.py:183} INFO - Processing /home/airflow/.local/lib/python3.8/site-packages/airflow/example_dags/example_params_trigger_ui.py took 0.177 seconds
[2025-04-17T22:45:51.681+0000] {processor.py:161} INFO - Started process (PID=634) to work on /home/airflow/.local/lib/python3.8/site-packages/airflow/example_dags/example_params_trigger_ui.py
[2025-04-17T22:45:51.683+0000] {processor.py:830} INFO - Processing file /home/airflow/.local/lib/python3.8/site-packages/airflow/example_dags/example_params_trigger_ui.py for tasks to queue
[2025-04-17T22:45:51.686+0000] {logging_mixin.py:188} INFO - [2025-04-17T22:45:51.685+0000] {dagbag.py:538} INFO - Filling up the DagBag from /home/airflow/.local/lib/python3.8/site-packages/airflow/example_dags/example_params_trigger_ui.py
[2025-04-17T22:45:51.708+0000] {processor.py:840} INFO - DAG(s) 'example_params_trigger_ui' retrieved from /home/airflow/.local/lib/python3.8/site-packages/airflow/example_dags/example_params_trigger_ui.py
[2025-04-17T22:45:51.798+0000] {logging_mixin.py:188} INFO - [2025-04-17T22:45:51.798+0000] {dag.py:3036} INFO - Sync 1 DAGs
[2025-04-17T22:45:51.817+0000] {logging_mixin.py:188} INFO - [2025-04-17T22:45:51.817+0000] {dag.py:3823} INFO - Setting next_dagrun for example_params_trigger_ui to None, run_after=None
[2025-04-17T22:45:51.845+0000] {processor.py:183} INFO - Processing /home/airflow/.local/lib/python3.8/site-packages/airflow/example_dags/example_params_trigger_ui.py took 0.169 seconds
[2025-04-17T22:46:22.111+0000] {processor.py:161} INFO - Started process (PID=689) to work on /home/airflow/.local/lib/python3.8/site-packages/airflow/example_dags/example_params_trigger_ui.py
[2025-04-17T22:46:22.113+0000] {processor.py:830} INFO - Processing file /home/airflow/.local/lib/python3.8/site-packages/airflow/example_dags/example_params_trigger_ui.py for tasks to queue
[2025-04-17T22:46:22.116+0000] {logging_mixin.py:188} INFO - [2025-04-17T22:46:22.115+0000] {dagbag.py:538} INFO - Filling up the DagBag from /home/airflow/.local/lib/python3.8/site-packages/airflow/example_dags/example_params_trigger_ui.py
[2025-04-17T22:46:22.138+0000] {processor.py:840} INFO - DAG(s) 'example_params_trigger_ui' retrieved from /home/airflow/.local/lib/python3.8/site-packages/airflow/example_dags/example_params_trigger_ui.py
[2025-04-17T22:46:22.226+0000] {logging_mixin.py:188} INFO - [2025-04-17T22:46:22.226+0000] {dag.py:3036} INFO - Sync 1 DAGs
[2025-04-17T22:46:22.245+0000] {logging_mixin.py:188} INFO - [2025-04-17T22:46:22.244+0000] {dag.py:3823} INFO - Setting next_dagrun for example_params_trigger_ui to None, run_after=None
[2025-04-17T22:46:22.274+0000] {processor.py:183} INFO - Processing /home/airflow/.local/lib/python3.8/site-packages/airflow/example_dags/example_params_trigger_ui.py took 0.168 seconds
[2025-04-17T22:46:52.841+0000] {processor.py:161} INFO - Started process (PID=744) to work on /home/airflow/.local/lib/python3.8/site-packages/airflow/example_dags/example_params_trigger_ui.py
[2025-04-17T22:46:52.846+0000] {processor.py:830} INFO - Processing file /home/airflow/.local/lib/python3.8/site-packages/airflow/example_dags/example_params_trigger_ui.py for tasks to queue
[2025-04-17T22:46:52.856+0000] {logging_mixin.py:188} INFO - [2025-04-17T22:46:52.855+0000] {dagbag.py:538} INFO - Filling up the DagBag from /home/airflow/.local/lib/python3.8/site-packages/airflow/example_dags/example_params_trigger_ui.py
[2025-04-17T22:46:52.956+0000] {processor.py:840} INFO - DAG(s) 'example_params_trigger_ui' retrieved from /home/airflow/.local/lib/python3.8/site-packages/airflow/example_dags/example_params_trigger_ui.py
[2025-04-17T22:46:53.975+0000] {logging_mixin.py:188} INFO - [2025-04-17T22:46:53.974+0000] {dag.py:3036} INFO - Sync 1 DAGs
[2025-04-17T22:46:54.004+0000] {logging_mixin.py:188} INFO - [2025-04-17T22:46:54.004+0000] {dag.py:3823} INFO - Setting next_dagrun for example_params_trigger_ui to None, run_after=None
[2025-04-17T22:46:54.038+0000] {processor.py:183} INFO - Processing /home/airflow/.local/lib/python3.8/site-packages/airflow/example_dags/example_params_trigger_ui.py took 1.207 seconds
[2025-04-17T22:47:24.420+0000] {processor.py:161} INFO - Started process (PID=799) to work on /home/airflow/.local/lib/python3.8/site-packages/airflow/example_dags/example_params_trigger_ui.py
[2025-04-17T22:47:24.422+0000] {processor.py:830} INFO - Processing file /home/airflow/.local/lib/python3.8/site-packages/airflow/example_dags/example_params_trigger_ui.py for tasks to queue
[2025-04-17T22:47:24.426+0000] {logging_mixin.py:188} INFO - [2025-04-17T22:47:24.426+0000] {dagbag.py:538} INFO - Filling up the DagBag from /home/airflow/.local/lib/python3.8/site-packages/airflow/example_dags/example_params_trigger_ui.py
[2025-04-17T22:47:24.460+0000] {processor.py:840} INFO - DAG(s) 'example_params_trigger_ui' retrieved from /home/airflow/.local/lib/python3.8/site-packages/airflow/example_dags/example_params_trigger_ui.py
[2025-04-17T22:47:24.587+0000] {logging_mixin.py:188} INFO - [2025-04-17T22:47:24.587+0000] {dag.py:3036} INFO - Sync 1 DAGs
[2025-04-17T22:47:24.611+0000] {logging_mixin.py:188} INFO - [2025-04-17T22:47:24.610+0000] {dag.py:3823} INFO - Setting next_dagrun for example_params_trigger_ui to None, run_after=None
[2025-04-17T22:47:24.645+0000] {processor.py:183} INFO - Processing /home/airflow/.local/lib/python3.8/site-packages/airflow/example_dags/example_params_trigger_ui.py took 0.237 seconds
[2025-04-17T22:47:54.696+0000] {processor.py:161} INFO - Started process (PID=855) to work on /home/airflow/.local/lib/python3.8/site-packages/airflow/example_dags/example_params_trigger_ui.py
[2025-04-17T22:47:54.698+0000] {processor.py:830} INFO - Processing file /home/airflow/.local/lib/python3.8/site-packages/airflow/example_dags/example_params_trigger_ui.py for tasks to queue
[2025-04-17T22:47:54.701+0000] {logging_mixin.py:188} INFO - [2025-04-17T22:47:54.700+0000] {dagbag.py:538} INFO - Filling up the DagBag from /home/airflow/.local/lib/python3.8/site-packages/airflow/example_dags/example_params_trigger_ui.py
[2025-04-17T22:47:54.723+0000] {processor.py:840} INFO - DAG(s) 'example_params_trigger_ui' retrieved from /home/airflow/.local/lib/python3.8/site-packages/airflow/example_dags/example_params_trigger_ui.py
[2025-04-17T22:47:54.746+0000] {logging_mixin.py:188} INFO - [2025-04-17T22:47:54.745+0000] {dag.py:3036} INFO - Sync 1 DAGs
[2025-04-17T22:47:54.769+0000] {logging_mixin.py:188} INFO - [2025-04-17T22:47:54.769+0000] {dag.py:3823} INFO - Setting next_dagrun for example_params_trigger_ui to None, run_after=None
[2025-04-17T22:47:54.811+0000] {processor.py:183} INFO - Processing /home/airflow/.local/lib/python3.8/site-packages/airflow/example_dags/example_params_trigger_ui.py took 0.121 seconds
[2025-04-17T22:48:24.905+0000] {processor.py:161} INFO - Started process (PID=909) to work on /home/airflow/.local/lib/python3.8/site-packages/airflow/example_dags/example_params_trigger_ui.py
[2025-04-17T22:48:24.909+0000] {processor.py:830} INFO - Processing file /home/airflow/.local/lib/python3.8/site-packages/airflow/example_dags/example_params_trigger_ui.py for tasks to queue
[2025-04-17T22:48:24.912+0000] {logging_mixin.py:188} INFO - [2025-04-17T22:48:24.912+0000] {dagbag.py:538} INFO - Filling up the DagBag from /home/airflow/.local/lib/python3.8/site-packages/airflow/example_dags/example_params_trigger_ui.py
[2025-04-17T22:48:24.934+0000] {processor.py:840} INFO - DAG(s) 'example_params_trigger_ui' retrieved from /home/airflow/.local/lib/python3.8/site-packages/airflow/example_dags/example_params_trigger_ui.py
[2025-04-17T22:48:25.153+0000] {logging_mixin.py:188} INFO - [2025-04-17T22:48:25.152+0000] {dag.py:3036} INFO - Sync 1 DAGs
[2025-04-17T22:48:25.174+0000] {logging_mixin.py:188} INFO - [2025-04-17T22:48:25.174+0000] {dag.py:3823} INFO - Setting next_dagrun for example_params_trigger_ui to None, run_after=None
[2025-04-17T22:48:25.204+0000] {processor.py:183} INFO - Processing /home/airflow/.local/lib/python3.8/site-packages/airflow/example_dags/example_params_trigger_ui.py took 0.304 seconds
[2025-04-17T22:48:55.787+0000] {processor.py:161} INFO - Started process (PID=964) to work on /home/airflow/.local/lib/python3.8/site-packages/airflow/example_dags/example_params_trigger_ui.py
[2025-04-17T22:48:55.788+0000] {processor.py:830} INFO - Processing file /home/airflow/.local/lib/python3.8/site-packages/airflow/example_dags/example_params_trigger_ui.py for tasks to queue
[2025-04-17T22:48:55.791+0000] {logging_mixin.py:188} INFO - [2025-04-17T22:48:55.791+0000] {dagbag.py:538} INFO - Filling up the DagBag from /home/airflow/.local/lib/python3.8/site-packages/airflow/example_dags/example_params_trigger_ui.py
[2025-04-17T22:48:55.814+0000] {processor.py:840} INFO - DAG(s) 'example_params_trigger_ui' retrieved from /home/airflow/.local/lib/python3.8/site-packages/airflow/example_dags/example_params_trigger_ui.py
[2025-04-17T22:48:55.915+0000] {logging_mixin.py:188} INFO - [2025-04-17T22:48:55.915+0000] {dag.py:3036} INFO - Sync 1 DAGs
[2025-04-17T22:48:55.940+0000] {logging_mixin.py:188} INFO - [2025-04-17T22:48:55.940+0000] {dag.py:3823} INFO - Setting next_dagrun for example_params_trigger_ui to None, run_after=None
[2025-04-17T22:48:55.969+0000] {processor.py:183} INFO - Processing /home/airflow/.local/lib/python3.8/site-packages/airflow/example_dags/example_params_trigger_ui.py took 0.187 seconds
[2025-04-17T22:49:26.757+0000] {processor.py:161} INFO - Started process (PID=1019) to work on /home/airflow/.local/lib/python3.8/site-packages/airflow/example_dags/example_params_trigger_ui.py
[2025-04-17T22:49:26.759+0000] {processor.py:830} INFO - Processing file /home/airflow/.local/lib/python3.8/site-packages/airflow/example_dags/example_params_trigger_ui.py for tasks to queue
[2025-04-17T22:49:26.762+0000] {logging_mixin.py:188} INFO - [2025-04-17T22:49:26.762+0000] {dagbag.py:538} INFO - Filling up the DagBag from /home/airflow/.local/lib/python3.8/site-packages/airflow/example_dags/example_params_trigger_ui.py
[2025-04-17T22:49:26.789+0000] {processor.py:840} INFO - DAG(s) 'example_params_trigger_ui' retrieved from /home/airflow/.local/lib/python3.8/site-packages/airflow/example_dags/example_params_trigger_ui.py
[2025-04-17T22:49:26.885+0000] {logging_mixin.py:188} INFO - [2025-04-17T22:49:26.885+0000] {dag.py:3036} INFO - Sync 1 DAGs
[2025-04-17T22:49:26.907+0000] {logging_mixin.py:188} INFO - [2025-04-17T22:49:26.906+0000] {dag.py:3823} INFO - Setting next_dagrun for example_params_trigger_ui to None, run_after=None
[2025-04-17T22:49:26.937+0000] {processor.py:183} INFO - Processing /home/airflow/.local/lib/python3.8/site-packages/airflow/example_dags/example_params_trigger_ui.py took 0.186 seconds
[2025-04-17T22:49:57.044+0000] {processor.py:161} INFO - Started process (PID=1074) to work on /home/airflow/.local/lib/python3.8/site-packages/airflow/example_dags/example_params_trigger_ui.py
[2025-04-17T22:49:57.049+0000] {processor.py:830} INFO - Processing file /home/airflow/.local/lib/python3.8/site-packages/airflow/example_dags/example_params_trigger_ui.py for tasks to queue
[2025-04-17T22:49:57.052+0000] {logging_mixin.py:188} INFO - [2025-04-17T22:49:57.052+0000] {dagbag.py:538} INFO - Filling up the DagBag from /home/airflow/.local/lib/python3.8/site-packages/airflow/example_dags/example_params_trigger_ui.py
[2025-04-17T22:49:57.077+0000] {processor.py:840} INFO - DAG(s) 'example_params_trigger_ui' retrieved from /home/airflow/.local/lib/python3.8/site-packages/airflow/example_dags/example_params_trigger_ui.py
[2025-04-17T22:49:57.175+0000] {logging_mixin.py:188} INFO - [2025-04-17T22:49:57.175+0000] {dag.py:3036} INFO - Sync 1 DAGs
[2025-04-17T22:49:57.199+0000] {logging_mixin.py:188} INFO - [2025-04-17T22:49:57.199+0000] {dag.py:3823} INFO - Setting next_dagrun for example_params_trigger_ui to None, run_after=None
[2025-04-17T22:49:57.228+0000] {processor.py:183} INFO - Processing /home/airflow/.local/lib/python3.8/site-packages/airflow/example_dags/example_params_trigger_ui.py took 0.190 seconds
[2025-04-17T22:50:27.755+0000] {processor.py:161} INFO - Started process (PID=1129) to work on /home/airflow/.local/lib/python3.8/site-packages/airflow/example_dags/example_params_trigger_ui.py
[2025-04-17T22:50:27.757+0000] {processor.py:830} INFO - Processing file /home/airflow/.local/lib/python3.8/site-packages/airflow/example_dags/example_params_trigger_ui.py for tasks to queue
[2025-04-17T22:50:27.760+0000] {logging_mixin.py:188} INFO - [2025-04-17T22:50:27.760+0000] {dagbag.py:538} INFO - Filling up the DagBag from /home/airflow/.local/lib/python3.8/site-packages/airflow/example_dags/example_params_trigger_ui.py
[2025-04-17T22:50:27.784+0000] {processor.py:840} INFO - DAG(s) 'example_params_trigger_ui' retrieved from /home/airflow/.local/lib/python3.8/site-packages/airflow/example_dags/example_params_trigger_ui.py
[2025-04-17T22:50:27.892+0000] {logging_mixin.py:188} INFO - [2025-04-17T22:50:27.892+0000] {dag.py:3036} INFO - Sync 1 DAGs
[2025-04-17T22:50:27.916+0000] {logging_mixin.py:188} INFO - [2025-04-17T22:50:27.916+0000] {dag.py:3823} INFO - Setting next_dagrun for example_params_trigger_ui to None, run_after=None
[2025-04-17T22:50:27.958+0000] {processor.py:183} INFO - Processing /home/airflow/.local/lib/python3.8/site-packages/airflow/example_dags/example_params_trigger_ui.py took 0.209 seconds
[2025-04-17T22:50:58.558+0000] {processor.py:161} INFO - Started process (PID=1184) to work on /home/airflow/.local/lib/python3.8/site-packages/airflow/example_dags/example_params_trigger_ui.py
[2025-04-17T22:50:58.560+0000] {processor.py:830} INFO - Processing file /home/airflow/.local/lib/python3.8/site-packages/airflow/example_dags/example_params_trigger_ui.py for tasks to queue
[2025-04-17T22:50:58.562+0000] {logging_mixin.py:188} INFO - [2025-04-17T22:50:58.562+0000] {dagbag.py:538} INFO - Filling up the DagBag from /home/airflow/.local/lib/python3.8/site-packages/airflow/example_dags/example_params_trigger_ui.py
[2025-04-17T22:50:58.588+0000] {processor.py:840} INFO - DAG(s) 'example_params_trigger_ui' retrieved from /home/airflow/.local/lib/python3.8/site-packages/airflow/example_dags/example_params_trigger_ui.py
[2025-04-17T22:50:58.685+0000] {logging_mixin.py:188} INFO - [2025-04-17T22:50:58.685+0000] {dag.py:3036} INFO - Sync 1 DAGs
[2025-04-17T22:50:58.705+0000] {logging_mixin.py:188} INFO - [2025-04-17T22:50:58.704+0000] {dag.py:3823} INFO - Setting next_dagrun for example_params_trigger_ui to None, run_after=None
[2025-04-17T22:50:58.739+0000] {processor.py:183} INFO - Processing /home/airflow/.local/lib/python3.8/site-packages/airflow/example_dags/example_params_trigger_ui.py took 0.186 seconds
[2025-04-17T22:51:28.796+0000] {processor.py:161} INFO - Started process (PID=1239) to work on /home/airflow/.local/lib/python3.8/site-packages/airflow/example_dags/example_params_trigger_ui.py
[2025-04-17T22:51:28.797+0000] {processor.py:830} INFO - Processing file /home/airflow/.local/lib/python3.8/site-packages/airflow/example_dags/example_params_trigger_ui.py for tasks to queue
[2025-04-17T22:51:28.800+0000] {logging_mixin.py:188} INFO - [2025-04-17T22:51:28.800+0000] {dagbag.py:538} INFO - Filling up the DagBag from /home/airflow/.local/lib/python3.8/site-packages/airflow/example_dags/example_params_trigger_ui.py
[2025-04-17T22:51:28.823+0000] {processor.py:840} INFO - DAG(s) 'example_params_trigger_ui' retrieved from /home/airflow/.local/lib/python3.8/site-packages/airflow/example_dags/example_params_trigger_ui.py
[2025-04-17T22:51:28.923+0000] {logging_mixin.py:188} INFO - [2025-04-17T22:51:28.923+0000] {dag.py:3036} INFO - Sync 1 DAGs
[2025-04-17T22:51:28.948+0000] {logging_mixin.py:188} INFO - [2025-04-17T22:51:28.947+0000] {dag.py:3823} INFO - Setting next_dagrun for example_params_trigger_ui to None, run_after=None
[2025-04-17T22:51:28.983+0000] {processor.py:183} INFO - Processing /home/airflow/.local/lib/python3.8/site-packages/airflow/example_dags/example_params_trigger_ui.py took 0.192 seconds
[2025-04-17T22:51:59.431+0000] {processor.py:161} INFO - Started process (PID=1294) to work on /home/airflow/.local/lib/python3.8/site-packages/airflow/example_dags/example_params_trigger_ui.py
[2025-04-17T22:51:59.433+0000] {processor.py:830} INFO - Processing file /home/airflow/.local/lib/python3.8/site-packages/airflow/example_dags/example_params_trigger_ui.py for tasks to queue
[2025-04-17T22:51:59.435+0000] {logging_mixin.py:188} INFO - [2025-04-17T22:51:59.435+0000] {dagbag.py:538} INFO - Filling up the DagBag from /home/airflow/.local/lib/python3.8/site-packages/airflow/example_dags/example_params_trigger_ui.py
[2025-04-17T22:51:59.457+0000] {processor.py:840} INFO - DAG(s) 'example_params_trigger_ui' retrieved from /home/airflow/.local/lib/python3.8/site-packages/airflow/example_dags/example_params_trigger_ui.py
[2025-04-17T22:51:59.557+0000] {logging_mixin.py:188} INFO - [2025-04-17T22:51:59.557+0000] {dag.py:3036} INFO - Sync 1 DAGs
[2025-04-17T22:51:59.578+0000] {logging_mixin.py:188} INFO - [2025-04-17T22:51:59.578+0000] {dag.py:3823} INFO - Setting next_dagrun for example_params_trigger_ui to None, run_after=None
[2025-04-17T22:51:59.609+0000] {processor.py:183} INFO - Processing /home/airflow/.local/lib/python3.8/site-packages/airflow/example_dags/example_params_trigger_ui.py took 0.183 seconds
[2025-04-17T22:52:29.983+0000] {processor.py:161} INFO - Started process (PID=1349) to work on /home/airflow/.local/lib/python3.8/site-packages/airflow/example_dags/example_params_trigger_ui.py
[2025-04-17T22:52:29.985+0000] {processor.py:830} INFO - Processing file /home/airflow/.local/lib/python3.8/site-packages/airflow/example_dags/example_params_trigger_ui.py for tasks to queue
[2025-04-17T22:52:30.002+0000] {logging_mixin.py:188} INFO - [2025-04-17T22:52:29.999+0000] {dagbag.py:538} INFO - Filling up the DagBag from /home/airflow/.local/lib/python3.8/site-packages/airflow/example_dags/example_params_trigger_ui.py
[2025-04-17T22:52:30.215+0000] {processor.py:840} INFO - DAG(s) 'example_params_trigger_ui' retrieved from /home/airflow/.local/lib/python3.8/site-packages/airflow/example_dags/example_params_trigger_ui.py
[2025-04-17T22:52:30.328+0000] {logging_mixin.py:188} INFO - [2025-04-17T22:52:30.328+0000] {dag.py:3036} INFO - Sync 1 DAGs
[2025-04-17T22:52:30.383+0000] {logging_mixin.py:188} INFO - [2025-04-17T22:52:30.382+0000] {dag.py:3823} INFO - Setting next_dagrun for example_params_trigger_ui to None, run_after=None
[2025-04-17T22:52:30.479+0000] {processor.py:183} INFO - Processing /home/airflow/.local/lib/python3.8/site-packages/airflow/example_dags/example_params_trigger_ui.py took 0.505 seconds
[2025-04-17T22:53:00.615+0000] {processor.py:161} INFO - Started process (PID=1404) to work on /home/airflow/.local/lib/python3.8/site-packages/airflow/example_dags/example_params_trigger_ui.py
[2025-04-17T22:53:00.616+0000] {processor.py:830} INFO - Processing file /home/airflow/.local/lib/python3.8/site-packages/airflow/example_dags/example_params_trigger_ui.py for tasks to queue
[2025-04-17T22:53:00.619+0000] {logging_mixin.py:188} INFO - [2025-04-17T22:53:00.619+0000] {dagbag.py:538} INFO - Filling up the DagBag from /home/airflow/.local/lib/python3.8/site-packages/airflow/example_dags/example_params_trigger_ui.py
[2025-04-17T22:53:00.643+0000] {processor.py:840} INFO - DAG(s) 'example_params_trigger_ui' retrieved from /home/airflow/.local/lib/python3.8/site-packages/airflow/example_dags/example_params_trigger_ui.py
[2025-04-17T22:53:00.741+0000] {logging_mixin.py:188} INFO - [2025-04-17T22:53:00.741+0000] {dag.py:3036} INFO - Sync 1 DAGs
[2025-04-17T22:53:00.769+0000] {logging_mixin.py:188} INFO - [2025-04-17T22:53:00.768+0000] {dag.py:3823} INFO - Setting next_dagrun for example_params_trigger_ui to None, run_after=None
[2025-04-17T22:53:00.806+0000] {processor.py:183} INFO - Processing /home/airflow/.local/lib/python3.8/site-packages/airflow/example_dags/example_params_trigger_ui.py took 0.196 seconds
[2025-04-17T22:53:30.885+0000] {processor.py:161} INFO - Started process (PID=1460) to work on /home/airflow/.local/lib/python3.8/site-packages/airflow/example_dags/example_params_trigger_ui.py
[2025-04-17T22:53:30.887+0000] {processor.py:830} INFO - Processing file /home/airflow/.local/lib/python3.8/site-packages/airflow/example_dags/example_params_trigger_ui.py for tasks to queue
[2025-04-17T22:53:30.889+0000] {logging_mixin.py:188} INFO - [2025-04-17T22:53:30.889+0000] {dagbag.py:538} INFO - Filling up the DagBag from /home/airflow/.local/lib/python3.8/site-packages/airflow/example_dags/example_params_trigger_ui.py
[2025-04-17T22:53:30.912+0000] {processor.py:840} INFO - DAG(s) 'example_params_trigger_ui' retrieved from /home/airflow/.local/lib/python3.8/site-packages/airflow/example_dags/example_params_trigger_ui.py
[2025-04-17T22:53:30.999+0000] {logging_mixin.py:188} INFO - [2025-04-17T22:53:30.999+0000] {dag.py:3036} INFO - Sync 1 DAGs
[2025-04-17T22:53:31.019+0000] {logging_mixin.py:188} INFO - [2025-04-17T22:53:31.019+0000] {dag.py:3823} INFO - Setting next_dagrun for example_params_trigger_ui to None, run_after=None
[2025-04-17T22:53:31.047+0000] {processor.py:183} INFO - Processing /home/airflow/.local/lib/python3.8/site-packages/airflow/example_dags/example_params_trigger_ui.py took 0.167 seconds
[2025-04-17T22:54:01.079+0000] {processor.py:161} INFO - Started process (PID=1514) to work on /home/airflow/.local/lib/python3.8/site-packages/airflow/example_dags/example_params_trigger_ui.py
[2025-04-17T22:54:01.081+0000] {processor.py:830} INFO - Processing file /home/airflow/.local/lib/python3.8/site-packages/airflow/example_dags/example_params_trigger_ui.py for tasks to queue
[2025-04-17T22:54:01.084+0000] {logging_mixin.py:188} INFO - [2025-04-17T22:54:01.083+0000] {dagbag.py:538} INFO - Filling up the DagBag from /home/airflow/.local/lib/python3.8/site-packages/airflow/example_dags/example_params_trigger_ui.py
[2025-04-17T22:54:01.106+0000] {processor.py:840} INFO - DAG(s) 'example_params_trigger_ui' retrieved from /home/airflow/.local/lib/python3.8/site-packages/airflow/example_dags/example_params_trigger_ui.py
[2025-04-17T22:54:01.195+0000] {logging_mixin.py:188} INFO - [2025-04-17T22:54:01.195+0000] {dag.py:3036} INFO - Sync 1 DAGs
[2025-04-17T22:54:01.217+0000] {logging_mixin.py:188} INFO - [2025-04-17T22:54:01.216+0000] {dag.py:3823} INFO - Setting next_dagrun for example_params_trigger_ui to None, run_after=None
[2025-04-17T22:54:01.254+0000] {processor.py:183} INFO - Processing /home/airflow/.local/lib/python3.8/site-packages/airflow/example_dags/example_params_trigger_ui.py took 0.181 seconds
