[2025-04-17T22:40:45.764+0000] {processor.py:161} INFO - Started process (PID=85) to work on /home/airflow/.local/lib/python3.8/site-packages/airflow/example_dags/example_sensors.py
[2025-04-17T22:40:45.766+0000] {processor.py:830} INFO - Processing file /home/airflow/.local/lib/python3.8/site-packages/airflow/example_dags/example_sensors.py for tasks to queue
[2025-04-17T22:40:45.769+0000] {logging_mixin.py:188} INFO - [2025-04-17T22:40:45.769+0000] {dagbag.py:538} INFO - Filling up the DagBag from /home/airflow/.local/lib/python3.8/site-packages/airflow/example_dags/example_sensors.py
[2025-04-17T22:40:45.787+0000] {processor.py:840} INFO - DAG(s) 'example_sensors' retrieved from /home/airflow/.local/lib/python3.8/site-packages/airflow/example_dags/example_sensors.py
[2025-04-17T22:40:46.081+0000] {logging_mixin.py:188} INFO - [2025-04-17T22:40:46.076+0000] {dag.py:3036} INFO - Sync 1 DAGs
[2025-04-17T22:40:46.115+0000] {logging_mixin.py:188} INFO - [2025-04-17T22:40:46.114+0000] {dag.py:3823} INFO - Setting next_dagrun for example_sensors to None, run_after=None
[2025-04-17T22:40:46.156+0000] {processor.py:183} INFO - Processing /home/airflow/.local/lib/python3.8/site-packages/airflow/example_dags/example_sensors.py took 0.397 seconds
[2025-04-17T22:41:16.419+0000] {processor.py:161} INFO - Started process (PID=140) to work on /home/airflow/.local/lib/python3.8/site-packages/airflow/example_dags/example_sensors.py
[2025-04-17T22:41:16.420+0000] {processor.py:830} INFO - Processing file /home/airflow/.local/lib/python3.8/site-packages/airflow/example_dags/example_sensors.py for tasks to queue
[2025-04-17T22:41:16.423+0000] {logging_mixin.py:188} INFO - [2025-04-17T22:41:16.423+0000] {dagbag.py:538} INFO - Filling up the DagBag from /home/airflow/.local/lib/python3.8/site-packages/airflow/example_dags/example_sensors.py
[2025-04-17T22:41:16.439+0000] {processor.py:840} INFO - DAG(s) 'example_sensors' retrieved from /home/airflow/.local/lib/python3.8/site-packages/airflow/example_dags/example_sensors.py
[2025-04-17T22:41:16.482+0000] {logging_mixin.py:188} INFO - [2025-04-17T22:41:16.481+0000] {dag.py:3036} INFO - Sync 1 DAGs
[2025-04-17T22:41:16.501+0000] {logging_mixin.py:188} INFO - [2025-04-17T22:41:16.501+0000] {dag.py:3823} INFO - Setting next_dagrun for example_sensors to None, run_after=None
[2025-04-17T22:41:16.535+0000] {processor.py:183} INFO - Processing /home/airflow/.local/lib/python3.8/site-packages/airflow/example_dags/example_sensors.py took 0.121 seconds
[2025-04-17T22:41:47.103+0000] {processor.py:161} INFO - Started process (PID=196) to work on /home/airflow/.local/lib/python3.8/site-packages/airflow/example_dags/example_sensors.py
[2025-04-17T22:41:47.105+0000] {processor.py:830} INFO - Processing file /home/airflow/.local/lib/python3.8/site-packages/airflow/example_dags/example_sensors.py for tasks to queue
[2025-04-17T22:41:47.108+0000] {logging_mixin.py:188} INFO - [2025-04-17T22:41:47.107+0000] {dagbag.py:538} INFO - Filling up the DagBag from /home/airflow/.local/lib/python3.8/site-packages/airflow/example_dags/example_sensors.py
[2025-04-17T22:41:47.126+0000] {processor.py:840} INFO - DAG(s) 'example_sensors' retrieved from /home/airflow/.local/lib/python3.8/site-packages/airflow/example_dags/example_sensors.py
[2025-04-17T22:41:47.175+0000] {logging_mixin.py:188} INFO - [2025-04-17T22:41:47.175+0000] {dag.py:3036} INFO - Sync 1 DAGs
[2025-04-17T22:41:47.196+0000] {logging_mixin.py:188} INFO - [2025-04-17T22:41:47.195+0000] {dag.py:3823} INFO - Setting next_dagrun for example_sensors to None, run_after=None
[2025-04-17T22:41:47.228+0000] {processor.py:183} INFO - Processing /home/airflow/.local/lib/python3.8/site-packages/airflow/example_dags/example_sensors.py took 0.137 seconds
[2025-04-17T22:42:17.575+0000] {processor.py:161} INFO - Started process (PID=251) to work on /home/airflow/.local/lib/python3.8/site-packages/airflow/example_dags/example_sensors.py
[2025-04-17T22:42:17.578+0000] {processor.py:830} INFO - Processing file /home/airflow/.local/lib/python3.8/site-packages/airflow/example_dags/example_sensors.py for tasks to queue
[2025-04-17T22:42:17.581+0000] {logging_mixin.py:188} INFO - [2025-04-17T22:42:17.581+0000] {dagbag.py:538} INFO - Filling up the DagBag from /home/airflow/.local/lib/python3.8/site-packages/airflow/example_dags/example_sensors.py
[2025-04-17T22:42:17.599+0000] {processor.py:840} INFO - DAG(s) 'example_sensors' retrieved from /home/airflow/.local/lib/python3.8/site-packages/airflow/example_dags/example_sensors.py
[2025-04-17T22:42:17.646+0000] {logging_mixin.py:188} INFO - [2025-04-17T22:42:17.645+0000] {dag.py:3036} INFO - Sync 1 DAGs
[2025-04-17T22:42:17.665+0000] {logging_mixin.py:188} INFO - [2025-04-17T22:42:17.664+0000] {dag.py:3823} INFO - Setting next_dagrun for example_sensors to None, run_after=None
[2025-04-17T22:42:17.695+0000] {processor.py:183} INFO - Processing /home/airflow/.local/lib/python3.8/site-packages/airflow/example_dags/example_sensors.py took 0.126 seconds
[2025-04-17T22:42:48.054+0000] {processor.py:161} INFO - Started process (PID=306) to work on /home/airflow/.local/lib/python3.8/site-packages/airflow/example_dags/example_sensors.py
[2025-04-17T22:42:48.056+0000] {processor.py:830} INFO - Processing file /home/airflow/.local/lib/python3.8/site-packages/airflow/example_dags/example_sensors.py for tasks to queue
[2025-04-17T22:42:48.061+0000] {logging_mixin.py:188} INFO - [2025-04-17T22:42:48.060+0000] {dagbag.py:538} INFO - Filling up the DagBag from /home/airflow/.local/lib/python3.8/site-packages/airflow/example_dags/example_sensors.py
[2025-04-17T22:42:48.079+0000] {processor.py:840} INFO - DAG(s) 'example_sensors' retrieved from /home/airflow/.local/lib/python3.8/site-packages/airflow/example_dags/example_sensors.py
[2025-04-17T22:42:48.133+0000] {logging_mixin.py:188} INFO - [2025-04-17T22:42:48.132+0000] {dag.py:3036} INFO - Sync 1 DAGs
[2025-04-17T22:42:48.153+0000] {logging_mixin.py:188} INFO - [2025-04-17T22:42:48.153+0000] {dag.py:3823} INFO - Setting next_dagrun for example_sensors to None, run_after=None
[2025-04-17T22:42:48.183+0000] {processor.py:183} INFO - Processing /home/airflow/.local/lib/python3.8/site-packages/airflow/example_dags/example_sensors.py took 0.136 seconds
[2025-04-17T22:43:18.779+0000] {processor.py:161} INFO - Started process (PID=361) to work on /home/airflow/.local/lib/python3.8/site-packages/airflow/example_dags/example_sensors.py
[2025-04-17T22:43:18.780+0000] {processor.py:830} INFO - Processing file /home/airflow/.local/lib/python3.8/site-packages/airflow/example_dags/example_sensors.py for tasks to queue
[2025-04-17T22:43:18.784+0000] {logging_mixin.py:188} INFO - [2025-04-17T22:43:18.783+0000] {dagbag.py:538} INFO - Filling up the DagBag from /home/airflow/.local/lib/python3.8/site-packages/airflow/example_dags/example_sensors.py
[2025-04-17T22:43:18.801+0000] {processor.py:840} INFO - DAG(s) 'example_sensors' retrieved from /home/airflow/.local/lib/python3.8/site-packages/airflow/example_dags/example_sensors.py
[2025-04-17T22:43:18.849+0000] {logging_mixin.py:188} INFO - [2025-04-17T22:43:18.849+0000] {dag.py:3036} INFO - Sync 1 DAGs
[2025-04-17T22:43:18.871+0000] {logging_mixin.py:188} INFO - [2025-04-17T22:43:18.871+0000] {dag.py:3823} INFO - Setting next_dagrun for example_sensors to None, run_after=None
[2025-04-17T22:43:18.901+0000] {processor.py:183} INFO - Processing /home/airflow/.local/lib/python3.8/site-packages/airflow/example_dags/example_sensors.py took 0.128 seconds
[2025-04-17T22:43:49.035+0000] {processor.py:161} INFO - Started process (PID=416) to work on /home/airflow/.local/lib/python3.8/site-packages/airflow/example_dags/example_sensors.py
[2025-04-17T22:43:49.037+0000] {processor.py:830} INFO - Processing file /home/airflow/.local/lib/python3.8/site-packages/airflow/example_dags/example_sensors.py for tasks to queue
[2025-04-17T22:43:49.040+0000] {logging_mixin.py:188} INFO - [2025-04-17T22:43:49.039+0000] {dagbag.py:538} INFO - Filling up the DagBag from /home/airflow/.local/lib/python3.8/site-packages/airflow/example_dags/example_sensors.py
[2025-04-17T22:43:49.058+0000] {processor.py:840} INFO - DAG(s) 'example_sensors' retrieved from /home/airflow/.local/lib/python3.8/site-packages/airflow/example_dags/example_sensors.py
[2025-04-17T22:43:49.115+0000] {logging_mixin.py:188} INFO - [2025-04-17T22:43:49.115+0000] {dag.py:3036} INFO - Sync 1 DAGs
[2025-04-17T22:43:49.148+0000] {logging_mixin.py:188} INFO - [2025-04-17T22:43:49.147+0000] {dag.py:3823} INFO - Setting next_dagrun for example_sensors to None, run_after=None
[2025-04-17T22:43:49.182+0000] {processor.py:183} INFO - Processing /home/airflow/.local/lib/python3.8/site-packages/airflow/example_dags/example_sensors.py took 0.153 seconds
[2025-04-17T22:44:19.901+0000] {processor.py:161} INFO - Started process (PID=471) to work on /home/airflow/.local/lib/python3.8/site-packages/airflow/example_dags/example_sensors.py
[2025-04-17T22:44:19.903+0000] {processor.py:830} INFO - Processing file /home/airflow/.local/lib/python3.8/site-packages/airflow/example_dags/example_sensors.py for tasks to queue
[2025-04-17T22:44:19.906+0000] {logging_mixin.py:188} INFO - [2025-04-17T22:44:19.905+0000] {dagbag.py:538} INFO - Filling up the DagBag from /home/airflow/.local/lib/python3.8/site-packages/airflow/example_dags/example_sensors.py
[2025-04-17T22:44:19.921+0000] {processor.py:840} INFO - DAG(s) 'example_sensors' retrieved from /home/airflow/.local/lib/python3.8/site-packages/airflow/example_dags/example_sensors.py
[2025-04-17T22:44:19.974+0000] {logging_mixin.py:188} INFO - [2025-04-17T22:44:19.974+0000] {dag.py:3036} INFO - Sync 1 DAGs
[2025-04-17T22:44:19.997+0000] {logging_mixin.py:188} INFO - [2025-04-17T22:44:19.996+0000] {dag.py:3823} INFO - Setting next_dagrun for example_sensors to None, run_after=None
[2025-04-17T22:44:20.035+0000] {processor.py:183} INFO - Processing /home/airflow/.local/lib/python3.8/site-packages/airflow/example_dags/example_sensors.py took 0.139 seconds
[2025-04-17T22:44:50.730+0000] {processor.py:161} INFO - Started process (PID=526) to work on /home/airflow/.local/lib/python3.8/site-packages/airflow/example_dags/example_sensors.py
[2025-04-17T22:44:50.732+0000] {processor.py:830} INFO - Processing file /home/airflow/.local/lib/python3.8/site-packages/airflow/example_dags/example_sensors.py for tasks to queue
[2025-04-17T22:44:50.735+0000] {logging_mixin.py:188} INFO - [2025-04-17T22:44:50.735+0000] {dagbag.py:538} INFO - Filling up the DagBag from /home/airflow/.local/lib/python3.8/site-packages/airflow/example_dags/example_sensors.py
[2025-04-17T22:44:50.751+0000] {processor.py:840} INFO - DAG(s) 'example_sensors' retrieved from /home/airflow/.local/lib/python3.8/site-packages/airflow/example_dags/example_sensors.py
[2025-04-17T22:44:50.793+0000] {logging_mixin.py:188} INFO - [2025-04-17T22:44:50.793+0000] {dag.py:3036} INFO - Sync 1 DAGs
[2025-04-17T22:44:50.812+0000] {logging_mixin.py:188} INFO - [2025-04-17T22:44:50.812+0000] {dag.py:3823} INFO - Setting next_dagrun for example_sensors to None, run_after=None
[2025-04-17T22:44:50.843+0000] {processor.py:183} INFO - Processing /home/airflow/.local/lib/python3.8/site-packages/airflow/example_dags/example_sensors.py took 0.118 seconds
[2025-04-17T22:45:21.375+0000] {processor.py:161} INFO - Started process (PID=581) to work on /home/airflow/.local/lib/python3.8/site-packages/airflow/example_dags/example_sensors.py
[2025-04-17T22:45:21.377+0000] {processor.py:830} INFO - Processing file /home/airflow/.local/lib/python3.8/site-packages/airflow/example_dags/example_sensors.py for tasks to queue
[2025-04-17T22:45:21.380+0000] {logging_mixin.py:188} INFO - [2025-04-17T22:45:21.379+0000] {dagbag.py:538} INFO - Filling up the DagBag from /home/airflow/.local/lib/python3.8/site-packages/airflow/example_dags/example_sensors.py
[2025-04-17T22:45:21.397+0000] {processor.py:840} INFO - DAG(s) 'example_sensors' retrieved from /home/airflow/.local/lib/python3.8/site-packages/airflow/example_dags/example_sensors.py
[2025-04-17T22:45:21.439+0000] {logging_mixin.py:188} INFO - [2025-04-17T22:45:21.438+0000] {dag.py:3036} INFO - Sync 1 DAGs
[2025-04-17T22:45:21.459+0000] {logging_mixin.py:188} INFO - [2025-04-17T22:45:21.458+0000] {dag.py:3823} INFO - Setting next_dagrun for example_sensors to None, run_after=None
[2025-04-17T22:45:21.493+0000] {processor.py:183} INFO - Processing /home/airflow/.local/lib/python3.8/site-packages/airflow/example_dags/example_sensors.py took 0.123 seconds
[2025-04-17T22:45:51.875+0000] {processor.py:161} INFO - Started process (PID=636) to work on /home/airflow/.local/lib/python3.8/site-packages/airflow/example_dags/example_sensors.py
[2025-04-17T22:45:51.877+0000] {processor.py:830} INFO - Processing file /home/airflow/.local/lib/python3.8/site-packages/airflow/example_dags/example_sensors.py for tasks to queue
[2025-04-17T22:45:51.880+0000] {logging_mixin.py:188} INFO - [2025-04-17T22:45:51.879+0000] {dagbag.py:538} INFO - Filling up the DagBag from /home/airflow/.local/lib/python3.8/site-packages/airflow/example_dags/example_sensors.py
[2025-04-17T22:45:51.895+0000] {processor.py:840} INFO - DAG(s) 'example_sensors' retrieved from /home/airflow/.local/lib/python3.8/site-packages/airflow/example_dags/example_sensors.py
[2025-04-17T22:45:51.939+0000] {logging_mixin.py:188} INFO - [2025-04-17T22:45:51.938+0000] {dag.py:3036} INFO - Sync 1 DAGs
[2025-04-17T22:45:51.958+0000] {logging_mixin.py:188} INFO - [2025-04-17T22:45:51.958+0000] {dag.py:3823} INFO - Setting next_dagrun for example_sensors to None, run_after=None
[2025-04-17T22:45:51.986+0000] {processor.py:183} INFO - Processing /home/airflow/.local/lib/python3.8/site-packages/airflow/example_dags/example_sensors.py took 0.115 seconds
[2025-04-17T22:46:22.304+0000] {processor.py:161} INFO - Started process (PID=691) to work on /home/airflow/.local/lib/python3.8/site-packages/airflow/example_dags/example_sensors.py
[2025-04-17T22:46:22.306+0000] {processor.py:830} INFO - Processing file /home/airflow/.local/lib/python3.8/site-packages/airflow/example_dags/example_sensors.py for tasks to queue
[2025-04-17T22:46:22.309+0000] {logging_mixin.py:188} INFO - [2025-04-17T22:46:22.309+0000] {dagbag.py:538} INFO - Filling up the DagBag from /home/airflow/.local/lib/python3.8/site-packages/airflow/example_dags/example_sensors.py
[2025-04-17T22:46:22.325+0000] {processor.py:840} INFO - DAG(s) 'example_sensors' retrieved from /home/airflow/.local/lib/python3.8/site-packages/airflow/example_dags/example_sensors.py
[2025-04-17T22:46:22.367+0000] {logging_mixin.py:188} INFO - [2025-04-17T22:46:22.367+0000] {dag.py:3036} INFO - Sync 1 DAGs
[2025-04-17T22:46:22.386+0000] {logging_mixin.py:188} INFO - [2025-04-17T22:46:22.386+0000] {dag.py:3823} INFO - Setting next_dagrun for example_sensors to None, run_after=None
[2025-04-17T22:46:22.414+0000] {processor.py:183} INFO - Processing /home/airflow/.local/lib/python3.8/site-packages/airflow/example_dags/example_sensors.py took 0.116 seconds
[2025-04-17T22:46:54.073+0000] {processor.py:161} INFO - Started process (PID=746) to work on /home/airflow/.local/lib/python3.8/site-packages/airflow/example_dags/example_sensors.py
[2025-04-17T22:46:54.075+0000] {processor.py:830} INFO - Processing file /home/airflow/.local/lib/python3.8/site-packages/airflow/example_dags/example_sensors.py for tasks to queue
[2025-04-17T22:46:54.080+0000] {logging_mixin.py:188} INFO - [2025-04-17T22:46:54.078+0000] {dagbag.py:538} INFO - Filling up the DagBag from /home/airflow/.local/lib/python3.8/site-packages/airflow/example_dags/example_sensors.py
[2025-04-17T22:46:54.101+0000] {processor.py:840} INFO - DAG(s) 'example_sensors' retrieved from /home/airflow/.local/lib/python3.8/site-packages/airflow/example_dags/example_sensors.py
[2025-04-17T22:46:54.153+0000] {logging_mixin.py:188} INFO - [2025-04-17T22:46:54.153+0000] {dag.py:3036} INFO - Sync 1 DAGs
[2025-04-17T22:46:54.175+0000] {logging_mixin.py:188} INFO - [2025-04-17T22:46:54.175+0000] {dag.py:3823} INFO - Setting next_dagrun for example_sensors to None, run_after=None
[2025-04-17T22:46:54.210+0000] {processor.py:183} INFO - Processing /home/airflow/.local/lib/python3.8/site-packages/airflow/example_dags/example_sensors.py took 0.143 seconds
[2025-04-17T22:47:24.625+0000] {processor.py:161} INFO - Started process (PID=801) to work on /home/airflow/.local/lib/python3.8/site-packages/airflow/example_dags/example_sensors.py
[2025-04-17T22:47:24.627+0000] {processor.py:830} INFO - Processing file /home/airflow/.local/lib/python3.8/site-packages/airflow/example_dags/example_sensors.py for tasks to queue
[2025-04-17T22:47:24.630+0000] {logging_mixin.py:188} INFO - [2025-04-17T22:47:24.630+0000] {dagbag.py:538} INFO - Filling up the DagBag from /home/airflow/.local/lib/python3.8/site-packages/airflow/example_dags/example_sensors.py
[2025-04-17T22:47:24.649+0000] {processor.py:840} INFO - DAG(s) 'example_sensors' retrieved from /home/airflow/.local/lib/python3.8/site-packages/airflow/example_dags/example_sensors.py
[2025-04-17T22:47:24.697+0000] {logging_mixin.py:188} INFO - [2025-04-17T22:47:24.696+0000] {dag.py:3036} INFO - Sync 1 DAGs
[2025-04-17T22:47:24.718+0000] {logging_mixin.py:188} INFO - [2025-04-17T22:47:24.717+0000] {dag.py:3823} INFO - Setting next_dagrun for example_sensors to None, run_after=None
[2025-04-17T22:47:24.751+0000] {processor.py:183} INFO - Processing /home/airflow/.local/lib/python3.8/site-packages/airflow/example_dags/example_sensors.py took 0.132 seconds
[2025-04-17T22:47:54.827+0000] {processor.py:161} INFO - Started process (PID=856) to work on /home/airflow/.local/lib/python3.8/site-packages/airflow/example_dags/example_sensors.py
[2025-04-17T22:47:54.828+0000] {processor.py:830} INFO - Processing file /home/airflow/.local/lib/python3.8/site-packages/airflow/example_dags/example_sensors.py for tasks to queue
[2025-04-17T22:47:54.831+0000] {logging_mixin.py:188} INFO - [2025-04-17T22:47:54.831+0000] {dagbag.py:538} INFO - Filling up the DagBag from /home/airflow/.local/lib/python3.8/site-packages/airflow/example_dags/example_sensors.py
[2025-04-17T22:47:54.850+0000] {processor.py:840} INFO - DAG(s) 'example_sensors' retrieved from /home/airflow/.local/lib/python3.8/site-packages/airflow/example_dags/example_sensors.py
[2025-04-17T22:47:54.871+0000] {logging_mixin.py:188} INFO - [2025-04-17T22:47:54.870+0000] {dag.py:3036} INFO - Sync 1 DAGs
[2025-04-17T22:47:54.894+0000] {logging_mixin.py:188} INFO - [2025-04-17T22:47:54.893+0000] {dag.py:3823} INFO - Setting next_dagrun for example_sensors to None, run_after=None
[2025-04-17T22:47:54.939+0000] {processor.py:183} INFO - Processing /home/airflow/.local/lib/python3.8/site-packages/airflow/example_dags/example_sensors.py took 0.119 seconds
[2025-04-17T22:48:25.181+0000] {processor.py:161} INFO - Started process (PID=911) to work on /home/airflow/.local/lib/python3.8/site-packages/airflow/example_dags/example_sensors.py
[2025-04-17T22:48:25.183+0000] {processor.py:830} INFO - Processing file /home/airflow/.local/lib/python3.8/site-packages/airflow/example_dags/example_sensors.py for tasks to queue
[2025-04-17T22:48:25.186+0000] {logging_mixin.py:188} INFO - [2025-04-17T22:48:25.185+0000] {dagbag.py:538} INFO - Filling up the DagBag from /home/airflow/.local/lib/python3.8/site-packages/airflow/example_dags/example_sensors.py
[2025-04-17T22:48:25.201+0000] {processor.py:840} INFO - DAG(s) 'example_sensors' retrieved from /home/airflow/.local/lib/python3.8/site-packages/airflow/example_dags/example_sensors.py
[2025-04-17T22:48:25.371+0000] {logging_mixin.py:188} INFO - [2025-04-17T22:48:25.370+0000] {dag.py:3036} INFO - Sync 1 DAGs
[2025-04-17T22:48:25.389+0000] {logging_mixin.py:188} INFO - [2025-04-17T22:48:25.388+0000] {dag.py:3823} INFO - Setting next_dagrun for example_sensors to None, run_after=None
[2025-04-17T22:48:25.418+0000] {processor.py:183} INFO - Processing /home/airflow/.local/lib/python3.8/site-packages/airflow/example_dags/example_sensors.py took 0.242 seconds
[2025-04-17T22:48:55.949+0000] {processor.py:161} INFO - Started process (PID=966) to work on /home/airflow/.local/lib/python3.8/site-packages/airflow/example_dags/example_sensors.py
[2025-04-17T22:48:55.951+0000] {processor.py:830} INFO - Processing file /home/airflow/.local/lib/python3.8/site-packages/airflow/example_dags/example_sensors.py for tasks to queue
[2025-04-17T22:48:55.954+0000] {logging_mixin.py:188} INFO - [2025-04-17T22:48:55.953+0000] {dagbag.py:538} INFO - Filling up the DagBag from /home/airflow/.local/lib/python3.8/site-packages/airflow/example_dags/example_sensors.py
[2025-04-17T22:48:55.969+0000] {processor.py:840} INFO - DAG(s) 'example_sensors' retrieved from /home/airflow/.local/lib/python3.8/site-packages/airflow/example_dags/example_sensors.py
[2025-04-17T22:48:56.015+0000] {logging_mixin.py:188} INFO - [2025-04-17T22:48:56.015+0000] {dag.py:3036} INFO - Sync 1 DAGs
[2025-04-17T22:48:56.036+0000] {logging_mixin.py:188} INFO - [2025-04-17T22:48:56.036+0000] {dag.py:3823} INFO - Setting next_dagrun for example_sensors to None, run_after=None
[2025-04-17T22:48:56.066+0000] {processor.py:183} INFO - Processing /home/airflow/.local/lib/python3.8/site-packages/airflow/example_dags/example_sensors.py took 0.123 seconds
[2025-04-17T22:49:26.921+0000] {processor.py:161} INFO - Started process (PID=1021) to work on /home/airflow/.local/lib/python3.8/site-packages/airflow/example_dags/example_sensors.py
[2025-04-17T22:49:26.922+0000] {processor.py:830} INFO - Processing file /home/airflow/.local/lib/python3.8/site-packages/airflow/example_dags/example_sensors.py for tasks to queue
[2025-04-17T22:49:26.926+0000] {logging_mixin.py:188} INFO - [2025-04-17T22:49:26.925+0000] {dagbag.py:538} INFO - Filling up the DagBag from /home/airflow/.local/lib/python3.8/site-packages/airflow/example_dags/example_sensors.py
[2025-04-17T22:49:26.941+0000] {processor.py:840} INFO - DAG(s) 'example_sensors' retrieved from /home/airflow/.local/lib/python3.8/site-packages/airflow/example_dags/example_sensors.py
[2025-04-17T22:49:26.983+0000] {logging_mixin.py:188} INFO - [2025-04-17T22:49:26.983+0000] {dag.py:3036} INFO - Sync 1 DAGs
[2025-04-17T22:49:27.003+0000] {logging_mixin.py:188} INFO - [2025-04-17T22:49:27.002+0000] {dag.py:3823} INFO - Setting next_dagrun for example_sensors to None, run_after=None
[2025-04-17T22:49:27.033+0000] {processor.py:183} INFO - Processing /home/airflow/.local/lib/python3.8/site-packages/airflow/example_dags/example_sensors.py took 0.118 seconds
[2025-04-17T22:49:57.202+0000] {processor.py:161} INFO - Started process (PID=1076) to work on /home/airflow/.local/lib/python3.8/site-packages/airflow/example_dags/example_sensors.py
[2025-04-17T22:49:57.203+0000] {processor.py:830} INFO - Processing file /home/airflow/.local/lib/python3.8/site-packages/airflow/example_dags/example_sensors.py for tasks to queue
[2025-04-17T22:49:57.206+0000] {logging_mixin.py:188} INFO - [2025-04-17T22:49:57.206+0000] {dagbag.py:538} INFO - Filling up the DagBag from /home/airflow/.local/lib/python3.8/site-packages/airflow/example_dags/example_sensors.py
[2025-04-17T22:49:57.223+0000] {processor.py:840} INFO - DAG(s) 'example_sensors' retrieved from /home/airflow/.local/lib/python3.8/site-packages/airflow/example_dags/example_sensors.py
[2025-04-17T22:49:57.268+0000] {logging_mixin.py:188} INFO - [2025-04-17T22:49:57.267+0000] {dag.py:3036} INFO - Sync 1 DAGs
[2025-04-17T22:49:57.288+0000] {logging_mixin.py:188} INFO - [2025-04-17T22:49:57.288+0000] {dag.py:3823} INFO - Setting next_dagrun for example_sensors to None, run_after=None
[2025-04-17T22:49:57.322+0000] {processor.py:183} INFO - Processing /home/airflow/.local/lib/python3.8/site-packages/airflow/example_dags/example_sensors.py took 0.126 seconds
[2025-04-17T22:50:27.941+0000] {processor.py:161} INFO - Started process (PID=1131) to work on /home/airflow/.local/lib/python3.8/site-packages/airflow/example_dags/example_sensors.py
[2025-04-17T22:50:27.943+0000] {processor.py:830} INFO - Processing file /home/airflow/.local/lib/python3.8/site-packages/airflow/example_dags/example_sensors.py for tasks to queue
[2025-04-17T22:50:27.949+0000] {logging_mixin.py:188} INFO - [2025-04-17T22:50:27.948+0000] {dagbag.py:538} INFO - Filling up the DagBag from /home/airflow/.local/lib/python3.8/site-packages/airflow/example_dags/example_sensors.py
[2025-04-17T22:50:27.972+0000] {processor.py:840} INFO - DAG(s) 'example_sensors' retrieved from /home/airflow/.local/lib/python3.8/site-packages/airflow/example_dags/example_sensors.py
[2025-04-17T22:50:28.029+0000] {logging_mixin.py:188} INFO - [2025-04-17T22:50:28.028+0000] {dag.py:3036} INFO - Sync 1 DAGs
[2025-04-17T22:50:28.052+0000] {logging_mixin.py:188} INFO - [2025-04-17T22:50:28.052+0000] {dag.py:3823} INFO - Setting next_dagrun for example_sensors to None, run_after=None
[2025-04-17T22:50:28.088+0000] {processor.py:183} INFO - Processing /home/airflow/.local/lib/python3.8/site-packages/airflow/example_dags/example_sensors.py took 0.154 seconds
[2025-04-17T22:50:58.721+0000] {processor.py:161} INFO - Started process (PID=1186) to work on /home/airflow/.local/lib/python3.8/site-packages/airflow/example_dags/example_sensors.py
[2025-04-17T22:50:58.722+0000] {processor.py:830} INFO - Processing file /home/airflow/.local/lib/python3.8/site-packages/airflow/example_dags/example_sensors.py for tasks to queue
[2025-04-17T22:50:58.725+0000] {logging_mixin.py:188} INFO - [2025-04-17T22:50:58.725+0000] {dagbag.py:538} INFO - Filling up the DagBag from /home/airflow/.local/lib/python3.8/site-packages/airflow/example_dags/example_sensors.py
[2025-04-17T22:50:58.742+0000] {processor.py:840} INFO - DAG(s) 'example_sensors' retrieved from /home/airflow/.local/lib/python3.8/site-packages/airflow/example_dags/example_sensors.py
[2025-04-17T22:50:58.784+0000] {logging_mixin.py:188} INFO - [2025-04-17T22:50:58.784+0000] {dag.py:3036} INFO - Sync 1 DAGs
[2025-04-17T22:50:58.803+0000] {logging_mixin.py:188} INFO - [2025-04-17T22:50:58.803+0000] {dag.py:3823} INFO - Setting next_dagrun for example_sensors to None, run_after=None
[2025-04-17T22:50:58.831+0000] {processor.py:183} INFO - Processing /home/airflow/.local/lib/python3.8/site-packages/airflow/example_dags/example_sensors.py took 0.116 seconds
[2025-04-17T22:51:28.961+0000] {processor.py:161} INFO - Started process (PID=1241) to work on /home/airflow/.local/lib/python3.8/site-packages/airflow/example_dags/example_sensors.py
[2025-04-17T22:51:28.962+0000] {processor.py:830} INFO - Processing file /home/airflow/.local/lib/python3.8/site-packages/airflow/example_dags/example_sensors.py for tasks to queue
[2025-04-17T22:51:28.968+0000] {logging_mixin.py:188} INFO - [2025-04-17T22:51:28.967+0000] {dagbag.py:538} INFO - Filling up the DagBag from /home/airflow/.local/lib/python3.8/site-packages/airflow/example_dags/example_sensors.py
[2025-04-17T22:51:28.984+0000] {processor.py:840} INFO - DAG(s) 'example_sensors' retrieved from /home/airflow/.local/lib/python3.8/site-packages/airflow/example_dags/example_sensors.py
[2025-04-17T22:51:29.029+0000] {logging_mixin.py:188} INFO - [2025-04-17T22:51:29.029+0000] {dag.py:3036} INFO - Sync 1 DAGs
[2025-04-17T22:51:29.051+0000] {logging_mixin.py:188} INFO - [2025-04-17T22:51:29.050+0000] {dag.py:3823} INFO - Setting next_dagrun for example_sensors to None, run_after=None
[2025-04-17T22:51:29.084+0000] {processor.py:183} INFO - Processing /home/airflow/.local/lib/python3.8/site-packages/airflow/example_dags/example_sensors.py took 0.129 seconds
[2025-04-17T22:51:59.596+0000] {processor.py:161} INFO - Started process (PID=1296) to work on /home/airflow/.local/lib/python3.8/site-packages/airflow/example_dags/example_sensors.py
[2025-04-17T22:51:59.597+0000] {processor.py:830} INFO - Processing file /home/airflow/.local/lib/python3.8/site-packages/airflow/example_dags/example_sensors.py for tasks to queue
[2025-04-17T22:51:59.601+0000] {logging_mixin.py:188} INFO - [2025-04-17T22:51:59.600+0000] {dagbag.py:538} INFO - Filling up the DagBag from /home/airflow/.local/lib/python3.8/site-packages/airflow/example_dags/example_sensors.py
[2025-04-17T22:51:59.617+0000] {processor.py:840} INFO - DAG(s) 'example_sensors' retrieved from /home/airflow/.local/lib/python3.8/site-packages/airflow/example_dags/example_sensors.py
[2025-04-17T22:51:59.660+0000] {logging_mixin.py:188} INFO - [2025-04-17T22:51:59.659+0000] {dag.py:3036} INFO - Sync 1 DAGs
[2025-04-17T22:51:59.681+0000] {logging_mixin.py:188} INFO - [2025-04-17T22:51:59.680+0000] {dag.py:3823} INFO - Setting next_dagrun for example_sensors to None, run_after=None
[2025-04-17T22:51:59.712+0000] {processor.py:183} INFO - Processing /home/airflow/.local/lib/python3.8/site-packages/airflow/example_dags/example_sensors.py took 0.122 seconds
[2025-04-17T22:52:30.452+0000] {processor.py:161} INFO - Started process (PID=1351) to work on /home/airflow/.local/lib/python3.8/site-packages/airflow/example_dags/example_sensors.py
[2025-04-17T22:52:30.454+0000] {processor.py:830} INFO - Processing file /home/airflow/.local/lib/python3.8/site-packages/airflow/example_dags/example_sensors.py for tasks to queue
[2025-04-17T22:52:30.460+0000] {logging_mixin.py:188} INFO - [2025-04-17T22:52:30.458+0000] {dagbag.py:538} INFO - Filling up the DagBag from /home/airflow/.local/lib/python3.8/site-packages/airflow/example_dags/example_sensors.py
[2025-04-17T22:52:30.496+0000] {processor.py:840} INFO - DAG(s) 'example_sensors' retrieved from /home/airflow/.local/lib/python3.8/site-packages/airflow/example_dags/example_sensors.py
[2025-04-17T22:52:30.565+0000] {logging_mixin.py:188} INFO - [2025-04-17T22:52:30.565+0000] {dag.py:3036} INFO - Sync 1 DAGs
[2025-04-17T22:52:30.599+0000] {logging_mixin.py:188} INFO - [2025-04-17T22:52:30.598+0000] {dag.py:3823} INFO - Setting next_dagrun for example_sensors to None, run_after=None
[2025-04-17T22:52:30.652+0000] {processor.py:183} INFO - Processing /home/airflow/.local/lib/python3.8/site-packages/airflow/example_dags/example_sensors.py took 0.225 seconds
[2025-04-17T22:53:00.788+0000] {processor.py:161} INFO - Started process (PID=1406) to work on /home/airflow/.local/lib/python3.8/site-packages/airflow/example_dags/example_sensors.py
[2025-04-17T22:53:00.789+0000] {processor.py:830} INFO - Processing file /home/airflow/.local/lib/python3.8/site-packages/airflow/example_dags/example_sensors.py for tasks to queue
[2025-04-17T22:53:00.793+0000] {logging_mixin.py:188} INFO - [2025-04-17T22:53:00.793+0000] {dagbag.py:538} INFO - Filling up the DagBag from /home/airflow/.local/lib/python3.8/site-packages/airflow/example_dags/example_sensors.py
[2025-04-17T22:53:00.810+0000] {processor.py:840} INFO - DAG(s) 'example_sensors' retrieved from /home/airflow/.local/lib/python3.8/site-packages/airflow/example_dags/example_sensors.py
[2025-04-17T22:53:00.861+0000] {logging_mixin.py:188} INFO - [2025-04-17T22:53:00.861+0000] {dag.py:3036} INFO - Sync 1 DAGs
[2025-04-17T22:53:00.883+0000] {logging_mixin.py:188} INFO - [2025-04-17T22:53:00.883+0000] {dag.py:3823} INFO - Setting next_dagrun for example_sensors to None, run_after=None
[2025-04-17T22:53:00.916+0000] {processor.py:183} INFO - Processing /home/airflow/.local/lib/python3.8/site-packages/airflow/example_dags/example_sensors.py took 0.134 seconds
[2025-04-17T22:53:31.075+0000] {processor.py:161} INFO - Started process (PID=1461) to work on /home/airflow/.local/lib/python3.8/site-packages/airflow/example_dags/example_sensors.py
[2025-04-17T22:53:31.077+0000] {processor.py:830} INFO - Processing file /home/airflow/.local/lib/python3.8/site-packages/airflow/example_dags/example_sensors.py for tasks to queue
[2025-04-17T22:53:31.080+0000] {logging_mixin.py:188} INFO - [2025-04-17T22:53:31.079+0000] {dagbag.py:538} INFO - Filling up the DagBag from /home/airflow/.local/lib/python3.8/site-packages/airflow/example_dags/example_sensors.py
[2025-04-17T22:53:31.095+0000] {processor.py:840} INFO - DAG(s) 'example_sensors' retrieved from /home/airflow/.local/lib/python3.8/site-packages/airflow/example_dags/example_sensors.py
[2025-04-17T22:53:31.144+0000] {logging_mixin.py:188} INFO - [2025-04-17T22:53:31.144+0000] {dag.py:3036} INFO - Sync 1 DAGs
[2025-04-17T22:53:31.164+0000] {logging_mixin.py:188} INFO - [2025-04-17T22:53:31.164+0000] {dag.py:3823} INFO - Setting next_dagrun for example_sensors to None, run_after=None
[2025-04-17T22:53:31.195+0000] {processor.py:183} INFO - Processing /home/airflow/.local/lib/python3.8/site-packages/airflow/example_dags/example_sensors.py took 0.125 seconds
[2025-04-17T22:54:01.231+0000] {processor.py:161} INFO - Started process (PID=1516) to work on /home/airflow/.local/lib/python3.8/site-packages/airflow/example_dags/example_sensors.py
[2025-04-17T22:54:01.234+0000] {processor.py:830} INFO - Processing file /home/airflow/.local/lib/python3.8/site-packages/airflow/example_dags/example_sensors.py for tasks to queue
[2025-04-17T22:54:01.237+0000] {logging_mixin.py:188} INFO - [2025-04-17T22:54:01.236+0000] {dagbag.py:538} INFO - Filling up the DagBag from /home/airflow/.local/lib/python3.8/site-packages/airflow/example_dags/example_sensors.py
[2025-04-17T22:54:01.256+0000] {processor.py:840} INFO - DAG(s) 'example_sensors' retrieved from /home/airflow/.local/lib/python3.8/site-packages/airflow/example_dags/example_sensors.py
[2025-04-17T22:54:01.314+0000] {logging_mixin.py:188} INFO - [2025-04-17T22:54:01.314+0000] {dag.py:3036} INFO - Sync 1 DAGs
[2025-04-17T22:54:01.336+0000] {logging_mixin.py:188} INFO - [2025-04-17T22:54:01.335+0000] {dag.py:3823} INFO - Setting next_dagrun for example_sensors to None, run_after=None
[2025-04-17T22:54:01.367+0000] {processor.py:183} INFO - Processing /home/airflow/.local/lib/python3.8/site-packages/airflow/example_dags/example_sensors.py took 0.144 seconds
