[2025-04-17T22:40:46.222+0000] {processor.py:161} INFO - Started process (PID=87) to work on /home/airflow/.local/lib/python3.8/site-packages/airflow/example_dags/example_branch_labels.py
[2025-04-17T22:40:46.226+0000] {processor.py:830} INFO - Processing file /home/airflow/.local/lib/python3.8/site-packages/airflow/example_dags/example_branch_labels.py for tasks to queue
[2025-04-17T22:40:46.229+0000] {logging_mixin.py:188} INFO - [2025-04-17T22:40:46.228+0000] {dagbag.py:538} INFO - Filling up the DagBag from /home/airflow/.local/lib/python3.8/site-packages/airflow/example_dags/example_branch_labels.py
[2025-04-17T22:40:46.250+0000] {processor.py:840} INFO - DAG(s) 'example_branch_labels' retrieved from /home/airflow/.local/lib/python3.8/site-packages/airflow/example_dags/example_branch_labels.py
[2025-04-17T22:40:46.559+0000] {logging_mixin.py:188} INFO - [2025-04-17T22:40:46.558+0000] {dag.py:3036} INFO - Sync 1 DAGs
[2025-04-17T22:40:46.603+0000] {logging_mixin.py:188} INFO - [2025-04-17T22:40:46.603+0000] {dag.py:3823} INFO - Setting next_dagrun for example_branch_labels to 2025-04-16 00:00:00+00:00, run_after=2025-04-17 00:00:00+00:00
[2025-04-17T22:40:46.640+0000] {processor.py:183} INFO - Processing /home/airflow/.local/lib/python3.8/site-packages/airflow/example_dags/example_branch_labels.py took 0.436 seconds
[2025-04-17T22:41:17.438+0000] {processor.py:161} INFO - Started process (PID=142) to work on /home/airflow/.local/lib/python3.8/site-packages/airflow/example_dags/example_branch_labels.py
[2025-04-17T22:41:17.439+0000] {processor.py:830} INFO - Processing file /home/airflow/.local/lib/python3.8/site-packages/airflow/example_dags/example_branch_labels.py for tasks to queue
[2025-04-17T22:41:17.442+0000] {logging_mixin.py:188} INFO - [2025-04-17T22:41:17.441+0000] {dagbag.py:538} INFO - Filling up the DagBag from /home/airflow/.local/lib/python3.8/site-packages/airflow/example_dags/example_branch_labels.py
[2025-04-17T22:41:17.455+0000] {processor.py:840} INFO - DAG(s) 'example_branch_labels' retrieved from /home/airflow/.local/lib/python3.8/site-packages/airflow/example_dags/example_branch_labels.py
[2025-04-17T22:41:17.492+0000] {logging_mixin.py:188} INFO - [2025-04-17T22:41:17.492+0000] {dag.py:3036} INFO - Sync 1 DAGs
[2025-04-17T22:41:17.528+0000] {logging_mixin.py:188} INFO - [2025-04-17T22:41:17.528+0000] {dag.py:3823} INFO - Setting next_dagrun for example_branch_labels to 2025-04-16 00:00:00+00:00, run_after=2025-04-17 00:00:00+00:00
[2025-04-17T22:41:17.560+0000] {processor.py:183} INFO - Processing /home/airflow/.local/lib/python3.8/site-packages/airflow/example_dags/example_branch_labels.py took 0.128 seconds
[2025-04-17T22:41:48.190+0000] {processor.py:161} INFO - Started process (PID=198) to work on /home/airflow/.local/lib/python3.8/site-packages/airflow/example_dags/example_branch_labels.py
[2025-04-17T22:41:48.192+0000] {processor.py:830} INFO - Processing file /home/airflow/.local/lib/python3.8/site-packages/airflow/example_dags/example_branch_labels.py for tasks to queue
[2025-04-17T22:41:48.195+0000] {logging_mixin.py:188} INFO - [2025-04-17T22:41:48.195+0000] {dagbag.py:538} INFO - Filling up the DagBag from /home/airflow/.local/lib/python3.8/site-packages/airflow/example_dags/example_branch_labels.py
[2025-04-17T22:41:48.212+0000] {processor.py:840} INFO - DAG(s) 'example_branch_labels' retrieved from /home/airflow/.local/lib/python3.8/site-packages/airflow/example_dags/example_branch_labels.py
[2025-04-17T22:41:48.256+0000] {logging_mixin.py:188} INFO - [2025-04-17T22:41:48.256+0000] {dag.py:3036} INFO - Sync 1 DAGs
[2025-04-17T22:41:48.297+0000] {logging_mixin.py:188} INFO - [2025-04-17T22:41:48.297+0000] {dag.py:3823} INFO - Setting next_dagrun for example_branch_labels to 2025-04-16 00:00:00+00:00, run_after=2025-04-17 00:00:00+00:00
[2025-04-17T22:41:48.345+0000] {processor.py:183} INFO - Processing /home/airflow/.local/lib/python3.8/site-packages/airflow/example_dags/example_branch_labels.py took 0.163 seconds
[2025-04-17T22:42:18.667+0000] {processor.py:161} INFO - Started process (PID=253) to work on /home/airflow/.local/lib/python3.8/site-packages/airflow/example_dags/example_branch_labels.py
[2025-04-17T22:42:18.668+0000] {processor.py:830} INFO - Processing file /home/airflow/.local/lib/python3.8/site-packages/airflow/example_dags/example_branch_labels.py for tasks to queue
[2025-04-17T22:42:18.672+0000] {logging_mixin.py:188} INFO - [2025-04-17T22:42:18.671+0000] {dagbag.py:538} INFO - Filling up the DagBag from /home/airflow/.local/lib/python3.8/site-packages/airflow/example_dags/example_branch_labels.py
[2025-04-17T22:42:18.687+0000] {processor.py:840} INFO - DAG(s) 'example_branch_labels' retrieved from /home/airflow/.local/lib/python3.8/site-packages/airflow/example_dags/example_branch_labels.py
[2025-04-17T22:42:18.732+0000] {logging_mixin.py:188} INFO - [2025-04-17T22:42:18.732+0000] {dag.py:3036} INFO - Sync 1 DAGs
[2025-04-17T22:42:18.784+0000] {logging_mixin.py:188} INFO - [2025-04-17T22:42:18.783+0000] {dag.py:3823} INFO - Setting next_dagrun for example_branch_labels to 2025-04-16 00:00:00+00:00, run_after=2025-04-17 00:00:00+00:00
[2025-04-17T22:42:18.831+0000] {processor.py:183} INFO - Processing /home/airflow/.local/lib/python3.8/site-packages/airflow/example_dags/example_branch_labels.py took 0.170 seconds
[2025-04-17T22:42:49.141+0000] {processor.py:161} INFO - Started process (PID=308) to work on /home/airflow/.local/lib/python3.8/site-packages/airflow/example_dags/example_branch_labels.py
[2025-04-17T22:42:49.142+0000] {processor.py:830} INFO - Processing file /home/airflow/.local/lib/python3.8/site-packages/airflow/example_dags/example_branch_labels.py for tasks to queue
[2025-04-17T22:42:49.146+0000] {logging_mixin.py:188} INFO - [2025-04-17T22:42:49.145+0000] {dagbag.py:538} INFO - Filling up the DagBag from /home/airflow/.local/lib/python3.8/site-packages/airflow/example_dags/example_branch_labels.py
[2025-04-17T22:42:49.160+0000] {processor.py:840} INFO - DAG(s) 'example_branch_labels' retrieved from /home/airflow/.local/lib/python3.8/site-packages/airflow/example_dags/example_branch_labels.py
[2025-04-17T22:42:49.200+0000] {logging_mixin.py:188} INFO - [2025-04-17T22:42:49.200+0000] {dag.py:3036} INFO - Sync 1 DAGs
[2025-04-17T22:42:49.236+0000] {logging_mixin.py:188} INFO - [2025-04-17T22:42:49.236+0000] {dag.py:3823} INFO - Setting next_dagrun for example_branch_labels to 2025-04-16 00:00:00+00:00, run_after=2025-04-17 00:00:00+00:00
[2025-04-17T22:42:49.272+0000] {processor.py:183} INFO - Processing /home/airflow/.local/lib/python3.8/site-packages/airflow/example_dags/example_branch_labels.py took 0.137 seconds
[2025-04-17T22:43:19.867+0000] {processor.py:161} INFO - Started process (PID=363) to work on /home/airflow/.local/lib/python3.8/site-packages/airflow/example_dags/example_branch_labels.py
[2025-04-17T22:43:19.868+0000] {processor.py:830} INFO - Processing file /home/airflow/.local/lib/python3.8/site-packages/airflow/example_dags/example_branch_labels.py for tasks to queue
[2025-04-17T22:43:19.871+0000] {logging_mixin.py:188} INFO - [2025-04-17T22:43:19.871+0000] {dagbag.py:538} INFO - Filling up the DagBag from /home/airflow/.local/lib/python3.8/site-packages/airflow/example_dags/example_branch_labels.py
[2025-04-17T22:43:19.885+0000] {processor.py:840} INFO - DAG(s) 'example_branch_labels' retrieved from /home/airflow/.local/lib/python3.8/site-packages/airflow/example_dags/example_branch_labels.py
[2025-04-17T22:43:19.929+0000] {logging_mixin.py:188} INFO - [2025-04-17T22:43:19.929+0000] {dag.py:3036} INFO - Sync 1 DAGs
[2025-04-17T22:43:19.967+0000] {logging_mixin.py:188} INFO - [2025-04-17T22:43:19.966+0000] {dag.py:3823} INFO - Setting next_dagrun for example_branch_labels to 2025-04-16 00:00:00+00:00, run_after=2025-04-17 00:00:00+00:00
[2025-04-17T22:43:20.003+0000] {processor.py:183} INFO - Processing /home/airflow/.local/lib/python3.8/site-packages/airflow/example_dags/example_branch_labels.py took 0.141 seconds
[2025-04-17T22:43:50.131+0000] {processor.py:161} INFO - Started process (PID=418) to work on /home/airflow/.local/lib/python3.8/site-packages/airflow/example_dags/example_branch_labels.py
[2025-04-17T22:43:50.132+0000] {processor.py:830} INFO - Processing file /home/airflow/.local/lib/python3.8/site-packages/airflow/example_dags/example_branch_labels.py for tasks to queue
[2025-04-17T22:43:50.135+0000] {logging_mixin.py:188} INFO - [2025-04-17T22:43:50.135+0000] {dagbag.py:538} INFO - Filling up the DagBag from /home/airflow/.local/lib/python3.8/site-packages/airflow/example_dags/example_branch_labels.py
[2025-04-17T22:43:50.152+0000] {processor.py:840} INFO - DAG(s) 'example_branch_labels' retrieved from /home/airflow/.local/lib/python3.8/site-packages/airflow/example_dags/example_branch_labels.py
[2025-04-17T22:43:50.198+0000] {logging_mixin.py:188} INFO - [2025-04-17T22:43:50.198+0000] {dag.py:3036} INFO - Sync 1 DAGs
[2025-04-17T22:43:50.238+0000] {logging_mixin.py:188} INFO - [2025-04-17T22:43:50.237+0000] {dag.py:3823} INFO - Setting next_dagrun for example_branch_labels to 2025-04-16 00:00:00+00:00, run_after=2025-04-17 00:00:00+00:00
[2025-04-17T22:43:50.269+0000] {processor.py:183} INFO - Processing /home/airflow/.local/lib/python3.8/site-packages/airflow/example_dags/example_branch_labels.py took 0.145 seconds
[2025-04-17T22:44:21.070+0000] {processor.py:161} INFO - Started process (PID=473) to work on /home/airflow/.local/lib/python3.8/site-packages/airflow/example_dags/example_branch_labels.py
[2025-04-17T22:44:21.071+0000] {processor.py:830} INFO - Processing file /home/airflow/.local/lib/python3.8/site-packages/airflow/example_dags/example_branch_labels.py for tasks to queue
[2025-04-17T22:44:21.074+0000] {logging_mixin.py:188} INFO - [2025-04-17T22:44:21.074+0000] {dagbag.py:538} INFO - Filling up the DagBag from /home/airflow/.local/lib/python3.8/site-packages/airflow/example_dags/example_branch_labels.py
[2025-04-17T22:44:21.087+0000] {processor.py:840} INFO - DAG(s) 'example_branch_labels' retrieved from /home/airflow/.local/lib/python3.8/site-packages/airflow/example_dags/example_branch_labels.py
[2025-04-17T22:44:21.123+0000] {logging_mixin.py:188} INFO - [2025-04-17T22:44:21.123+0000] {dag.py:3036} INFO - Sync 1 DAGs
[2025-04-17T22:44:21.158+0000] {logging_mixin.py:188} INFO - [2025-04-17T22:44:21.158+0000] {dag.py:3823} INFO - Setting next_dagrun for example_branch_labels to 2025-04-16 00:00:00+00:00, run_after=2025-04-17 00:00:00+00:00
[2025-04-17T22:44:21.186+0000] {processor.py:183} INFO - Processing /home/airflow/.local/lib/python3.8/site-packages/airflow/example_dags/example_branch_labels.py took 0.121 seconds
[2025-04-17T22:44:51.879+0000] {processor.py:161} INFO - Started process (PID=528) to work on /home/airflow/.local/lib/python3.8/site-packages/airflow/example_dags/example_branch_labels.py
[2025-04-17T22:44:51.881+0000] {processor.py:830} INFO - Processing file /home/airflow/.local/lib/python3.8/site-packages/airflow/example_dags/example_branch_labels.py for tasks to queue
[2025-04-17T22:44:51.883+0000] {logging_mixin.py:188} INFO - [2025-04-17T22:44:51.883+0000] {dagbag.py:538} INFO - Filling up the DagBag from /home/airflow/.local/lib/python3.8/site-packages/airflow/example_dags/example_branch_labels.py
[2025-04-17T22:44:51.896+0000] {processor.py:840} INFO - DAG(s) 'example_branch_labels' retrieved from /home/airflow/.local/lib/python3.8/site-packages/airflow/example_dags/example_branch_labels.py
[2025-04-17T22:44:51.929+0000] {logging_mixin.py:188} INFO - [2025-04-17T22:44:51.929+0000] {dag.py:3036} INFO - Sync 1 DAGs
[2025-04-17T22:44:51.964+0000] {logging_mixin.py:188} INFO - [2025-04-17T22:44:51.964+0000] {dag.py:3823} INFO - Setting next_dagrun for example_branch_labels to 2025-04-16 00:00:00+00:00, run_after=2025-04-17 00:00:00+00:00
[2025-04-17T22:44:51.991+0000] {processor.py:183} INFO - Processing /home/airflow/.local/lib/python3.8/site-packages/airflow/example_dags/example_branch_labels.py took 0.117 seconds
[2025-04-17T22:45:22.396+0000] {processor.py:161} INFO - Started process (PID=583) to work on /home/airflow/.local/lib/python3.8/site-packages/airflow/example_dags/example_branch_labels.py
[2025-04-17T22:45:22.398+0000] {processor.py:830} INFO - Processing file /home/airflow/.local/lib/python3.8/site-packages/airflow/example_dags/example_branch_labels.py for tasks to queue
[2025-04-17T22:45:22.403+0000] {logging_mixin.py:188} INFO - [2025-04-17T22:45:22.403+0000] {dagbag.py:538} INFO - Filling up the DagBag from /home/airflow/.local/lib/python3.8/site-packages/airflow/example_dags/example_branch_labels.py
[2025-04-17T22:45:22.416+0000] {processor.py:840} INFO - DAG(s) 'example_branch_labels' retrieved from /home/airflow/.local/lib/python3.8/site-packages/airflow/example_dags/example_branch_labels.py
[2025-04-17T22:45:22.451+0000] {logging_mixin.py:188} INFO - [2025-04-17T22:45:22.451+0000] {dag.py:3036} INFO - Sync 1 DAGs
[2025-04-17T22:45:22.489+0000] {logging_mixin.py:188} INFO - [2025-04-17T22:45:22.488+0000] {dag.py:3823} INFO - Setting next_dagrun for example_branch_labels to 2025-04-16 00:00:00+00:00, run_after=2025-04-17 00:00:00+00:00
[2025-04-17T22:45:22.521+0000] {processor.py:183} INFO - Processing /home/airflow/.local/lib/python3.8/site-packages/airflow/example_dags/example_branch_labels.py took 0.130 seconds
[2025-04-17T22:45:52.956+0000] {processor.py:161} INFO - Started process (PID=638) to work on /home/airflow/.local/lib/python3.8/site-packages/airflow/example_dags/example_branch_labels.py
[2025-04-17T22:45:52.957+0000] {processor.py:830} INFO - Processing file /home/airflow/.local/lib/python3.8/site-packages/airflow/example_dags/example_branch_labels.py for tasks to queue
[2025-04-17T22:45:52.960+0000] {logging_mixin.py:188} INFO - [2025-04-17T22:45:52.960+0000] {dagbag.py:538} INFO - Filling up the DagBag from /home/airflow/.local/lib/python3.8/site-packages/airflow/example_dags/example_branch_labels.py
[2025-04-17T22:45:52.976+0000] {processor.py:840} INFO - DAG(s) 'example_branch_labels' retrieved from /home/airflow/.local/lib/python3.8/site-packages/airflow/example_dags/example_branch_labels.py
[2025-04-17T22:45:53.011+0000] {logging_mixin.py:188} INFO - [2025-04-17T22:45:53.010+0000] {dag.py:3036} INFO - Sync 1 DAGs
[2025-04-17T22:45:53.047+0000] {logging_mixin.py:188} INFO - [2025-04-17T22:45:53.046+0000] {dag.py:3823} INFO - Setting next_dagrun for example_branch_labels to 2025-04-16 00:00:00+00:00, run_after=2025-04-17 00:00:00+00:00
[2025-04-17T22:45:53.074+0000] {processor.py:183} INFO - Processing /home/airflow/.local/lib/python3.8/site-packages/airflow/example_dags/example_branch_labels.py took 0.124 seconds
[2025-04-17T22:46:23.383+0000] {processor.py:161} INFO - Started process (PID=693) to work on /home/airflow/.local/lib/python3.8/site-packages/airflow/example_dags/example_branch_labels.py
[2025-04-17T22:46:23.385+0000] {processor.py:830} INFO - Processing file /home/airflow/.local/lib/python3.8/site-packages/airflow/example_dags/example_branch_labels.py for tasks to queue
[2025-04-17T22:46:23.387+0000] {logging_mixin.py:188} INFO - [2025-04-17T22:46:23.387+0000] {dagbag.py:538} INFO - Filling up the DagBag from /home/airflow/.local/lib/python3.8/site-packages/airflow/example_dags/example_branch_labels.py
[2025-04-17T22:46:23.400+0000] {processor.py:840} INFO - DAG(s) 'example_branch_labels' retrieved from /home/airflow/.local/lib/python3.8/site-packages/airflow/example_dags/example_branch_labels.py
[2025-04-17T22:46:23.434+0000] {logging_mixin.py:188} INFO - [2025-04-17T22:46:23.434+0000] {dag.py:3036} INFO - Sync 1 DAGs
[2025-04-17T22:46:23.469+0000] {logging_mixin.py:188} INFO - [2025-04-17T22:46:23.468+0000] {dag.py:3823} INFO - Setting next_dagrun for example_branch_labels to 2025-04-16 00:00:00+00:00, run_after=2025-04-17 00:00:00+00:00
[2025-04-17T22:46:23.495+0000] {processor.py:183} INFO - Processing /home/airflow/.local/lib/python3.8/site-packages/airflow/example_dags/example_branch_labels.py took 0.117 seconds
[2025-04-17T22:46:54.262+0000] {processor.py:161} INFO - Started process (PID=748) to work on /home/airflow/.local/lib/python3.8/site-packages/airflow/example_dags/example_branch_labels.py
[2025-04-17T22:46:54.264+0000] {processor.py:830} INFO - Processing file /home/airflow/.local/lib/python3.8/site-packages/airflow/example_dags/example_branch_labels.py for tasks to queue
[2025-04-17T22:46:54.270+0000] {logging_mixin.py:188} INFO - [2025-04-17T22:46:54.270+0000] {dagbag.py:538} INFO - Filling up the DagBag from /home/airflow/.local/lib/python3.8/site-packages/airflow/example_dags/example_branch_labels.py
[2025-04-17T22:46:54.287+0000] {processor.py:840} INFO - DAG(s) 'example_branch_labels' retrieved from /home/airflow/.local/lib/python3.8/site-packages/airflow/example_dags/example_branch_labels.py
[2025-04-17T22:46:54.341+0000] {logging_mixin.py:188} INFO - [2025-04-17T22:46:54.340+0000] {dag.py:3036} INFO - Sync 1 DAGs
[2025-04-17T22:46:54.380+0000] {logging_mixin.py:188} INFO - [2025-04-17T22:46:54.380+0000] {dag.py:3823} INFO - Setting next_dagrun for example_branch_labels to 2025-04-16 00:00:00+00:00, run_after=2025-04-17 00:00:00+00:00
[2025-04-17T22:46:54.410+0000] {processor.py:183} INFO - Processing /home/airflow/.local/lib/python3.8/site-packages/airflow/example_dags/example_branch_labels.py took 0.158 seconds
[2025-04-17T22:47:24.795+0000] {processor.py:161} INFO - Started process (PID=803) to work on /home/airflow/.local/lib/python3.8/site-packages/airflow/example_dags/example_branch_labels.py
[2025-04-17T22:47:24.797+0000] {processor.py:830} INFO - Processing file /home/airflow/.local/lib/python3.8/site-packages/airflow/example_dags/example_branch_labels.py for tasks to queue
[2025-04-17T22:47:24.801+0000] {logging_mixin.py:188} INFO - [2025-04-17T22:47:24.800+0000] {dagbag.py:538} INFO - Filling up the DagBag from /home/airflow/.local/lib/python3.8/site-packages/airflow/example_dags/example_branch_labels.py
[2025-04-17T22:47:24.818+0000] {processor.py:840} INFO - DAG(s) 'example_branch_labels' retrieved from /home/airflow/.local/lib/python3.8/site-packages/airflow/example_dags/example_branch_labels.py
[2025-04-17T22:47:24.863+0000] {logging_mixin.py:188} INFO - [2025-04-17T22:47:24.863+0000] {dag.py:3036} INFO - Sync 1 DAGs
[2025-04-17T22:47:24.900+0000] {logging_mixin.py:188} INFO - [2025-04-17T22:47:24.900+0000] {dag.py:3823} INFO - Setting next_dagrun for example_branch_labels to 2025-04-16 00:00:00+00:00, run_after=2025-04-17 00:00:00+00:00
[2025-04-17T22:47:24.929+0000] {processor.py:183} INFO - Processing /home/airflow/.local/lib/python3.8/site-packages/airflow/example_dags/example_branch_labels.py took 0.141 seconds
[2025-04-17T22:47:54.983+0000] {processor.py:161} INFO - Started process (PID=858) to work on /home/airflow/.local/lib/python3.8/site-packages/airflow/example_dags/example_branch_labels.py
[2025-04-17T22:47:54.985+0000] {processor.py:830} INFO - Processing file /home/airflow/.local/lib/python3.8/site-packages/airflow/example_dags/example_branch_labels.py for tasks to queue
[2025-04-17T22:47:54.989+0000] {logging_mixin.py:188} INFO - [2025-04-17T22:47:54.988+0000] {dagbag.py:538} INFO - Filling up the DagBag from /home/airflow/.local/lib/python3.8/site-packages/airflow/example_dags/example_branch_labels.py
[2025-04-17T22:47:55.004+0000] {processor.py:840} INFO - DAG(s) 'example_branch_labels' retrieved from /home/airflow/.local/lib/python3.8/site-packages/airflow/example_dags/example_branch_labels.py
[2025-04-17T22:47:55.027+0000] {logging_mixin.py:188} INFO - [2025-04-17T22:47:55.026+0000] {dag.py:3036} INFO - Sync 1 DAGs
[2025-04-17T22:47:55.072+0000] {logging_mixin.py:188} INFO - [2025-04-17T22:47:55.072+0000] {dag.py:3823} INFO - Setting next_dagrun for example_branch_labels to 2025-04-16 00:00:00+00:00, run_after=2025-04-17 00:00:00+00:00
[2025-04-17T22:47:55.104+0000] {processor.py:183} INFO - Processing /home/airflow/.local/lib/python3.8/site-packages/airflow/example_dags/example_branch_labels.py took 0.127 seconds
[2025-04-17T22:48:25.450+0000] {processor.py:161} INFO - Started process (PID=913) to work on /home/airflow/.local/lib/python3.8/site-packages/airflow/example_dags/example_branch_labels.py
[2025-04-17T22:48:25.451+0000] {processor.py:830} INFO - Processing file /home/airflow/.local/lib/python3.8/site-packages/airflow/example_dags/example_branch_labels.py for tasks to queue
[2025-04-17T22:48:25.454+0000] {logging_mixin.py:188} INFO - [2025-04-17T22:48:25.454+0000] {dagbag.py:538} INFO - Filling up the DagBag from /home/airflow/.local/lib/python3.8/site-packages/airflow/example_dags/example_branch_labels.py
[2025-04-17T22:48:25.467+0000] {processor.py:840} INFO - DAG(s) 'example_branch_labels' retrieved from /home/airflow/.local/lib/python3.8/site-packages/airflow/example_dags/example_branch_labels.py
[2025-04-17T22:48:25.647+0000] {logging_mixin.py:188} INFO - [2025-04-17T22:48:25.647+0000] {dag.py:3036} INFO - Sync 1 DAGs
[2025-04-17T22:48:25.684+0000] {logging_mixin.py:188} INFO - [2025-04-17T22:48:25.683+0000] {dag.py:3823} INFO - Setting next_dagrun for example_branch_labels to 2025-04-16 00:00:00+00:00, run_after=2025-04-17 00:00:00+00:00
[2025-04-17T22:48:25.712+0000] {processor.py:183} INFO - Processing /home/airflow/.local/lib/python3.8/site-packages/airflow/example_dags/example_branch_labels.py took 0.267 seconds
[2025-04-17T22:48:56.098+0000] {processor.py:161} INFO - Started process (PID=968) to work on /home/airflow/.local/lib/python3.8/site-packages/airflow/example_dags/example_branch_labels.py
[2025-04-17T22:48:56.099+0000] {processor.py:830} INFO - Processing file /home/airflow/.local/lib/python3.8/site-packages/airflow/example_dags/example_branch_labels.py for tasks to queue
[2025-04-17T22:48:56.102+0000] {logging_mixin.py:188} INFO - [2025-04-17T22:48:56.102+0000] {dagbag.py:538} INFO - Filling up the DagBag from /home/airflow/.local/lib/python3.8/site-packages/airflow/example_dags/example_branch_labels.py
[2025-04-17T22:48:56.122+0000] {processor.py:840} INFO - DAG(s) 'example_branch_labels' retrieved from /home/airflow/.local/lib/python3.8/site-packages/airflow/example_dags/example_branch_labels.py
[2025-04-17T22:48:56.160+0000] {logging_mixin.py:188} INFO - [2025-04-17T22:48:56.160+0000] {dag.py:3036} INFO - Sync 1 DAGs
[2025-04-17T22:48:56.221+0000] {logging_mixin.py:188} INFO - [2025-04-17T22:48:56.221+0000] {dag.py:3823} INFO - Setting next_dagrun for example_branch_labels to 2025-04-16 00:00:00+00:00, run_after=2025-04-17 00:00:00+00:00
[2025-04-17T22:48:56.296+0000] {processor.py:183} INFO - Processing /home/airflow/.local/lib/python3.8/site-packages/airflow/example_dags/example_branch_labels.py took 0.204 seconds
[2025-04-17T22:49:27.070+0000] {processor.py:161} INFO - Started process (PID=1023) to work on /home/airflow/.local/lib/python3.8/site-packages/airflow/example_dags/example_branch_labels.py
[2025-04-17T22:49:27.072+0000] {processor.py:830} INFO - Processing file /home/airflow/.local/lib/python3.8/site-packages/airflow/example_dags/example_branch_labels.py for tasks to queue
[2025-04-17T22:49:27.075+0000] {logging_mixin.py:188} INFO - [2025-04-17T22:49:27.074+0000] {dagbag.py:538} INFO - Filling up the DagBag from /home/airflow/.local/lib/python3.8/site-packages/airflow/example_dags/example_branch_labels.py
[2025-04-17T22:49:27.089+0000] {processor.py:840} INFO - DAG(s) 'example_branch_labels' retrieved from /home/airflow/.local/lib/python3.8/site-packages/airflow/example_dags/example_branch_labels.py
[2025-04-17T22:49:27.125+0000] {logging_mixin.py:188} INFO - [2025-04-17T22:49:27.125+0000] {dag.py:3036} INFO - Sync 1 DAGs
[2025-04-17T22:49:27.165+0000] {logging_mixin.py:188} INFO - [2025-04-17T22:49:27.165+0000] {dag.py:3823} INFO - Setting next_dagrun for example_branch_labels to 2025-04-16 00:00:00+00:00, run_after=2025-04-17 00:00:00+00:00
[2025-04-17T22:49:27.200+0000] {processor.py:183} INFO - Processing /home/airflow/.local/lib/python3.8/site-packages/airflow/example_dags/example_branch_labels.py took 0.136 seconds
[2025-04-17T22:49:57.356+0000] {processor.py:161} INFO - Started process (PID=1078) to work on /home/airflow/.local/lib/python3.8/site-packages/airflow/example_dags/example_branch_labels.py
[2025-04-17T22:49:57.358+0000] {processor.py:830} INFO - Processing file /home/airflow/.local/lib/python3.8/site-packages/airflow/example_dags/example_branch_labels.py for tasks to queue
[2025-04-17T22:49:57.361+0000] {logging_mixin.py:188} INFO - [2025-04-17T22:49:57.360+0000] {dagbag.py:538} INFO - Filling up the DagBag from /home/airflow/.local/lib/python3.8/site-packages/airflow/example_dags/example_branch_labels.py
[2025-04-17T22:49:57.375+0000] {processor.py:840} INFO - DAG(s) 'example_branch_labels' retrieved from /home/airflow/.local/lib/python3.8/site-packages/airflow/example_dags/example_branch_labels.py
[2025-04-17T22:49:57.412+0000] {logging_mixin.py:188} INFO - [2025-04-17T22:49:57.411+0000] {dag.py:3036} INFO - Sync 1 DAGs
[2025-04-17T22:49:57.450+0000] {logging_mixin.py:188} INFO - [2025-04-17T22:49:57.449+0000] {dag.py:3823} INFO - Setting next_dagrun for example_branch_labels to 2025-04-16 00:00:00+00:00, run_after=2025-04-17 00:00:00+00:00
[2025-04-17T22:49:57.480+0000] {processor.py:183} INFO - Processing /home/airflow/.local/lib/python3.8/site-packages/airflow/example_dags/example_branch_labels.py took 0.129 seconds
[2025-04-17T22:50:28.125+0000] {processor.py:161} INFO - Started process (PID=1133) to work on /home/airflow/.local/lib/python3.8/site-packages/airflow/example_dags/example_branch_labels.py
[2025-04-17T22:50:28.127+0000] {processor.py:830} INFO - Processing file /home/airflow/.local/lib/python3.8/site-packages/airflow/example_dags/example_branch_labels.py for tasks to queue
[2025-04-17T22:50:28.130+0000] {logging_mixin.py:188} INFO - [2025-04-17T22:50:28.129+0000] {dagbag.py:538} INFO - Filling up the DagBag from /home/airflow/.local/lib/python3.8/site-packages/airflow/example_dags/example_branch_labels.py
[2025-04-17T22:50:28.145+0000] {processor.py:840} INFO - DAG(s) 'example_branch_labels' retrieved from /home/airflow/.local/lib/python3.8/site-packages/airflow/example_dags/example_branch_labels.py
[2025-04-17T22:50:28.181+0000] {logging_mixin.py:188} INFO - [2025-04-17T22:50:28.181+0000] {dag.py:3036} INFO - Sync 1 DAGs
[2025-04-17T22:50:28.217+0000] {logging_mixin.py:188} INFO - [2025-04-17T22:50:28.217+0000] {dag.py:3823} INFO - Setting next_dagrun for example_branch_labels to 2025-04-16 00:00:00+00:00, run_after=2025-04-17 00:00:00+00:00
[2025-04-17T22:50:28.256+0000] {processor.py:183} INFO - Processing /home/airflow/.local/lib/python3.8/site-packages/airflow/example_dags/example_branch_labels.py took 0.138 seconds
[2025-04-17T22:50:58.861+0000] {processor.py:161} INFO - Started process (PID=1188) to work on /home/airflow/.local/lib/python3.8/site-packages/airflow/example_dags/example_branch_labels.py
[2025-04-17T22:50:58.862+0000] {processor.py:830} INFO - Processing file /home/airflow/.local/lib/python3.8/site-packages/airflow/example_dags/example_branch_labels.py for tasks to queue
[2025-04-17T22:50:58.865+0000] {logging_mixin.py:188} INFO - [2025-04-17T22:50:58.865+0000] {dagbag.py:538} INFO - Filling up the DagBag from /home/airflow/.local/lib/python3.8/site-packages/airflow/example_dags/example_branch_labels.py
[2025-04-17T22:50:58.879+0000] {processor.py:840} INFO - DAG(s) 'example_branch_labels' retrieved from /home/airflow/.local/lib/python3.8/site-packages/airflow/example_dags/example_branch_labels.py
[2025-04-17T22:50:58.918+0000] {logging_mixin.py:188} INFO - [2025-04-17T22:50:58.917+0000] {dag.py:3036} INFO - Sync 1 DAGs
[2025-04-17T22:50:58.953+0000] {logging_mixin.py:188} INFO - [2025-04-17T22:50:58.953+0000] {dag.py:3823} INFO - Setting next_dagrun for example_branch_labels to 2025-04-16 00:00:00+00:00, run_after=2025-04-17 00:00:00+00:00
[2025-04-17T22:50:58.981+0000] {processor.py:183} INFO - Processing /home/airflow/.local/lib/python3.8/site-packages/airflow/example_dags/example_branch_labels.py took 0.126 seconds
[2025-04-17T22:51:29.122+0000] {processor.py:161} INFO - Started process (PID=1243) to work on /home/airflow/.local/lib/python3.8/site-packages/airflow/example_dags/example_branch_labels.py
[2025-04-17T22:51:29.123+0000] {processor.py:830} INFO - Processing file /home/airflow/.local/lib/python3.8/site-packages/airflow/example_dags/example_branch_labels.py for tasks to queue
[2025-04-17T22:51:29.126+0000] {logging_mixin.py:188} INFO - [2025-04-17T22:51:29.126+0000] {dagbag.py:538} INFO - Filling up the DagBag from /home/airflow/.local/lib/python3.8/site-packages/airflow/example_dags/example_branch_labels.py
[2025-04-17T22:51:29.141+0000] {processor.py:840} INFO - DAG(s) 'example_branch_labels' retrieved from /home/airflow/.local/lib/python3.8/site-packages/airflow/example_dags/example_branch_labels.py
[2025-04-17T22:51:29.179+0000] {logging_mixin.py:188} INFO - [2025-04-17T22:51:29.179+0000] {dag.py:3036} INFO - Sync 1 DAGs
[2025-04-17T22:51:29.219+0000] {logging_mixin.py:188} INFO - [2025-04-17T22:51:29.219+0000] {dag.py:3823} INFO - Setting next_dagrun for example_branch_labels to 2025-04-16 00:00:00+00:00, run_after=2025-04-17 00:00:00+00:00
[2025-04-17T22:51:29.248+0000] {processor.py:183} INFO - Processing /home/airflow/.local/lib/python3.8/site-packages/airflow/example_dags/example_branch_labels.py took 0.133 seconds
[2025-04-17T22:51:59.743+0000] {processor.py:161} INFO - Started process (PID=1298) to work on /home/airflow/.local/lib/python3.8/site-packages/airflow/example_dags/example_branch_labels.py
[2025-04-17T22:51:59.745+0000] {processor.py:830} INFO - Processing file /home/airflow/.local/lib/python3.8/site-packages/airflow/example_dags/example_branch_labels.py for tasks to queue
[2025-04-17T22:51:59.748+0000] {logging_mixin.py:188} INFO - [2025-04-17T22:51:59.747+0000] {dagbag.py:538} INFO - Filling up the DagBag from /home/airflow/.local/lib/python3.8/site-packages/airflow/example_dags/example_branch_labels.py
[2025-04-17T22:51:59.762+0000] {processor.py:840} INFO - DAG(s) 'example_branch_labels' retrieved from /home/airflow/.local/lib/python3.8/site-packages/airflow/example_dags/example_branch_labels.py
[2025-04-17T22:51:59.804+0000] {logging_mixin.py:188} INFO - [2025-04-17T22:51:59.804+0000] {dag.py:3036} INFO - Sync 1 DAGs
[2025-04-17T22:51:59.843+0000] {logging_mixin.py:188} INFO - [2025-04-17T22:51:59.842+0000] {dag.py:3823} INFO - Setting next_dagrun for example_branch_labels to 2025-04-16 00:00:00+00:00, run_after=2025-04-17 00:00:00+00:00
[2025-04-17T22:51:59.870+0000] {processor.py:183} INFO - Processing /home/airflow/.local/lib/python3.8/site-packages/airflow/example_dags/example_branch_labels.py took 0.132 seconds
[2025-04-17T22:52:30.702+0000] {processor.py:161} INFO - Started process (PID=1353) to work on /home/airflow/.local/lib/python3.8/site-packages/airflow/example_dags/example_branch_labels.py
[2025-04-17T22:52:30.704+0000] {processor.py:830} INFO - Processing file /home/airflow/.local/lib/python3.8/site-packages/airflow/example_dags/example_branch_labels.py for tasks to queue
[2025-04-17T22:52:30.709+0000] {logging_mixin.py:188} INFO - [2025-04-17T22:52:30.707+0000] {dagbag.py:538} INFO - Filling up the DagBag from /home/airflow/.local/lib/python3.8/site-packages/airflow/example_dags/example_branch_labels.py
[2025-04-17T22:52:30.733+0000] {processor.py:840} INFO - DAG(s) 'example_branch_labels' retrieved from /home/airflow/.local/lib/python3.8/site-packages/airflow/example_dags/example_branch_labels.py
[2025-04-17T22:52:30.810+0000] {logging_mixin.py:188} INFO - [2025-04-17T22:52:30.809+0000] {dag.py:3036} INFO - Sync 1 DAGs
[2025-04-17T22:52:30.877+0000] {logging_mixin.py:188} INFO - [2025-04-17T22:52:30.876+0000] {dag.py:3823} INFO - Setting next_dagrun for example_branch_labels to 2025-04-16 00:00:00+00:00, run_after=2025-04-17 00:00:00+00:00
[2025-04-17T22:52:30.947+0000] {processor.py:183} INFO - Processing /home/airflow/.local/lib/python3.8/site-packages/airflow/example_dags/example_branch_labels.py took 0.257 seconds
[2025-04-17T22:53:01.020+0000] {processor.py:161} INFO - Started process (PID=1408) to work on /home/airflow/.local/lib/python3.8/site-packages/airflow/example_dags/example_branch_labels.py
[2025-04-17T22:53:01.021+0000] {processor.py:830} INFO - Processing file /home/airflow/.local/lib/python3.8/site-packages/airflow/example_dags/example_branch_labels.py for tasks to queue
[2025-04-17T22:53:01.024+0000] {logging_mixin.py:188} INFO - [2025-04-17T22:53:01.024+0000] {dagbag.py:538} INFO - Filling up the DagBag from /home/airflow/.local/lib/python3.8/site-packages/airflow/example_dags/example_branch_labels.py
[2025-04-17T22:53:01.038+0000] {processor.py:840} INFO - DAG(s) 'example_branch_labels' retrieved from /home/airflow/.local/lib/python3.8/site-packages/airflow/example_dags/example_branch_labels.py
[2025-04-17T22:53:01.076+0000] {logging_mixin.py:188} INFO - [2025-04-17T22:53:01.076+0000] {dag.py:3036} INFO - Sync 1 DAGs
[2025-04-17T22:53:01.118+0000] {logging_mixin.py:188} INFO - [2025-04-17T22:53:01.117+0000] {dag.py:3823} INFO - Setting next_dagrun for example_branch_labels to 2025-04-16 00:00:00+00:00, run_after=2025-04-17 00:00:00+00:00
[2025-04-17T22:53:01.151+0000] {processor.py:183} INFO - Processing /home/airflow/.local/lib/python3.8/site-packages/airflow/example_dags/example_branch_labels.py took 0.137 seconds
[2025-04-17T22:53:31.229+0000] {processor.py:161} INFO - Started process (PID=1463) to work on /home/airflow/.local/lib/python3.8/site-packages/airflow/example_dags/example_branch_labels.py
[2025-04-17T22:53:31.231+0000] {processor.py:830} INFO - Processing file /home/airflow/.local/lib/python3.8/site-packages/airflow/example_dags/example_branch_labels.py for tasks to queue
[2025-04-17T22:53:31.234+0000] {logging_mixin.py:188} INFO - [2025-04-17T22:53:31.233+0000] {dagbag.py:538} INFO - Filling up the DagBag from /home/airflow/.local/lib/python3.8/site-packages/airflow/example_dags/example_branch_labels.py
[2025-04-17T22:53:31.247+0000] {processor.py:840} INFO - DAG(s) 'example_branch_labels' retrieved from /home/airflow/.local/lib/python3.8/site-packages/airflow/example_dags/example_branch_labels.py
[2025-04-17T22:53:31.280+0000] {logging_mixin.py:188} INFO - [2025-04-17T22:53:31.280+0000] {dag.py:3036} INFO - Sync 1 DAGs
[2025-04-17T22:53:31.315+0000] {logging_mixin.py:188} INFO - [2025-04-17T22:53:31.315+0000] {dag.py:3823} INFO - Setting next_dagrun for example_branch_labels to 2025-04-16 00:00:00+00:00, run_after=2025-04-17 00:00:00+00:00
[2025-04-17T22:53:31.343+0000] {processor.py:183} INFO - Processing /home/airflow/.local/lib/python3.8/site-packages/airflow/example_dags/example_branch_labels.py took 0.119 seconds
[2025-04-17T22:54:01.399+0000] {processor.py:161} INFO - Started process (PID=1518) to work on /home/airflow/.local/lib/python3.8/site-packages/airflow/example_dags/example_branch_labels.py
[2025-04-17T22:54:01.401+0000] {processor.py:830} INFO - Processing file /home/airflow/.local/lib/python3.8/site-packages/airflow/example_dags/example_branch_labels.py for tasks to queue
[2025-04-17T22:54:01.404+0000] {logging_mixin.py:188} INFO - [2025-04-17T22:54:01.403+0000] {dagbag.py:538} INFO - Filling up the DagBag from /home/airflow/.local/lib/python3.8/site-packages/airflow/example_dags/example_branch_labels.py
[2025-04-17T22:54:01.417+0000] {processor.py:840} INFO - DAG(s) 'example_branch_labels' retrieved from /home/airflow/.local/lib/python3.8/site-packages/airflow/example_dags/example_branch_labels.py
[2025-04-17T22:54:01.458+0000] {logging_mixin.py:188} INFO - [2025-04-17T22:54:01.457+0000] {dag.py:3036} INFO - Sync 1 DAGs
[2025-04-17T22:54:01.495+0000] {logging_mixin.py:188} INFO - [2025-04-17T22:54:01.495+0000] {dag.py:3823} INFO - Setting next_dagrun for example_branch_labels to 2025-04-16 00:00:00+00:00, run_after=2025-04-17 00:00:00+00:00
[2025-04-17T22:54:01.524+0000] {processor.py:183} INFO - Processing /home/airflow/.local/lib/python3.8/site-packages/airflow/example_dags/example_branch_labels.py took 0.130 seconds
