[2025-04-17T22:40:48.575+0000] {processor.py:161} INFO - Started process (PID=98) to work on /home/airflow/.local/lib/python3.8/site-packages/airflow/example_dags/example_latest_only.py
[2025-04-17T22:40:48.578+0000] {processor.py:830} INFO - Processing file /home/airflow/.local/lib/python3.8/site-packages/airflow/example_dags/example_latest_only.py for tasks to queue
[2025-04-17T22:40:48.583+0000] {logging_mixin.py:188} INFO - [2025-04-17T22:40:48.582+0000] {dagbag.py:538} INFO - Filling up the DagBag from /home/airflow/.local/lib/python3.8/site-packages/airflow/example_dags/example_latest_only.py
[2025-04-17T22:40:48.595+0000] {processor.py:840} INFO - DAG(s) 'latest_only' retrieved from /home/airflow/.local/lib/python3.8/site-packages/airflow/example_dags/example_latest_only.py
[2025-04-17T22:40:48.791+0000] {logging_mixin.py:188} INFO - [2025-04-17T22:40:48.791+0000] {dag.py:3036} INFO - Sync 1 DAGs
[2025-04-17T22:40:48.830+0000] {logging_mixin.py:188} INFO - [2025-04-17T22:40:48.830+0000] {dag.py:3823} INFO - Setting next_dagrun for latest_only to 2025-04-17 16:00:00+00:00, run_after=2025-04-17 20:00:00+00:00
[2025-04-17T22:40:48.862+0000] {processor.py:183} INFO - Processing /home/airflow/.local/lib/python3.8/site-packages/airflow/example_dags/example_latest_only.py took 0.294 seconds
[2025-04-17T22:41:18.952+0000] {processor.py:161} INFO - Started process (PID=153) to work on /home/airflow/.local/lib/python3.8/site-packages/airflow/example_dags/example_latest_only.py
[2025-04-17T22:41:18.953+0000] {processor.py:830} INFO - Processing file /home/airflow/.local/lib/python3.8/site-packages/airflow/example_dags/example_latest_only.py for tasks to queue
[2025-04-17T22:41:18.956+0000] {logging_mixin.py:188} INFO - [2025-04-17T22:41:18.956+0000] {dagbag.py:538} INFO - Filling up the DagBag from /home/airflow/.local/lib/python3.8/site-packages/airflow/example_dags/example_latest_only.py
[2025-04-17T22:41:18.964+0000] {processor.py:840} INFO - DAG(s) 'latest_only' retrieved from /home/airflow/.local/lib/python3.8/site-packages/airflow/example_dags/example_latest_only.py
[2025-04-17T22:41:18.997+0000] {logging_mixin.py:188} INFO - [2025-04-17T22:41:18.997+0000] {dag.py:3036} INFO - Sync 1 DAGs
[2025-04-17T22:41:19.031+0000] {logging_mixin.py:188} INFO - [2025-04-17T22:41:19.031+0000] {dag.py:3823} INFO - Setting next_dagrun for latest_only to 2025-04-17 16:00:00+00:00, run_after=2025-04-17 20:00:00+00:00
[2025-04-17T22:41:19.061+0000] {processor.py:183} INFO - Processing /home/airflow/.local/lib/python3.8/site-packages/airflow/example_dags/example_latest_only.py took 0.115 seconds
[2025-04-17T22:41:49.342+0000] {processor.py:161} INFO - Started process (PID=209) to work on /home/airflow/.local/lib/python3.8/site-packages/airflow/example_dags/example_latest_only.py
[2025-04-17T22:41:49.344+0000] {processor.py:830} INFO - Processing file /home/airflow/.local/lib/python3.8/site-packages/airflow/example_dags/example_latest_only.py for tasks to queue
[2025-04-17T22:41:49.348+0000] {logging_mixin.py:188} INFO - [2025-04-17T22:41:49.347+0000] {dagbag.py:538} INFO - Filling up the DagBag from /home/airflow/.local/lib/python3.8/site-packages/airflow/example_dags/example_latest_only.py
[2025-04-17T22:41:49.357+0000] {processor.py:840} INFO - DAG(s) 'latest_only' retrieved from /home/airflow/.local/lib/python3.8/site-packages/airflow/example_dags/example_latest_only.py
[2025-04-17T22:41:49.390+0000] {logging_mixin.py:188} INFO - [2025-04-17T22:41:49.389+0000] {dag.py:3036} INFO - Sync 1 DAGs
[2025-04-17T22:41:49.425+0000] {logging_mixin.py:188} INFO - [2025-04-17T22:41:49.424+0000] {dag.py:3823} INFO - Setting next_dagrun for latest_only to 2025-04-17 16:00:00+00:00, run_after=2025-04-17 20:00:00+00:00
[2025-04-17T22:41:49.453+0000] {processor.py:183} INFO - Processing /home/airflow/.local/lib/python3.8/site-packages/airflow/example_dags/example_latest_only.py took 0.116 seconds
[2025-04-17T22:42:19.776+0000] {processor.py:161} INFO - Started process (PID=264) to work on /home/airflow/.local/lib/python3.8/site-packages/airflow/example_dags/example_latest_only.py
[2025-04-17T22:42:19.779+0000] {processor.py:830} INFO - Processing file /home/airflow/.local/lib/python3.8/site-packages/airflow/example_dags/example_latest_only.py for tasks to queue
[2025-04-17T22:42:19.782+0000] {logging_mixin.py:188} INFO - [2025-04-17T22:42:19.781+0000] {dagbag.py:538} INFO - Filling up the DagBag from /home/airflow/.local/lib/python3.8/site-packages/airflow/example_dags/example_latest_only.py
[2025-04-17T22:42:19.790+0000] {processor.py:840} INFO - DAG(s) 'latest_only' retrieved from /home/airflow/.local/lib/python3.8/site-packages/airflow/example_dags/example_latest_only.py
[2025-04-17T22:42:19.827+0000] {logging_mixin.py:188} INFO - [2025-04-17T22:42:19.827+0000] {dag.py:3036} INFO - Sync 1 DAGs
[2025-04-17T22:42:19.866+0000] {logging_mixin.py:188} INFO - [2025-04-17T22:42:19.866+0000] {dag.py:3823} INFO - Setting next_dagrun for latest_only to 2025-04-17 16:00:00+00:00, run_after=2025-04-17 20:00:00+00:00
[2025-04-17T22:42:19.897+0000] {processor.py:183} INFO - Processing /home/airflow/.local/lib/python3.8/site-packages/airflow/example_dags/example_latest_only.py took 0.126 seconds
[2025-04-17T22:42:50.201+0000] {processor.py:161} INFO - Started process (PID=319) to work on /home/airflow/.local/lib/python3.8/site-packages/airflow/example_dags/example_latest_only.py
[2025-04-17T22:42:50.202+0000] {processor.py:830} INFO - Processing file /home/airflow/.local/lib/python3.8/site-packages/airflow/example_dags/example_latest_only.py for tasks to queue
[2025-04-17T22:42:50.205+0000] {logging_mixin.py:188} INFO - [2025-04-17T22:42:50.204+0000] {dagbag.py:538} INFO - Filling up the DagBag from /home/airflow/.local/lib/python3.8/site-packages/airflow/example_dags/example_latest_only.py
[2025-04-17T22:42:50.215+0000] {processor.py:840} INFO - DAG(s) 'latest_only' retrieved from /home/airflow/.local/lib/python3.8/site-packages/airflow/example_dags/example_latest_only.py
[2025-04-17T22:42:50.253+0000] {logging_mixin.py:188} INFO - [2025-04-17T22:42:50.253+0000] {dag.py:3036} INFO - Sync 1 DAGs
[2025-04-17T22:42:50.292+0000] {logging_mixin.py:188} INFO - [2025-04-17T22:42:50.292+0000] {dag.py:3823} INFO - Setting next_dagrun for latest_only to 2025-04-17 16:00:00+00:00, run_after=2025-04-17 20:00:00+00:00
[2025-04-17T22:42:50.321+0000] {processor.py:183} INFO - Processing /home/airflow/.local/lib/python3.8/site-packages/airflow/example_dags/example_latest_only.py took 0.126 seconds
[2025-04-17T22:43:21.046+0000] {processor.py:161} INFO - Started process (PID=374) to work on /home/airflow/.local/lib/python3.8/site-packages/airflow/example_dags/example_latest_only.py
[2025-04-17T22:43:21.048+0000] {processor.py:830} INFO - Processing file /home/airflow/.local/lib/python3.8/site-packages/airflow/example_dags/example_latest_only.py for tasks to queue
[2025-04-17T22:43:21.051+0000] {logging_mixin.py:188} INFO - [2025-04-17T22:43:21.051+0000] {dagbag.py:538} INFO - Filling up the DagBag from /home/airflow/.local/lib/python3.8/site-packages/airflow/example_dags/example_latest_only.py
[2025-04-17T22:43:21.059+0000] {processor.py:840} INFO - DAG(s) 'latest_only' retrieved from /home/airflow/.local/lib/python3.8/site-packages/airflow/example_dags/example_latest_only.py
[2025-04-17T22:43:21.094+0000] {logging_mixin.py:188} INFO - [2025-04-17T22:43:21.094+0000] {dag.py:3036} INFO - Sync 1 DAGs
[2025-04-17T22:43:21.129+0000] {logging_mixin.py:188} INFO - [2025-04-17T22:43:21.129+0000] {dag.py:3823} INFO - Setting next_dagrun for latest_only to 2025-04-17 16:00:00+00:00, run_after=2025-04-17 20:00:00+00:00
[2025-04-17T22:43:21.158+0000] {processor.py:183} INFO - Processing /home/airflow/.local/lib/python3.8/site-packages/airflow/example_dags/example_latest_only.py took 0.117 seconds
[2025-04-17T22:43:51.301+0000] {processor.py:161} INFO - Started process (PID=429) to work on /home/airflow/.local/lib/python3.8/site-packages/airflow/example_dags/example_latest_only.py
[2025-04-17T22:43:51.303+0000] {processor.py:830} INFO - Processing file /home/airflow/.local/lib/python3.8/site-packages/airflow/example_dags/example_latest_only.py for tasks to queue
[2025-04-17T22:43:51.306+0000] {logging_mixin.py:188} INFO - [2025-04-17T22:43:51.306+0000] {dagbag.py:538} INFO - Filling up the DagBag from /home/airflow/.local/lib/python3.8/site-packages/airflow/example_dags/example_latest_only.py
[2025-04-17T22:43:51.318+0000] {processor.py:840} INFO - DAG(s) 'latest_only' retrieved from /home/airflow/.local/lib/python3.8/site-packages/airflow/example_dags/example_latest_only.py
[2025-04-17T22:43:51.365+0000] {logging_mixin.py:188} INFO - [2025-04-17T22:43:51.364+0000] {dag.py:3036} INFO - Sync 1 DAGs
[2025-04-17T22:43:51.403+0000] {logging_mixin.py:188} INFO - [2025-04-17T22:43:51.402+0000] {dag.py:3823} INFO - Setting next_dagrun for latest_only to 2025-04-17 16:00:00+00:00, run_after=2025-04-17 20:00:00+00:00
[2025-04-17T22:43:51.433+0000] {processor.py:183} INFO - Processing /home/airflow/.local/lib/python3.8/site-packages/airflow/example_dags/example_latest_only.py took 0.139 seconds
[2025-04-17T22:44:22.096+0000] {processor.py:161} INFO - Started process (PID=484) to work on /home/airflow/.local/lib/python3.8/site-packages/airflow/example_dags/example_latest_only.py
[2025-04-17T22:44:22.098+0000] {processor.py:830} INFO - Processing file /home/airflow/.local/lib/python3.8/site-packages/airflow/example_dags/example_latest_only.py for tasks to queue
[2025-04-17T22:44:22.102+0000] {logging_mixin.py:188} INFO - [2025-04-17T22:44:22.102+0000] {dagbag.py:538} INFO - Filling up the DagBag from /home/airflow/.local/lib/python3.8/site-packages/airflow/example_dags/example_latest_only.py
[2025-04-17T22:44:22.111+0000] {processor.py:840} INFO - DAG(s) 'latest_only' retrieved from /home/airflow/.local/lib/python3.8/site-packages/airflow/example_dags/example_latest_only.py
[2025-04-17T22:44:22.147+0000] {logging_mixin.py:188} INFO - [2025-04-17T22:44:22.147+0000] {dag.py:3036} INFO - Sync 1 DAGs
[2025-04-17T22:44:22.184+0000] {logging_mixin.py:188} INFO - [2025-04-17T22:44:22.184+0000] {dag.py:3823} INFO - Setting next_dagrun for latest_only to 2025-04-17 16:00:00+00:00, run_after=2025-04-17 20:00:00+00:00
[2025-04-17T22:44:22.213+0000] {processor.py:183} INFO - Processing /home/airflow/.local/lib/python3.8/site-packages/airflow/example_dags/example_latest_only.py took 0.123 seconds
[2025-04-17T22:44:52.862+0000] {processor.py:161} INFO - Started process (PID=539) to work on /home/airflow/.local/lib/python3.8/site-packages/airflow/example_dags/example_latest_only.py
[2025-04-17T22:44:52.864+0000] {processor.py:830} INFO - Processing file /home/airflow/.local/lib/python3.8/site-packages/airflow/example_dags/example_latest_only.py for tasks to queue
[2025-04-17T22:44:52.866+0000] {logging_mixin.py:188} INFO - [2025-04-17T22:44:52.866+0000] {dagbag.py:538} INFO - Filling up the DagBag from /home/airflow/.local/lib/python3.8/site-packages/airflow/example_dags/example_latest_only.py
[2025-04-17T22:44:52.875+0000] {processor.py:840} INFO - DAG(s) 'latest_only' retrieved from /home/airflow/.local/lib/python3.8/site-packages/airflow/example_dags/example_latest_only.py
[2025-04-17T22:44:52.913+0000] {logging_mixin.py:188} INFO - [2025-04-17T22:44:52.912+0000] {dag.py:3036} INFO - Sync 1 DAGs
[2025-04-17T22:44:52.955+0000] {logging_mixin.py:188} INFO - [2025-04-17T22:44:52.954+0000] {dag.py:3823} INFO - Setting next_dagrun for latest_only to 2025-04-17 16:00:00+00:00, run_after=2025-04-17 20:00:00+00:00
[2025-04-17T22:44:53.000+0000] {processor.py:183} INFO - Processing /home/airflow/.local/lib/python3.8/site-packages/airflow/example_dags/example_latest_only.py took 0.143 seconds
[2025-04-17T22:45:23.449+0000] {processor.py:161} INFO - Started process (PID=594) to work on /home/airflow/.local/lib/python3.8/site-packages/airflow/example_dags/example_latest_only.py
[2025-04-17T22:45:23.451+0000] {processor.py:830} INFO - Processing file /home/airflow/.local/lib/python3.8/site-packages/airflow/example_dags/example_latest_only.py for tasks to queue
[2025-04-17T22:45:23.453+0000] {logging_mixin.py:188} INFO - [2025-04-17T22:45:23.453+0000] {dagbag.py:538} INFO - Filling up the DagBag from /home/airflow/.local/lib/python3.8/site-packages/airflow/example_dags/example_latest_only.py
[2025-04-17T22:45:23.462+0000] {processor.py:840} INFO - DAG(s) 'latest_only' retrieved from /home/airflow/.local/lib/python3.8/site-packages/airflow/example_dags/example_latest_only.py
[2025-04-17T22:45:23.500+0000] {logging_mixin.py:188} INFO - [2025-04-17T22:45:23.499+0000] {dag.py:3036} INFO - Sync 1 DAGs
[2025-04-17T22:45:23.533+0000] {logging_mixin.py:188} INFO - [2025-04-17T22:45:23.533+0000] {dag.py:3823} INFO - Setting next_dagrun for latest_only to 2025-04-17 16:00:00+00:00, run_after=2025-04-17 20:00:00+00:00
[2025-04-17T22:45:23.560+0000] {processor.py:183} INFO - Processing /home/airflow/.local/lib/python3.8/site-packages/airflow/example_dags/example_latest_only.py took 0.117 seconds
[2025-04-17T22:45:53.988+0000] {processor.py:161} INFO - Started process (PID=649) to work on /home/airflow/.local/lib/python3.8/site-packages/airflow/example_dags/example_latest_only.py
[2025-04-17T22:45:53.990+0000] {processor.py:830} INFO - Processing file /home/airflow/.local/lib/python3.8/site-packages/airflow/example_dags/example_latest_only.py for tasks to queue
[2025-04-17T22:45:53.993+0000] {logging_mixin.py:188} INFO - [2025-04-17T22:45:53.992+0000] {dagbag.py:538} INFO - Filling up the DagBag from /home/airflow/.local/lib/python3.8/site-packages/airflow/example_dags/example_latest_only.py
[2025-04-17T22:45:54.001+0000] {processor.py:840} INFO - DAG(s) 'latest_only' retrieved from /home/airflow/.local/lib/python3.8/site-packages/airflow/example_dags/example_latest_only.py
[2025-04-17T22:45:54.038+0000] {logging_mixin.py:188} INFO - [2025-04-17T22:45:54.038+0000] {dag.py:3036} INFO - Sync 1 DAGs
[2025-04-17T22:45:54.073+0000] {logging_mixin.py:188} INFO - [2025-04-17T22:45:54.072+0000] {dag.py:3823} INFO - Setting next_dagrun for latest_only to 2025-04-17 16:00:00+00:00, run_after=2025-04-17 20:00:00+00:00
[2025-04-17T22:45:54.100+0000] {processor.py:183} INFO - Processing /home/airflow/.local/lib/python3.8/site-packages/airflow/example_dags/example_latest_only.py took 0.117 seconds
[2025-04-17T22:46:24.321+0000] {processor.py:161} INFO - Started process (PID=704) to work on /home/airflow/.local/lib/python3.8/site-packages/airflow/example_dags/example_latest_only.py
[2025-04-17T22:46:24.324+0000] {processor.py:830} INFO - Processing file /home/airflow/.local/lib/python3.8/site-packages/airflow/example_dags/example_latest_only.py for tasks to queue
[2025-04-17T22:46:24.327+0000] {logging_mixin.py:188} INFO - [2025-04-17T22:46:24.327+0000] {dagbag.py:538} INFO - Filling up the DagBag from /home/airflow/.local/lib/python3.8/site-packages/airflow/example_dags/example_latest_only.py
[2025-04-17T22:46:24.337+0000] {processor.py:840} INFO - DAG(s) 'latest_only' retrieved from /home/airflow/.local/lib/python3.8/site-packages/airflow/example_dags/example_latest_only.py
[2025-04-17T22:46:24.373+0000] {logging_mixin.py:188} INFO - [2025-04-17T22:46:24.372+0000] {dag.py:3036} INFO - Sync 1 DAGs
[2025-04-17T22:46:24.409+0000] {logging_mixin.py:188} INFO - [2025-04-17T22:46:24.408+0000] {dag.py:3823} INFO - Setting next_dagrun for latest_only to 2025-04-17 16:00:00+00:00, run_after=2025-04-17 20:00:00+00:00
[2025-04-17T22:46:24.435+0000] {processor.py:183} INFO - Processing /home/airflow/.local/lib/python3.8/site-packages/airflow/example_dags/example_latest_only.py took 0.120 seconds
[2025-04-17T22:46:55.274+0000] {processor.py:161} INFO - Started process (PID=759) to work on /home/airflow/.local/lib/python3.8/site-packages/airflow/example_dags/example_latest_only.py
[2025-04-17T22:46:55.276+0000] {processor.py:830} INFO - Processing file /home/airflow/.local/lib/python3.8/site-packages/airflow/example_dags/example_latest_only.py for tasks to queue
[2025-04-17T22:46:55.280+0000] {logging_mixin.py:188} INFO - [2025-04-17T22:46:55.279+0000] {dagbag.py:538} INFO - Filling up the DagBag from /home/airflow/.local/lib/python3.8/site-packages/airflow/example_dags/example_latest_only.py
[2025-04-17T22:46:55.289+0000] {processor.py:840} INFO - DAG(s) 'latest_only' retrieved from /home/airflow/.local/lib/python3.8/site-packages/airflow/example_dags/example_latest_only.py
[2025-04-17T22:46:55.322+0000] {logging_mixin.py:188} INFO - [2025-04-17T22:46:55.321+0000] {dag.py:3036} INFO - Sync 1 DAGs
[2025-04-17T22:46:55.357+0000] {logging_mixin.py:188} INFO - [2025-04-17T22:46:55.357+0000] {dag.py:3823} INFO - Setting next_dagrun for latest_only to 2025-04-17 16:00:00+00:00, run_after=2025-04-17 20:00:00+00:00
[2025-04-17T22:46:55.389+0000] {processor.py:183} INFO - Processing /home/airflow/.local/lib/python3.8/site-packages/airflow/example_dags/example_latest_only.py took 0.121 seconds
[2025-04-17T22:47:25.762+0000] {processor.py:161} INFO - Started process (PID=814) to work on /home/airflow/.local/lib/python3.8/site-packages/airflow/example_dags/example_latest_only.py
[2025-04-17T22:47:25.764+0000] {processor.py:830} INFO - Processing file /home/airflow/.local/lib/python3.8/site-packages/airflow/example_dags/example_latest_only.py for tasks to queue
[2025-04-17T22:47:25.767+0000] {logging_mixin.py:188} INFO - [2025-04-17T22:47:25.767+0000] {dagbag.py:538} INFO - Filling up the DagBag from /home/airflow/.local/lib/python3.8/site-packages/airflow/example_dags/example_latest_only.py
[2025-04-17T22:47:25.776+0000] {processor.py:840} INFO - DAG(s) 'latest_only' retrieved from /home/airflow/.local/lib/python3.8/site-packages/airflow/example_dags/example_latest_only.py
[2025-04-17T22:47:25.812+0000] {logging_mixin.py:188} INFO - [2025-04-17T22:47:25.811+0000] {dag.py:3036} INFO - Sync 1 DAGs
[2025-04-17T22:47:25.847+0000] {logging_mixin.py:188} INFO - [2025-04-17T22:47:25.847+0000] {dag.py:3823} INFO - Setting next_dagrun for latest_only to 2025-04-17 16:00:00+00:00, run_after=2025-04-17 20:00:00+00:00
[2025-04-17T22:47:25.876+0000] {processor.py:183} INFO - Processing /home/airflow/.local/lib/python3.8/site-packages/airflow/example_dags/example_latest_only.py took 0.120 seconds
[2025-04-17T22:47:56.088+0000] {processor.py:161} INFO - Started process (PID=869) to work on /home/airflow/.local/lib/python3.8/site-packages/airflow/example_dags/example_latest_only.py
[2025-04-17T22:47:56.090+0000] {processor.py:830} INFO - Processing file /home/airflow/.local/lib/python3.8/site-packages/airflow/example_dags/example_latest_only.py for tasks to queue
[2025-04-17T22:47:56.093+0000] {logging_mixin.py:188} INFO - [2025-04-17T22:47:56.092+0000] {dagbag.py:538} INFO - Filling up the DagBag from /home/airflow/.local/lib/python3.8/site-packages/airflow/example_dags/example_latest_only.py
[2025-04-17T22:47:56.101+0000] {processor.py:840} INFO - DAG(s) 'latest_only' retrieved from /home/airflow/.local/lib/python3.8/site-packages/airflow/example_dags/example_latest_only.py
[2025-04-17T22:47:56.126+0000] {logging_mixin.py:188} INFO - [2025-04-17T22:47:56.126+0000] {dag.py:3036} INFO - Sync 1 DAGs
[2025-04-17T22:47:56.182+0000] {logging_mixin.py:188} INFO - [2025-04-17T22:47:56.180+0000] {dag.py:3823} INFO - Setting next_dagrun for latest_only to 2025-04-17 16:00:00+00:00, run_after=2025-04-17 20:00:00+00:00
[2025-04-17T22:47:56.226+0000] {processor.py:183} INFO - Processing /home/airflow/.local/lib/python3.8/site-packages/airflow/example_dags/example_latest_only.py took 0.144 seconds
[2025-04-17T22:48:27.004+0000] {processor.py:161} INFO - Started process (PID=924) to work on /home/airflow/.local/lib/python3.8/site-packages/airflow/example_dags/example_latest_only.py
[2025-04-17T22:48:27.005+0000] {processor.py:830} INFO - Processing file /home/airflow/.local/lib/python3.8/site-packages/airflow/example_dags/example_latest_only.py for tasks to queue
[2025-04-17T22:48:27.009+0000] {logging_mixin.py:188} INFO - [2025-04-17T22:48:27.008+0000] {dagbag.py:538} INFO - Filling up the DagBag from /home/airflow/.local/lib/python3.8/site-packages/airflow/example_dags/example_latest_only.py
[2025-04-17T22:48:27.017+0000] {processor.py:840} INFO - DAG(s) 'latest_only' retrieved from /home/airflow/.local/lib/python3.8/site-packages/airflow/example_dags/example_latest_only.py
[2025-04-17T22:48:27.177+0000] {logging_mixin.py:188} INFO - [2025-04-17T22:48:27.177+0000] {dag.py:3036} INFO - Sync 1 DAGs
[2025-04-17T22:48:27.207+0000] {logging_mixin.py:188} INFO - [2025-04-17T22:48:27.206+0000] {dag.py:3823} INFO - Setting next_dagrun for latest_only to 2025-04-17 16:00:00+00:00, run_after=2025-04-17 20:00:00+00:00
[2025-04-17T22:48:27.235+0000] {processor.py:183} INFO - Processing /home/airflow/.local/lib/python3.8/site-packages/airflow/example_dags/example_latest_only.py took 0.236 seconds
[2025-04-17T22:48:57.321+0000] {processor.py:161} INFO - Started process (PID=979) to work on /home/airflow/.local/lib/python3.8/site-packages/airflow/example_dags/example_latest_only.py
[2025-04-17T22:48:57.322+0000] {processor.py:830} INFO - Processing file /home/airflow/.local/lib/python3.8/site-packages/airflow/example_dags/example_latest_only.py for tasks to queue
[2025-04-17T22:48:57.325+0000] {logging_mixin.py:188} INFO - [2025-04-17T22:48:57.325+0000] {dagbag.py:538} INFO - Filling up the DagBag from /home/airflow/.local/lib/python3.8/site-packages/airflow/example_dags/example_latest_only.py
[2025-04-17T22:48:57.334+0000] {processor.py:840} INFO - DAG(s) 'latest_only' retrieved from /home/airflow/.local/lib/python3.8/site-packages/airflow/example_dags/example_latest_only.py
[2025-04-17T22:48:57.367+0000] {logging_mixin.py:188} INFO - [2025-04-17T22:48:57.366+0000] {dag.py:3036} INFO - Sync 1 DAGs
[2025-04-17T22:48:57.402+0000] {logging_mixin.py:188} INFO - [2025-04-17T22:48:57.402+0000] {dag.py:3823} INFO - Setting next_dagrun for latest_only to 2025-04-17 16:00:00+00:00, run_after=2025-04-17 20:00:00+00:00
[2025-04-17T22:48:57.431+0000] {processor.py:183} INFO - Processing /home/airflow/.local/lib/python3.8/site-packages/airflow/example_dags/example_latest_only.py took 0.115 seconds
[2025-04-17T22:49:27.981+0000] {processor.py:161} INFO - Started process (PID=1034) to work on /home/airflow/.local/lib/python3.8/site-packages/airflow/example_dags/example_latest_only.py
[2025-04-17T22:49:27.983+0000] {processor.py:830} INFO - Processing file /home/airflow/.local/lib/python3.8/site-packages/airflow/example_dags/example_latest_only.py for tasks to queue
[2025-04-17T22:49:27.986+0000] {logging_mixin.py:188} INFO - [2025-04-17T22:49:27.985+0000] {dagbag.py:538} INFO - Filling up the DagBag from /home/airflow/.local/lib/python3.8/site-packages/airflow/example_dags/example_latest_only.py
[2025-04-17T22:49:27.994+0000] {processor.py:840} INFO - DAG(s) 'latest_only' retrieved from /home/airflow/.local/lib/python3.8/site-packages/airflow/example_dags/example_latest_only.py
[2025-04-17T22:49:28.030+0000] {logging_mixin.py:188} INFO - [2025-04-17T22:49:28.030+0000] {dag.py:3036} INFO - Sync 1 DAGs
[2025-04-17T22:49:28.064+0000] {logging_mixin.py:188} INFO - [2025-04-17T22:49:28.063+0000] {dag.py:3823} INFO - Setting next_dagrun for latest_only to 2025-04-17 16:00:00+00:00, run_after=2025-04-17 20:00:00+00:00
[2025-04-17T22:49:28.092+0000] {processor.py:183} INFO - Processing /home/airflow/.local/lib/python3.8/site-packages/airflow/example_dags/example_latest_only.py took 0.116 seconds
[2025-04-17T22:49:58.275+0000] {processor.py:161} INFO - Started process (PID=1089) to work on /home/airflow/.local/lib/python3.8/site-packages/airflow/example_dags/example_latest_only.py
[2025-04-17T22:49:58.277+0000] {processor.py:830} INFO - Processing file /home/airflow/.local/lib/python3.8/site-packages/airflow/example_dags/example_latest_only.py for tasks to queue
[2025-04-17T22:49:58.280+0000] {logging_mixin.py:188} INFO - [2025-04-17T22:49:58.280+0000] {dagbag.py:538} INFO - Filling up the DagBag from /home/airflow/.local/lib/python3.8/site-packages/airflow/example_dags/example_latest_only.py
[2025-04-17T22:49:58.292+0000] {processor.py:840} INFO - DAG(s) 'latest_only' retrieved from /home/airflow/.local/lib/python3.8/site-packages/airflow/example_dags/example_latest_only.py
[2025-04-17T22:49:58.323+0000] {logging_mixin.py:188} INFO - [2025-04-17T22:49:58.323+0000] {dag.py:3036} INFO - Sync 1 DAGs
[2025-04-17T22:49:58.358+0000] {logging_mixin.py:188} INFO - [2025-04-17T22:49:58.358+0000] {dag.py:3823} INFO - Setting next_dagrun for latest_only to 2025-04-17 16:00:00+00:00, run_after=2025-04-17 20:00:00+00:00
[2025-04-17T22:49:58.387+0000] {processor.py:183} INFO - Processing /home/airflow/.local/lib/python3.8/site-packages/airflow/example_dags/example_latest_only.py took 0.117 seconds
[2025-04-17T22:50:29.040+0000] {processor.py:161} INFO - Started process (PID=1144) to work on /home/airflow/.local/lib/python3.8/site-packages/airflow/example_dags/example_latest_only.py
[2025-04-17T22:50:29.041+0000] {processor.py:830} INFO - Processing file /home/airflow/.local/lib/python3.8/site-packages/airflow/example_dags/example_latest_only.py for tasks to queue
[2025-04-17T22:50:29.045+0000] {logging_mixin.py:188} INFO - [2025-04-17T22:50:29.044+0000] {dagbag.py:538} INFO - Filling up the DagBag from /home/airflow/.local/lib/python3.8/site-packages/airflow/example_dags/example_latest_only.py
[2025-04-17T22:50:29.053+0000] {processor.py:840} INFO - DAG(s) 'latest_only' retrieved from /home/airflow/.local/lib/python3.8/site-packages/airflow/example_dags/example_latest_only.py
[2025-04-17T22:50:29.088+0000] {logging_mixin.py:188} INFO - [2025-04-17T22:50:29.088+0000] {dag.py:3036} INFO - Sync 1 DAGs
[2025-04-17T22:50:29.122+0000] {logging_mixin.py:188} INFO - [2025-04-17T22:50:29.122+0000] {dag.py:3823} INFO - Setting next_dagrun for latest_only to 2025-04-17 16:00:00+00:00, run_after=2025-04-17 20:00:00+00:00
[2025-04-17T22:50:29.152+0000] {processor.py:183} INFO - Processing /home/airflow/.local/lib/python3.8/site-packages/airflow/example_dags/example_latest_only.py took 0.117 seconds
[2025-04-17T22:50:59.742+0000] {processor.py:161} INFO - Started process (PID=1199) to work on /home/airflow/.local/lib/python3.8/site-packages/airflow/example_dags/example_latest_only.py
[2025-04-17T22:50:59.744+0000] {processor.py:830} INFO - Processing file /home/airflow/.local/lib/python3.8/site-packages/airflow/example_dags/example_latest_only.py for tasks to queue
[2025-04-17T22:50:59.747+0000] {logging_mixin.py:188} INFO - [2025-04-17T22:50:59.747+0000] {dagbag.py:538} INFO - Filling up the DagBag from /home/airflow/.local/lib/python3.8/site-packages/airflow/example_dags/example_latest_only.py
[2025-04-17T22:50:59.756+0000] {processor.py:840} INFO - DAG(s) 'latest_only' retrieved from /home/airflow/.local/lib/python3.8/site-packages/airflow/example_dags/example_latest_only.py
[2025-04-17T22:50:59.790+0000] {logging_mixin.py:188} INFO - [2025-04-17T22:50:59.790+0000] {dag.py:3036} INFO - Sync 1 DAGs
[2025-04-17T22:50:59.823+0000] {logging_mixin.py:188} INFO - [2025-04-17T22:50:59.822+0000] {dag.py:3823} INFO - Setting next_dagrun for latest_only to 2025-04-17 16:00:00+00:00, run_after=2025-04-17 20:00:00+00:00
[2025-04-17T22:50:59.850+0000] {processor.py:183} INFO - Processing /home/airflow/.local/lib/python3.8/site-packages/airflow/example_dags/example_latest_only.py took 0.113 seconds
[2025-04-17T22:51:30.045+0000] {processor.py:161} INFO - Started process (PID=1254) to work on /home/airflow/.local/lib/python3.8/site-packages/airflow/example_dags/example_latest_only.py
[2025-04-17T22:51:30.047+0000] {processor.py:830} INFO - Processing file /home/airflow/.local/lib/python3.8/site-packages/airflow/example_dags/example_latest_only.py for tasks to queue
[2025-04-17T22:51:30.050+0000] {logging_mixin.py:188} INFO - [2025-04-17T22:51:30.050+0000] {dagbag.py:538} INFO - Filling up the DagBag from /home/airflow/.local/lib/python3.8/site-packages/airflow/example_dags/example_latest_only.py
[2025-04-17T22:51:30.062+0000] {processor.py:840} INFO - DAG(s) 'latest_only' retrieved from /home/airflow/.local/lib/python3.8/site-packages/airflow/example_dags/example_latest_only.py
[2025-04-17T22:51:30.099+0000] {logging_mixin.py:188} INFO - [2025-04-17T22:51:30.099+0000] {dag.py:3036} INFO - Sync 1 DAGs
[2025-04-17T22:51:30.137+0000] {logging_mixin.py:188} INFO - [2025-04-17T22:51:30.136+0000] {dag.py:3823} INFO - Setting next_dagrun for latest_only to 2025-04-17 16:00:00+00:00, run_after=2025-04-17 20:00:00+00:00
[2025-04-17T22:51:30.166+0000] {processor.py:183} INFO - Processing /home/airflow/.local/lib/python3.8/site-packages/airflow/example_dags/example_latest_only.py took 0.127 seconds
[2025-04-17T22:52:00.642+0000] {processor.py:161} INFO - Started process (PID=1309) to work on /home/airflow/.local/lib/python3.8/site-packages/airflow/example_dags/example_latest_only.py
[2025-04-17T22:52:00.644+0000] {processor.py:830} INFO - Processing file /home/airflow/.local/lib/python3.8/site-packages/airflow/example_dags/example_latest_only.py for tasks to queue
[2025-04-17T22:52:00.647+0000] {logging_mixin.py:188} INFO - [2025-04-17T22:52:00.647+0000] {dagbag.py:538} INFO - Filling up the DagBag from /home/airflow/.local/lib/python3.8/site-packages/airflow/example_dags/example_latest_only.py
[2025-04-17T22:52:00.656+0000] {processor.py:840} INFO - DAG(s) 'latest_only' retrieved from /home/airflow/.local/lib/python3.8/site-packages/airflow/example_dags/example_latest_only.py
[2025-04-17T22:52:00.692+0000] {logging_mixin.py:188} INFO - [2025-04-17T22:52:00.692+0000] {dag.py:3036} INFO - Sync 1 DAGs
[2025-04-17T22:52:00.726+0000] {logging_mixin.py:188} INFO - [2025-04-17T22:52:00.725+0000] {dag.py:3823} INFO - Setting next_dagrun for latest_only to 2025-04-17 16:00:00+00:00, run_after=2025-04-17 20:00:00+00:00
[2025-04-17T22:52:00.754+0000] {processor.py:183} INFO - Processing /home/airflow/.local/lib/python3.8/site-packages/airflow/example_dags/example_latest_only.py took 0.118 seconds
[2025-04-17T22:52:32.460+0000] {processor.py:161} INFO - Started process (PID=1364) to work on /home/airflow/.local/lib/python3.8/site-packages/airflow/example_dags/example_latest_only.py
[2025-04-17T22:52:32.462+0000] {processor.py:830} INFO - Processing file /home/airflow/.local/lib/python3.8/site-packages/airflow/example_dags/example_latest_only.py for tasks to queue
[2025-04-17T22:52:32.465+0000] {logging_mixin.py:188} INFO - [2025-04-17T22:52:32.464+0000] {dagbag.py:538} INFO - Filling up the DagBag from /home/airflow/.local/lib/python3.8/site-packages/airflow/example_dags/example_latest_only.py
[2025-04-17T22:52:32.473+0000] {processor.py:840} INFO - DAG(s) 'latest_only' retrieved from /home/airflow/.local/lib/python3.8/site-packages/airflow/example_dags/example_latest_only.py
[2025-04-17T22:52:32.507+0000] {logging_mixin.py:188} INFO - [2025-04-17T22:52:32.506+0000] {dag.py:3036} INFO - Sync 1 DAGs
[2025-04-17T22:52:32.541+0000] {logging_mixin.py:188} INFO - [2025-04-17T22:52:32.540+0000] {dag.py:3823} INFO - Setting next_dagrun for latest_only to 2025-04-17 16:00:00+00:00, run_after=2025-04-17 20:00:00+00:00
[2025-04-17T22:52:32.569+0000] {processor.py:183} INFO - Processing /home/airflow/.local/lib/python3.8/site-packages/airflow/example_dags/example_latest_only.py took 0.115 seconds
[2025-04-17T22:53:03.322+0000] {processor.py:161} INFO - Started process (PID=1419) to work on /home/airflow/.local/lib/python3.8/site-packages/airflow/example_dags/example_latest_only.py
[2025-04-17T22:53:03.326+0000] {processor.py:830} INFO - Processing file /home/airflow/.local/lib/python3.8/site-packages/airflow/example_dags/example_latest_only.py for tasks to queue
[2025-04-17T22:53:03.331+0000] {logging_mixin.py:188} INFO - [2025-04-17T22:53:03.330+0000] {dagbag.py:538} INFO - Filling up the DagBag from /home/airflow/.local/lib/python3.8/site-packages/airflow/example_dags/example_latest_only.py
[2025-04-17T22:53:03.354+0000] {processor.py:840} INFO - DAG(s) 'latest_only' retrieved from /home/airflow/.local/lib/python3.8/site-packages/airflow/example_dags/example_latest_only.py
[2025-04-17T22:53:03.403+0000] {logging_mixin.py:188} INFO - [2025-04-17T22:53:03.403+0000] {dag.py:3036} INFO - Sync 1 DAGs
[2025-04-17T22:53:03.459+0000] {logging_mixin.py:188} INFO - [2025-04-17T22:53:03.458+0000] {dag.py:3823} INFO - Setting next_dagrun for latest_only to 2025-04-17 16:00:00+00:00, run_after=2025-04-17 20:00:00+00:00
[2025-04-17T22:53:03.497+0000] {processor.py:183} INFO - Processing /home/airflow/.local/lib/python3.8/site-packages/airflow/example_dags/example_latest_only.py took 0.183 seconds
[2025-04-17T22:53:34.103+0000] {processor.py:161} INFO - Started process (PID=1474) to work on /home/airflow/.local/lib/python3.8/site-packages/airflow/example_dags/example_latest_only.py
[2025-04-17T22:53:34.105+0000] {processor.py:830} INFO - Processing file /home/airflow/.local/lib/python3.8/site-packages/airflow/example_dags/example_latest_only.py for tasks to queue
[2025-04-17T22:53:34.108+0000] {logging_mixin.py:188} INFO - [2025-04-17T22:53:34.108+0000] {dagbag.py:538} INFO - Filling up the DagBag from /home/airflow/.local/lib/python3.8/site-packages/airflow/example_dags/example_latest_only.py
[2025-04-17T22:53:34.117+0000] {processor.py:840} INFO - DAG(s) 'latest_only' retrieved from /home/airflow/.local/lib/python3.8/site-packages/airflow/example_dags/example_latest_only.py
[2025-04-17T22:53:34.155+0000] {logging_mixin.py:188} INFO - [2025-04-17T22:53:34.154+0000] {dag.py:3036} INFO - Sync 1 DAGs
[2025-04-17T22:53:34.199+0000] {logging_mixin.py:188} INFO - [2025-04-17T22:53:34.198+0000] {dag.py:3823} INFO - Setting next_dagrun for latest_only to 2025-04-17 16:00:00+00:00, run_after=2025-04-17 20:00:00+00:00
[2025-04-17T22:53:34.241+0000] {processor.py:183} INFO - Processing /home/airflow/.local/lib/python3.8/site-packages/airflow/example_dags/example_latest_only.py took 0.144 seconds
[2025-04-17T22:54:04.367+0000] {processor.py:161} INFO - Started process (PID=1529) to work on /home/airflow/.local/lib/python3.8/site-packages/airflow/example_dags/example_latest_only.py
[2025-04-17T22:54:04.368+0000] {processor.py:830} INFO - Processing file /home/airflow/.local/lib/python3.8/site-packages/airflow/example_dags/example_latest_only.py for tasks to queue
[2025-04-17T22:54:04.371+0000] {logging_mixin.py:188} INFO - [2025-04-17T22:54:04.371+0000] {dagbag.py:538} INFO - Filling up the DagBag from /home/airflow/.local/lib/python3.8/site-packages/airflow/example_dags/example_latest_only.py
[2025-04-17T22:54:04.380+0000] {processor.py:840} INFO - DAG(s) 'latest_only' retrieved from /home/airflow/.local/lib/python3.8/site-packages/airflow/example_dags/example_latest_only.py
[2025-04-17T22:54:04.414+0000] {logging_mixin.py:188} INFO - [2025-04-17T22:54:04.413+0000] {dag.py:3036} INFO - Sync 1 DAGs
[2025-04-17T22:54:04.455+0000] {logging_mixin.py:188} INFO - [2025-04-17T22:54:04.454+0000] {dag.py:3823} INFO - Setting next_dagrun for latest_only to 2025-04-17 16:00:00+00:00, run_after=2025-04-17 20:00:00+00:00
[2025-04-17T22:54:04.487+0000] {processor.py:183} INFO - Processing /home/airflow/.local/lib/python3.8/site-packages/airflow/example_dags/example_latest_only.py took 0.126 seconds
