[2025-04-17T22:40:42.373+0000] {processor.py:161} INFO - Started process (PID=75) to work on /home/airflow/.local/lib/python3.8/site-packages/airflow/example_dags/example_datasets.py
[2025-04-17T22:40:42.375+0000] {processor.py:830} INFO - Processing file /home/airflow/.local/lib/python3.8/site-packages/airflow/example_dags/example_datasets.py for tasks to queue
[2025-04-17T22:40:42.380+0000] {logging_mixin.py:188} INFO - [2025-04-17T22:40:42.379+0000] {dagbag.py:538} INFO - Filling up the DagBag from /home/airflow/.local/lib/python3.8/site-packages/airflow/example_dags/example_datasets.py
[2025-04-17T22:40:42.407+0000] {processor.py:840} INFO - DAG(s) 'dataset_produces_2', 'dataset_consumes_unknown_never_scheduled', 'dataset_consumes_1_never_scheduled', 'dataset_consumes_1', 'dataset_produces_1', 'dataset_consumes_1_and_2' retrieved from /home/airflow/.local/lib/python3.8/site-packages/airflow/example_dags/example_datasets.py
[2025-04-17T22:40:42.739+0000] {logging_mixin.py:188} INFO - [2025-04-17T22:40:42.739+0000] {dag.py:3036} INFO - Sync 6 DAGs
[2025-04-17T22:40:42.786+0000] {logging_mixin.py:188} INFO - [2025-04-17T22:40:42.785+0000] {dag.py:3823} INFO - Setting next_dagrun for dataset_consumes_1 to None, run_after=None
[2025-04-17T22:40:42.792+0000] {logging_mixin.py:188} INFO - [2025-04-17T22:40:42.791+0000] {dag.py:3823} INFO - Setting next_dagrun for dataset_consumes_1_and_2 to None, run_after=None
[2025-04-17T22:40:42.794+0000] {logging_mixin.py:188} INFO - [2025-04-17T22:40:42.794+0000] {dag.py:3823} INFO - Setting next_dagrun for dataset_consumes_1_never_scheduled to None, run_after=None
[2025-04-17T22:40:42.797+0000] {logging_mixin.py:188} INFO - [2025-04-17T22:40:42.796+0000] {dag.py:3823} INFO - Setting next_dagrun for dataset_consumes_unknown_never_scheduled to None, run_after=None
[2025-04-17T22:40:42.803+0000] {logging_mixin.py:188} INFO - [2025-04-17T22:40:42.802+0000] {dag.py:3823} INFO - Setting next_dagrun for dataset_produces_1 to 2025-04-16 00:00:00+00:00, run_after=2025-04-17 00:00:00+00:00
[2025-04-17T22:40:42.805+0000] {logging_mixin.py:188} INFO - [2025-04-17T22:40:42.805+0000] {dag.py:3823} INFO - Setting next_dagrun for dataset_produces_2 to None, run_after=None
[2025-04-17T22:40:42.874+0000] {processor.py:183} INFO - Processing /home/airflow/.local/lib/python3.8/site-packages/airflow/example_dags/example_datasets.py took 0.514 seconds
[2025-04-17T22:41:13.279+0000] {processor.py:161} INFO - Started process (PID=130) to work on /home/airflow/.local/lib/python3.8/site-packages/airflow/example_dags/example_datasets.py
[2025-04-17T22:41:13.280+0000] {processor.py:830} INFO - Processing file /home/airflow/.local/lib/python3.8/site-packages/airflow/example_dags/example_datasets.py for tasks to queue
[2025-04-17T22:41:13.283+0000] {logging_mixin.py:188} INFO - [2025-04-17T22:41:13.283+0000] {dagbag.py:538} INFO - Filling up the DagBag from /home/airflow/.local/lib/python3.8/site-packages/airflow/example_dags/example_datasets.py
[2025-04-17T22:41:13.300+0000] {processor.py:840} INFO - DAG(s) 'dataset_consumes_1_never_scheduled', 'dataset_consumes_1_and_2', 'dataset_consumes_1', 'dataset_produces_1', 'dataset_consumes_unknown_never_scheduled', 'dataset_produces_2' retrieved from /home/airflow/.local/lib/python3.8/site-packages/airflow/example_dags/example_datasets.py
[2025-04-17T22:41:13.361+0000] {logging_mixin.py:188} INFO - [2025-04-17T22:41:13.360+0000] {dag.py:3036} INFO - Sync 6 DAGs
[2025-04-17T22:41:13.399+0000] {logging_mixin.py:188} INFO - [2025-04-17T22:41:13.399+0000] {dag.py:3823} INFO - Setting next_dagrun for dataset_consumes_1 to None, run_after=None
[2025-04-17T22:41:13.405+0000] {logging_mixin.py:188} INFO - [2025-04-17T22:41:13.405+0000] {dag.py:3823} INFO - Setting next_dagrun for dataset_consumes_1_and_2 to None, run_after=None
[2025-04-17T22:41:13.408+0000] {logging_mixin.py:188} INFO - [2025-04-17T22:41:13.408+0000] {dag.py:3823} INFO - Setting next_dagrun for dataset_consumes_1_never_scheduled to None, run_after=None
[2025-04-17T22:41:13.411+0000] {logging_mixin.py:188} INFO - [2025-04-17T22:41:13.410+0000] {dag.py:3823} INFO - Setting next_dagrun for dataset_consumes_unknown_never_scheduled to None, run_after=None
[2025-04-17T22:41:13.417+0000] {logging_mixin.py:188} INFO - [2025-04-17T22:41:13.417+0000] {dag.py:3823} INFO - Setting next_dagrun for dataset_produces_1 to 2025-04-16 00:00:00+00:00, run_after=2025-04-17 00:00:00+00:00
[2025-04-17T22:41:13.420+0000] {logging_mixin.py:188} INFO - [2025-04-17T22:41:13.419+0000] {dag.py:3823} INFO - Setting next_dagrun for dataset_produces_2 to None, run_after=None
[2025-04-17T22:41:13.488+0000] {processor.py:183} INFO - Processing /home/airflow/.local/lib/python3.8/site-packages/airflow/example_dags/example_datasets.py took 0.215 seconds
[2025-04-17T22:41:44.247+0000] {processor.py:161} INFO - Started process (PID=186) to work on /home/airflow/.local/lib/python3.8/site-packages/airflow/example_dags/example_datasets.py
[2025-04-17T22:41:44.250+0000] {processor.py:830} INFO - Processing file /home/airflow/.local/lib/python3.8/site-packages/airflow/example_dags/example_datasets.py for tasks to queue
[2025-04-17T22:41:44.254+0000] {logging_mixin.py:188} INFO - [2025-04-17T22:41:44.254+0000] {dagbag.py:538} INFO - Filling up the DagBag from /home/airflow/.local/lib/python3.8/site-packages/airflow/example_dags/example_datasets.py
[2025-04-17T22:41:44.301+0000] {processor.py:840} INFO - DAG(s) 'dataset_produces_1', 'dataset_consumes_1_never_scheduled', 'dataset_consumes_1_and_2', 'dataset_produces_2', 'dataset_consumes_unknown_never_scheduled', 'dataset_consumes_1' retrieved from /home/airflow/.local/lib/python3.8/site-packages/airflow/example_dags/example_datasets.py
[2025-04-17T22:41:44.368+0000] {logging_mixin.py:188} INFO - [2025-04-17T22:41:44.367+0000] {dag.py:3036} INFO - Sync 6 DAGs
[2025-04-17T22:41:44.405+0000] {logging_mixin.py:188} INFO - [2025-04-17T22:41:44.405+0000] {dag.py:3823} INFO - Setting next_dagrun for dataset_consumes_1 to None, run_after=None
[2025-04-17T22:41:44.411+0000] {logging_mixin.py:188} INFO - [2025-04-17T22:41:44.411+0000] {dag.py:3823} INFO - Setting next_dagrun for dataset_consumes_1_and_2 to None, run_after=None
[2025-04-17T22:41:44.416+0000] {logging_mixin.py:188} INFO - [2025-04-17T22:41:44.415+0000] {dag.py:3823} INFO - Setting next_dagrun for dataset_consumes_1_never_scheduled to None, run_after=None
[2025-04-17T22:41:44.420+0000] {logging_mixin.py:188} INFO - [2025-04-17T22:41:44.420+0000] {dag.py:3823} INFO - Setting next_dagrun for dataset_consumes_unknown_never_scheduled to None, run_after=None
[2025-04-17T22:41:44.427+0000] {logging_mixin.py:188} INFO - [2025-04-17T22:41:44.426+0000] {dag.py:3823} INFO - Setting next_dagrun for dataset_produces_1 to 2025-04-16 00:00:00+00:00, run_after=2025-04-17 00:00:00+00:00
[2025-04-17T22:41:44.431+0000] {logging_mixin.py:188} INFO - [2025-04-17T22:41:44.431+0000] {dag.py:3823} INFO - Setting next_dagrun for dataset_produces_2 to None, run_after=None
[2025-04-17T22:41:44.489+0000] {processor.py:183} INFO - Processing /home/airflow/.local/lib/python3.8/site-packages/airflow/example_dags/example_datasets.py took 0.252 seconds
[2025-04-17T22:42:14.724+0000] {processor.py:161} INFO - Started process (PID=241) to work on /home/airflow/.local/lib/python3.8/site-packages/airflow/example_dags/example_datasets.py
[2025-04-17T22:42:14.726+0000] {processor.py:830} INFO - Processing file /home/airflow/.local/lib/python3.8/site-packages/airflow/example_dags/example_datasets.py for tasks to queue
[2025-04-17T22:42:14.729+0000] {logging_mixin.py:188} INFO - [2025-04-17T22:42:14.728+0000] {dagbag.py:538} INFO - Filling up the DagBag from /home/airflow/.local/lib/python3.8/site-packages/airflow/example_dags/example_datasets.py
[2025-04-17T22:42:14.744+0000] {processor.py:840} INFO - DAG(s) 'dataset_consumes_1', 'dataset_consumes_1_never_scheduled', 'dataset_consumes_unknown_never_scheduled', 'dataset_consumes_1_and_2', 'dataset_produces_2', 'dataset_produces_1' retrieved from /home/airflow/.local/lib/python3.8/site-packages/airflow/example_dags/example_datasets.py
[2025-04-17T22:42:14.804+0000] {logging_mixin.py:188} INFO - [2025-04-17T22:42:14.803+0000] {dag.py:3036} INFO - Sync 6 DAGs
[2025-04-17T22:42:14.840+0000] {logging_mixin.py:188} INFO - [2025-04-17T22:42:14.840+0000] {dag.py:3823} INFO - Setting next_dagrun for dataset_consumes_1 to None, run_after=None
[2025-04-17T22:42:14.846+0000] {logging_mixin.py:188} INFO - [2025-04-17T22:42:14.846+0000] {dag.py:3823} INFO - Setting next_dagrun for dataset_consumes_1_and_2 to None, run_after=None
[2025-04-17T22:42:14.848+0000] {logging_mixin.py:188} INFO - [2025-04-17T22:42:14.848+0000] {dag.py:3823} INFO - Setting next_dagrun for dataset_consumes_1_never_scheduled to None, run_after=None
[2025-04-17T22:42:14.853+0000] {logging_mixin.py:188} INFO - [2025-04-17T22:42:14.853+0000] {dag.py:3823} INFO - Setting next_dagrun for dataset_consumes_unknown_never_scheduled to None, run_after=None
[2025-04-17T22:42:14.858+0000] {logging_mixin.py:188} INFO - [2025-04-17T22:42:14.858+0000] {dag.py:3823} INFO - Setting next_dagrun for dataset_produces_1 to 2025-04-16 00:00:00+00:00, run_after=2025-04-17 00:00:00+00:00
[2025-04-17T22:42:14.860+0000] {logging_mixin.py:188} INFO - [2025-04-17T22:42:14.860+0000] {dag.py:3823} INFO - Setting next_dagrun for dataset_produces_2 to None, run_after=None
[2025-04-17T22:42:14.919+0000] {processor.py:183} INFO - Processing /home/airflow/.local/lib/python3.8/site-packages/airflow/example_dags/example_datasets.py took 0.201 seconds
[2025-04-17T22:42:45.182+0000] {processor.py:161} INFO - Started process (PID=296) to work on /home/airflow/.local/lib/python3.8/site-packages/airflow/example_dags/example_datasets.py
[2025-04-17T22:42:45.184+0000] {processor.py:830} INFO - Processing file /home/airflow/.local/lib/python3.8/site-packages/airflow/example_dags/example_datasets.py for tasks to queue
[2025-04-17T22:42:45.187+0000] {logging_mixin.py:188} INFO - [2025-04-17T22:42:45.186+0000] {dagbag.py:538} INFO - Filling up the DagBag from /home/airflow/.local/lib/python3.8/site-packages/airflow/example_dags/example_datasets.py
[2025-04-17T22:42:45.204+0000] {processor.py:840} INFO - DAG(s) 'dataset_consumes_unknown_never_scheduled', 'dataset_consumes_1_never_scheduled', 'dataset_consumes_1', 'dataset_consumes_1_and_2', 'dataset_produces_2', 'dataset_produces_1' retrieved from /home/airflow/.local/lib/python3.8/site-packages/airflow/example_dags/example_datasets.py
[2025-04-17T22:42:45.279+0000] {logging_mixin.py:188} INFO - [2025-04-17T22:42:45.278+0000] {dag.py:3036} INFO - Sync 6 DAGs
[2025-04-17T22:42:45.322+0000] {logging_mixin.py:188} INFO - [2025-04-17T22:42:45.321+0000] {dag.py:3823} INFO - Setting next_dagrun for dataset_consumes_1 to None, run_after=None
[2025-04-17T22:42:45.332+0000] {logging_mixin.py:188} INFO - [2025-04-17T22:42:45.332+0000] {dag.py:3823} INFO - Setting next_dagrun for dataset_consumes_1_and_2 to None, run_after=None
[2025-04-17T22:42:45.334+0000] {logging_mixin.py:188} INFO - [2025-04-17T22:42:45.334+0000] {dag.py:3823} INFO - Setting next_dagrun for dataset_consumes_1_never_scheduled to None, run_after=None
[2025-04-17T22:42:45.337+0000] {logging_mixin.py:188} INFO - [2025-04-17T22:42:45.336+0000] {dag.py:3823} INFO - Setting next_dagrun for dataset_consumes_unknown_never_scheduled to None, run_after=None
[2025-04-17T22:42:45.341+0000] {logging_mixin.py:188} INFO - [2025-04-17T22:42:45.341+0000] {dag.py:3823} INFO - Setting next_dagrun for dataset_produces_1 to 2025-04-16 00:00:00+00:00, run_after=2025-04-17 00:00:00+00:00
[2025-04-17T22:42:45.343+0000] {logging_mixin.py:188} INFO - [2025-04-17T22:42:45.343+0000] {dag.py:3823} INFO - Setting next_dagrun for dataset_produces_2 to None, run_after=None
[2025-04-17T22:42:45.400+0000] {processor.py:183} INFO - Processing /home/airflow/.local/lib/python3.8/site-packages/airflow/example_dags/example_datasets.py took 0.225 seconds
[2025-04-17T22:43:15.617+0000] {processor.py:161} INFO - Started process (PID=351) to work on /home/airflow/.local/lib/python3.8/site-packages/airflow/example_dags/example_datasets.py
[2025-04-17T22:43:15.618+0000] {processor.py:830} INFO - Processing file /home/airflow/.local/lib/python3.8/site-packages/airflow/example_dags/example_datasets.py for tasks to queue
[2025-04-17T22:43:15.622+0000] {logging_mixin.py:188} INFO - [2025-04-17T22:43:15.622+0000] {dagbag.py:538} INFO - Filling up the DagBag from /home/airflow/.local/lib/python3.8/site-packages/airflow/example_dags/example_datasets.py
[2025-04-17T22:43:15.639+0000] {processor.py:840} INFO - DAG(s) 'dataset_produces_2', 'dataset_consumes_1_never_scheduled', 'dataset_consumes_unknown_never_scheduled', 'dataset_produces_1', 'dataset_consumes_1_and_2', 'dataset_consumes_1' retrieved from /home/airflow/.local/lib/python3.8/site-packages/airflow/example_dags/example_datasets.py
[2025-04-17T22:43:15.700+0000] {logging_mixin.py:188} INFO - [2025-04-17T22:43:15.700+0000] {dag.py:3036} INFO - Sync 6 DAGs
[2025-04-17T22:43:15.952+0000] {logging_mixin.py:188} INFO - [2025-04-17T22:43:15.951+0000] {dag.py:3823} INFO - Setting next_dagrun for dataset_consumes_1 to None, run_after=None
[2025-04-17T22:43:15.966+0000] {logging_mixin.py:188} INFO - [2025-04-17T22:43:15.965+0000] {dag.py:3823} INFO - Setting next_dagrun for dataset_consumes_1_and_2 to None, run_after=None
[2025-04-17T22:43:15.969+0000] {logging_mixin.py:188} INFO - [2025-04-17T22:43:15.969+0000] {dag.py:3823} INFO - Setting next_dagrun for dataset_consumes_1_never_scheduled to None, run_after=None
[2025-04-17T22:43:15.973+0000] {logging_mixin.py:188} INFO - [2025-04-17T22:43:15.973+0000] {dag.py:3823} INFO - Setting next_dagrun for dataset_consumes_unknown_never_scheduled to None, run_after=None
[2025-04-17T22:43:15.984+0000] {logging_mixin.py:188} INFO - [2025-04-17T22:43:15.983+0000] {dag.py:3823} INFO - Setting next_dagrun for dataset_produces_1 to 2025-04-16 00:00:00+00:00, run_after=2025-04-17 00:00:00+00:00
[2025-04-17T22:43:15.989+0000] {logging_mixin.py:188} INFO - [2025-04-17T22:43:15.988+0000] {dag.py:3823} INFO - Setting next_dagrun for dataset_produces_2 to None, run_after=None
[2025-04-17T22:43:16.092+0000] {processor.py:183} INFO - Processing /home/airflow/.local/lib/python3.8/site-packages/airflow/example_dags/example_datasets.py took 0.481 seconds
[2025-04-17T22:43:46.209+0000] {processor.py:161} INFO - Started process (PID=407) to work on /home/airflow/.local/lib/python3.8/site-packages/airflow/example_dags/example_datasets.py
[2025-04-17T22:43:46.211+0000] {processor.py:830} INFO - Processing file /home/airflow/.local/lib/python3.8/site-packages/airflow/example_dags/example_datasets.py for tasks to queue
[2025-04-17T22:43:46.214+0000] {logging_mixin.py:188} INFO - [2025-04-17T22:43:46.214+0000] {dagbag.py:538} INFO - Filling up the DagBag from /home/airflow/.local/lib/python3.8/site-packages/airflow/example_dags/example_datasets.py
[2025-04-17T22:43:46.232+0000] {processor.py:840} INFO - DAG(s) 'dataset_produces_2', 'dataset_consumes_unknown_never_scheduled', 'dataset_consumes_1_never_scheduled', 'dataset_produces_1', 'dataset_consumes_1', 'dataset_consumes_1_and_2' retrieved from /home/airflow/.local/lib/python3.8/site-packages/airflow/example_dags/example_datasets.py
[2025-04-17T22:43:46.304+0000] {logging_mixin.py:188} INFO - [2025-04-17T22:43:46.304+0000] {dag.py:3036} INFO - Sync 6 DAGs
[2025-04-17T22:43:46.341+0000] {logging_mixin.py:188} INFO - [2025-04-17T22:43:46.340+0000] {dag.py:3823} INFO - Setting next_dagrun for dataset_consumes_1 to None, run_after=None
[2025-04-17T22:43:46.347+0000] {logging_mixin.py:188} INFO - [2025-04-17T22:43:46.346+0000] {dag.py:3823} INFO - Setting next_dagrun for dataset_consumes_1_and_2 to None, run_after=None
[2025-04-17T22:43:46.349+0000] {logging_mixin.py:188} INFO - [2025-04-17T22:43:46.349+0000] {dag.py:3823} INFO - Setting next_dagrun for dataset_consumes_1_never_scheduled to None, run_after=None
[2025-04-17T22:43:46.351+0000] {logging_mixin.py:188} INFO - [2025-04-17T22:43:46.351+0000] {dag.py:3823} INFO - Setting next_dagrun for dataset_consumes_unknown_never_scheduled to None, run_after=None
[2025-04-17T22:43:46.356+0000] {logging_mixin.py:188} INFO - [2025-04-17T22:43:46.356+0000] {dag.py:3823} INFO - Setting next_dagrun for dataset_produces_1 to 2025-04-16 00:00:00+00:00, run_after=2025-04-17 00:00:00+00:00
[2025-04-17T22:43:46.358+0000] {logging_mixin.py:188} INFO - [2025-04-17T22:43:46.358+0000] {dag.py:3823} INFO - Setting next_dagrun for dataset_produces_2 to None, run_after=None
[2025-04-17T22:43:46.406+0000] {processor.py:183} INFO - Processing /home/airflow/.local/lib/python3.8/site-packages/airflow/example_dags/example_datasets.py took 0.203 seconds
[2025-04-17T22:44:17.110+0000] {processor.py:161} INFO - Started process (PID=461) to work on /home/airflow/.local/lib/python3.8/site-packages/airflow/example_dags/example_datasets.py
[2025-04-17T22:44:17.112+0000] {processor.py:830} INFO - Processing file /home/airflow/.local/lib/python3.8/site-packages/airflow/example_dags/example_datasets.py for tasks to queue
[2025-04-17T22:44:17.116+0000] {logging_mixin.py:188} INFO - [2025-04-17T22:44:17.115+0000] {dagbag.py:538} INFO - Filling up the DagBag from /home/airflow/.local/lib/python3.8/site-packages/airflow/example_dags/example_datasets.py
[2025-04-17T22:44:17.133+0000] {processor.py:840} INFO - DAG(s) 'dataset_produces_2', 'dataset_consumes_unknown_never_scheduled', 'dataset_consumes_1_never_scheduled', 'dataset_produces_1', 'dataset_consumes_1_and_2', 'dataset_consumes_1' retrieved from /home/airflow/.local/lib/python3.8/site-packages/airflow/example_dags/example_datasets.py
[2025-04-17T22:44:17.193+0000] {logging_mixin.py:188} INFO - [2025-04-17T22:44:17.192+0000] {dag.py:3036} INFO - Sync 6 DAGs
[2025-04-17T22:44:17.231+0000] {logging_mixin.py:188} INFO - [2025-04-17T22:44:17.231+0000] {dag.py:3823} INFO - Setting next_dagrun for dataset_consumes_1 to None, run_after=None
[2025-04-17T22:44:17.237+0000] {logging_mixin.py:188} INFO - [2025-04-17T22:44:17.237+0000] {dag.py:3823} INFO - Setting next_dagrun for dataset_consumes_1_and_2 to None, run_after=None
[2025-04-17T22:44:17.240+0000] {logging_mixin.py:188} INFO - [2025-04-17T22:44:17.239+0000] {dag.py:3823} INFO - Setting next_dagrun for dataset_consumes_1_never_scheduled to None, run_after=None
[2025-04-17T22:44:17.242+0000] {logging_mixin.py:188} INFO - [2025-04-17T22:44:17.241+0000] {dag.py:3823} INFO - Setting next_dagrun for dataset_consumes_unknown_never_scheduled to None, run_after=None
[2025-04-17T22:44:17.247+0000] {logging_mixin.py:188} INFO - [2025-04-17T22:44:17.247+0000] {dag.py:3823} INFO - Setting next_dagrun for dataset_produces_1 to 2025-04-16 00:00:00+00:00, run_after=2025-04-17 00:00:00+00:00
[2025-04-17T22:44:17.250+0000] {logging_mixin.py:188} INFO - [2025-04-17T22:44:17.249+0000] {dag.py:3823} INFO - Setting next_dagrun for dataset_produces_2 to None, run_after=None
[2025-04-17T22:44:17.301+0000] {processor.py:183} INFO - Processing /home/airflow/.local/lib/python3.8/site-packages/airflow/example_dags/example_datasets.py took 0.197 seconds
[2025-04-17T22:44:47.888+0000] {processor.py:161} INFO - Started process (PID=516) to work on /home/airflow/.local/lib/python3.8/site-packages/airflow/example_dags/example_datasets.py
[2025-04-17T22:44:47.890+0000] {processor.py:830} INFO - Processing file /home/airflow/.local/lib/python3.8/site-packages/airflow/example_dags/example_datasets.py for tasks to queue
[2025-04-17T22:44:47.893+0000] {logging_mixin.py:188} INFO - [2025-04-17T22:44:47.892+0000] {dagbag.py:538} INFO - Filling up the DagBag from /home/airflow/.local/lib/python3.8/site-packages/airflow/example_dags/example_datasets.py
[2025-04-17T22:44:47.908+0000] {processor.py:840} INFO - DAG(s) 'dataset_consumes_unknown_never_scheduled', 'dataset_consumes_1', 'dataset_produces_2', 'dataset_consumes_1_never_scheduled', 'dataset_consumes_1_and_2', 'dataset_produces_1' retrieved from /home/airflow/.local/lib/python3.8/site-packages/airflow/example_dags/example_datasets.py
[2025-04-17T22:44:47.972+0000] {logging_mixin.py:188} INFO - [2025-04-17T22:44:47.971+0000] {dag.py:3036} INFO - Sync 6 DAGs
[2025-04-17T22:44:48.006+0000] {logging_mixin.py:188} INFO - [2025-04-17T22:44:48.006+0000] {dag.py:3823} INFO - Setting next_dagrun for dataset_consumes_1 to None, run_after=None
[2025-04-17T22:44:48.015+0000] {logging_mixin.py:188} INFO - [2025-04-17T22:44:48.015+0000] {dag.py:3823} INFO - Setting next_dagrun for dataset_consumes_1_and_2 to None, run_after=None
[2025-04-17T22:44:48.017+0000] {logging_mixin.py:188} INFO - [2025-04-17T22:44:48.017+0000] {dag.py:3823} INFO - Setting next_dagrun for dataset_consumes_1_never_scheduled to None, run_after=None
[2025-04-17T22:44:48.020+0000] {logging_mixin.py:188} INFO - [2025-04-17T22:44:48.020+0000] {dag.py:3823} INFO - Setting next_dagrun for dataset_consumes_unknown_never_scheduled to None, run_after=None
[2025-04-17T22:44:48.026+0000] {logging_mixin.py:188} INFO - [2025-04-17T22:44:48.026+0000] {dag.py:3823} INFO - Setting next_dagrun for dataset_produces_1 to 2025-04-16 00:00:00+00:00, run_after=2025-04-17 00:00:00+00:00
[2025-04-17T22:44:48.028+0000] {logging_mixin.py:188} INFO - [2025-04-17T22:44:48.028+0000] {dag.py:3823} INFO - Setting next_dagrun for dataset_produces_2 to None, run_after=None
[2025-04-17T22:44:48.082+0000] {processor.py:183} INFO - Processing /home/airflow/.local/lib/python3.8/site-packages/airflow/example_dags/example_datasets.py took 0.199 seconds
[2025-04-17T22:45:18.603+0000] {processor.py:161} INFO - Started process (PID=571) to work on /home/airflow/.local/lib/python3.8/site-packages/airflow/example_dags/example_datasets.py
[2025-04-17T22:45:18.604+0000] {processor.py:830} INFO - Processing file /home/airflow/.local/lib/python3.8/site-packages/airflow/example_dags/example_datasets.py for tasks to queue
[2025-04-17T22:45:18.607+0000] {logging_mixin.py:188} INFO - [2025-04-17T22:45:18.607+0000] {dagbag.py:538} INFO - Filling up the DagBag from /home/airflow/.local/lib/python3.8/site-packages/airflow/example_dags/example_datasets.py
[2025-04-17T22:45:18.625+0000] {processor.py:840} INFO - DAG(s) 'dataset_consumes_1_and_2', 'dataset_consumes_1', 'dataset_produces_2', 'dataset_consumes_unknown_never_scheduled', 'dataset_produces_1', 'dataset_consumes_1_never_scheduled' retrieved from /home/airflow/.local/lib/python3.8/site-packages/airflow/example_dags/example_datasets.py
[2025-04-17T22:45:18.682+0000] {logging_mixin.py:188} INFO - [2025-04-17T22:45:18.681+0000] {dag.py:3036} INFO - Sync 6 DAGs
[2025-04-17T22:45:18.718+0000] {logging_mixin.py:188} INFO - [2025-04-17T22:45:18.718+0000] {dag.py:3823} INFO - Setting next_dagrun for dataset_consumes_1 to None, run_after=None
[2025-04-17T22:45:18.724+0000] {logging_mixin.py:188} INFO - [2025-04-17T22:45:18.723+0000] {dag.py:3823} INFO - Setting next_dagrun for dataset_consumes_1_and_2 to None, run_after=None
[2025-04-17T22:45:18.729+0000] {logging_mixin.py:188} INFO - [2025-04-17T22:45:18.729+0000] {dag.py:3823} INFO - Setting next_dagrun for dataset_consumes_1_never_scheduled to None, run_after=None
[2025-04-17T22:45:18.731+0000] {logging_mixin.py:188} INFO - [2025-04-17T22:45:18.731+0000] {dag.py:3823} INFO - Setting next_dagrun for dataset_consumes_unknown_never_scheduled to None, run_after=None
[2025-04-17T22:45:18.736+0000] {logging_mixin.py:188} INFO - [2025-04-17T22:45:18.736+0000] {dag.py:3823} INFO - Setting next_dagrun for dataset_produces_1 to 2025-04-16 00:00:00+00:00, run_after=2025-04-17 00:00:00+00:00
[2025-04-17T22:45:18.739+0000] {logging_mixin.py:188} INFO - [2025-04-17T22:45:18.738+0000] {dag.py:3823} INFO - Setting next_dagrun for dataset_produces_2 to None, run_after=None
[2025-04-17T22:45:18.792+0000] {processor.py:183} INFO - Processing /home/airflow/.local/lib/python3.8/site-packages/airflow/example_dags/example_datasets.py took 0.195 seconds
[2025-04-17T22:45:49.132+0000] {processor.py:161} INFO - Started process (PID=626) to work on /home/airflow/.local/lib/python3.8/site-packages/airflow/example_dags/example_datasets.py
[2025-04-17T22:45:49.134+0000] {processor.py:830} INFO - Processing file /home/airflow/.local/lib/python3.8/site-packages/airflow/example_dags/example_datasets.py for tasks to queue
[2025-04-17T22:45:49.136+0000] {logging_mixin.py:188} INFO - [2025-04-17T22:45:49.136+0000] {dagbag.py:538} INFO - Filling up the DagBag from /home/airflow/.local/lib/python3.8/site-packages/airflow/example_dags/example_datasets.py
[2025-04-17T22:45:49.152+0000] {processor.py:840} INFO - DAG(s) 'dataset_consumes_1_never_scheduled', 'dataset_produces_2', 'dataset_consumes_unknown_never_scheduled', 'dataset_consumes_1_and_2', 'dataset_produces_1', 'dataset_consumes_1' retrieved from /home/airflow/.local/lib/python3.8/site-packages/airflow/example_dags/example_datasets.py
[2025-04-17T22:45:49.207+0000] {logging_mixin.py:188} INFO - [2025-04-17T22:45:49.207+0000] {dag.py:3036} INFO - Sync 6 DAGs
[2025-04-17T22:45:49.243+0000] {logging_mixin.py:188} INFO - [2025-04-17T22:45:49.243+0000] {dag.py:3823} INFO - Setting next_dagrun for dataset_consumes_1 to None, run_after=None
[2025-04-17T22:45:49.249+0000] {logging_mixin.py:188} INFO - [2025-04-17T22:45:49.248+0000] {dag.py:3823} INFO - Setting next_dagrun for dataset_consumes_1_and_2 to None, run_after=None
[2025-04-17T22:45:49.251+0000] {logging_mixin.py:188} INFO - [2025-04-17T22:45:49.251+0000] {dag.py:3823} INFO - Setting next_dagrun for dataset_consumes_1_never_scheduled to None, run_after=None
[2025-04-17T22:45:49.254+0000] {logging_mixin.py:188} INFO - [2025-04-17T22:45:49.254+0000] {dag.py:3823} INFO - Setting next_dagrun for dataset_consumes_unknown_never_scheduled to None, run_after=None
[2025-04-17T22:45:49.259+0000] {logging_mixin.py:188} INFO - [2025-04-17T22:45:49.258+0000] {dag.py:3823} INFO - Setting next_dagrun for dataset_produces_1 to 2025-04-16 00:00:00+00:00, run_after=2025-04-17 00:00:00+00:00
[2025-04-17T22:45:49.261+0000] {logging_mixin.py:188} INFO - [2025-04-17T22:45:49.261+0000] {dag.py:3823} INFO - Setting next_dagrun for dataset_produces_2 to None, run_after=None
[2025-04-17T22:45:49.312+0000] {processor.py:183} INFO - Processing /home/airflow/.local/lib/python3.8/site-packages/airflow/example_dags/example_datasets.py took 0.185 seconds
[2025-04-17T22:46:19.535+0000] {processor.py:161} INFO - Started process (PID=681) to work on /home/airflow/.local/lib/python3.8/site-packages/airflow/example_dags/example_datasets.py
[2025-04-17T22:46:19.536+0000] {processor.py:830} INFO - Processing file /home/airflow/.local/lib/python3.8/site-packages/airflow/example_dags/example_datasets.py for tasks to queue
[2025-04-17T22:46:19.540+0000] {logging_mixin.py:188} INFO - [2025-04-17T22:46:19.539+0000] {dagbag.py:538} INFO - Filling up the DagBag from /home/airflow/.local/lib/python3.8/site-packages/airflow/example_dags/example_datasets.py
[2025-04-17T22:46:19.559+0000] {processor.py:840} INFO - DAG(s) 'dataset_consumes_1_never_scheduled', 'dataset_consumes_1_and_2', 'dataset_consumes_unknown_never_scheduled', 'dataset_produces_1', 'dataset_consumes_1', 'dataset_produces_2' retrieved from /home/airflow/.local/lib/python3.8/site-packages/airflow/example_dags/example_datasets.py
[2025-04-17T22:46:19.633+0000] {logging_mixin.py:188} INFO - [2025-04-17T22:46:19.633+0000] {dag.py:3036} INFO - Sync 6 DAGs
[2025-04-17T22:46:19.668+0000] {logging_mixin.py:188} INFO - [2025-04-17T22:46:19.667+0000] {dag.py:3823} INFO - Setting next_dagrun for dataset_consumes_1 to None, run_after=None
[2025-04-17T22:46:19.673+0000] {logging_mixin.py:188} INFO - [2025-04-17T22:46:19.673+0000] {dag.py:3823} INFO - Setting next_dagrun for dataset_consumes_1_and_2 to None, run_after=None
[2025-04-17T22:46:19.675+0000] {logging_mixin.py:188} INFO - [2025-04-17T22:46:19.675+0000] {dag.py:3823} INFO - Setting next_dagrun for dataset_consumes_1_never_scheduled to None, run_after=None
[2025-04-17T22:46:19.677+0000] {logging_mixin.py:188} INFO - [2025-04-17T22:46:19.677+0000] {dag.py:3823} INFO - Setting next_dagrun for dataset_consumes_unknown_never_scheduled to None, run_after=None
[2025-04-17T22:46:19.682+0000] {logging_mixin.py:188} INFO - [2025-04-17T22:46:19.682+0000] {dag.py:3823} INFO - Setting next_dagrun for dataset_produces_1 to 2025-04-16 00:00:00+00:00, run_after=2025-04-17 00:00:00+00:00
[2025-04-17T22:46:19.685+0000] {logging_mixin.py:188} INFO - [2025-04-17T22:46:19.684+0000] {dag.py:3823} INFO - Setting next_dagrun for dataset_produces_2 to None, run_after=None
[2025-04-17T22:46:19.734+0000] {processor.py:183} INFO - Processing /home/airflow/.local/lib/python3.8/site-packages/airflow/example_dags/example_datasets.py took 0.205 seconds
[2025-04-17T22:46:50.211+0000] {processor.py:161} INFO - Started process (PID=736) to work on /home/airflow/.local/lib/python3.8/site-packages/airflow/example_dags/example_datasets.py
[2025-04-17T22:46:50.213+0000] {processor.py:830} INFO - Processing file /home/airflow/.local/lib/python3.8/site-packages/airflow/example_dags/example_datasets.py for tasks to queue
[2025-04-17T22:46:50.216+0000] {logging_mixin.py:188} INFO - [2025-04-17T22:46:50.215+0000] {dagbag.py:538} INFO - Filling up the DagBag from /home/airflow/.local/lib/python3.8/site-packages/airflow/example_dags/example_datasets.py
[2025-04-17T22:46:50.233+0000] {processor.py:840} INFO - DAG(s) 'dataset_consumes_1_never_scheduled', 'dataset_consumes_1_and_2', 'dataset_produces_2', 'dataset_produces_1', 'dataset_consumes_unknown_never_scheduled', 'dataset_consumes_1' retrieved from /home/airflow/.local/lib/python3.8/site-packages/airflow/example_dags/example_datasets.py
[2025-04-17T22:46:50.299+0000] {logging_mixin.py:188} INFO - [2025-04-17T22:46:50.299+0000] {dag.py:3036} INFO - Sync 6 DAGs
[2025-04-17T22:46:50.345+0000] {logging_mixin.py:188} INFO - [2025-04-17T22:46:50.344+0000] {dag.py:3823} INFO - Setting next_dagrun for dataset_consumes_1 to None, run_after=None
[2025-04-17T22:46:50.352+0000] {logging_mixin.py:188} INFO - [2025-04-17T22:46:50.352+0000] {dag.py:3823} INFO - Setting next_dagrun for dataset_consumes_1_and_2 to None, run_after=None
[2025-04-17T22:46:50.354+0000] {logging_mixin.py:188} INFO - [2025-04-17T22:46:50.354+0000] {dag.py:3823} INFO - Setting next_dagrun for dataset_consumes_1_never_scheduled to None, run_after=None
[2025-04-17T22:46:50.357+0000] {logging_mixin.py:188} INFO - [2025-04-17T22:46:50.357+0000] {dag.py:3823} INFO - Setting next_dagrun for dataset_consumes_unknown_never_scheduled to None, run_after=None
[2025-04-17T22:46:50.362+0000] {logging_mixin.py:188} INFO - [2025-04-17T22:46:50.361+0000] {dag.py:3823} INFO - Setting next_dagrun for dataset_produces_1 to 2025-04-16 00:00:00+00:00, run_after=2025-04-17 00:00:00+00:00
[2025-04-17T22:46:50.364+0000] {logging_mixin.py:188} INFO - [2025-04-17T22:46:50.364+0000] {dag.py:3823} INFO - Setting next_dagrun for dataset_produces_2 to None, run_after=None
[2025-04-17T22:46:50.416+0000] {processor.py:183} INFO - Processing /home/airflow/.local/lib/python3.8/site-packages/airflow/example_dags/example_datasets.py took 0.210 seconds
[2025-04-17T22:47:20.492+0000] {processor.py:161} INFO - Started process (PID=791) to work on /home/airflow/.local/lib/python3.8/site-packages/airflow/example_dags/example_datasets.py
[2025-04-17T22:47:20.494+0000] {processor.py:830} INFO - Processing file /home/airflow/.local/lib/python3.8/site-packages/airflow/example_dags/example_datasets.py for tasks to queue
[2025-04-17T22:47:20.497+0000] {logging_mixin.py:188} INFO - [2025-04-17T22:47:20.497+0000] {dagbag.py:538} INFO - Filling up the DagBag from /home/airflow/.local/lib/python3.8/site-packages/airflow/example_dags/example_datasets.py
[2025-04-17T22:47:20.517+0000] {processor.py:840} INFO - DAG(s) 'dataset_produces_1', 'dataset_produces_2', 'dataset_consumes_1_never_scheduled', 'dataset_consumes_1', 'dataset_consumes_unknown_never_scheduled', 'dataset_consumes_1_and_2' retrieved from /home/airflow/.local/lib/python3.8/site-packages/airflow/example_dags/example_datasets.py
[2025-04-17T22:47:20.590+0000] {logging_mixin.py:188} INFO - [2025-04-17T22:47:20.590+0000] {dag.py:3036} INFO - Sync 6 DAGs
[2025-04-17T22:47:20.631+0000] {logging_mixin.py:188} INFO - [2025-04-17T22:47:20.630+0000] {dag.py:3823} INFO - Setting next_dagrun for dataset_consumes_1 to None, run_after=None
[2025-04-17T22:47:20.638+0000] {logging_mixin.py:188} INFO - [2025-04-17T22:47:20.638+0000] {dag.py:3823} INFO - Setting next_dagrun for dataset_consumes_1_and_2 to None, run_after=None
[2025-04-17T22:47:20.642+0000] {logging_mixin.py:188} INFO - [2025-04-17T22:47:20.641+0000] {dag.py:3823} INFO - Setting next_dagrun for dataset_consumes_1_never_scheduled to None, run_after=None
[2025-04-17T22:47:20.646+0000] {logging_mixin.py:188} INFO - [2025-04-17T22:47:20.645+0000] {dag.py:3823} INFO - Setting next_dagrun for dataset_consumes_unknown_never_scheduled to None, run_after=None
[2025-04-17T22:47:20.652+0000] {logging_mixin.py:188} INFO - [2025-04-17T22:47:20.652+0000] {dag.py:3823} INFO - Setting next_dagrun for dataset_produces_1 to 2025-04-16 00:00:00+00:00, run_after=2025-04-17 00:00:00+00:00
[2025-04-17T22:47:20.657+0000] {logging_mixin.py:188} INFO - [2025-04-17T22:47:20.656+0000] {dag.py:3823} INFO - Setting next_dagrun for dataset_produces_2 to None, run_after=None
[2025-04-17T22:47:20.770+0000] {processor.py:183} INFO - Processing /home/airflow/.local/lib/python3.8/site-packages/airflow/example_dags/example_datasets.py took 0.285 seconds
[2025-04-17T22:47:51.026+0000] {processor.py:161} INFO - Started process (PID=846) to work on /home/airflow/.local/lib/python3.8/site-packages/airflow/example_dags/example_datasets.py
[2025-04-17T22:47:51.028+0000] {processor.py:830} INFO - Processing file /home/airflow/.local/lib/python3.8/site-packages/airflow/example_dags/example_datasets.py for tasks to queue
[2025-04-17T22:47:51.032+0000] {logging_mixin.py:188} INFO - [2025-04-17T22:47:51.031+0000] {dagbag.py:538} INFO - Filling up the DagBag from /home/airflow/.local/lib/python3.8/site-packages/airflow/example_dags/example_datasets.py
[2025-04-17T22:47:51.049+0000] {processor.py:840} INFO - DAG(s) 'dataset_consumes_unknown_never_scheduled', 'dataset_consumes_1', 'dataset_consumes_1_never_scheduled', 'dataset_produces_1', 'dataset_consumes_1_and_2', 'dataset_produces_2' retrieved from /home/airflow/.local/lib/python3.8/site-packages/airflow/example_dags/example_datasets.py
[2025-04-17T22:47:51.076+0000] {logging_mixin.py:188} INFO - [2025-04-17T22:47:51.075+0000] {dag.py:3036} INFO - Sync 6 DAGs
[2025-04-17T22:47:51.114+0000] {logging_mixin.py:188} INFO - [2025-04-17T22:47:51.114+0000] {dag.py:3823} INFO - Setting next_dagrun for dataset_consumes_1 to None, run_after=None
[2025-04-17T22:47:51.120+0000] {logging_mixin.py:188} INFO - [2025-04-17T22:47:51.119+0000] {dag.py:3823} INFO - Setting next_dagrun for dataset_consumes_1_and_2 to None, run_after=None
[2025-04-17T22:47:51.122+0000] {logging_mixin.py:188} INFO - [2025-04-17T22:47:51.122+0000] {dag.py:3823} INFO - Setting next_dagrun for dataset_consumes_1_never_scheduled to None, run_after=None
[2025-04-17T22:47:51.124+0000] {logging_mixin.py:188} INFO - [2025-04-17T22:47:51.124+0000] {dag.py:3823} INFO - Setting next_dagrun for dataset_consumes_unknown_never_scheduled to None, run_after=None
[2025-04-17T22:47:51.129+0000] {logging_mixin.py:188} INFO - [2025-04-17T22:47:51.129+0000] {dag.py:3823} INFO - Setting next_dagrun for dataset_produces_1 to 2025-04-16 00:00:00+00:00, run_after=2025-04-17 00:00:00+00:00
[2025-04-17T22:47:51.132+0000] {logging_mixin.py:188} INFO - [2025-04-17T22:47:51.132+0000] {dag.py:3823} INFO - Setting next_dagrun for dataset_produces_2 to None, run_after=None
[2025-04-17T22:47:51.191+0000] {processor.py:183} INFO - Processing /home/airflow/.local/lib/python3.8/site-packages/airflow/example_dags/example_datasets.py took 0.170 seconds
[2025-04-17T22:48:21.664+0000] {processor.py:161} INFO - Started process (PID=901) to work on /home/airflow/.local/lib/python3.8/site-packages/airflow/example_dags/example_datasets.py
[2025-04-17T22:48:21.665+0000] {processor.py:830} INFO - Processing file /home/airflow/.local/lib/python3.8/site-packages/airflow/example_dags/example_datasets.py for tasks to queue
[2025-04-17T22:48:21.668+0000] {logging_mixin.py:188} INFO - [2025-04-17T22:48:21.668+0000] {dagbag.py:538} INFO - Filling up the DagBag from /home/airflow/.local/lib/python3.8/site-packages/airflow/example_dags/example_datasets.py
[2025-04-17T22:48:21.684+0000] {processor.py:840} INFO - DAG(s) 'dataset_produces_1', 'dataset_consumes_1', 'dataset_consumes_unknown_never_scheduled', 'dataset_consumes_1_never_scheduled', 'dataset_produces_2', 'dataset_consumes_1_and_2' retrieved from /home/airflow/.local/lib/python3.8/site-packages/airflow/example_dags/example_datasets.py
[2025-04-17T22:48:21.942+0000] {logging_mixin.py:188} INFO - [2025-04-17T22:48:21.941+0000] {dag.py:3036} INFO - Sync 6 DAGs
[2025-04-17T22:48:21.976+0000] {logging_mixin.py:188} INFO - [2025-04-17T22:48:21.976+0000] {dag.py:3823} INFO - Setting next_dagrun for dataset_consumes_1 to None, run_after=None
[2025-04-17T22:48:21.981+0000] {logging_mixin.py:188} INFO - [2025-04-17T22:48:21.981+0000] {dag.py:3823} INFO - Setting next_dagrun for dataset_consumes_1_and_2 to None, run_after=None
[2025-04-17T22:48:21.983+0000] {logging_mixin.py:188} INFO - [2025-04-17T22:48:21.983+0000] {dag.py:3823} INFO - Setting next_dagrun for dataset_consumes_1_never_scheduled to None, run_after=None
[2025-04-17T22:48:21.985+0000] {logging_mixin.py:188} INFO - [2025-04-17T22:48:21.985+0000] {dag.py:3823} INFO - Setting next_dagrun for dataset_consumes_unknown_never_scheduled to None, run_after=None
[2025-04-17T22:48:21.990+0000] {logging_mixin.py:188} INFO - [2025-04-17T22:48:21.989+0000] {dag.py:3823} INFO - Setting next_dagrun for dataset_produces_1 to 2025-04-16 00:00:00+00:00, run_after=2025-04-17 00:00:00+00:00
[2025-04-17T22:48:21.992+0000] {logging_mixin.py:188} INFO - [2025-04-17T22:48:21.991+0000] {dag.py:3823} INFO - Setting next_dagrun for dataset_produces_2 to None, run_after=None
[2025-04-17T22:48:22.042+0000] {processor.py:183} INFO - Processing /home/airflow/.local/lib/python3.8/site-packages/airflow/example_dags/example_datasets.py took 0.384 seconds
[2025-04-17T22:48:52.221+0000] {processor.py:161} INFO - Started process (PID=957) to work on /home/airflow/.local/lib/python3.8/site-packages/airflow/example_dags/example_datasets.py
[2025-04-17T22:48:52.223+0000] {processor.py:830} INFO - Processing file /home/airflow/.local/lib/python3.8/site-packages/airflow/example_dags/example_datasets.py for tasks to queue
[2025-04-17T22:48:52.226+0000] {logging_mixin.py:188} INFO - [2025-04-17T22:48:52.225+0000] {dagbag.py:538} INFO - Filling up the DagBag from /home/airflow/.local/lib/python3.8/site-packages/airflow/example_dags/example_datasets.py
[2025-04-17T22:48:52.240+0000] {processor.py:840} INFO - DAG(s) 'dataset_consumes_1_never_scheduled', 'dataset_consumes_1_and_2', 'dataset_produces_1', 'dataset_consumes_1', 'dataset_produces_2', 'dataset_consumes_unknown_never_scheduled' retrieved from /home/airflow/.local/lib/python3.8/site-packages/airflow/example_dags/example_datasets.py
[2025-04-17T22:48:52.297+0000] {logging_mixin.py:188} INFO - [2025-04-17T22:48:52.296+0000] {dag.py:3036} INFO - Sync 6 DAGs
[2025-04-17T22:48:52.332+0000] {logging_mixin.py:188} INFO - [2025-04-17T22:48:52.331+0000] {dag.py:3823} INFO - Setting next_dagrun for dataset_consumes_1 to None, run_after=None
[2025-04-17T22:48:52.339+0000] {logging_mixin.py:188} INFO - [2025-04-17T22:48:52.338+0000] {dag.py:3823} INFO - Setting next_dagrun for dataset_consumes_1_and_2 to None, run_after=None
[2025-04-17T22:48:52.341+0000] {logging_mixin.py:188} INFO - [2025-04-17T22:48:52.341+0000] {dag.py:3823} INFO - Setting next_dagrun for dataset_consumes_1_never_scheduled to None, run_after=None
[2025-04-17T22:48:52.343+0000] {logging_mixin.py:188} INFO - [2025-04-17T22:48:52.343+0000] {dag.py:3823} INFO - Setting next_dagrun for dataset_consumes_unknown_never_scheduled to None, run_after=None
[2025-04-17T22:48:52.348+0000] {logging_mixin.py:188} INFO - [2025-04-17T22:48:52.348+0000] {dag.py:3823} INFO - Setting next_dagrun for dataset_produces_1 to 2025-04-16 00:00:00+00:00, run_after=2025-04-17 00:00:00+00:00
[2025-04-17T22:48:52.350+0000] {logging_mixin.py:188} INFO - [2025-04-17T22:48:52.350+0000] {dag.py:3823} INFO - Setting next_dagrun for dataset_produces_2 to None, run_after=None
[2025-04-17T22:48:52.397+0000] {processor.py:183} INFO - Processing /home/airflow/.local/lib/python3.8/site-packages/airflow/example_dags/example_datasets.py took 0.181 seconds
[2025-04-17T22:49:23.102+0000] {processor.py:161} INFO - Started process (PID=1011) to work on /home/airflow/.local/lib/python3.8/site-packages/airflow/example_dags/example_datasets.py
[2025-04-17T22:49:23.103+0000] {processor.py:830} INFO - Processing file /home/airflow/.local/lib/python3.8/site-packages/airflow/example_dags/example_datasets.py for tasks to queue
[2025-04-17T22:49:23.108+0000] {logging_mixin.py:188} INFO - [2025-04-17T22:49:23.107+0000] {dagbag.py:538} INFO - Filling up the DagBag from /home/airflow/.local/lib/python3.8/site-packages/airflow/example_dags/example_datasets.py
[2025-04-17T22:49:23.134+0000] {processor.py:840} INFO - DAG(s) 'dataset_consumes_1_and_2', 'dataset_produces_2', 'dataset_consumes_unknown_never_scheduled', 'dataset_consumes_1_never_scheduled', 'dataset_produces_1', 'dataset_consumes_1' retrieved from /home/airflow/.local/lib/python3.8/site-packages/airflow/example_dags/example_datasets.py
[2025-04-17T22:49:23.211+0000] {logging_mixin.py:188} INFO - [2025-04-17T22:49:23.210+0000] {dag.py:3036} INFO - Sync 6 DAGs
[2025-04-17T22:49:23.256+0000] {logging_mixin.py:188} INFO - [2025-04-17T22:49:23.256+0000] {dag.py:3823} INFO - Setting next_dagrun for dataset_consumes_1 to None, run_after=None
[2025-04-17T22:49:23.262+0000] {logging_mixin.py:188} INFO - [2025-04-17T22:49:23.262+0000] {dag.py:3823} INFO - Setting next_dagrun for dataset_consumes_1_and_2 to None, run_after=None
[2025-04-17T22:49:23.264+0000] {logging_mixin.py:188} INFO - [2025-04-17T22:49:23.264+0000] {dag.py:3823} INFO - Setting next_dagrun for dataset_consumes_1_never_scheduled to None, run_after=None
[2025-04-17T22:49:23.267+0000] {logging_mixin.py:188} INFO - [2025-04-17T22:49:23.266+0000] {dag.py:3823} INFO - Setting next_dagrun for dataset_consumes_unknown_never_scheduled to None, run_after=None
[2025-04-17T22:49:23.272+0000] {logging_mixin.py:188} INFO - [2025-04-17T22:49:23.272+0000] {dag.py:3823} INFO - Setting next_dagrun for dataset_produces_1 to 2025-04-16 00:00:00+00:00, run_after=2025-04-17 00:00:00+00:00
[2025-04-17T22:49:23.274+0000] {logging_mixin.py:188} INFO - [2025-04-17T22:49:23.274+0000] {dag.py:3823} INFO - Setting next_dagrun for dataset_produces_2 to None, run_after=None
[2025-04-17T22:49:23.330+0000] {processor.py:183} INFO - Processing /home/airflow/.local/lib/python3.8/site-packages/airflow/example_dags/example_datasets.py took 0.236 seconds
[2025-04-17T22:49:53.444+0000] {processor.py:161} INFO - Started process (PID=1066) to work on /home/airflow/.local/lib/python3.8/site-packages/airflow/example_dags/example_datasets.py
[2025-04-17T22:49:53.446+0000] {processor.py:830} INFO - Processing file /home/airflow/.local/lib/python3.8/site-packages/airflow/example_dags/example_datasets.py for tasks to queue
[2025-04-17T22:49:53.449+0000] {logging_mixin.py:188} INFO - [2025-04-17T22:49:53.448+0000] {dagbag.py:538} INFO - Filling up the DagBag from /home/airflow/.local/lib/python3.8/site-packages/airflow/example_dags/example_datasets.py
[2025-04-17T22:49:53.464+0000] {processor.py:840} INFO - DAG(s) 'dataset_produces_2', 'dataset_consumes_unknown_never_scheduled', 'dataset_consumes_1_and_2', 'dataset_produces_1', 'dataset_consumes_1', 'dataset_consumes_1_never_scheduled' retrieved from /home/airflow/.local/lib/python3.8/site-packages/airflow/example_dags/example_datasets.py
[2025-04-17T22:49:53.521+0000] {logging_mixin.py:188} INFO - [2025-04-17T22:49:53.520+0000] {dag.py:3036} INFO - Sync 6 DAGs
[2025-04-17T22:49:53.560+0000] {logging_mixin.py:188} INFO - [2025-04-17T22:49:53.559+0000] {dag.py:3823} INFO - Setting next_dagrun for dataset_consumes_1 to None, run_after=None
[2025-04-17T22:49:53.565+0000] {logging_mixin.py:188} INFO - [2025-04-17T22:49:53.565+0000] {dag.py:3823} INFO - Setting next_dagrun for dataset_consumes_1_and_2 to None, run_after=None
[2025-04-17T22:49:53.567+0000] {logging_mixin.py:188} INFO - [2025-04-17T22:49:53.567+0000] {dag.py:3823} INFO - Setting next_dagrun for dataset_consumes_1_never_scheduled to None, run_after=None
[2025-04-17T22:49:53.569+0000] {logging_mixin.py:188} INFO - [2025-04-17T22:49:53.569+0000] {dag.py:3823} INFO - Setting next_dagrun for dataset_consumes_unknown_never_scheduled to None, run_after=None
[2025-04-17T22:49:53.574+0000] {logging_mixin.py:188} INFO - [2025-04-17T22:49:53.574+0000] {dag.py:3823} INFO - Setting next_dagrun for dataset_produces_1 to 2025-04-16 00:00:00+00:00, run_after=2025-04-17 00:00:00+00:00
[2025-04-17T22:49:53.576+0000] {logging_mixin.py:188} INFO - [2025-04-17T22:49:53.576+0000] {dag.py:3823} INFO - Setting next_dagrun for dataset_produces_2 to None, run_after=None
[2025-04-17T22:49:53.663+0000] {processor.py:183} INFO - Processing /home/airflow/.local/lib/python3.8/site-packages/airflow/example_dags/example_datasets.py took 0.224 seconds
[2025-04-17T22:50:24.126+0000] {processor.py:161} INFO - Started process (PID=1121) to work on /home/airflow/.local/lib/python3.8/site-packages/airflow/example_dags/example_datasets.py
[2025-04-17T22:50:24.128+0000] {processor.py:830} INFO - Processing file /home/airflow/.local/lib/python3.8/site-packages/airflow/example_dags/example_datasets.py for tasks to queue
[2025-04-17T22:50:24.131+0000] {logging_mixin.py:188} INFO - [2025-04-17T22:50:24.130+0000] {dagbag.py:538} INFO - Filling up the DagBag from /home/airflow/.local/lib/python3.8/site-packages/airflow/example_dags/example_datasets.py
[2025-04-17T22:50:24.148+0000] {processor.py:840} INFO - DAG(s) 'dataset_consumes_1', 'dataset_produces_1', 'dataset_produces_2', 'dataset_consumes_1_never_scheduled', 'dataset_consumes_unknown_never_scheduled', 'dataset_consumes_1_and_2' retrieved from /home/airflow/.local/lib/python3.8/site-packages/airflow/example_dags/example_datasets.py
[2025-04-17T22:50:24.206+0000] {logging_mixin.py:188} INFO - [2025-04-17T22:50:24.206+0000] {dag.py:3036} INFO - Sync 6 DAGs
[2025-04-17T22:50:24.243+0000] {logging_mixin.py:188} INFO - [2025-04-17T22:50:24.243+0000] {dag.py:3823} INFO - Setting next_dagrun for dataset_consumes_1 to None, run_after=None
[2025-04-17T22:50:24.249+0000] {logging_mixin.py:188} INFO - [2025-04-17T22:50:24.249+0000] {dag.py:3823} INFO - Setting next_dagrun for dataset_consumes_1_and_2 to None, run_after=None
[2025-04-17T22:50:24.251+0000] {logging_mixin.py:188} INFO - [2025-04-17T22:50:24.251+0000] {dag.py:3823} INFO - Setting next_dagrun for dataset_consumes_1_never_scheduled to None, run_after=None
[2025-04-17T22:50:24.254+0000] {logging_mixin.py:188} INFO - [2025-04-17T22:50:24.253+0000] {dag.py:3823} INFO - Setting next_dagrun for dataset_consumes_unknown_never_scheduled to None, run_after=None
[2025-04-17T22:50:24.258+0000] {logging_mixin.py:188} INFO - [2025-04-17T22:50:24.258+0000] {dag.py:3823} INFO - Setting next_dagrun for dataset_produces_1 to 2025-04-16 00:00:00+00:00, run_after=2025-04-17 00:00:00+00:00
[2025-04-17T22:50:24.261+0000] {logging_mixin.py:188} INFO - [2025-04-17T22:50:24.260+0000] {dag.py:3823} INFO - Setting next_dagrun for dataset_produces_2 to None, run_after=None
[2025-04-17T22:50:24.324+0000] {processor.py:183} INFO - Processing /home/airflow/.local/lib/python3.8/site-packages/airflow/example_dags/example_datasets.py took 0.203 seconds
[2025-04-17T22:50:54.972+0000] {processor.py:161} INFO - Started process (PID=1176) to work on /home/airflow/.local/lib/python3.8/site-packages/airflow/example_dags/example_datasets.py
[2025-04-17T22:50:54.973+0000] {processor.py:830} INFO - Processing file /home/airflow/.local/lib/python3.8/site-packages/airflow/example_dags/example_datasets.py for tasks to queue
[2025-04-17T22:50:54.976+0000] {logging_mixin.py:188} INFO - [2025-04-17T22:50:54.976+0000] {dagbag.py:538} INFO - Filling up the DagBag from /home/airflow/.local/lib/python3.8/site-packages/airflow/example_dags/example_datasets.py
[2025-04-17T22:50:54.991+0000] {processor.py:840} INFO - DAG(s) 'dataset_consumes_1', 'dataset_produces_2', 'dataset_consumes_1_never_scheduled', 'dataset_produces_1', 'dataset_consumes_unknown_never_scheduled', 'dataset_consumes_1_and_2' retrieved from /home/airflow/.local/lib/python3.8/site-packages/airflow/example_dags/example_datasets.py
[2025-04-17T22:50:55.049+0000] {logging_mixin.py:188} INFO - [2025-04-17T22:50:55.049+0000] {dag.py:3036} INFO - Sync 6 DAGs
[2025-04-17T22:50:55.084+0000] {logging_mixin.py:188} INFO - [2025-04-17T22:50:55.083+0000] {dag.py:3823} INFO - Setting next_dagrun for dataset_consumes_1 to None, run_after=None
[2025-04-17T22:50:55.089+0000] {logging_mixin.py:188} INFO - [2025-04-17T22:50:55.088+0000] {dag.py:3823} INFO - Setting next_dagrun for dataset_consumes_1_and_2 to None, run_after=None
[2025-04-17T22:50:55.091+0000] {logging_mixin.py:188} INFO - [2025-04-17T22:50:55.090+0000] {dag.py:3823} INFO - Setting next_dagrun for dataset_consumes_1_never_scheduled to None, run_after=None
[2025-04-17T22:50:55.093+0000] {logging_mixin.py:188} INFO - [2025-04-17T22:50:55.093+0000] {dag.py:3823} INFO - Setting next_dagrun for dataset_consumes_unknown_never_scheduled to None, run_after=None
[2025-04-17T22:50:55.097+0000] {logging_mixin.py:188} INFO - [2025-04-17T22:50:55.097+0000] {dag.py:3823} INFO - Setting next_dagrun for dataset_produces_1 to 2025-04-16 00:00:00+00:00, run_after=2025-04-17 00:00:00+00:00
[2025-04-17T22:50:55.099+0000] {logging_mixin.py:188} INFO - [2025-04-17T22:50:55.099+0000] {dag.py:3823} INFO - Setting next_dagrun for dataset_produces_2 to None, run_after=None
[2025-04-17T22:50:55.149+0000] {processor.py:183} INFO - Processing /home/airflow/.local/lib/python3.8/site-packages/airflow/example_dags/example_datasets.py took 0.183 seconds
[2025-04-17T22:51:25.186+0000] {processor.py:161} INFO - Started process (PID=1232) to work on /home/airflow/.local/lib/python3.8/site-packages/airflow/example_dags/example_datasets.py
[2025-04-17T22:51:25.188+0000] {processor.py:830} INFO - Processing file /home/airflow/.local/lib/python3.8/site-packages/airflow/example_dags/example_datasets.py for tasks to queue
[2025-04-17T22:51:25.191+0000] {logging_mixin.py:188} INFO - [2025-04-17T22:51:25.190+0000] {dagbag.py:538} INFO - Filling up the DagBag from /home/airflow/.local/lib/python3.8/site-packages/airflow/example_dags/example_datasets.py
[2025-04-17T22:51:25.206+0000] {processor.py:840} INFO - DAG(s) 'dataset_produces_2', 'dataset_consumes_1', 'dataset_consumes_1_never_scheduled', 'dataset_consumes_unknown_never_scheduled', 'dataset_produces_1', 'dataset_consumes_1_and_2' retrieved from /home/airflow/.local/lib/python3.8/site-packages/airflow/example_dags/example_datasets.py
[2025-04-17T22:51:25.268+0000] {logging_mixin.py:188} INFO - [2025-04-17T22:51:25.268+0000] {dag.py:3036} INFO - Sync 6 DAGs
[2025-04-17T22:51:25.309+0000] {logging_mixin.py:188} INFO - [2025-04-17T22:51:25.309+0000] {dag.py:3823} INFO - Setting next_dagrun for dataset_consumes_1 to None, run_after=None
[2025-04-17T22:51:25.315+0000] {logging_mixin.py:188} INFO - [2025-04-17T22:51:25.315+0000] {dag.py:3823} INFO - Setting next_dagrun for dataset_consumes_1_and_2 to None, run_after=None
[2025-04-17T22:51:25.318+0000] {logging_mixin.py:188} INFO - [2025-04-17T22:51:25.318+0000] {dag.py:3823} INFO - Setting next_dagrun for dataset_consumes_1_never_scheduled to None, run_after=None
[2025-04-17T22:51:25.320+0000] {logging_mixin.py:188} INFO - [2025-04-17T22:51:25.320+0000] {dag.py:3823} INFO - Setting next_dagrun for dataset_consumes_unknown_never_scheduled to None, run_after=None
[2025-04-17T22:51:25.326+0000] {logging_mixin.py:188} INFO - [2025-04-17T22:51:25.326+0000] {dag.py:3823} INFO - Setting next_dagrun for dataset_produces_1 to 2025-04-16 00:00:00+00:00, run_after=2025-04-17 00:00:00+00:00
[2025-04-17T22:51:25.329+0000] {logging_mixin.py:188} INFO - [2025-04-17T22:51:25.329+0000] {dag.py:3823} INFO - Setting next_dagrun for dataset_produces_2 to None, run_after=None
[2025-04-17T22:51:25.383+0000] {processor.py:183} INFO - Processing /home/airflow/.local/lib/python3.8/site-packages/airflow/example_dags/example_datasets.py took 0.204 seconds
[2025-04-17T22:51:55.916+0000] {processor.py:161} INFO - Started process (PID=1286) to work on /home/airflow/.local/lib/python3.8/site-packages/airflow/example_dags/example_datasets.py
[2025-04-17T22:51:55.918+0000] {processor.py:830} INFO - Processing file /home/airflow/.local/lib/python3.8/site-packages/airflow/example_dags/example_datasets.py for tasks to queue
[2025-04-17T22:51:55.921+0000] {logging_mixin.py:188} INFO - [2025-04-17T22:51:55.921+0000] {dagbag.py:538} INFO - Filling up the DagBag from /home/airflow/.local/lib/python3.8/site-packages/airflow/example_dags/example_datasets.py
[2025-04-17T22:51:55.936+0000] {processor.py:840} INFO - DAG(s) 'dataset_consumes_1_never_scheduled', 'dataset_produces_2', 'dataset_produces_1', 'dataset_consumes_1_and_2', 'dataset_consumes_unknown_never_scheduled', 'dataset_consumes_1' retrieved from /home/airflow/.local/lib/python3.8/site-packages/airflow/example_dags/example_datasets.py
[2025-04-17T22:51:55.992+0000] {logging_mixin.py:188} INFO - [2025-04-17T22:51:55.992+0000] {dag.py:3036} INFO - Sync 6 DAGs
[2025-04-17T22:51:56.027+0000] {logging_mixin.py:188} INFO - [2025-04-17T22:51:56.026+0000] {dag.py:3823} INFO - Setting next_dagrun for dataset_consumes_1 to None, run_after=None
[2025-04-17T22:51:56.032+0000] {logging_mixin.py:188} INFO - [2025-04-17T22:51:56.032+0000] {dag.py:3823} INFO - Setting next_dagrun for dataset_consumes_1_and_2 to None, run_after=None
[2025-04-17T22:51:56.034+0000] {logging_mixin.py:188} INFO - [2025-04-17T22:51:56.033+0000] {dag.py:3823} INFO - Setting next_dagrun for dataset_consumes_1_never_scheduled to None, run_after=None
[2025-04-17T22:51:56.037+0000] {logging_mixin.py:188} INFO - [2025-04-17T22:51:56.037+0000] {dag.py:3823} INFO - Setting next_dagrun for dataset_consumes_unknown_never_scheduled to None, run_after=None
[2025-04-17T22:51:56.042+0000] {logging_mixin.py:188} INFO - [2025-04-17T22:51:56.041+0000] {dag.py:3823} INFO - Setting next_dagrun for dataset_produces_1 to 2025-04-16 00:00:00+00:00, run_after=2025-04-17 00:00:00+00:00
[2025-04-17T22:51:56.044+0000] {logging_mixin.py:188} INFO - [2025-04-17T22:51:56.044+0000] {dag.py:3823} INFO - Setting next_dagrun for dataset_produces_2 to None, run_after=None
[2025-04-17T22:51:56.094+0000] {processor.py:183} INFO - Processing /home/airflow/.local/lib/python3.8/site-packages/airflow/example_dags/example_datasets.py took 0.183 seconds
[2025-04-17T22:52:27.167+0000] {processor.py:161} INFO - Started process (PID=1341) to work on /home/airflow/.local/lib/python3.8/site-packages/airflow/example_dags/example_datasets.py
[2025-04-17T22:52:27.169+0000] {processor.py:830} INFO - Processing file /home/airflow/.local/lib/python3.8/site-packages/airflow/example_dags/example_datasets.py for tasks to queue
[2025-04-17T22:52:27.178+0000] {logging_mixin.py:188} INFO - [2025-04-17T22:52:27.177+0000] {dagbag.py:538} INFO - Filling up the DagBag from /home/airflow/.local/lib/python3.8/site-packages/airflow/example_dags/example_datasets.py
[2025-04-17T22:52:27.222+0000] {processor.py:840} INFO - DAG(s) 'dataset_consumes_1', 'dataset_produces_1', 'dataset_consumes_1_never_scheduled', 'dataset_produces_2', 'dataset_consumes_1_and_2', 'dataset_consumes_unknown_never_scheduled' retrieved from /home/airflow/.local/lib/python3.8/site-packages/airflow/example_dags/example_datasets.py
[2025-04-17T22:52:27.317+0000] {logging_mixin.py:188} INFO - [2025-04-17T22:52:27.316+0000] {dag.py:3036} INFO - Sync 6 DAGs
[2025-04-17T22:52:27.368+0000] {logging_mixin.py:188} INFO - [2025-04-17T22:52:27.367+0000] {dag.py:3823} INFO - Setting next_dagrun for dataset_consumes_1 to None, run_after=None
[2025-04-17T22:52:27.384+0000] {logging_mixin.py:188} INFO - [2025-04-17T22:52:27.384+0000] {dag.py:3823} INFO - Setting next_dagrun for dataset_consumes_1_and_2 to None, run_after=None
[2025-04-17T22:52:27.388+0000] {logging_mixin.py:188} INFO - [2025-04-17T22:52:27.388+0000] {dag.py:3823} INFO - Setting next_dagrun for dataset_consumes_1_never_scheduled to None, run_after=None
[2025-04-17T22:52:27.392+0000] {logging_mixin.py:188} INFO - [2025-04-17T22:52:27.392+0000] {dag.py:3823} INFO - Setting next_dagrun for dataset_consumes_unknown_never_scheduled to None, run_after=None
[2025-04-17T22:52:27.400+0000] {logging_mixin.py:188} INFO - [2025-04-17T22:52:27.399+0000] {dag.py:3823} INFO - Setting next_dagrun for dataset_produces_1 to 2025-04-16 00:00:00+00:00, run_after=2025-04-17 00:00:00+00:00
[2025-04-17T22:52:27.404+0000] {logging_mixin.py:188} INFO - [2025-04-17T22:52:27.404+0000] {dag.py:3823} INFO - Setting next_dagrun for dataset_produces_2 to None, run_after=None
[2025-04-17T22:52:27.481+0000] {processor.py:183} INFO - Processing /home/airflow/.local/lib/python3.8/site-packages/airflow/example_dags/example_datasets.py took 0.331 seconds
[2025-04-17T22:52:57.856+0000] {processor.py:161} INFO - Started process (PID=1396) to work on /home/airflow/.local/lib/python3.8/site-packages/airflow/example_dags/example_datasets.py
[2025-04-17T22:52:57.858+0000] {processor.py:830} INFO - Processing file /home/airflow/.local/lib/python3.8/site-packages/airflow/example_dags/example_datasets.py for tasks to queue
[2025-04-17T22:52:57.862+0000] {logging_mixin.py:188} INFO - [2025-04-17T22:52:57.861+0000] {dagbag.py:538} INFO - Filling up the DagBag from /home/airflow/.local/lib/python3.8/site-packages/airflow/example_dags/example_datasets.py
[2025-04-17T22:52:57.883+0000] {processor.py:840} INFO - DAG(s) 'dataset_produces_1', 'dataset_consumes_1_and_2', 'dataset_consumes_1_never_scheduled', 'dataset_consumes_unknown_never_scheduled', 'dataset_consumes_1', 'dataset_produces_2' retrieved from /home/airflow/.local/lib/python3.8/site-packages/airflow/example_dags/example_datasets.py
[2025-04-17T22:52:57.957+0000] {logging_mixin.py:188} INFO - [2025-04-17T22:52:57.957+0000] {dag.py:3036} INFO - Sync 6 DAGs
[2025-04-17T22:52:58.000+0000] {logging_mixin.py:188} INFO - [2025-04-17T22:52:58.000+0000] {dag.py:3823} INFO - Setting next_dagrun for dataset_consumes_1 to None, run_after=None
[2025-04-17T22:52:58.008+0000] {logging_mixin.py:188} INFO - [2025-04-17T22:52:58.008+0000] {dag.py:3823} INFO - Setting next_dagrun for dataset_consumes_1_and_2 to None, run_after=None
[2025-04-17T22:52:58.010+0000] {logging_mixin.py:188} INFO - [2025-04-17T22:52:58.010+0000] {dag.py:3823} INFO - Setting next_dagrun for dataset_consumes_1_never_scheduled to None, run_after=None
[2025-04-17T22:52:58.013+0000] {logging_mixin.py:188} INFO - [2025-04-17T22:52:58.012+0000] {dag.py:3823} INFO - Setting next_dagrun for dataset_consumes_unknown_never_scheduled to None, run_after=None
[2025-04-17T22:52:58.022+0000] {logging_mixin.py:188} INFO - [2025-04-17T22:52:58.022+0000] {dag.py:3823} INFO - Setting next_dagrun for dataset_produces_1 to 2025-04-16 00:00:00+00:00, run_after=2025-04-17 00:00:00+00:00
[2025-04-17T22:52:58.026+0000] {logging_mixin.py:188} INFO - [2025-04-17T22:52:58.025+0000] {dag.py:3823} INFO - Setting next_dagrun for dataset_produces_2 to None, run_after=None
[2025-04-17T22:52:58.091+0000] {processor.py:183} INFO - Processing /home/airflow/.local/lib/python3.8/site-packages/airflow/example_dags/example_datasets.py took 0.242 seconds
[2025-04-17T22:53:28.244+0000] {processor.py:161} INFO - Started process (PID=1452) to work on /home/airflow/.local/lib/python3.8/site-packages/airflow/example_dags/example_datasets.py
[2025-04-17T22:53:28.246+0000] {processor.py:830} INFO - Processing file /home/airflow/.local/lib/python3.8/site-packages/airflow/example_dags/example_datasets.py for tasks to queue
[2025-04-17T22:53:28.249+0000] {logging_mixin.py:188} INFO - [2025-04-17T22:53:28.249+0000] {dagbag.py:538} INFO - Filling up the DagBag from /home/airflow/.local/lib/python3.8/site-packages/airflow/example_dags/example_datasets.py
[2025-04-17T22:53:28.265+0000] {processor.py:840} INFO - DAG(s) 'dataset_produces_1', 'dataset_consumes_1_never_scheduled', 'dataset_consumes_1_and_2', 'dataset_consumes_1', 'dataset_consumes_unknown_never_scheduled', 'dataset_produces_2' retrieved from /home/airflow/.local/lib/python3.8/site-packages/airflow/example_dags/example_datasets.py
[2025-04-17T22:53:28.320+0000] {logging_mixin.py:188} INFO - [2025-04-17T22:53:28.320+0000] {dag.py:3036} INFO - Sync 6 DAGs
[2025-04-17T22:53:28.355+0000] {logging_mixin.py:188} INFO - [2025-04-17T22:53:28.354+0000] {dag.py:3823} INFO - Setting next_dagrun for dataset_consumes_1 to None, run_after=None
[2025-04-17T22:53:28.360+0000] {logging_mixin.py:188} INFO - [2025-04-17T22:53:28.360+0000] {dag.py:3823} INFO - Setting next_dagrun for dataset_consumes_1_and_2 to None, run_after=None
[2025-04-17T22:53:28.362+0000] {logging_mixin.py:188} INFO - [2025-04-17T22:53:28.362+0000] {dag.py:3823} INFO - Setting next_dagrun for dataset_consumes_1_never_scheduled to None, run_after=None
[2025-04-17T22:53:28.365+0000] {logging_mixin.py:188} INFO - [2025-04-17T22:53:28.365+0000] {dag.py:3823} INFO - Setting next_dagrun for dataset_consumes_unknown_never_scheduled to None, run_after=None
[2025-04-17T22:53:28.370+0000] {logging_mixin.py:188} INFO - [2025-04-17T22:53:28.369+0000] {dag.py:3823} INFO - Setting next_dagrun for dataset_produces_1 to 2025-04-16 00:00:00+00:00, run_after=2025-04-17 00:00:00+00:00
[2025-04-17T22:53:28.372+0000] {logging_mixin.py:188} INFO - [2025-04-17T22:53:28.371+0000] {dag.py:3823} INFO - Setting next_dagrun for dataset_produces_2 to None, run_after=None
[2025-04-17T22:53:28.419+0000] {processor.py:183} INFO - Processing /home/airflow/.local/lib/python3.8/site-packages/airflow/example_dags/example_datasets.py took 0.180 seconds
[2025-04-17T22:53:58.514+0000] {processor.py:161} INFO - Started process (PID=1507) to work on /home/airflow/.local/lib/python3.8/site-packages/airflow/example_dags/example_datasets.py
[2025-04-17T22:53:58.515+0000] {processor.py:830} INFO - Processing file /home/airflow/.local/lib/python3.8/site-packages/airflow/example_dags/example_datasets.py for tasks to queue
[2025-04-17T22:53:58.518+0000] {logging_mixin.py:188} INFO - [2025-04-17T22:53:58.518+0000] {dagbag.py:538} INFO - Filling up the DagBag from /home/airflow/.local/lib/python3.8/site-packages/airflow/example_dags/example_datasets.py
[2025-04-17T22:53:58.533+0000] {processor.py:840} INFO - DAG(s) 'dataset_produces_2', 'dataset_consumes_1_never_scheduled', 'dataset_consumes_1', 'dataset_consumes_unknown_never_scheduled', 'dataset_consumes_1_and_2', 'dataset_produces_1' retrieved from /home/airflow/.local/lib/python3.8/site-packages/airflow/example_dags/example_datasets.py
[2025-04-17T22:53:58.589+0000] {logging_mixin.py:188} INFO - [2025-04-17T22:53:58.589+0000] {dag.py:3036} INFO - Sync 6 DAGs
[2025-04-17T22:53:58.623+0000] {logging_mixin.py:188} INFO - [2025-04-17T22:53:58.623+0000] {dag.py:3823} INFO - Setting next_dagrun for dataset_consumes_1 to None, run_after=None
[2025-04-17T22:53:58.628+0000] {logging_mixin.py:188} INFO - [2025-04-17T22:53:58.628+0000] {dag.py:3823} INFO - Setting next_dagrun for dataset_consumes_1_and_2 to None, run_after=None
[2025-04-17T22:53:58.630+0000] {logging_mixin.py:188} INFO - [2025-04-17T22:53:58.630+0000] {dag.py:3823} INFO - Setting next_dagrun for dataset_consumes_1_never_scheduled to None, run_after=None
[2025-04-17T22:53:58.633+0000] {logging_mixin.py:188} INFO - [2025-04-17T22:53:58.632+0000] {dag.py:3823} INFO - Setting next_dagrun for dataset_consumes_unknown_never_scheduled to None, run_after=None
[2025-04-17T22:53:58.637+0000] {logging_mixin.py:188} INFO - [2025-04-17T22:53:58.637+0000] {dag.py:3823} INFO - Setting next_dagrun for dataset_produces_1 to 2025-04-16 00:00:00+00:00, run_after=2025-04-17 00:00:00+00:00
[2025-04-17T22:53:58.639+0000] {logging_mixin.py:188} INFO - [2025-04-17T22:53:58.639+0000] {dag.py:3823} INFO - Setting next_dagrun for dataset_produces_2 to None, run_after=None
[2025-04-17T22:53:58.688+0000] {processor.py:183} INFO - Processing /home/airflow/.local/lib/python3.8/site-packages/airflow/example_dags/example_datasets.py took 0.180 seconds
