[2025-04-17T22:40:50.853+0000] {processor.py:161} INFO - Started process (PID=111) to work on /home/airflow/.local/lib/python3.8/site-packages/airflow/example_dags/example_trigger_target_dag.py
[2025-04-17T22:40:50.855+0000] {processor.py:830} INFO - Processing file /home/airflow/.local/lib/python3.8/site-packages/airflow/example_dags/example_trigger_target_dag.py for tasks to queue
[2025-04-17T22:40:50.858+0000] {logging_mixin.py:188} INFO - [2025-04-17T22:40:50.858+0000] {dagbag.py:538} INFO - Filling up the DagBag from /home/airflow/.local/lib/python3.8/site-packages/airflow/example_dags/example_trigger_target_dag.py
[2025-04-17T22:40:50.869+0000] {processor.py:840} INFO - DAG(s) 'example_trigger_target_dag' retrieved from /home/airflow/.local/lib/python3.8/site-packages/airflow/example_dags/example_trigger_target_dag.py
[2025-04-17T22:40:51.071+0000] {logging_mixin.py:188} INFO - [2025-04-17T22:40:51.071+0000] {dag.py:3036} INFO - Sync 1 DAGs
[2025-04-17T22:40:51.095+0000] {logging_mixin.py:188} INFO - [2025-04-17T22:40:51.094+0000] {dag.py:3823} INFO - Setting next_dagrun for example_trigger_target_dag to None, run_after=None
[2025-04-17T22:40:51.133+0000] {processor.py:183} INFO - Processing /home/airflow/.local/lib/python3.8/site-packages/airflow/example_dags/example_trigger_target_dag.py took 0.286 seconds
[2025-04-17T22:41:21.936+0000] {processor.py:161} INFO - Started process (PID=166) to work on /home/airflow/.local/lib/python3.8/site-packages/airflow/example_dags/example_trigger_target_dag.py
[2025-04-17T22:41:21.937+0000] {processor.py:830} INFO - Processing file /home/airflow/.local/lib/python3.8/site-packages/airflow/example_dags/example_trigger_target_dag.py for tasks to queue
[2025-04-17T22:41:21.940+0000] {logging_mixin.py:188} INFO - [2025-04-17T22:41:21.940+0000] {dagbag.py:538} INFO - Filling up the DagBag from /home/airflow/.local/lib/python3.8/site-packages/airflow/example_dags/example_trigger_target_dag.py
[2025-04-17T22:41:21.950+0000] {processor.py:840} INFO - DAG(s) 'example_trigger_target_dag' retrieved from /home/airflow/.local/lib/python3.8/site-packages/airflow/example_dags/example_trigger_target_dag.py
[2025-04-17T22:41:21.984+0000] {logging_mixin.py:188} INFO - [2025-04-17T22:41:21.983+0000] {dag.py:3036} INFO - Sync 1 DAGs
[2025-04-17T22:41:22.002+0000] {logging_mixin.py:188} INFO - [2025-04-17T22:41:22.002+0000] {dag.py:3823} INFO - Setting next_dagrun for example_trigger_target_dag to None, run_after=None
[2025-04-17T22:41:22.031+0000] {processor.py:183} INFO - Processing /home/airflow/.local/lib/python3.8/site-packages/airflow/example_dags/example_trigger_target_dag.py took 0.102 seconds
[2025-04-17T22:41:52.537+0000] {processor.py:161} INFO - Started process (PID=222) to work on /home/airflow/.local/lib/python3.8/site-packages/airflow/example_dags/example_trigger_target_dag.py
[2025-04-17T22:41:52.538+0000] {processor.py:830} INFO - Processing file /home/airflow/.local/lib/python3.8/site-packages/airflow/example_dags/example_trigger_target_dag.py for tasks to queue
[2025-04-17T22:41:52.541+0000] {logging_mixin.py:188} INFO - [2025-04-17T22:41:52.541+0000] {dagbag.py:538} INFO - Filling up the DagBag from /home/airflow/.local/lib/python3.8/site-packages/airflow/example_dags/example_trigger_target_dag.py
[2025-04-17T22:41:52.553+0000] {processor.py:840} INFO - DAG(s) 'example_trigger_target_dag' retrieved from /home/airflow/.local/lib/python3.8/site-packages/airflow/example_dags/example_trigger_target_dag.py
[2025-04-17T22:41:52.594+0000] {logging_mixin.py:188} INFO - [2025-04-17T22:41:52.593+0000] {dag.py:3036} INFO - Sync 1 DAGs
[2025-04-17T22:41:52.617+0000] {logging_mixin.py:188} INFO - [2025-04-17T22:41:52.617+0000] {dag.py:3823} INFO - Setting next_dagrun for example_trigger_target_dag to None, run_after=None
[2025-04-17T22:41:52.650+0000] {processor.py:183} INFO - Processing /home/airflow/.local/lib/python3.8/site-packages/airflow/example_dags/example_trigger_target_dag.py took 0.119 seconds
[2025-04-17T22:42:22.992+0000] {processor.py:161} INFO - Started process (PID=276) to work on /home/airflow/.local/lib/python3.8/site-packages/airflow/example_dags/example_trigger_target_dag.py
[2025-04-17T22:42:22.997+0000] {processor.py:830} INFO - Processing file /home/airflow/.local/lib/python3.8/site-packages/airflow/example_dags/example_trigger_target_dag.py for tasks to queue
[2025-04-17T22:42:23.000+0000] {logging_mixin.py:188} INFO - [2025-04-17T22:42:23.000+0000] {dagbag.py:538} INFO - Filling up the DagBag from /home/airflow/.local/lib/python3.8/site-packages/airflow/example_dags/example_trigger_target_dag.py
[2025-04-17T22:42:23.009+0000] {processor.py:840} INFO - DAG(s) 'example_trigger_target_dag' retrieved from /home/airflow/.local/lib/python3.8/site-packages/airflow/example_dags/example_trigger_target_dag.py
[2025-04-17T22:42:23.047+0000] {logging_mixin.py:188} INFO - [2025-04-17T22:42:23.046+0000] {dag.py:3036} INFO - Sync 1 DAGs
[2025-04-17T22:42:23.066+0000] {logging_mixin.py:188} INFO - [2025-04-17T22:42:23.066+0000] {dag.py:3823} INFO - Setting next_dagrun for example_trigger_target_dag to None, run_after=None
[2025-04-17T22:42:23.101+0000] {processor.py:183} INFO - Processing /home/airflow/.local/lib/python3.8/site-packages/airflow/example_dags/example_trigger_target_dag.py took 0.114 seconds
[2025-04-17T22:42:53.483+0000] {processor.py:161} INFO - Started process (PID=331) to work on /home/airflow/.local/lib/python3.8/site-packages/airflow/example_dags/example_trigger_target_dag.py
[2025-04-17T22:42:53.485+0000] {processor.py:830} INFO - Processing file /home/airflow/.local/lib/python3.8/site-packages/airflow/example_dags/example_trigger_target_dag.py for tasks to queue
[2025-04-17T22:42:53.488+0000] {logging_mixin.py:188} INFO - [2025-04-17T22:42:53.487+0000] {dagbag.py:538} INFO - Filling up the DagBag from /home/airflow/.local/lib/python3.8/site-packages/airflow/example_dags/example_trigger_target_dag.py
[2025-04-17T22:42:53.498+0000] {processor.py:840} INFO - DAG(s) 'example_trigger_target_dag' retrieved from /home/airflow/.local/lib/python3.8/site-packages/airflow/example_dags/example_trigger_target_dag.py
[2025-04-17T22:42:53.538+0000] {logging_mixin.py:188} INFO - [2025-04-17T22:42:53.538+0000] {dag.py:3036} INFO - Sync 1 DAGs
[2025-04-17T22:42:53.560+0000] {logging_mixin.py:188} INFO - [2025-04-17T22:42:53.560+0000] {dag.py:3823} INFO - Setting next_dagrun for example_trigger_target_dag to None, run_after=None
[2025-04-17T22:42:53.592+0000] {processor.py:183} INFO - Processing /home/airflow/.local/lib/python3.8/site-packages/airflow/example_dags/example_trigger_target_dag.py took 0.117 seconds
[2025-04-17T22:43:24.061+0000] {processor.py:161} INFO - Started process (PID=386) to work on /home/airflow/.local/lib/python3.8/site-packages/airflow/example_dags/example_trigger_target_dag.py
[2025-04-17T22:43:24.064+0000] {processor.py:830} INFO - Processing file /home/airflow/.local/lib/python3.8/site-packages/airflow/example_dags/example_trigger_target_dag.py for tasks to queue
[2025-04-17T22:43:24.070+0000] {logging_mixin.py:188} INFO - [2025-04-17T22:43:24.070+0000] {dagbag.py:538} INFO - Filling up the DagBag from /home/airflow/.local/lib/python3.8/site-packages/airflow/example_dags/example_trigger_target_dag.py
[2025-04-17T22:43:24.080+0000] {processor.py:840} INFO - DAG(s) 'example_trigger_target_dag' retrieved from /home/airflow/.local/lib/python3.8/site-packages/airflow/example_dags/example_trigger_target_dag.py
[2025-04-17T22:43:24.116+0000] {logging_mixin.py:188} INFO - [2025-04-17T22:43:24.116+0000] {dag.py:3036} INFO - Sync 1 DAGs
[2025-04-17T22:43:24.136+0000] {logging_mixin.py:188} INFO - [2025-04-17T22:43:24.135+0000] {dag.py:3823} INFO - Setting next_dagrun for example_trigger_target_dag to None, run_after=None
[2025-04-17T22:43:24.170+0000] {processor.py:183} INFO - Processing /home/airflow/.local/lib/python3.8/site-packages/airflow/example_dags/example_trigger_target_dag.py took 0.114 seconds
[2025-04-17T22:43:54.697+0000] {processor.py:161} INFO - Started process (PID=441) to work on /home/airflow/.local/lib/python3.8/site-packages/airflow/example_dags/example_trigger_target_dag.py
[2025-04-17T22:43:54.699+0000] {processor.py:830} INFO - Processing file /home/airflow/.local/lib/python3.8/site-packages/airflow/example_dags/example_trigger_target_dag.py for tasks to queue
[2025-04-17T22:43:54.703+0000] {logging_mixin.py:188} INFO - [2025-04-17T22:43:54.702+0000] {dagbag.py:538} INFO - Filling up the DagBag from /home/airflow/.local/lib/python3.8/site-packages/airflow/example_dags/example_trigger_target_dag.py
[2025-04-17T22:43:54.714+0000] {processor.py:840} INFO - DAG(s) 'example_trigger_target_dag' retrieved from /home/airflow/.local/lib/python3.8/site-packages/airflow/example_dags/example_trigger_target_dag.py
[2025-04-17T22:43:54.757+0000] {logging_mixin.py:188} INFO - [2025-04-17T22:43:54.757+0000] {dag.py:3036} INFO - Sync 1 DAGs
[2025-04-17T22:43:54.780+0000] {logging_mixin.py:188} INFO - [2025-04-17T22:43:54.780+0000] {dag.py:3823} INFO - Setting next_dagrun for example_trigger_target_dag to None, run_after=None
[2025-04-17T22:43:54.814+0000] {processor.py:183} INFO - Processing /home/airflow/.local/lib/python3.8/site-packages/airflow/example_dags/example_trigger_target_dag.py took 0.122 seconds
[2025-04-17T22:44:25.757+0000] {processor.py:161} INFO - Started process (PID=497) to work on /home/airflow/.local/lib/python3.8/site-packages/airflow/example_dags/example_trigger_target_dag.py
[2025-04-17T22:44:25.761+0000] {processor.py:830} INFO - Processing file /home/airflow/.local/lib/python3.8/site-packages/airflow/example_dags/example_trigger_target_dag.py for tasks to queue
[2025-04-17T22:44:25.765+0000] {logging_mixin.py:188} INFO - [2025-04-17T22:44:25.765+0000] {dagbag.py:538} INFO - Filling up the DagBag from /home/airflow/.local/lib/python3.8/site-packages/airflow/example_dags/example_trigger_target_dag.py
[2025-04-17T22:44:25.780+0000] {processor.py:840} INFO - DAG(s) 'example_trigger_target_dag' retrieved from /home/airflow/.local/lib/python3.8/site-packages/airflow/example_dags/example_trigger_target_dag.py
[2025-04-17T22:44:25.836+0000] {logging_mixin.py:188} INFO - [2025-04-17T22:44:25.836+0000] {dag.py:3036} INFO - Sync 1 DAGs
[2025-04-17T22:44:25.857+0000] {logging_mixin.py:188} INFO - [2025-04-17T22:44:25.856+0000] {dag.py:3823} INFO - Setting next_dagrun for example_trigger_target_dag to None, run_after=None
[2025-04-17T22:44:25.887+0000] {processor.py:183} INFO - Processing /home/airflow/.local/lib/python3.8/site-packages/airflow/example_dags/example_trigger_target_dag.py took 0.139 seconds
[2025-04-17T22:44:55.937+0000] {processor.py:161} INFO - Started process (PID=551) to work on /home/airflow/.local/lib/python3.8/site-packages/airflow/example_dags/example_trigger_target_dag.py
[2025-04-17T22:44:55.939+0000] {processor.py:830} INFO - Processing file /home/airflow/.local/lib/python3.8/site-packages/airflow/example_dags/example_trigger_target_dag.py for tasks to queue
[2025-04-17T22:44:55.941+0000] {logging_mixin.py:188} INFO - [2025-04-17T22:44:55.941+0000] {dagbag.py:538} INFO - Filling up the DagBag from /home/airflow/.local/lib/python3.8/site-packages/airflow/example_dags/example_trigger_target_dag.py
[2025-04-17T22:44:55.951+0000] {processor.py:840} INFO - DAG(s) 'example_trigger_target_dag' retrieved from /home/airflow/.local/lib/python3.8/site-packages/airflow/example_dags/example_trigger_target_dag.py
[2025-04-17T22:44:55.982+0000] {logging_mixin.py:188} INFO - [2025-04-17T22:44:55.982+0000] {dag.py:3036} INFO - Sync 1 DAGs
[2025-04-17T22:44:56.001+0000] {logging_mixin.py:188} INFO - [2025-04-17T22:44:56.001+0000] {dag.py:3823} INFO - Setting next_dagrun for example_trigger_target_dag to None, run_after=None
[2025-04-17T22:44:56.031+0000] {processor.py:183} INFO - Processing /home/airflow/.local/lib/python3.8/site-packages/airflow/example_dags/example_trigger_target_dag.py took 0.099 seconds
[2025-04-17T22:45:26.490+0000] {processor.py:161} INFO - Started process (PID=606) to work on /home/airflow/.local/lib/python3.8/site-packages/airflow/example_dags/example_trigger_target_dag.py
[2025-04-17T22:45:26.491+0000] {processor.py:830} INFO - Processing file /home/airflow/.local/lib/python3.8/site-packages/airflow/example_dags/example_trigger_target_dag.py for tasks to queue
[2025-04-17T22:45:26.495+0000] {logging_mixin.py:188} INFO - [2025-04-17T22:45:26.494+0000] {dagbag.py:538} INFO - Filling up the DagBag from /home/airflow/.local/lib/python3.8/site-packages/airflow/example_dags/example_trigger_target_dag.py
[2025-04-17T22:45:26.504+0000] {processor.py:840} INFO - DAG(s) 'example_trigger_target_dag' retrieved from /home/airflow/.local/lib/python3.8/site-packages/airflow/example_dags/example_trigger_target_dag.py
[2025-04-17T22:45:26.535+0000] {logging_mixin.py:188} INFO - [2025-04-17T22:45:26.534+0000] {dag.py:3036} INFO - Sync 1 DAGs
[2025-04-17T22:45:26.554+0000] {logging_mixin.py:188} INFO - [2025-04-17T22:45:26.553+0000] {dag.py:3823} INFO - Setting next_dagrun for example_trigger_target_dag to None, run_after=None
[2025-04-17T22:45:26.582+0000] {processor.py:183} INFO - Processing /home/airflow/.local/lib/python3.8/site-packages/airflow/example_dags/example_trigger_target_dag.py took 0.097 seconds
[2025-04-17T22:45:56.992+0000] {processor.py:161} INFO - Started process (PID=661) to work on /home/airflow/.local/lib/python3.8/site-packages/airflow/example_dags/example_trigger_target_dag.py
[2025-04-17T22:45:56.993+0000] {processor.py:830} INFO - Processing file /home/airflow/.local/lib/python3.8/site-packages/airflow/example_dags/example_trigger_target_dag.py for tasks to queue
[2025-04-17T22:45:56.996+0000] {logging_mixin.py:188} INFO - [2025-04-17T22:45:56.996+0000] {dagbag.py:538} INFO - Filling up the DagBag from /home/airflow/.local/lib/python3.8/site-packages/airflow/example_dags/example_trigger_target_dag.py
[2025-04-17T22:45:57.005+0000] {processor.py:840} INFO - DAG(s) 'example_trigger_target_dag' retrieved from /home/airflow/.local/lib/python3.8/site-packages/airflow/example_dags/example_trigger_target_dag.py
[2025-04-17T22:45:57.037+0000] {logging_mixin.py:188} INFO - [2025-04-17T22:45:57.036+0000] {dag.py:3036} INFO - Sync 1 DAGs
[2025-04-17T22:45:57.056+0000] {logging_mixin.py:188} INFO - [2025-04-17T22:45:57.056+0000] {dag.py:3823} INFO - Setting next_dagrun for example_trigger_target_dag to None, run_after=None
[2025-04-17T22:45:57.085+0000] {processor.py:183} INFO - Processing /home/airflow/.local/lib/python3.8/site-packages/airflow/example_dags/example_trigger_target_dag.py took 0.098 seconds
[2025-04-17T22:46:27.457+0000] {processor.py:161} INFO - Started process (PID=716) to work on /home/airflow/.local/lib/python3.8/site-packages/airflow/example_dags/example_trigger_target_dag.py
[2025-04-17T22:46:27.459+0000] {processor.py:830} INFO - Processing file /home/airflow/.local/lib/python3.8/site-packages/airflow/example_dags/example_trigger_target_dag.py for tasks to queue
[2025-04-17T22:46:27.461+0000] {logging_mixin.py:188} INFO - [2025-04-17T22:46:27.461+0000] {dagbag.py:538} INFO - Filling up the DagBag from /home/airflow/.local/lib/python3.8/site-packages/airflow/example_dags/example_trigger_target_dag.py
[2025-04-17T22:46:27.471+0000] {processor.py:840} INFO - DAG(s) 'example_trigger_target_dag' retrieved from /home/airflow/.local/lib/python3.8/site-packages/airflow/example_dags/example_trigger_target_dag.py
[2025-04-17T22:46:27.502+0000] {logging_mixin.py:188} INFO - [2025-04-17T22:46:27.501+0000] {dag.py:3036} INFO - Sync 1 DAGs
[2025-04-17T22:46:27.521+0000] {logging_mixin.py:188} INFO - [2025-04-17T22:46:27.521+0000] {dag.py:3823} INFO - Setting next_dagrun for example_trigger_target_dag to None, run_after=None
[2025-04-17T22:46:27.548+0000] {processor.py:183} INFO - Processing /home/airflow/.local/lib/python3.8/site-packages/airflow/example_dags/example_trigger_target_dag.py took 0.097 seconds
[2025-04-17T22:46:58.358+0000] {processor.py:161} INFO - Started process (PID=771) to work on /home/airflow/.local/lib/python3.8/site-packages/airflow/example_dags/example_trigger_target_dag.py
[2025-04-17T22:46:58.359+0000] {processor.py:830} INFO - Processing file /home/airflow/.local/lib/python3.8/site-packages/airflow/example_dags/example_trigger_target_dag.py for tasks to queue
[2025-04-17T22:46:58.362+0000] {logging_mixin.py:188} INFO - [2025-04-17T22:46:58.362+0000] {dagbag.py:538} INFO - Filling up the DagBag from /home/airflow/.local/lib/python3.8/site-packages/airflow/example_dags/example_trigger_target_dag.py
[2025-04-17T22:46:58.372+0000] {processor.py:840} INFO - DAG(s) 'example_trigger_target_dag' retrieved from /home/airflow/.local/lib/python3.8/site-packages/airflow/example_dags/example_trigger_target_dag.py
[2025-04-17T22:46:58.404+0000] {logging_mixin.py:188} INFO - [2025-04-17T22:46:58.404+0000] {dag.py:3036} INFO - Sync 1 DAGs
[2025-04-17T22:46:58.423+0000] {logging_mixin.py:188} INFO - [2025-04-17T22:46:58.423+0000] {dag.py:3823} INFO - Setting next_dagrun for example_trigger_target_dag to None, run_after=None
[2025-04-17T22:46:58.452+0000] {processor.py:183} INFO - Processing /home/airflow/.local/lib/python3.8/site-packages/airflow/example_dags/example_trigger_target_dag.py took 0.100 seconds
[2025-04-17T22:47:28.979+0000] {processor.py:161} INFO - Started process (PID=826) to work on /home/airflow/.local/lib/python3.8/site-packages/airflow/example_dags/example_trigger_target_dag.py
[2025-04-17T22:47:28.981+0000] {processor.py:830} INFO - Processing file /home/airflow/.local/lib/python3.8/site-packages/airflow/example_dags/example_trigger_target_dag.py for tasks to queue
[2025-04-17T22:47:28.984+0000] {logging_mixin.py:188} INFO - [2025-04-17T22:47:28.984+0000] {dagbag.py:538} INFO - Filling up the DagBag from /home/airflow/.local/lib/python3.8/site-packages/airflow/example_dags/example_trigger_target_dag.py
[2025-04-17T22:47:28.995+0000] {processor.py:840} INFO - DAG(s) 'example_trigger_target_dag' retrieved from /home/airflow/.local/lib/python3.8/site-packages/airflow/example_dags/example_trigger_target_dag.py
[2025-04-17T22:47:29.031+0000] {logging_mixin.py:188} INFO - [2025-04-17T22:47:29.031+0000] {dag.py:3036} INFO - Sync 1 DAGs
[2025-04-17T22:47:29.055+0000] {logging_mixin.py:188} INFO - [2025-04-17T22:47:29.055+0000] {dag.py:3823} INFO - Setting next_dagrun for example_trigger_target_dag to None, run_after=None
[2025-04-17T22:47:29.093+0000] {processor.py:183} INFO - Processing /home/airflow/.local/lib/python3.8/site-packages/airflow/example_dags/example_trigger_target_dag.py took 0.124 seconds
[2025-04-17T22:47:59.122+0000] {processor.py:161} INFO - Started process (PID=881) to work on /home/airflow/.local/lib/python3.8/site-packages/airflow/example_dags/example_trigger_target_dag.py
[2025-04-17T22:47:59.124+0000] {processor.py:830} INFO - Processing file /home/airflow/.local/lib/python3.8/site-packages/airflow/example_dags/example_trigger_target_dag.py for tasks to queue
[2025-04-17T22:47:59.127+0000] {logging_mixin.py:188} INFO - [2025-04-17T22:47:59.126+0000] {dagbag.py:538} INFO - Filling up the DagBag from /home/airflow/.local/lib/python3.8/site-packages/airflow/example_dags/example_trigger_target_dag.py
[2025-04-17T22:47:59.136+0000] {processor.py:840} INFO - DAG(s) 'example_trigger_target_dag' retrieved from /home/airflow/.local/lib/python3.8/site-packages/airflow/example_dags/example_trigger_target_dag.py
[2025-04-17T22:47:59.155+0000] {logging_mixin.py:188} INFO - [2025-04-17T22:47:59.155+0000] {dag.py:3036} INFO - Sync 1 DAGs
[2025-04-17T22:47:59.175+0000] {logging_mixin.py:188} INFO - [2025-04-17T22:47:59.175+0000] {dag.py:3823} INFO - Setting next_dagrun for example_trigger_target_dag to None, run_after=None
[2025-04-17T22:47:59.203+0000] {processor.py:183} INFO - Processing /home/airflow/.local/lib/python3.8/site-packages/airflow/example_dags/example_trigger_target_dag.py took 0.086 seconds
[2025-04-17T22:48:29.909+0000] {processor.py:161} INFO - Started process (PID=936) to work on /home/airflow/.local/lib/python3.8/site-packages/airflow/example_dags/example_trigger_target_dag.py
[2025-04-17T22:48:29.911+0000] {processor.py:830} INFO - Processing file /home/airflow/.local/lib/python3.8/site-packages/airflow/example_dags/example_trigger_target_dag.py for tasks to queue
[2025-04-17T22:48:29.914+0000] {logging_mixin.py:188} INFO - [2025-04-17T22:48:29.913+0000] {dagbag.py:538} INFO - Filling up the DagBag from /home/airflow/.local/lib/python3.8/site-packages/airflow/example_dags/example_trigger_target_dag.py
[2025-04-17T22:48:29.923+0000] {processor.py:840} INFO - DAG(s) 'example_trigger_target_dag' retrieved from /home/airflow/.local/lib/python3.8/site-packages/airflow/example_dags/example_trigger_target_dag.py
[2025-04-17T22:48:30.078+0000] {logging_mixin.py:188} INFO - [2025-04-17T22:48:30.077+0000] {dag.py:3036} INFO - Sync 1 DAGs
[2025-04-17T22:48:30.094+0000] {logging_mixin.py:188} INFO - [2025-04-17T22:48:30.094+0000] {dag.py:3823} INFO - Setting next_dagrun for example_trigger_target_dag to None, run_after=None
[2025-04-17T22:48:30.124+0000] {processor.py:183} INFO - Processing /home/airflow/.local/lib/python3.8/site-packages/airflow/example_dags/example_trigger_target_dag.py took 0.219 seconds
[2025-04-17T22:49:00.319+0000] {processor.py:161} INFO - Started process (PID=991) to work on /home/airflow/.local/lib/python3.8/site-packages/airflow/example_dags/example_trigger_target_dag.py
[2025-04-17T22:49:00.321+0000] {processor.py:830} INFO - Processing file /home/airflow/.local/lib/python3.8/site-packages/airflow/example_dags/example_trigger_target_dag.py for tasks to queue
[2025-04-17T22:49:00.324+0000] {logging_mixin.py:188} INFO - [2025-04-17T22:49:00.323+0000] {dagbag.py:538} INFO - Filling up the DagBag from /home/airflow/.local/lib/python3.8/site-packages/airflow/example_dags/example_trigger_target_dag.py
[2025-04-17T22:49:00.333+0000] {processor.py:840} INFO - DAG(s) 'example_trigger_target_dag' retrieved from /home/airflow/.local/lib/python3.8/site-packages/airflow/example_dags/example_trigger_target_dag.py
[2025-04-17T22:49:00.369+0000] {logging_mixin.py:188} INFO - [2025-04-17T22:49:00.368+0000] {dag.py:3036} INFO - Sync 1 DAGs
[2025-04-17T22:49:00.387+0000] {logging_mixin.py:188} INFO - [2025-04-17T22:49:00.387+0000] {dag.py:3823} INFO - Setting next_dagrun for example_trigger_target_dag to None, run_after=None
[2025-04-17T22:49:00.415+0000] {processor.py:183} INFO - Processing /home/airflow/.local/lib/python3.8/site-packages/airflow/example_dags/example_trigger_target_dag.py took 0.101 seconds
[2025-04-17T22:49:31.032+0000] {processor.py:161} INFO - Started process (PID=1046) to work on /home/airflow/.local/lib/python3.8/site-packages/airflow/example_dags/example_trigger_target_dag.py
[2025-04-17T22:49:31.033+0000] {processor.py:830} INFO - Processing file /home/airflow/.local/lib/python3.8/site-packages/airflow/example_dags/example_trigger_target_dag.py for tasks to queue
[2025-04-17T22:49:31.037+0000] {logging_mixin.py:188} INFO - [2025-04-17T22:49:31.036+0000] {dagbag.py:538} INFO - Filling up the DagBag from /home/airflow/.local/lib/python3.8/site-packages/airflow/example_dags/example_trigger_target_dag.py
[2025-04-17T22:49:31.047+0000] {processor.py:840} INFO - DAG(s) 'example_trigger_target_dag' retrieved from /home/airflow/.local/lib/python3.8/site-packages/airflow/example_dags/example_trigger_target_dag.py
[2025-04-17T22:49:31.085+0000] {logging_mixin.py:188} INFO - [2025-04-17T22:49:31.084+0000] {dag.py:3036} INFO - Sync 1 DAGs
[2025-04-17T22:49:31.108+0000] {logging_mixin.py:188} INFO - [2025-04-17T22:49:31.108+0000] {dag.py:3823} INFO - Setting next_dagrun for example_trigger_target_dag to None, run_after=None
[2025-04-17T22:49:31.140+0000] {processor.py:183} INFO - Processing /home/airflow/.local/lib/python3.8/site-packages/airflow/example_dags/example_trigger_target_dag.py took 0.114 seconds
[2025-04-17T22:50:01.324+0000] {processor.py:161} INFO - Started process (PID=1101) to work on /home/airflow/.local/lib/python3.8/site-packages/airflow/example_dags/example_trigger_target_dag.py
[2025-04-17T22:50:01.325+0000] {processor.py:830} INFO - Processing file /home/airflow/.local/lib/python3.8/site-packages/airflow/example_dags/example_trigger_target_dag.py for tasks to queue
[2025-04-17T22:50:01.328+0000] {logging_mixin.py:188} INFO - [2025-04-17T22:50:01.327+0000] {dagbag.py:538} INFO - Filling up the DagBag from /home/airflow/.local/lib/python3.8/site-packages/airflow/example_dags/example_trigger_target_dag.py
[2025-04-17T22:50:01.337+0000] {processor.py:840} INFO - DAG(s) 'example_trigger_target_dag' retrieved from /home/airflow/.local/lib/python3.8/site-packages/airflow/example_dags/example_trigger_target_dag.py
[2025-04-17T22:50:01.369+0000] {logging_mixin.py:188} INFO - [2025-04-17T22:50:01.369+0000] {dag.py:3036} INFO - Sync 1 DAGs
[2025-04-17T22:50:01.389+0000] {logging_mixin.py:188} INFO - [2025-04-17T22:50:01.389+0000] {dag.py:3823} INFO - Setting next_dagrun for example_trigger_target_dag to None, run_after=None
[2025-04-17T22:50:01.421+0000] {processor.py:183} INFO - Processing /home/airflow/.local/lib/python3.8/site-packages/airflow/example_dags/example_trigger_target_dag.py took 0.102 seconds
[2025-04-17T22:50:32.198+0000] {processor.py:161} INFO - Started process (PID=1156) to work on /home/airflow/.local/lib/python3.8/site-packages/airflow/example_dags/example_trigger_target_dag.py
[2025-04-17T22:50:32.199+0000] {processor.py:830} INFO - Processing file /home/airflow/.local/lib/python3.8/site-packages/airflow/example_dags/example_trigger_target_dag.py for tasks to queue
[2025-04-17T22:50:32.202+0000] {logging_mixin.py:188} INFO - [2025-04-17T22:50:32.202+0000] {dagbag.py:538} INFO - Filling up the DagBag from /home/airflow/.local/lib/python3.8/site-packages/airflow/example_dags/example_trigger_target_dag.py
[2025-04-17T22:50:32.212+0000] {processor.py:840} INFO - DAG(s) 'example_trigger_target_dag' retrieved from /home/airflow/.local/lib/python3.8/site-packages/airflow/example_dags/example_trigger_target_dag.py
[2025-04-17T22:50:32.243+0000] {logging_mixin.py:188} INFO - [2025-04-17T22:50:32.242+0000] {dag.py:3036} INFO - Sync 1 DAGs
[2025-04-17T22:50:32.262+0000] {logging_mixin.py:188} INFO - [2025-04-17T22:50:32.262+0000] {dag.py:3823} INFO - Setting next_dagrun for example_trigger_target_dag to None, run_after=None
[2025-04-17T22:50:32.292+0000] {processor.py:183} INFO - Processing /home/airflow/.local/lib/python3.8/site-packages/airflow/example_dags/example_trigger_target_dag.py took 0.099 seconds
[2025-04-17T22:51:02.743+0000] {processor.py:161} INFO - Started process (PID=1211) to work on /home/airflow/.local/lib/python3.8/site-packages/airflow/example_dags/example_trigger_target_dag.py
[2025-04-17T22:51:02.745+0000] {processor.py:830} INFO - Processing file /home/airflow/.local/lib/python3.8/site-packages/airflow/example_dags/example_trigger_target_dag.py for tasks to queue
[2025-04-17T22:51:02.747+0000] {logging_mixin.py:188} INFO - [2025-04-17T22:51:02.747+0000] {dagbag.py:538} INFO - Filling up the DagBag from /home/airflow/.local/lib/python3.8/site-packages/airflow/example_dags/example_trigger_target_dag.py
[2025-04-17T22:51:02.757+0000] {processor.py:840} INFO - DAG(s) 'example_trigger_target_dag' retrieved from /home/airflow/.local/lib/python3.8/site-packages/airflow/example_dags/example_trigger_target_dag.py
[2025-04-17T22:51:02.791+0000] {logging_mixin.py:188} INFO - [2025-04-17T22:51:02.791+0000] {dag.py:3036} INFO - Sync 1 DAGs
[2025-04-17T22:51:02.812+0000] {logging_mixin.py:188} INFO - [2025-04-17T22:51:02.811+0000] {dag.py:3823} INFO - Setting next_dagrun for example_trigger_target_dag to None, run_after=None
[2025-04-17T22:51:02.840+0000] {processor.py:183} INFO - Processing /home/airflow/.local/lib/python3.8/site-packages/airflow/example_dags/example_trigger_target_dag.py took 0.102 seconds
[2025-04-17T22:51:33.122+0000] {processor.py:161} INFO - Started process (PID=1266) to work on /home/airflow/.local/lib/python3.8/site-packages/airflow/example_dags/example_trigger_target_dag.py
[2025-04-17T22:51:33.124+0000] {processor.py:830} INFO - Processing file /home/airflow/.local/lib/python3.8/site-packages/airflow/example_dags/example_trigger_target_dag.py for tasks to queue
[2025-04-17T22:51:33.127+0000] {logging_mixin.py:188} INFO - [2025-04-17T22:51:33.126+0000] {dagbag.py:538} INFO - Filling up the DagBag from /home/airflow/.local/lib/python3.8/site-packages/airflow/example_dags/example_trigger_target_dag.py
[2025-04-17T22:51:33.137+0000] {processor.py:840} INFO - DAG(s) 'example_trigger_target_dag' retrieved from /home/airflow/.local/lib/python3.8/site-packages/airflow/example_dags/example_trigger_target_dag.py
[2025-04-17T22:51:33.170+0000] {logging_mixin.py:188} INFO - [2025-04-17T22:51:33.170+0000] {dag.py:3036} INFO - Sync 1 DAGs
[2025-04-17T22:51:33.190+0000] {logging_mixin.py:188} INFO - [2025-04-17T22:51:33.190+0000] {dag.py:3823} INFO - Setting next_dagrun for example_trigger_target_dag to None, run_after=None
[2025-04-17T22:51:33.225+0000] {processor.py:183} INFO - Processing /home/airflow/.local/lib/python3.8/site-packages/airflow/example_dags/example_trigger_target_dag.py took 0.108 seconds
[2025-04-17T22:52:03.671+0000] {processor.py:161} INFO - Started process (PID=1321) to work on /home/airflow/.local/lib/python3.8/site-packages/airflow/example_dags/example_trigger_target_dag.py
[2025-04-17T22:52:03.673+0000] {processor.py:830} INFO - Processing file /home/airflow/.local/lib/python3.8/site-packages/airflow/example_dags/example_trigger_target_dag.py for tasks to queue
[2025-04-17T22:52:03.676+0000] {logging_mixin.py:188} INFO - [2025-04-17T22:52:03.676+0000] {dagbag.py:538} INFO - Filling up the DagBag from /home/airflow/.local/lib/python3.8/site-packages/airflow/example_dags/example_trigger_target_dag.py
[2025-04-17T22:52:03.689+0000] {processor.py:840} INFO - DAG(s) 'example_trigger_target_dag' retrieved from /home/airflow/.local/lib/python3.8/site-packages/airflow/example_dags/example_trigger_target_dag.py
[2025-04-17T22:52:03.723+0000] {logging_mixin.py:188} INFO - [2025-04-17T22:52:03.723+0000] {dag.py:3036} INFO - Sync 1 DAGs
[2025-04-17T22:52:03.742+0000] {logging_mixin.py:188} INFO - [2025-04-17T22:52:03.742+0000] {dag.py:3823} INFO - Setting next_dagrun for example_trigger_target_dag to None, run_after=None
[2025-04-17T22:52:03.772+0000] {processor.py:183} INFO - Processing /home/airflow/.local/lib/python3.8/site-packages/airflow/example_dags/example_trigger_target_dag.py took 0.111 seconds
[2025-04-17T22:52:34.619+0000] {processor.py:161} INFO - Started process (PID=1376) to work on /home/airflow/.local/lib/python3.8/site-packages/airflow/example_dags/example_trigger_target_dag.py
[2025-04-17T22:52:34.621+0000] {processor.py:830} INFO - Processing file /home/airflow/.local/lib/python3.8/site-packages/airflow/example_dags/example_trigger_target_dag.py for tasks to queue
[2025-04-17T22:52:34.627+0000] {logging_mixin.py:188} INFO - [2025-04-17T22:52:34.626+0000] {dagbag.py:538} INFO - Filling up the DagBag from /home/airflow/.local/lib/python3.8/site-packages/airflow/example_dags/example_trigger_target_dag.py
[2025-04-17T22:52:34.645+0000] {processor.py:840} INFO - DAG(s) 'example_trigger_target_dag' retrieved from /home/airflow/.local/lib/python3.8/site-packages/airflow/example_dags/example_trigger_target_dag.py
[2025-04-17T22:52:34.690+0000] {logging_mixin.py:188} INFO - [2025-04-17T22:52:34.689+0000] {dag.py:3036} INFO - Sync 1 DAGs
[2025-04-17T22:52:34.727+0000] {logging_mixin.py:188} INFO - [2025-04-17T22:52:34.726+0000] {dag.py:3823} INFO - Setting next_dagrun for example_trigger_target_dag to None, run_after=None
[2025-04-17T22:52:34.773+0000] {processor.py:183} INFO - Processing /home/airflow/.local/lib/python3.8/site-packages/airflow/example_dags/example_trigger_target_dag.py took 0.160 seconds
[2025-04-17T22:53:05.587+0000] {processor.py:161} INFO - Started process (PID=1431) to work on /home/airflow/.local/lib/python3.8/site-packages/airflow/example_dags/example_trigger_target_dag.py
[2025-04-17T22:53:05.589+0000] {processor.py:830} INFO - Processing file /home/airflow/.local/lib/python3.8/site-packages/airflow/example_dags/example_trigger_target_dag.py for tasks to queue
[2025-04-17T22:53:05.594+0000] {logging_mixin.py:188} INFO - [2025-04-17T22:53:05.593+0000] {dagbag.py:538} INFO - Filling up the DagBag from /home/airflow/.local/lib/python3.8/site-packages/airflow/example_dags/example_trigger_target_dag.py
[2025-04-17T22:53:05.609+0000] {processor.py:840} INFO - DAG(s) 'example_trigger_target_dag' retrieved from /home/airflow/.local/lib/python3.8/site-packages/airflow/example_dags/example_trigger_target_dag.py
[2025-04-17T22:53:05.658+0000] {logging_mixin.py:188} INFO - [2025-04-17T22:53:05.658+0000] {dag.py:3036} INFO - Sync 1 DAGs
[2025-04-17T22:53:05.682+0000] {logging_mixin.py:188} INFO - [2025-04-17T22:53:05.681+0000] {dag.py:3823} INFO - Setting next_dagrun for example_trigger_target_dag to None, run_after=None
[2025-04-17T22:53:05.709+0000] {processor.py:183} INFO - Processing /home/airflow/.local/lib/python3.8/site-packages/airflow/example_dags/example_trigger_target_dag.py took 0.130 seconds
[2025-04-17T22:53:36.501+0000] {processor.py:161} INFO - Started process (PID=1486) to work on /home/airflow/.local/lib/python3.8/site-packages/airflow/example_dags/example_trigger_target_dag.py
[2025-04-17T22:53:36.502+0000] {processor.py:830} INFO - Processing file /home/airflow/.local/lib/python3.8/site-packages/airflow/example_dags/example_trigger_target_dag.py for tasks to queue
[2025-04-17T22:53:36.505+0000] {logging_mixin.py:188} INFO - [2025-04-17T22:53:36.505+0000] {dagbag.py:538} INFO - Filling up the DagBag from /home/airflow/.local/lib/python3.8/site-packages/airflow/example_dags/example_trigger_target_dag.py
[2025-04-17T22:53:36.515+0000] {processor.py:840} INFO - DAG(s) 'example_trigger_target_dag' retrieved from /home/airflow/.local/lib/python3.8/site-packages/airflow/example_dags/example_trigger_target_dag.py
[2025-04-17T22:53:36.552+0000] {logging_mixin.py:188} INFO - [2025-04-17T22:53:36.552+0000] {dag.py:3036} INFO - Sync 1 DAGs
[2025-04-17T22:53:36.572+0000] {logging_mixin.py:188} INFO - [2025-04-17T22:53:36.571+0000] {dag.py:3823} INFO - Setting next_dagrun for example_trigger_target_dag to None, run_after=None
[2025-04-17T22:53:36.604+0000] {processor.py:183} INFO - Processing /home/airflow/.local/lib/python3.8/site-packages/airflow/example_dags/example_trigger_target_dag.py took 0.110 seconds
[2025-04-17T22:54:07.285+0000] {processor.py:161} INFO - Started process (PID=1541) to work on /home/airflow/.local/lib/python3.8/site-packages/airflow/example_dags/example_trigger_target_dag.py
[2025-04-17T22:54:07.287+0000] {processor.py:830} INFO - Processing file /home/airflow/.local/lib/python3.8/site-packages/airflow/example_dags/example_trigger_target_dag.py for tasks to queue
[2025-04-17T22:54:07.291+0000] {logging_mixin.py:188} INFO - [2025-04-17T22:54:07.291+0000] {dagbag.py:538} INFO - Filling up the DagBag from /home/airflow/.local/lib/python3.8/site-packages/airflow/example_dags/example_trigger_target_dag.py
[2025-04-17T22:54:07.301+0000] {processor.py:840} INFO - DAG(s) 'example_trigger_target_dag' retrieved from /home/airflow/.local/lib/python3.8/site-packages/airflow/example_dags/example_trigger_target_dag.py
[2025-04-17T22:54:07.334+0000] {logging_mixin.py:188} INFO - [2025-04-17T22:54:07.334+0000] {dag.py:3036} INFO - Sync 1 DAGs
[2025-04-17T22:54:07.354+0000] {logging_mixin.py:188} INFO - [2025-04-17T22:54:07.354+0000] {dag.py:3823} INFO - Setting next_dagrun for example_trigger_target_dag to None, run_after=None
[2025-04-17T22:54:07.383+0000] {processor.py:183} INFO - Processing /home/airflow/.local/lib/python3.8/site-packages/airflow/example_dags/example_trigger_target_dag.py took 0.104 seconds
