[2025-04-17T22:40:40.096+0000] {processor.py:161} INFO - Started process (PID=68) to work on /home/airflow/.local/lib/python3.8/site-packages/airflow/example_dags/example_sla_dag.py
[2025-04-17T22:40:40.104+0000] {processor.py:830} INFO - Processing file /home/airflow/.local/lib/python3.8/site-packages/airflow/example_dags/example_sla_dag.py for tasks to queue
[2025-04-17T22:40:40.114+0000] {logging_mixin.py:188} INFO - [2025-04-17T22:40:40.112+0000] {dagbag.py:538} INFO - Filling up the DagBag from /home/airflow/.local/lib/python3.8/site-packages/airflow/example_dags/example_sla_dag.py
[2025-04-17T22:40:40.390+0000] {processor.py:840} INFO - DAG(s) 'example_sla_dag' retrieved from /home/airflow/.local/lib/python3.8/site-packages/airflow/example_dags/example_sla_dag.py
[2025-04-17T22:40:42.114+0000] {logging_mixin.py:188} INFO - [2025-04-17T22:40:42.113+0000] {dag.py:3036} INFO - Sync 1 DAGs
[2025-04-17T22:40:42.186+0000] {logging_mixin.py:188} INFO - [2025-04-17T22:40:42.186+0000] {dag.py:3823} INFO - Setting next_dagrun for example_sla_dag to 2025-04-17 22:38:00+00:00, run_after=2025-04-17 22:40:00+00:00
[2025-04-17T22:40:42.316+0000] {processor.py:183} INFO - Processing /home/airflow/.local/lib/python3.8/site-packages/airflow/example_dags/example_sla_dag.py took 2.241 seconds
[2025-04-17T22:41:13.126+0000] {processor.py:161} INFO - Started process (PID=129) to work on /home/airflow/.local/lib/python3.8/site-packages/airflow/example_dags/example_sla_dag.py
[2025-04-17T22:41:13.128+0000] {processor.py:830} INFO - Processing file /home/airflow/.local/lib/python3.8/site-packages/airflow/example_dags/example_sla_dag.py for tasks to queue
[2025-04-17T22:41:13.132+0000] {logging_mixin.py:188} INFO - [2025-04-17T22:41:13.131+0000] {dagbag.py:538} INFO - Filling up the DagBag from /home/airflow/.local/lib/python3.8/site-packages/airflow/example_dags/example_sla_dag.py
[2025-04-17T22:41:13.148+0000] {processor.py:840} INFO - DAG(s) 'example_sla_dag' retrieved from /home/airflow/.local/lib/python3.8/site-packages/airflow/example_dags/example_sla_dag.py
[2025-04-17T22:41:13.185+0000] {logging_mixin.py:188} INFO - [2025-04-17T22:41:13.185+0000] {dag.py:3036} INFO - Sync 1 DAGs
[2025-04-17T22:41:13.229+0000] {logging_mixin.py:188} INFO - [2025-04-17T22:41:13.229+0000] {dag.py:3823} INFO - Setting next_dagrun for example_sla_dag to 2025-04-17 22:38:00+00:00, run_after=2025-04-17 22:40:00+00:00
[2025-04-17T22:41:13.265+0000] {processor.py:183} INFO - Processing /home/airflow/.local/lib/python3.8/site-packages/airflow/example_dags/example_sla_dag.py took 0.144 seconds
[2025-04-17T22:41:43.928+0000] {processor.py:161} INFO - Started process (PID=185) to work on /home/airflow/.local/lib/python3.8/site-packages/airflow/example_dags/example_sla_dag.py
[2025-04-17T22:41:43.933+0000] {processor.py:830} INFO - Processing file /home/airflow/.local/lib/python3.8/site-packages/airflow/example_dags/example_sla_dag.py for tasks to queue
[2025-04-17T22:41:43.939+0000] {logging_mixin.py:188} INFO - [2025-04-17T22:41:43.939+0000] {dagbag.py:538} INFO - Filling up the DagBag from /home/airflow/.local/lib/python3.8/site-packages/airflow/example_dags/example_sla_dag.py
[2025-04-17T22:41:44.018+0000] {processor.py:840} INFO - DAG(s) 'example_sla_dag' retrieved from /home/airflow/.local/lib/python3.8/site-packages/airflow/example_dags/example_sla_dag.py
[2025-04-17T22:41:44.094+0000] {logging_mixin.py:188} INFO - [2025-04-17T22:41:44.093+0000] {dag.py:3036} INFO - Sync 1 DAGs
[2025-04-17T22:41:44.180+0000] {logging_mixin.py:188} INFO - [2025-04-17T22:41:44.180+0000] {dag.py:3823} INFO - Setting next_dagrun for example_sla_dag to 2025-04-17 22:38:00+00:00, run_after=2025-04-17 22:40:00+00:00
[2025-04-17T22:41:44.236+0000] {processor.py:183} INFO - Processing /home/airflow/.local/lib/python3.8/site-packages/airflow/example_dags/example_sla_dag.py took 0.313 seconds
[2025-04-17T22:42:14.593+0000] {processor.py:161} INFO - Started process (PID=240) to work on /home/airflow/.local/lib/python3.8/site-packages/airflow/example_dags/example_sla_dag.py
[2025-04-17T22:42:14.595+0000] {processor.py:830} INFO - Processing file /home/airflow/.local/lib/python3.8/site-packages/airflow/example_dags/example_sla_dag.py for tasks to queue
[2025-04-17T22:42:14.598+0000] {logging_mixin.py:188} INFO - [2025-04-17T22:42:14.597+0000] {dagbag.py:538} INFO - Filling up the DagBag from /home/airflow/.local/lib/python3.8/site-packages/airflow/example_dags/example_sla_dag.py
[2025-04-17T22:42:14.612+0000] {processor.py:840} INFO - DAG(s) 'example_sla_dag' retrieved from /home/airflow/.local/lib/python3.8/site-packages/airflow/example_dags/example_sla_dag.py
[2025-04-17T22:42:14.648+0000] {logging_mixin.py:188} INFO - [2025-04-17T22:42:14.648+0000] {dag.py:3036} INFO - Sync 1 DAGs
[2025-04-17T22:42:14.696+0000] {logging_mixin.py:188} INFO - [2025-04-17T22:42:14.695+0000] {dag.py:3823} INFO - Setting next_dagrun for example_sla_dag to 2025-04-17 22:40:00+00:00, run_after=2025-04-17 22:42:00+00:00
[2025-04-17T22:42:14.726+0000] {processor.py:183} INFO - Processing /home/airflow/.local/lib/python3.8/site-packages/airflow/example_dags/example_sla_dag.py took 0.138 seconds
[2025-04-17T22:42:45.049+0000] {processor.py:161} INFO - Started process (PID=295) to work on /home/airflow/.local/lib/python3.8/site-packages/airflow/example_dags/example_sla_dag.py
[2025-04-17T22:42:45.051+0000] {processor.py:830} INFO - Processing file /home/airflow/.local/lib/python3.8/site-packages/airflow/example_dags/example_sla_dag.py for tasks to queue
[2025-04-17T22:42:45.053+0000] {logging_mixin.py:188} INFO - [2025-04-17T22:42:45.053+0000] {dagbag.py:538} INFO - Filling up the DagBag from /home/airflow/.local/lib/python3.8/site-packages/airflow/example_dags/example_sla_dag.py
[2025-04-17T22:42:45.068+0000] {processor.py:840} INFO - DAG(s) 'example_sla_dag' retrieved from /home/airflow/.local/lib/python3.8/site-packages/airflow/example_dags/example_sla_dag.py
[2025-04-17T22:42:45.110+0000] {logging_mixin.py:188} INFO - [2025-04-17T22:42:45.110+0000] {dag.py:3036} INFO - Sync 1 DAGs
[2025-04-17T22:42:45.161+0000] {logging_mixin.py:188} INFO - [2025-04-17T22:42:45.160+0000] {dag.py:3823} INFO - Setting next_dagrun for example_sla_dag to 2025-04-17 22:40:00+00:00, run_after=2025-04-17 22:42:00+00:00
[2025-04-17T22:42:45.191+0000] {processor.py:183} INFO - Processing /home/airflow/.local/lib/python3.8/site-packages/airflow/example_dags/example_sla_dag.py took 0.148 seconds
[2025-04-17T22:43:15.469+0000] {processor.py:161} INFO - Started process (PID=350) to work on /home/airflow/.local/lib/python3.8/site-packages/airflow/example_dags/example_sla_dag.py
[2025-04-17T22:43:15.470+0000] {processor.py:830} INFO - Processing file /home/airflow/.local/lib/python3.8/site-packages/airflow/example_dags/example_sla_dag.py for tasks to queue
[2025-04-17T22:43:15.474+0000] {logging_mixin.py:188} INFO - [2025-04-17T22:43:15.473+0000] {dagbag.py:538} INFO - Filling up the DagBag from /home/airflow/.local/lib/python3.8/site-packages/airflow/example_dags/example_sla_dag.py
[2025-04-17T22:43:15.491+0000] {processor.py:840} INFO - DAG(s) 'example_sla_dag' retrieved from /home/airflow/.local/lib/python3.8/site-packages/airflow/example_dags/example_sla_dag.py
[2025-04-17T22:43:15.535+0000] {logging_mixin.py:188} INFO - [2025-04-17T22:43:15.534+0000] {dag.py:3036} INFO - Sync 1 DAGs
[2025-04-17T22:43:15.580+0000] {logging_mixin.py:188} INFO - [2025-04-17T22:43:15.580+0000] {dag.py:3823} INFO - Setting next_dagrun for example_sla_dag to 2025-04-17 22:40:00+00:00, run_after=2025-04-17 22:42:00+00:00
[2025-04-17T22:43:15.612+0000] {processor.py:183} INFO - Processing /home/airflow/.local/lib/python3.8/site-packages/airflow/example_dags/example_sla_dag.py took 0.149 seconds
[2025-04-17T22:43:45.910+0000] {processor.py:161} INFO - Started process (PID=405) to work on /home/airflow/.local/lib/python3.8/site-packages/airflow/example_dags/example_sla_dag.py
[2025-04-17T22:43:45.912+0000] {processor.py:830} INFO - Processing file /home/airflow/.local/lib/python3.8/site-packages/airflow/example_dags/example_sla_dag.py for tasks to queue
[2025-04-17T22:43:45.915+0000] {logging_mixin.py:188} INFO - [2025-04-17T22:43:45.915+0000] {dagbag.py:538} INFO - Filling up the DagBag from /home/airflow/.local/lib/python3.8/site-packages/airflow/example_dags/example_sla_dag.py
[2025-04-17T22:43:45.931+0000] {processor.py:840} INFO - DAG(s) 'example_sla_dag' retrieved from /home/airflow/.local/lib/python3.8/site-packages/airflow/example_dags/example_sla_dag.py
[2025-04-17T22:43:45.970+0000] {logging_mixin.py:188} INFO - [2025-04-17T22:43:45.970+0000] {dag.py:3036} INFO - Sync 1 DAGs
[2025-04-17T22:43:46.011+0000] {logging_mixin.py:188} INFO - [2025-04-17T22:43:46.011+0000] {dag.py:3823} INFO - Setting next_dagrun for example_sla_dag to 2025-04-17 22:40:00+00:00, run_after=2025-04-17 22:42:00+00:00
[2025-04-17T22:43:46.041+0000] {processor.py:183} INFO - Processing /home/airflow/.local/lib/python3.8/site-packages/airflow/example_dags/example_sla_dag.py took 0.137 seconds
[2025-04-17T22:44:16.959+0000] {processor.py:161} INFO - Started process (PID=460) to work on /home/airflow/.local/lib/python3.8/site-packages/airflow/example_dags/example_sla_dag.py
[2025-04-17T22:44:16.961+0000] {processor.py:830} INFO - Processing file /home/airflow/.local/lib/python3.8/site-packages/airflow/example_dags/example_sla_dag.py for tasks to queue
[2025-04-17T22:44:16.964+0000] {logging_mixin.py:188} INFO - [2025-04-17T22:44:16.964+0000] {dagbag.py:538} INFO - Filling up the DagBag from /home/airflow/.local/lib/python3.8/site-packages/airflow/example_dags/example_sla_dag.py
[2025-04-17T22:44:16.979+0000] {processor.py:840} INFO - DAG(s) 'example_sla_dag' retrieved from /home/airflow/.local/lib/python3.8/site-packages/airflow/example_dags/example_sla_dag.py
[2025-04-17T22:44:17.017+0000] {logging_mixin.py:188} INFO - [2025-04-17T22:44:17.017+0000] {dag.py:3036} INFO - Sync 1 DAGs
[2025-04-17T22:44:17.074+0000] {logging_mixin.py:188} INFO - [2025-04-17T22:44:17.074+0000] {dag.py:3823} INFO - Setting next_dagrun for example_sla_dag to 2025-04-17 22:42:00+00:00, run_after=2025-04-17 22:44:00+00:00
[2025-04-17T22:44:17.105+0000] {processor.py:183} INFO - Processing /home/airflow/.local/lib/python3.8/site-packages/airflow/example_dags/example_sla_dag.py took 0.151 seconds
[2025-04-17T22:44:47.760+0000] {processor.py:161} INFO - Started process (PID=515) to work on /home/airflow/.local/lib/python3.8/site-packages/airflow/example_dags/example_sla_dag.py
[2025-04-17T22:44:47.762+0000] {processor.py:830} INFO - Processing file /home/airflow/.local/lib/python3.8/site-packages/airflow/example_dags/example_sla_dag.py for tasks to queue
[2025-04-17T22:44:47.765+0000] {logging_mixin.py:188} INFO - [2025-04-17T22:44:47.764+0000] {dagbag.py:538} INFO - Filling up the DagBag from /home/airflow/.local/lib/python3.8/site-packages/airflow/example_dags/example_sla_dag.py
[2025-04-17T22:44:47.779+0000] {processor.py:840} INFO - DAG(s) 'example_sla_dag' retrieved from /home/airflow/.local/lib/python3.8/site-packages/airflow/example_dags/example_sla_dag.py
[2025-04-17T22:44:47.811+0000] {logging_mixin.py:188} INFO - [2025-04-17T22:44:47.811+0000] {dag.py:3036} INFO - Sync 1 DAGs
[2025-04-17T22:44:47.852+0000] {logging_mixin.py:188} INFO - [2025-04-17T22:44:47.852+0000] {dag.py:3823} INFO - Setting next_dagrun for example_sla_dag to 2025-04-17 22:42:00+00:00, run_after=2025-04-17 22:44:00+00:00
[2025-04-17T22:44:47.881+0000] {processor.py:183} INFO - Processing /home/airflow/.local/lib/python3.8/site-packages/airflow/example_dags/example_sla_dag.py took 0.126 seconds
[2025-04-17T22:45:18.485+0000] {processor.py:161} INFO - Started process (PID=570) to work on /home/airflow/.local/lib/python3.8/site-packages/airflow/example_dags/example_sla_dag.py
[2025-04-17T22:45:18.487+0000] {processor.py:830} INFO - Processing file /home/airflow/.local/lib/python3.8/site-packages/airflow/example_dags/example_sla_dag.py for tasks to queue
[2025-04-17T22:45:18.489+0000] {logging_mixin.py:188} INFO - [2025-04-17T22:45:18.489+0000] {dagbag.py:538} INFO - Filling up the DagBag from /home/airflow/.local/lib/python3.8/site-packages/airflow/example_dags/example_sla_dag.py
[2025-04-17T22:45:18.503+0000] {processor.py:840} INFO - DAG(s) 'example_sla_dag' retrieved from /home/airflow/.local/lib/python3.8/site-packages/airflow/example_dags/example_sla_dag.py
[2025-04-17T22:45:18.536+0000] {logging_mixin.py:188} INFO - [2025-04-17T22:45:18.536+0000] {dag.py:3036} INFO - Sync 1 DAGs
[2025-04-17T22:45:18.577+0000] {logging_mixin.py:188} INFO - [2025-04-17T22:45:18.577+0000] {dag.py:3823} INFO - Setting next_dagrun for example_sla_dag to 2025-04-17 22:42:00+00:00, run_after=2025-04-17 22:44:00+00:00
[2025-04-17T22:45:18.606+0000] {processor.py:183} INFO - Processing /home/airflow/.local/lib/python3.8/site-packages/airflow/example_dags/example_sla_dag.py took 0.127 seconds
[2025-04-17T22:45:49.016+0000] {processor.py:161} INFO - Started process (PID=625) to work on /home/airflow/.local/lib/python3.8/site-packages/airflow/example_dags/example_sla_dag.py
[2025-04-17T22:45:49.018+0000] {processor.py:830} INFO - Processing file /home/airflow/.local/lib/python3.8/site-packages/airflow/example_dags/example_sla_dag.py for tasks to queue
[2025-04-17T22:45:49.021+0000] {logging_mixin.py:188} INFO - [2025-04-17T22:45:49.021+0000] {dagbag.py:538} INFO - Filling up the DagBag from /home/airflow/.local/lib/python3.8/site-packages/airflow/example_dags/example_sla_dag.py
[2025-04-17T22:45:49.035+0000] {processor.py:840} INFO - DAG(s) 'example_sla_dag' retrieved from /home/airflow/.local/lib/python3.8/site-packages/airflow/example_dags/example_sla_dag.py
[2025-04-17T22:45:49.066+0000] {logging_mixin.py:188} INFO - [2025-04-17T22:45:49.066+0000] {dag.py:3036} INFO - Sync 1 DAGs
[2025-04-17T22:45:49.105+0000] {logging_mixin.py:188} INFO - [2025-04-17T22:45:49.105+0000] {dag.py:3823} INFO - Setting next_dagrun for example_sla_dag to 2025-04-17 22:42:00+00:00, run_after=2025-04-17 22:44:00+00:00
[2025-04-17T22:45:49.132+0000] {processor.py:183} INFO - Processing /home/airflow/.local/lib/python3.8/site-packages/airflow/example_dags/example_sla_dag.py took 0.121 seconds
[2025-04-17T22:46:19.416+0000] {processor.py:161} INFO - Started process (PID=680) to work on /home/airflow/.local/lib/python3.8/site-packages/airflow/example_dags/example_sla_dag.py
[2025-04-17T22:46:19.418+0000] {processor.py:830} INFO - Processing file /home/airflow/.local/lib/python3.8/site-packages/airflow/example_dags/example_sla_dag.py for tasks to queue
[2025-04-17T22:46:19.421+0000] {logging_mixin.py:188} INFO - [2025-04-17T22:46:19.420+0000] {dagbag.py:538} INFO - Filling up the DagBag from /home/airflow/.local/lib/python3.8/site-packages/airflow/example_dags/example_sla_dag.py
[2025-04-17T22:46:19.434+0000] {processor.py:840} INFO - DAG(s) 'example_sla_dag' retrieved from /home/airflow/.local/lib/python3.8/site-packages/airflow/example_dags/example_sla_dag.py
[2025-04-17T22:46:19.466+0000] {logging_mixin.py:188} INFO - [2025-04-17T22:46:19.465+0000] {dag.py:3036} INFO - Sync 1 DAGs
[2025-04-17T22:46:19.506+0000] {logging_mixin.py:188} INFO - [2025-04-17T22:46:19.506+0000] {dag.py:3823} INFO - Setting next_dagrun for example_sla_dag to 2025-04-17 22:44:00+00:00, run_after=2025-04-17 22:46:00+00:00
[2025-04-17T22:46:19.537+0000] {processor.py:183} INFO - Processing /home/airflow/.local/lib/python3.8/site-packages/airflow/example_dags/example_sla_dag.py took 0.127 seconds
[2025-04-17T22:46:50.066+0000] {processor.py:161} INFO - Started process (PID=735) to work on /home/airflow/.local/lib/python3.8/site-packages/airflow/example_dags/example_sla_dag.py
[2025-04-17T22:46:50.068+0000] {processor.py:830} INFO - Processing file /home/airflow/.local/lib/python3.8/site-packages/airflow/example_dags/example_sla_dag.py for tasks to queue
[2025-04-17T22:46:50.071+0000] {logging_mixin.py:188} INFO - [2025-04-17T22:46:50.071+0000] {dagbag.py:538} INFO - Filling up the DagBag from /home/airflow/.local/lib/python3.8/site-packages/airflow/example_dags/example_sla_dag.py
[2025-04-17T22:46:50.087+0000] {processor.py:840} INFO - DAG(s) 'example_sla_dag' retrieved from /home/airflow/.local/lib/python3.8/site-packages/airflow/example_dags/example_sla_dag.py
[2025-04-17T22:46:50.122+0000] {logging_mixin.py:188} INFO - [2025-04-17T22:46:50.122+0000] {dag.py:3036} INFO - Sync 1 DAGs
[2025-04-17T22:46:50.163+0000] {logging_mixin.py:188} INFO - [2025-04-17T22:46:50.163+0000] {dag.py:3823} INFO - Setting next_dagrun for example_sla_dag to 2025-04-17 22:44:00+00:00, run_after=2025-04-17 22:46:00+00:00
[2025-04-17T22:46:50.192+0000] {processor.py:183} INFO - Processing /home/airflow/.local/lib/python3.8/site-packages/airflow/example_dags/example_sla_dag.py took 0.132 seconds
[2025-04-17T22:47:20.311+0000] {processor.py:161} INFO - Started process (PID=790) to work on /home/airflow/.local/lib/python3.8/site-packages/airflow/example_dags/example_sla_dag.py
[2025-04-17T22:47:20.313+0000] {processor.py:830} INFO - Processing file /home/airflow/.local/lib/python3.8/site-packages/airflow/example_dags/example_sla_dag.py for tasks to queue
[2025-04-17T22:47:20.317+0000] {logging_mixin.py:188} INFO - [2025-04-17T22:47:20.316+0000] {dagbag.py:538} INFO - Filling up the DagBag from /home/airflow/.local/lib/python3.8/site-packages/airflow/example_dags/example_sla_dag.py
[2025-04-17T22:47:20.337+0000] {processor.py:840} INFO - DAG(s) 'example_sla_dag' retrieved from /home/airflow/.local/lib/python3.8/site-packages/airflow/example_dags/example_sla_dag.py
[2025-04-17T22:47:20.396+0000] {logging_mixin.py:188} INFO - [2025-04-17T22:47:20.396+0000] {dag.py:3036} INFO - Sync 1 DAGs
[2025-04-17T22:47:20.450+0000] {logging_mixin.py:188} INFO - [2025-04-17T22:47:20.450+0000] {dag.py:3823} INFO - Setting next_dagrun for example_sla_dag to 2025-04-17 22:44:00+00:00, run_after=2025-04-17 22:46:00+00:00
[2025-04-17T22:47:20.488+0000] {processor.py:183} INFO - Processing /home/airflow/.local/lib/python3.8/site-packages/airflow/example_dags/example_sla_dag.py took 0.185 seconds
[2025-04-17T22:47:50.901+0000] {processor.py:161} INFO - Started process (PID=845) to work on /home/airflow/.local/lib/python3.8/site-packages/airflow/example_dags/example_sla_dag.py
[2025-04-17T22:47:50.903+0000] {processor.py:830} INFO - Processing file /home/airflow/.local/lib/python3.8/site-packages/airflow/example_dags/example_sla_dag.py for tasks to queue
[2025-04-17T22:47:50.907+0000] {logging_mixin.py:188} INFO - [2025-04-17T22:47:50.906+0000] {dagbag.py:538} INFO - Filling up the DagBag from /home/airflow/.local/lib/python3.8/site-packages/airflow/example_dags/example_sla_dag.py
[2025-04-17T22:47:50.923+0000] {processor.py:840} INFO - DAG(s) 'example_sla_dag' retrieved from /home/airflow/.local/lib/python3.8/site-packages/airflow/example_dags/example_sla_dag.py
[2025-04-17T22:47:50.946+0000] {logging_mixin.py:188} INFO - [2025-04-17T22:47:50.946+0000] {dag.py:3036} INFO - Sync 1 DAGs
[2025-04-17T22:47:50.994+0000] {logging_mixin.py:188} INFO - [2025-04-17T22:47:50.993+0000] {dag.py:3823} INFO - Setting next_dagrun for example_sla_dag to 2025-04-17 22:44:00+00:00, run_after=2025-04-17 22:46:00+00:00
[2025-04-17T22:47:51.025+0000] {processor.py:183} INFO - Processing /home/airflow/.local/lib/python3.8/site-packages/airflow/example_dags/example_sla_dag.py took 0.132 seconds
[2025-04-17T22:48:21.422+0000] {processor.py:161} INFO - Started process (PID=900) to work on /home/airflow/.local/lib/python3.8/site-packages/airflow/example_dags/example_sla_dag.py
[2025-04-17T22:48:21.424+0000] {processor.py:830} INFO - Processing file /home/airflow/.local/lib/python3.8/site-packages/airflow/example_dags/example_sla_dag.py for tasks to queue
[2025-04-17T22:48:21.427+0000] {logging_mixin.py:188} INFO - [2025-04-17T22:48:21.426+0000] {dagbag.py:538} INFO - Filling up the DagBag from /home/airflow/.local/lib/python3.8/site-packages/airflow/example_dags/example_sla_dag.py
[2025-04-17T22:48:21.441+0000] {processor.py:840} INFO - DAG(s) 'example_sla_dag' retrieved from /home/airflow/.local/lib/python3.8/site-packages/airflow/example_dags/example_sla_dag.py
[2025-04-17T22:48:21.596+0000] {logging_mixin.py:188} INFO - [2025-04-17T22:48:21.595+0000] {dag.py:3036} INFO - Sync 1 DAGs
[2025-04-17T22:48:21.633+0000] {logging_mixin.py:188} INFO - [2025-04-17T22:48:21.633+0000] {dag.py:3823} INFO - Setting next_dagrun for example_sla_dag to 2025-04-17 22:46:00+00:00, run_after=2025-04-17 22:48:00+00:00
[2025-04-17T22:48:21.664+0000] {processor.py:183} INFO - Processing /home/airflow/.local/lib/python3.8/site-packages/airflow/example_dags/example_sla_dag.py took 0.248 seconds
[2025-04-17T22:48:52.063+0000] {processor.py:161} INFO - Started process (PID=955) to work on /home/airflow/.local/lib/python3.8/site-packages/airflow/example_dags/example_sla_dag.py
[2025-04-17T22:48:52.064+0000] {processor.py:830} INFO - Processing file /home/airflow/.local/lib/python3.8/site-packages/airflow/example_dags/example_sla_dag.py for tasks to queue
[2025-04-17T22:48:52.067+0000] {logging_mixin.py:188} INFO - [2025-04-17T22:48:52.067+0000] {dagbag.py:538} INFO - Filling up the DagBag from /home/airflow/.local/lib/python3.8/site-packages/airflow/example_dags/example_sla_dag.py
[2025-04-17T22:48:52.081+0000] {processor.py:840} INFO - DAG(s) 'example_sla_dag' retrieved from /home/airflow/.local/lib/python3.8/site-packages/airflow/example_dags/example_sla_dag.py
[2025-04-17T22:48:52.116+0000] {logging_mixin.py:188} INFO - [2025-04-17T22:48:52.115+0000] {dag.py:3036} INFO - Sync 1 DAGs
[2025-04-17T22:48:52.156+0000] {logging_mixin.py:188} INFO - [2025-04-17T22:48:52.155+0000] {dag.py:3823} INFO - Setting next_dagrun for example_sla_dag to 2025-04-17 22:46:00+00:00, run_after=2025-04-17 22:48:00+00:00
[2025-04-17T22:48:52.185+0000] {processor.py:183} INFO - Processing /home/airflow/.local/lib/python3.8/site-packages/airflow/example_dags/example_sla_dag.py took 0.128 seconds
[2025-04-17T22:49:22.975+0000] {processor.py:161} INFO - Started process (PID=1010) to work on /home/airflow/.local/lib/python3.8/site-packages/airflow/example_dags/example_sla_dag.py
[2025-04-17T22:49:22.977+0000] {processor.py:830} INFO - Processing file /home/airflow/.local/lib/python3.8/site-packages/airflow/example_dags/example_sla_dag.py for tasks to queue
[2025-04-17T22:49:22.980+0000] {logging_mixin.py:188} INFO - [2025-04-17T22:49:22.980+0000] {dagbag.py:538} INFO - Filling up the DagBag from /home/airflow/.local/lib/python3.8/site-packages/airflow/example_dags/example_sla_dag.py
[2025-04-17T22:49:22.994+0000] {processor.py:840} INFO - DAG(s) 'example_sla_dag' retrieved from /home/airflow/.local/lib/python3.8/site-packages/airflow/example_dags/example_sla_dag.py
[2025-04-17T22:49:23.028+0000] {logging_mixin.py:188} INFO - [2025-04-17T22:49:23.027+0000] {dag.py:3036} INFO - Sync 1 DAGs
[2025-04-17T22:49:23.072+0000] {logging_mixin.py:188} INFO - [2025-04-17T22:49:23.072+0000] {dag.py:3823} INFO - Setting next_dagrun for example_sla_dag to 2025-04-17 22:46:00+00:00, run_after=2025-04-17 22:48:00+00:00
[2025-04-17T22:49:23.109+0000] {processor.py:183} INFO - Processing /home/airflow/.local/lib/python3.8/site-packages/airflow/example_dags/example_sla_dag.py took 0.139 seconds
[2025-04-17T22:49:53.316+0000] {processor.py:161} INFO - Started process (PID=1065) to work on /home/airflow/.local/lib/python3.8/site-packages/airflow/example_dags/example_sla_dag.py
[2025-04-17T22:49:53.317+0000] {processor.py:830} INFO - Processing file /home/airflow/.local/lib/python3.8/site-packages/airflow/example_dags/example_sla_dag.py for tasks to queue
[2025-04-17T22:49:53.321+0000] {logging_mixin.py:188} INFO - [2025-04-17T22:49:53.321+0000] {dagbag.py:538} INFO - Filling up the DagBag from /home/airflow/.local/lib/python3.8/site-packages/airflow/example_dags/example_sla_dag.py
[2025-04-17T22:49:53.335+0000] {processor.py:840} INFO - DAG(s) 'example_sla_dag' retrieved from /home/airflow/.local/lib/python3.8/site-packages/airflow/example_dags/example_sla_dag.py
[2025-04-17T22:49:53.368+0000] {logging_mixin.py:188} INFO - [2025-04-17T22:49:53.367+0000] {dag.py:3036} INFO - Sync 1 DAGs
[2025-04-17T22:49:53.414+0000] {logging_mixin.py:188} INFO - [2025-04-17T22:49:53.414+0000] {dag.py:3823} INFO - Setting next_dagrun for example_sla_dag to 2025-04-17 22:46:00+00:00, run_after=2025-04-17 22:48:00+00:00
[2025-04-17T22:49:53.441+0000] {processor.py:183} INFO - Processing /home/airflow/.local/lib/python3.8/site-packages/airflow/example_dags/example_sla_dag.py took 0.131 seconds
[2025-04-17T22:50:24.017+0000] {processor.py:161} INFO - Started process (PID=1120) to work on /home/airflow/.local/lib/python3.8/site-packages/airflow/example_dags/example_sla_dag.py
[2025-04-17T22:50:24.018+0000] {processor.py:830} INFO - Processing file /home/airflow/.local/lib/python3.8/site-packages/airflow/example_dags/example_sla_dag.py for tasks to queue
[2025-04-17T22:50:24.021+0000] {logging_mixin.py:188} INFO - [2025-04-17T22:50:24.021+0000] {dagbag.py:538} INFO - Filling up the DagBag from /home/airflow/.local/lib/python3.8/site-packages/airflow/example_dags/example_sla_dag.py
[2025-04-17T22:50:24.034+0000] {processor.py:840} INFO - DAG(s) 'example_sla_dag' retrieved from /home/airflow/.local/lib/python3.8/site-packages/airflow/example_dags/example_sla_dag.py
[2025-04-17T22:50:24.065+0000] {logging_mixin.py:188} INFO - [2025-04-17T22:50:24.065+0000] {dag.py:3036} INFO - Sync 1 DAGs
[2025-04-17T22:50:24.104+0000] {logging_mixin.py:188} INFO - [2025-04-17T22:50:24.104+0000] {dag.py:3823} INFO - Setting next_dagrun for example_sla_dag to 2025-04-17 22:48:00+00:00, run_after=2025-04-17 22:50:00+00:00
[2025-04-17T22:50:24.132+0000] {processor.py:183} INFO - Processing /home/airflow/.local/lib/python3.8/site-packages/airflow/example_dags/example_sla_dag.py took 0.120 seconds
[2025-04-17T22:50:54.844+0000] {processor.py:161} INFO - Started process (PID=1175) to work on /home/airflow/.local/lib/python3.8/site-packages/airflow/example_dags/example_sla_dag.py
[2025-04-17T22:50:54.846+0000] {processor.py:830} INFO - Processing file /home/airflow/.local/lib/python3.8/site-packages/airflow/example_dags/example_sla_dag.py for tasks to queue
[2025-04-17T22:50:54.849+0000] {logging_mixin.py:188} INFO - [2025-04-17T22:50:54.849+0000] {dagbag.py:538} INFO - Filling up the DagBag from /home/airflow/.local/lib/python3.8/site-packages/airflow/example_dags/example_sla_dag.py
[2025-04-17T22:50:54.864+0000] {processor.py:840} INFO - DAG(s) 'example_sla_dag' retrieved from /home/airflow/.local/lib/python3.8/site-packages/airflow/example_dags/example_sla_dag.py
[2025-04-17T22:50:54.899+0000] {logging_mixin.py:188} INFO - [2025-04-17T22:50:54.898+0000] {dag.py:3036} INFO - Sync 1 DAGs
[2025-04-17T22:50:54.940+0000] {logging_mixin.py:188} INFO - [2025-04-17T22:50:54.940+0000] {dag.py:3823} INFO - Setting next_dagrun for example_sla_dag to 2025-04-17 22:48:00+00:00, run_after=2025-04-17 22:50:00+00:00
[2025-04-17T22:50:54.968+0000] {processor.py:183} INFO - Processing /home/airflow/.local/lib/python3.8/site-packages/airflow/example_dags/example_sla_dag.py took 0.129 seconds
[2025-04-17T22:51:25.020+0000] {processor.py:161} INFO - Started process (PID=1230) to work on /home/airflow/.local/lib/python3.8/site-packages/airflow/example_dags/example_sla_dag.py
[2025-04-17T22:51:25.022+0000] {processor.py:830} INFO - Processing file /home/airflow/.local/lib/python3.8/site-packages/airflow/example_dags/example_sla_dag.py for tasks to queue
[2025-04-17T22:51:25.025+0000] {logging_mixin.py:188} INFO - [2025-04-17T22:51:25.025+0000] {dagbag.py:538} INFO - Filling up the DagBag from /home/airflow/.local/lib/python3.8/site-packages/airflow/example_dags/example_sla_dag.py
[2025-04-17T22:51:25.039+0000] {processor.py:840} INFO - DAG(s) 'example_sla_dag' retrieved from /home/airflow/.local/lib/python3.8/site-packages/airflow/example_dags/example_sla_dag.py
[2025-04-17T22:51:25.073+0000] {logging_mixin.py:188} INFO - [2025-04-17T22:51:25.072+0000] {dag.py:3036} INFO - Sync 1 DAGs
[2025-04-17T22:51:25.114+0000] {logging_mixin.py:188} INFO - [2025-04-17T22:51:25.114+0000] {dag.py:3823} INFO - Setting next_dagrun for example_sla_dag to 2025-04-17 22:48:00+00:00, run_after=2025-04-17 22:50:00+00:00
[2025-04-17T22:51:25.148+0000] {processor.py:183} INFO - Processing /home/airflow/.local/lib/python3.8/site-packages/airflow/example_dags/example_sla_dag.py took 0.133 seconds
[2025-04-17T22:51:55.797+0000] {processor.py:161} INFO - Started process (PID=1285) to work on /home/airflow/.local/lib/python3.8/site-packages/airflow/example_dags/example_sla_dag.py
[2025-04-17T22:51:55.799+0000] {processor.py:830} INFO - Processing file /home/airflow/.local/lib/python3.8/site-packages/airflow/example_dags/example_sla_dag.py for tasks to queue
[2025-04-17T22:51:55.802+0000] {logging_mixin.py:188} INFO - [2025-04-17T22:51:55.802+0000] {dagbag.py:538} INFO - Filling up the DagBag from /home/airflow/.local/lib/python3.8/site-packages/airflow/example_dags/example_sla_dag.py
[2025-04-17T22:51:55.816+0000] {processor.py:840} INFO - DAG(s) 'example_sla_dag' retrieved from /home/airflow/.local/lib/python3.8/site-packages/airflow/example_dags/example_sla_dag.py
[2025-04-17T22:51:55.848+0000] {logging_mixin.py:188} INFO - [2025-04-17T22:51:55.848+0000] {dag.py:3036} INFO - Sync 1 DAGs
[2025-04-17T22:51:55.887+0000] {logging_mixin.py:188} INFO - [2025-04-17T22:51:55.887+0000] {dag.py:3823} INFO - Setting next_dagrun for example_sla_dag to 2025-04-17 22:48:00+00:00, run_after=2025-04-17 22:50:00+00:00
[2025-04-17T22:51:55.915+0000] {processor.py:183} INFO - Processing /home/airflow/.local/lib/python3.8/site-packages/airflow/example_dags/example_sla_dag.py took 0.123 seconds
[2025-04-17T22:52:26.779+0000] {processor.py:161} INFO - Started process (PID=1340) to work on /home/airflow/.local/lib/python3.8/site-packages/airflow/example_dags/example_sla_dag.py
[2025-04-17T22:52:26.784+0000] {processor.py:830} INFO - Processing file /home/airflow/.local/lib/python3.8/site-packages/airflow/example_dags/example_sla_dag.py for tasks to queue
[2025-04-17T22:52:26.796+0000] {logging_mixin.py:188} INFO - [2025-04-17T22:52:26.795+0000] {dagbag.py:538} INFO - Filling up the DagBag from /home/airflow/.local/lib/python3.8/site-packages/airflow/example_dags/example_sla_dag.py
[2025-04-17T22:52:26.833+0000] {processor.py:840} INFO - DAG(s) 'example_sla_dag' retrieved from /home/airflow/.local/lib/python3.8/site-packages/airflow/example_dags/example_sla_dag.py
[2025-04-17T22:52:26.998+0000] {logging_mixin.py:188} INFO - [2025-04-17T22:52:26.997+0000] {dag.py:3036} INFO - Sync 1 DAGs
[2025-04-17T22:52:27.103+0000] {logging_mixin.py:188} INFO - [2025-04-17T22:52:27.101+0000] {dag.py:3823} INFO - Setting next_dagrun for example_sla_dag to 2025-04-17 22:50:00+00:00, run_after=2025-04-17 22:52:00+00:00
[2025-04-17T22:52:27.174+0000] {processor.py:183} INFO - Processing /home/airflow/.local/lib/python3.8/site-packages/airflow/example_dags/example_sla_dag.py took 0.408 seconds
[2025-04-17T22:52:57.705+0000] {processor.py:161} INFO - Started process (PID=1395) to work on /home/airflow/.local/lib/python3.8/site-packages/airflow/example_dags/example_sla_dag.py
[2025-04-17T22:52:57.706+0000] {processor.py:830} INFO - Processing file /home/airflow/.local/lib/python3.8/site-packages/airflow/example_dags/example_sla_dag.py for tasks to queue
[2025-04-17T22:52:57.710+0000] {logging_mixin.py:188} INFO - [2025-04-17T22:52:57.710+0000] {dagbag.py:538} INFO - Filling up the DagBag from /home/airflow/.local/lib/python3.8/site-packages/airflow/example_dags/example_sla_dag.py
[2025-04-17T22:52:57.725+0000] {processor.py:840} INFO - DAG(s) 'example_sla_dag' retrieved from /home/airflow/.local/lib/python3.8/site-packages/airflow/example_dags/example_sla_dag.py
[2025-04-17T22:52:57.769+0000] {logging_mixin.py:188} INFO - [2025-04-17T22:52:57.769+0000] {dag.py:3036} INFO - Sync 1 DAGs
[2025-04-17T22:52:57.821+0000] {logging_mixin.py:188} INFO - [2025-04-17T22:52:57.821+0000] {dag.py:3823} INFO - Setting next_dagrun for example_sla_dag to 2025-04-17 22:50:00+00:00, run_after=2025-04-17 22:52:00+00:00
[2025-04-17T22:52:57.857+0000] {processor.py:183} INFO - Processing /home/airflow/.local/lib/python3.8/site-packages/airflow/example_dags/example_sla_dag.py took 0.160 seconds
[2025-04-17T22:53:27.936+0000] {processor.py:161} INFO - Started process (PID=1450) to work on /home/airflow/.local/lib/python3.8/site-packages/airflow/example_dags/example_sla_dag.py
[2025-04-17T22:53:27.938+0000] {processor.py:830} INFO - Processing file /home/airflow/.local/lib/python3.8/site-packages/airflow/example_dags/example_sla_dag.py for tasks to queue
[2025-04-17T22:53:27.944+0000] {logging_mixin.py:188} INFO - [2025-04-17T22:53:27.944+0000] {dagbag.py:538} INFO - Filling up the DagBag from /home/airflow/.local/lib/python3.8/site-packages/airflow/example_dags/example_sla_dag.py
[2025-04-17T22:53:27.959+0000] {processor.py:840} INFO - DAG(s) 'example_sla_dag' retrieved from /home/airflow/.local/lib/python3.8/site-packages/airflow/example_dags/example_sla_dag.py
[2025-04-17T22:53:27.996+0000] {logging_mixin.py:188} INFO - [2025-04-17T22:53:27.995+0000] {dag.py:3036} INFO - Sync 1 DAGs
[2025-04-17T22:53:28.038+0000] {logging_mixin.py:188} INFO - [2025-04-17T22:53:28.038+0000] {dag.py:3823} INFO - Setting next_dagrun for example_sla_dag to 2025-04-17 22:50:00+00:00, run_after=2025-04-17 22:52:00+00:00
[2025-04-17T22:53:28.069+0000] {processor.py:183} INFO - Processing /home/airflow/.local/lib/python3.8/site-packages/airflow/example_dags/example_sla_dag.py took 0.138 seconds
[2025-04-17T22:53:58.230+0000] {processor.py:161} INFO - Started process (PID=1505) to work on /home/airflow/.local/lib/python3.8/site-packages/airflow/example_dags/example_sla_dag.py
[2025-04-17T22:53:58.232+0000] {processor.py:830} INFO - Processing file /home/airflow/.local/lib/python3.8/site-packages/airflow/example_dags/example_sla_dag.py for tasks to queue
[2025-04-17T22:53:58.235+0000] {logging_mixin.py:188} INFO - [2025-04-17T22:53:58.235+0000] {dagbag.py:538} INFO - Filling up the DagBag from /home/airflow/.local/lib/python3.8/site-packages/airflow/example_dags/example_sla_dag.py
[2025-04-17T22:53:58.249+0000] {processor.py:840} INFO - DAG(s) 'example_sla_dag' retrieved from /home/airflow/.local/lib/python3.8/site-packages/airflow/example_dags/example_sla_dag.py
[2025-04-17T22:53:58.282+0000] {logging_mixin.py:188} INFO - [2025-04-17T22:53:58.281+0000] {dag.py:3036} INFO - Sync 1 DAGs
[2025-04-17T22:53:58.321+0000] {logging_mixin.py:188} INFO - [2025-04-17T22:53:58.321+0000] {dag.py:3823} INFO - Setting next_dagrun for example_sla_dag to 2025-04-17 22:50:00+00:00, run_after=2025-04-17 22:52:00+00:00
[2025-04-17T22:53:58.348+0000] {processor.py:183} INFO - Processing /home/airflow/.local/lib/python3.8/site-packages/airflow/example_dags/example_sla_dag.py took 0.123 seconds
