[2025-04-17T22:40:49.888+0000] {processor.py:161} INFO - Started process (PID=106) to work on /home/airflow/.local/lib/python3.8/site-packages/airflow/example_dags/example_branch_datetime_operator.py
[2025-04-17T22:40:49.889+0000] {processor.py:830} INFO - Processing file /home/airflow/.local/lib/python3.8/site-packages/airflow/example_dags/example_branch_datetime_operator.py for tasks to queue
[2025-04-17T22:40:49.893+0000] {logging_mixin.py:188} INFO - [2025-04-17T22:40:49.893+0000] {dagbag.py:538} INFO - Filling up the DagBag from /home/airflow/.local/lib/python3.8/site-packages/airflow/example_dags/example_branch_datetime_operator.py
[2025-04-17T22:40:49.914+0000] {processor.py:840} INFO - DAG(s) 'example_branch_datetime_operator_3', 'example_branch_datetime_operator', 'example_branch_datetime_operator_2' retrieved from /home/airflow/.local/lib/python3.8/site-packages/airflow/example_dags/example_branch_datetime_operator.py
[2025-04-17T22:40:50.140+0000] {logging_mixin.py:188} INFO - [2025-04-17T22:40:50.140+0000] {dag.py:3036} INFO - Sync 3 DAGs
[2025-04-17T22:40:50.187+0000] {logging_mixin.py:188} INFO - [2025-04-17T22:40:50.187+0000] {dag.py:3823} INFO - Setting next_dagrun for example_branch_datetime_operator to 2025-04-16 00:00:00+00:00, run_after=2025-04-17 00:00:00+00:00
[2025-04-17T22:40:50.195+0000] {logging_mixin.py:188} INFO - [2025-04-17T22:40:50.194+0000] {dag.py:3823} INFO - Setting next_dagrun for example_branch_datetime_operator_2 to 2025-04-16 00:00:00+00:00, run_after=2025-04-17 00:00:00+00:00
[2025-04-17T22:40:50.199+0000] {logging_mixin.py:188} INFO - [2025-04-17T22:40:50.199+0000] {dag.py:3823} INFO - Setting next_dagrun for example_branch_datetime_operator_3 to 2025-04-16 00:00:00+00:00, run_after=2025-04-17 00:00:00+00:00
[2025-04-17T22:40:50.228+0000] {processor.py:183} INFO - Processing /home/airflow/.local/lib/python3.8/site-packages/airflow/example_dags/example_branch_datetime_operator.py took 0.346 seconds
[2025-04-17T22:41:20.565+0000] {processor.py:161} INFO - Started process (PID=161) to work on /home/airflow/.local/lib/python3.8/site-packages/airflow/example_dags/example_branch_datetime_operator.py
[2025-04-17T22:41:20.567+0000] {processor.py:830} INFO - Processing file /home/airflow/.local/lib/python3.8/site-packages/airflow/example_dags/example_branch_datetime_operator.py for tasks to queue
[2025-04-17T22:41:20.569+0000] {logging_mixin.py:188} INFO - [2025-04-17T22:41:20.569+0000] {dagbag.py:538} INFO - Filling up the DagBag from /home/airflow/.local/lib/python3.8/site-packages/airflow/example_dags/example_branch_datetime_operator.py
[2025-04-17T22:41:20.587+0000] {processor.py:840} INFO - DAG(s) 'example_branch_datetime_operator_2', 'example_branch_datetime_operator_3', 'example_branch_datetime_operator' retrieved from /home/airflow/.local/lib/python3.8/site-packages/airflow/example_dags/example_branch_datetime_operator.py
[2025-04-17T22:41:20.635+0000] {logging_mixin.py:188} INFO - [2025-04-17T22:41:20.634+0000] {dag.py:3036} INFO - Sync 3 DAGs
[2025-04-17T22:41:20.672+0000] {logging_mixin.py:188} INFO - [2025-04-17T22:41:20.672+0000] {dag.py:3823} INFO - Setting next_dagrun for example_branch_datetime_operator to 2025-04-16 00:00:00+00:00, run_after=2025-04-17 00:00:00+00:00
[2025-04-17T22:41:20.682+0000] {logging_mixin.py:188} INFO - [2025-04-17T22:41:20.682+0000] {dag.py:3823} INFO - Setting next_dagrun for example_branch_datetime_operator_2 to 2025-04-16 00:00:00+00:00, run_after=2025-04-17 00:00:00+00:00
[2025-04-17T22:41:20.687+0000] {logging_mixin.py:188} INFO - [2025-04-17T22:41:20.687+0000] {dag.py:3823} INFO - Setting next_dagrun for example_branch_datetime_operator_3 to 2025-04-16 00:00:00+00:00, run_after=2025-04-17 00:00:00+00:00
[2025-04-17T22:41:20.713+0000] {processor.py:183} INFO - Processing /home/airflow/.local/lib/python3.8/site-packages/airflow/example_dags/example_branch_datetime_operator.py took 0.153 seconds
[2025-04-17T22:41:51.143+0000] {processor.py:161} INFO - Started process (PID=217) to work on /home/airflow/.local/lib/python3.8/site-packages/airflow/example_dags/example_branch_datetime_operator.py
[2025-04-17T22:41:51.145+0000] {processor.py:830} INFO - Processing file /home/airflow/.local/lib/python3.8/site-packages/airflow/example_dags/example_branch_datetime_operator.py for tasks to queue
[2025-04-17T22:41:51.148+0000] {logging_mixin.py:188} INFO - [2025-04-17T22:41:51.148+0000] {dagbag.py:538} INFO - Filling up the DagBag from /home/airflow/.local/lib/python3.8/site-packages/airflow/example_dags/example_branch_datetime_operator.py
[2025-04-17T22:41:51.169+0000] {processor.py:840} INFO - DAG(s) 'example_branch_datetime_operator', 'example_branch_datetime_operator_3', 'example_branch_datetime_operator_2' retrieved from /home/airflow/.local/lib/python3.8/site-packages/airflow/example_dags/example_branch_datetime_operator.py
[2025-04-17T22:41:51.223+0000] {logging_mixin.py:188} INFO - [2025-04-17T22:41:51.223+0000] {dag.py:3036} INFO - Sync 3 DAGs
[2025-04-17T22:41:51.264+0000] {logging_mixin.py:188} INFO - [2025-04-17T22:41:51.264+0000] {dag.py:3823} INFO - Setting next_dagrun for example_branch_datetime_operator to 2025-04-16 00:00:00+00:00, run_after=2025-04-17 00:00:00+00:00
[2025-04-17T22:41:51.273+0000] {logging_mixin.py:188} INFO - [2025-04-17T22:41:51.273+0000] {dag.py:3823} INFO - Setting next_dagrun for example_branch_datetime_operator_2 to 2025-04-16 00:00:00+00:00, run_after=2025-04-17 00:00:00+00:00
[2025-04-17T22:41:51.279+0000] {logging_mixin.py:188} INFO - [2025-04-17T22:41:51.279+0000] {dag.py:3823} INFO - Setting next_dagrun for example_branch_datetime_operator_3 to 2025-04-16 00:00:00+00:00, run_after=2025-04-17 00:00:00+00:00
[2025-04-17T22:41:51.308+0000] {processor.py:183} INFO - Processing /home/airflow/.local/lib/python3.8/site-packages/airflow/example_dags/example_branch_datetime_operator.py took 0.171 seconds
[2025-04-17T22:42:21.535+0000] {processor.py:161} INFO - Started process (PID=272) to work on /home/airflow/.local/lib/python3.8/site-packages/airflow/example_dags/example_branch_datetime_operator.py
[2025-04-17T22:42:21.536+0000] {processor.py:830} INFO - Processing file /home/airflow/.local/lib/python3.8/site-packages/airflow/example_dags/example_branch_datetime_operator.py for tasks to queue
[2025-04-17T22:42:21.539+0000] {logging_mixin.py:188} INFO - [2025-04-17T22:42:21.539+0000] {dagbag.py:538} INFO - Filling up the DagBag from /home/airflow/.local/lib/python3.8/site-packages/airflow/example_dags/example_branch_datetime_operator.py
[2025-04-17T22:42:21.558+0000] {processor.py:840} INFO - DAG(s) 'example_branch_datetime_operator_2', 'example_branch_datetime_operator', 'example_branch_datetime_operator_3' retrieved from /home/airflow/.local/lib/python3.8/site-packages/airflow/example_dags/example_branch_datetime_operator.py
[2025-04-17T22:42:21.608+0000] {logging_mixin.py:188} INFO - [2025-04-17T22:42:21.607+0000] {dag.py:3036} INFO - Sync 3 DAGs
[2025-04-17T22:42:21.653+0000] {logging_mixin.py:188} INFO - [2025-04-17T22:42:21.652+0000] {dag.py:3823} INFO - Setting next_dagrun for example_branch_datetime_operator to 2025-04-16 00:00:00+00:00, run_after=2025-04-17 00:00:00+00:00
[2025-04-17T22:42:21.661+0000] {logging_mixin.py:188} INFO - [2025-04-17T22:42:21.661+0000] {dag.py:3823} INFO - Setting next_dagrun for example_branch_datetime_operator_2 to 2025-04-16 00:00:00+00:00, run_after=2025-04-17 00:00:00+00:00
[2025-04-17T22:42:21.666+0000] {logging_mixin.py:188} INFO - [2025-04-17T22:42:21.665+0000] {dag.py:3823} INFO - Setting next_dagrun for example_branch_datetime_operator_3 to 2025-04-16 00:00:00+00:00, run_after=2025-04-17 00:00:00+00:00
[2025-04-17T22:42:21.693+0000] {processor.py:183} INFO - Processing /home/airflow/.local/lib/python3.8/site-packages/airflow/example_dags/example_branch_datetime_operator.py took 0.164 seconds
[2025-04-17T22:42:51.960+0000] {processor.py:161} INFO - Started process (PID=327) to work on /home/airflow/.local/lib/python3.8/site-packages/airflow/example_dags/example_branch_datetime_operator.py
[2025-04-17T22:42:51.962+0000] {processor.py:830} INFO - Processing file /home/airflow/.local/lib/python3.8/site-packages/airflow/example_dags/example_branch_datetime_operator.py for tasks to queue
[2025-04-17T22:42:51.966+0000] {logging_mixin.py:188} INFO - [2025-04-17T22:42:51.966+0000] {dagbag.py:538} INFO - Filling up the DagBag from /home/airflow/.local/lib/python3.8/site-packages/airflow/example_dags/example_branch_datetime_operator.py
[2025-04-17T22:42:51.988+0000] {processor.py:840} INFO - DAG(s) 'example_branch_datetime_operator_3', 'example_branch_datetime_operator_2', 'example_branch_datetime_operator' retrieved from /home/airflow/.local/lib/python3.8/site-packages/airflow/example_dags/example_branch_datetime_operator.py
[2025-04-17T22:42:52.045+0000] {logging_mixin.py:188} INFO - [2025-04-17T22:42:52.044+0000] {dag.py:3036} INFO - Sync 3 DAGs
[2025-04-17T22:42:52.086+0000] {logging_mixin.py:188} INFO - [2025-04-17T22:42:52.086+0000] {dag.py:3823} INFO - Setting next_dagrun for example_branch_datetime_operator to 2025-04-16 00:00:00+00:00, run_after=2025-04-17 00:00:00+00:00
[2025-04-17T22:42:52.094+0000] {logging_mixin.py:188} INFO - [2025-04-17T22:42:52.094+0000] {dag.py:3823} INFO - Setting next_dagrun for example_branch_datetime_operator_2 to 2025-04-16 00:00:00+00:00, run_after=2025-04-17 00:00:00+00:00
[2025-04-17T22:42:52.099+0000] {logging_mixin.py:188} INFO - [2025-04-17T22:42:52.099+0000] {dag.py:3823} INFO - Setting next_dagrun for example_branch_datetime_operator_3 to 2025-04-16 00:00:00+00:00, run_after=2025-04-17 00:00:00+00:00
[2025-04-17T22:42:52.125+0000] {processor.py:183} INFO - Processing /home/airflow/.local/lib/python3.8/site-packages/airflow/example_dags/example_branch_datetime_operator.py took 0.171 seconds
[2025-04-17T22:43:22.690+0000] {processor.py:161} INFO - Started process (PID=382) to work on /home/airflow/.local/lib/python3.8/site-packages/airflow/example_dags/example_branch_datetime_operator.py
[2025-04-17T22:43:22.691+0000] {processor.py:830} INFO - Processing file /home/airflow/.local/lib/python3.8/site-packages/airflow/example_dags/example_branch_datetime_operator.py for tasks to queue
[2025-04-17T22:43:22.694+0000] {logging_mixin.py:188} INFO - [2025-04-17T22:43:22.694+0000] {dagbag.py:538} INFO - Filling up the DagBag from /home/airflow/.local/lib/python3.8/site-packages/airflow/example_dags/example_branch_datetime_operator.py
[2025-04-17T22:43:22.711+0000] {processor.py:840} INFO - DAG(s) 'example_branch_datetime_operator_2', 'example_branch_datetime_operator', 'example_branch_datetime_operator_3' retrieved from /home/airflow/.local/lib/python3.8/site-packages/airflow/example_dags/example_branch_datetime_operator.py
[2025-04-17T22:43:22.760+0000] {logging_mixin.py:188} INFO - [2025-04-17T22:43:22.760+0000] {dag.py:3036} INFO - Sync 3 DAGs
[2025-04-17T22:43:22.799+0000] {logging_mixin.py:188} INFO - [2025-04-17T22:43:22.799+0000] {dag.py:3823} INFO - Setting next_dagrun for example_branch_datetime_operator to 2025-04-16 00:00:00+00:00, run_after=2025-04-17 00:00:00+00:00
[2025-04-17T22:43:22.808+0000] {logging_mixin.py:188} INFO - [2025-04-17T22:43:22.807+0000] {dag.py:3823} INFO - Setting next_dagrun for example_branch_datetime_operator_2 to 2025-04-16 00:00:00+00:00, run_after=2025-04-17 00:00:00+00:00
[2025-04-17T22:43:22.813+0000] {logging_mixin.py:188} INFO - [2025-04-17T22:43:22.812+0000] {dag.py:3823} INFO - Setting next_dagrun for example_branch_datetime_operator_3 to 2025-04-16 00:00:00+00:00, run_after=2025-04-17 00:00:00+00:00
[2025-04-17T22:43:22.840+0000] {processor.py:183} INFO - Processing /home/airflow/.local/lib/python3.8/site-packages/airflow/example_dags/example_branch_datetime_operator.py took 0.156 seconds
[2025-04-17T22:43:53.157+0000] {processor.py:161} INFO - Started process (PID=437) to work on /home/airflow/.local/lib/python3.8/site-packages/airflow/example_dags/example_branch_datetime_operator.py
[2025-04-17T22:43:53.159+0000] {processor.py:830} INFO - Processing file /home/airflow/.local/lib/python3.8/site-packages/airflow/example_dags/example_branch_datetime_operator.py for tasks to queue
[2025-04-17T22:43:53.162+0000] {logging_mixin.py:188} INFO - [2025-04-17T22:43:53.161+0000] {dagbag.py:538} INFO - Filling up the DagBag from /home/airflow/.local/lib/python3.8/site-packages/airflow/example_dags/example_branch_datetime_operator.py
[2025-04-17T22:43:53.185+0000] {processor.py:840} INFO - DAG(s) 'example_branch_datetime_operator_3', 'example_branch_datetime_operator_2', 'example_branch_datetime_operator' retrieved from /home/airflow/.local/lib/python3.8/site-packages/airflow/example_dags/example_branch_datetime_operator.py
[2025-04-17T22:43:53.267+0000] {logging_mixin.py:188} INFO - [2025-04-17T22:43:53.267+0000] {dag.py:3036} INFO - Sync 3 DAGs
[2025-04-17T22:43:53.365+0000] {logging_mixin.py:188} INFO - [2025-04-17T22:43:53.365+0000] {dag.py:3823} INFO - Setting next_dagrun for example_branch_datetime_operator to 2025-04-16 00:00:00+00:00, run_after=2025-04-17 00:00:00+00:00
[2025-04-17T22:43:53.391+0000] {logging_mixin.py:188} INFO - [2025-04-17T22:43:53.390+0000] {dag.py:3823} INFO - Setting next_dagrun for example_branch_datetime_operator_2 to 2025-04-16 00:00:00+00:00, run_after=2025-04-17 00:00:00+00:00
[2025-04-17T22:43:53.400+0000] {logging_mixin.py:188} INFO - [2025-04-17T22:43:53.400+0000] {dag.py:3823} INFO - Setting next_dagrun for example_branch_datetime_operator_3 to 2025-04-16 00:00:00+00:00, run_after=2025-04-17 00:00:00+00:00
[2025-04-17T22:43:53.445+0000] {processor.py:183} INFO - Processing /home/airflow/.local/lib/python3.8/site-packages/airflow/example_dags/example_branch_datetime_operator.py took 0.294 seconds
[2025-04-17T22:44:24.156+0000] {processor.py:161} INFO - Started process (PID=492) to work on /home/airflow/.local/lib/python3.8/site-packages/airflow/example_dags/example_branch_datetime_operator.py
[2025-04-17T22:44:24.157+0000] {processor.py:830} INFO - Processing file /home/airflow/.local/lib/python3.8/site-packages/airflow/example_dags/example_branch_datetime_operator.py for tasks to queue
[2025-04-17T22:44:24.160+0000] {logging_mixin.py:188} INFO - [2025-04-17T22:44:24.160+0000] {dagbag.py:538} INFO - Filling up the DagBag from /home/airflow/.local/lib/python3.8/site-packages/airflow/example_dags/example_branch_datetime_operator.py
[2025-04-17T22:44:24.184+0000] {processor.py:840} INFO - DAG(s) 'example_branch_datetime_operator_2', 'example_branch_datetime_operator_3', 'example_branch_datetime_operator' retrieved from /home/airflow/.local/lib/python3.8/site-packages/airflow/example_dags/example_branch_datetime_operator.py
[2025-04-17T22:44:24.268+0000] {logging_mixin.py:188} INFO - [2025-04-17T22:44:24.267+0000] {dag.py:3036} INFO - Sync 3 DAGs
[2025-04-17T22:44:24.372+0000] {logging_mixin.py:188} INFO - [2025-04-17T22:44:24.371+0000] {dag.py:3823} INFO - Setting next_dagrun for example_branch_datetime_operator to 2025-04-16 00:00:00+00:00, run_after=2025-04-17 00:00:00+00:00
[2025-04-17T22:44:24.391+0000] {logging_mixin.py:188} INFO - [2025-04-17T22:44:24.390+0000] {dag.py:3823} INFO - Setting next_dagrun for example_branch_datetime_operator_2 to 2025-04-16 00:00:00+00:00, run_after=2025-04-17 00:00:00+00:00
[2025-04-17T22:44:24.400+0000] {logging_mixin.py:188} INFO - [2025-04-17T22:44:24.399+0000] {dag.py:3823} INFO - Setting next_dagrun for example_branch_datetime_operator_3 to 2025-04-16 00:00:00+00:00, run_after=2025-04-17 00:00:00+00:00
[2025-04-17T22:44:24.455+0000] {processor.py:183} INFO - Processing /home/airflow/.local/lib/python3.8/site-packages/airflow/example_dags/example_branch_datetime_operator.py took 0.305 seconds
[2025-04-17T22:44:54.570+0000] {processor.py:161} INFO - Started process (PID=547) to work on /home/airflow/.local/lib/python3.8/site-packages/airflow/example_dags/example_branch_datetime_operator.py
[2025-04-17T22:44:54.572+0000] {processor.py:830} INFO - Processing file /home/airflow/.local/lib/python3.8/site-packages/airflow/example_dags/example_branch_datetime_operator.py for tasks to queue
[2025-04-17T22:44:54.574+0000] {logging_mixin.py:188} INFO - [2025-04-17T22:44:54.574+0000] {dagbag.py:538} INFO - Filling up the DagBag from /home/airflow/.local/lib/python3.8/site-packages/airflow/example_dags/example_branch_datetime_operator.py
[2025-04-17T22:44:54.591+0000] {processor.py:840} INFO - DAG(s) 'example_branch_datetime_operator_2', 'example_branch_datetime_operator_3', 'example_branch_datetime_operator' retrieved from /home/airflow/.local/lib/python3.8/site-packages/airflow/example_dags/example_branch_datetime_operator.py
[2025-04-17T22:44:54.638+0000] {logging_mixin.py:188} INFO - [2025-04-17T22:44:54.637+0000] {dag.py:3036} INFO - Sync 3 DAGs
[2025-04-17T22:44:54.675+0000] {logging_mixin.py:188} INFO - [2025-04-17T22:44:54.675+0000] {dag.py:3823} INFO - Setting next_dagrun for example_branch_datetime_operator to 2025-04-16 00:00:00+00:00, run_after=2025-04-17 00:00:00+00:00
[2025-04-17T22:44:54.683+0000] {logging_mixin.py:188} INFO - [2025-04-17T22:44:54.683+0000] {dag.py:3823} INFO - Setting next_dagrun for example_branch_datetime_operator_2 to 2025-04-16 00:00:00+00:00, run_after=2025-04-17 00:00:00+00:00
[2025-04-17T22:44:54.688+0000] {logging_mixin.py:188} INFO - [2025-04-17T22:44:54.687+0000] {dag.py:3823} INFO - Setting next_dagrun for example_branch_datetime_operator_3 to 2025-04-16 00:00:00+00:00, run_after=2025-04-17 00:00:00+00:00
[2025-04-17T22:44:54.714+0000] {processor.py:183} INFO - Processing /home/airflow/.local/lib/python3.8/site-packages/airflow/example_dags/example_branch_datetime_operator.py took 0.150 seconds
[2025-04-17T22:45:25.115+0000] {processor.py:161} INFO - Started process (PID=602) to work on /home/airflow/.local/lib/python3.8/site-packages/airflow/example_dags/example_branch_datetime_operator.py
[2025-04-17T22:45:25.117+0000] {processor.py:830} INFO - Processing file /home/airflow/.local/lib/python3.8/site-packages/airflow/example_dags/example_branch_datetime_operator.py for tasks to queue
[2025-04-17T22:45:25.120+0000] {logging_mixin.py:188} INFO - [2025-04-17T22:45:25.119+0000] {dagbag.py:538} INFO - Filling up the DagBag from /home/airflow/.local/lib/python3.8/site-packages/airflow/example_dags/example_branch_datetime_operator.py
[2025-04-17T22:45:25.136+0000] {processor.py:840} INFO - DAG(s) 'example_branch_datetime_operator_3', 'example_branch_datetime_operator', 'example_branch_datetime_operator_2' retrieved from /home/airflow/.local/lib/python3.8/site-packages/airflow/example_dags/example_branch_datetime_operator.py
[2025-04-17T22:45:25.183+0000] {logging_mixin.py:188} INFO - [2025-04-17T22:45:25.182+0000] {dag.py:3036} INFO - Sync 3 DAGs
[2025-04-17T22:45:25.219+0000] {logging_mixin.py:188} INFO - [2025-04-17T22:45:25.219+0000] {dag.py:3823} INFO - Setting next_dagrun for example_branch_datetime_operator to 2025-04-16 00:00:00+00:00, run_after=2025-04-17 00:00:00+00:00
[2025-04-17T22:45:25.228+0000] {logging_mixin.py:188} INFO - [2025-04-17T22:45:25.228+0000] {dag.py:3823} INFO - Setting next_dagrun for example_branch_datetime_operator_2 to 2025-04-16 00:00:00+00:00, run_after=2025-04-17 00:00:00+00:00
[2025-04-17T22:45:25.233+0000] {logging_mixin.py:188} INFO - [2025-04-17T22:45:25.232+0000] {dag.py:3823} INFO - Setting next_dagrun for example_branch_datetime_operator_3 to 2025-04-16 00:00:00+00:00, run_after=2025-04-17 00:00:00+00:00
[2025-04-17T22:45:25.268+0000] {processor.py:183} INFO - Processing /home/airflow/.local/lib/python3.8/site-packages/airflow/example_dags/example_branch_datetime_operator.py took 0.158 seconds
[2025-04-17T22:45:55.642+0000] {processor.py:161} INFO - Started process (PID=657) to work on /home/airflow/.local/lib/python3.8/site-packages/airflow/example_dags/example_branch_datetime_operator.py
[2025-04-17T22:45:55.644+0000] {processor.py:830} INFO - Processing file /home/airflow/.local/lib/python3.8/site-packages/airflow/example_dags/example_branch_datetime_operator.py for tasks to queue
[2025-04-17T22:45:55.647+0000] {logging_mixin.py:188} INFO - [2025-04-17T22:45:55.646+0000] {dagbag.py:538} INFO - Filling up the DagBag from /home/airflow/.local/lib/python3.8/site-packages/airflow/example_dags/example_branch_datetime_operator.py
[2025-04-17T22:45:55.666+0000] {processor.py:840} INFO - DAG(s) 'example_branch_datetime_operator_3', 'example_branch_datetime_operator_2', 'example_branch_datetime_operator' retrieved from /home/airflow/.local/lib/python3.8/site-packages/airflow/example_dags/example_branch_datetime_operator.py
[2025-04-17T22:45:55.709+0000] {logging_mixin.py:188} INFO - [2025-04-17T22:45:55.709+0000] {dag.py:3036} INFO - Sync 3 DAGs
[2025-04-17T22:45:55.746+0000] {logging_mixin.py:188} INFO - [2025-04-17T22:45:55.745+0000] {dag.py:3823} INFO - Setting next_dagrun for example_branch_datetime_operator to 2025-04-16 00:00:00+00:00, run_after=2025-04-17 00:00:00+00:00
[2025-04-17T22:45:55.754+0000] {logging_mixin.py:188} INFO - [2025-04-17T22:45:55.754+0000] {dag.py:3823} INFO - Setting next_dagrun for example_branch_datetime_operator_2 to 2025-04-16 00:00:00+00:00, run_after=2025-04-17 00:00:00+00:00
[2025-04-17T22:45:55.758+0000] {logging_mixin.py:188} INFO - [2025-04-17T22:45:55.758+0000] {dag.py:3823} INFO - Setting next_dagrun for example_branch_datetime_operator_3 to 2025-04-16 00:00:00+00:00, run_after=2025-04-17 00:00:00+00:00
[2025-04-17T22:45:55.783+0000] {processor.py:183} INFO - Processing /home/airflow/.local/lib/python3.8/site-packages/airflow/example_dags/example_branch_datetime_operator.py took 0.146 seconds
[2025-04-17T22:46:26.082+0000] {processor.py:161} INFO - Started process (PID=712) to work on /home/airflow/.local/lib/python3.8/site-packages/airflow/example_dags/example_branch_datetime_operator.py
[2025-04-17T22:46:26.084+0000] {processor.py:830} INFO - Processing file /home/airflow/.local/lib/python3.8/site-packages/airflow/example_dags/example_branch_datetime_operator.py for tasks to queue
[2025-04-17T22:46:26.087+0000] {logging_mixin.py:188} INFO - [2025-04-17T22:46:26.087+0000] {dagbag.py:538} INFO - Filling up the DagBag from /home/airflow/.local/lib/python3.8/site-packages/airflow/example_dags/example_branch_datetime_operator.py
[2025-04-17T22:46:26.105+0000] {processor.py:840} INFO - DAG(s) 'example_branch_datetime_operator', 'example_branch_datetime_operator_2', 'example_branch_datetime_operator_3' retrieved from /home/airflow/.local/lib/python3.8/site-packages/airflow/example_dags/example_branch_datetime_operator.py
[2025-04-17T22:46:26.149+0000] {logging_mixin.py:188} INFO - [2025-04-17T22:46:26.149+0000] {dag.py:3036} INFO - Sync 3 DAGs
[2025-04-17T22:46:26.186+0000] {logging_mixin.py:188} INFO - [2025-04-17T22:46:26.186+0000] {dag.py:3823} INFO - Setting next_dagrun for example_branch_datetime_operator to 2025-04-16 00:00:00+00:00, run_after=2025-04-17 00:00:00+00:00
[2025-04-17T22:46:26.195+0000] {logging_mixin.py:188} INFO - [2025-04-17T22:46:26.194+0000] {dag.py:3823} INFO - Setting next_dagrun for example_branch_datetime_operator_2 to 2025-04-16 00:00:00+00:00, run_after=2025-04-17 00:00:00+00:00
[2025-04-17T22:46:26.199+0000] {logging_mixin.py:188} INFO - [2025-04-17T22:46:26.199+0000] {dag.py:3823} INFO - Setting next_dagrun for example_branch_datetime_operator_3 to 2025-04-16 00:00:00+00:00, run_after=2025-04-17 00:00:00+00:00
[2025-04-17T22:46:26.225+0000] {processor.py:183} INFO - Processing /home/airflow/.local/lib/python3.8/site-packages/airflow/example_dags/example_branch_datetime_operator.py took 0.148 seconds
[2025-04-17T22:46:56.985+0000] {processor.py:161} INFO - Started process (PID=767) to work on /home/airflow/.local/lib/python3.8/site-packages/airflow/example_dags/example_branch_datetime_operator.py
[2025-04-17T22:46:56.986+0000] {processor.py:830} INFO - Processing file /home/airflow/.local/lib/python3.8/site-packages/airflow/example_dags/example_branch_datetime_operator.py for tasks to queue
[2025-04-17T22:46:56.989+0000] {logging_mixin.py:188} INFO - [2025-04-17T22:46:56.989+0000] {dagbag.py:538} INFO - Filling up the DagBag from /home/airflow/.local/lib/python3.8/site-packages/airflow/example_dags/example_branch_datetime_operator.py
[2025-04-17T22:46:57.007+0000] {processor.py:840} INFO - DAG(s) 'example_branch_datetime_operator_3', 'example_branch_datetime_operator_2', 'example_branch_datetime_operator' retrieved from /home/airflow/.local/lib/python3.8/site-packages/airflow/example_dags/example_branch_datetime_operator.py
[2025-04-17T22:46:57.057+0000] {logging_mixin.py:188} INFO - [2025-04-17T22:46:57.057+0000] {dag.py:3036} INFO - Sync 3 DAGs
[2025-04-17T22:46:57.099+0000] {logging_mixin.py:188} INFO - [2025-04-17T22:46:57.099+0000] {dag.py:3823} INFO - Setting next_dagrun for example_branch_datetime_operator to 2025-04-16 00:00:00+00:00, run_after=2025-04-17 00:00:00+00:00
[2025-04-17T22:46:57.108+0000] {logging_mixin.py:188} INFO - [2025-04-17T22:46:57.107+0000] {dag.py:3823} INFO - Setting next_dagrun for example_branch_datetime_operator_2 to 2025-04-16 00:00:00+00:00, run_after=2025-04-17 00:00:00+00:00
[2025-04-17T22:46:57.113+0000] {logging_mixin.py:188} INFO - [2025-04-17T22:46:57.113+0000] {dag.py:3823} INFO - Setting next_dagrun for example_branch_datetime_operator_3 to 2025-04-16 00:00:00+00:00, run_after=2025-04-17 00:00:00+00:00
[2025-04-17T22:46:57.145+0000] {processor.py:183} INFO - Processing /home/airflow/.local/lib/python3.8/site-packages/airflow/example_dags/example_branch_datetime_operator.py took 0.166 seconds
[2025-04-17T22:47:27.623+0000] {processor.py:161} INFO - Started process (PID=822) to work on /home/airflow/.local/lib/python3.8/site-packages/airflow/example_dags/example_branch_datetime_operator.py
[2025-04-17T22:47:27.624+0000] {processor.py:830} INFO - Processing file /home/airflow/.local/lib/python3.8/site-packages/airflow/example_dags/example_branch_datetime_operator.py for tasks to queue
[2025-04-17T22:47:27.627+0000] {logging_mixin.py:188} INFO - [2025-04-17T22:47:27.627+0000] {dagbag.py:538} INFO - Filling up the DagBag from /home/airflow/.local/lib/python3.8/site-packages/airflow/example_dags/example_branch_datetime_operator.py
[2025-04-17T22:47:27.648+0000] {processor.py:840} INFO - DAG(s) 'example_branch_datetime_operator_3', 'example_branch_datetime_operator_2', 'example_branch_datetime_operator' retrieved from /home/airflow/.local/lib/python3.8/site-packages/airflow/example_dags/example_branch_datetime_operator.py
[2025-04-17T22:47:27.702+0000] {logging_mixin.py:188} INFO - [2025-04-17T22:47:27.702+0000] {dag.py:3036} INFO - Sync 3 DAGs
[2025-04-17T22:47:27.745+0000] {logging_mixin.py:188} INFO - [2025-04-17T22:47:27.745+0000] {dag.py:3823} INFO - Setting next_dagrun for example_branch_datetime_operator to 2025-04-16 00:00:00+00:00, run_after=2025-04-17 00:00:00+00:00
[2025-04-17T22:47:27.754+0000] {logging_mixin.py:188} INFO - [2025-04-17T22:47:27.754+0000] {dag.py:3823} INFO - Setting next_dagrun for example_branch_datetime_operator_2 to 2025-04-16 00:00:00+00:00, run_after=2025-04-17 00:00:00+00:00
[2025-04-17T22:47:27.759+0000] {logging_mixin.py:188} INFO - [2025-04-17T22:47:27.758+0000] {dag.py:3823} INFO - Setting next_dagrun for example_branch_datetime_operator_3 to 2025-04-16 00:00:00+00:00, run_after=2025-04-17 00:00:00+00:00
[2025-04-17T22:47:27.791+0000] {processor.py:183} INFO - Processing /home/airflow/.local/lib/python3.8/site-packages/airflow/example_dags/example_branch_datetime_operator.py took 0.174 seconds
[2025-04-17T22:47:57.832+0000] {processor.py:161} INFO - Started process (PID=877) to work on /home/airflow/.local/lib/python3.8/site-packages/airflow/example_dags/example_branch_datetime_operator.py
[2025-04-17T22:47:57.833+0000] {processor.py:830} INFO - Processing file /home/airflow/.local/lib/python3.8/site-packages/airflow/example_dags/example_branch_datetime_operator.py for tasks to queue
[2025-04-17T22:47:57.836+0000] {logging_mixin.py:188} INFO - [2025-04-17T22:47:57.836+0000] {dagbag.py:538} INFO - Filling up the DagBag from /home/airflow/.local/lib/python3.8/site-packages/airflow/example_dags/example_branch_datetime_operator.py
[2025-04-17T22:47:57.854+0000] {processor.py:840} INFO - DAG(s) 'example_branch_datetime_operator_2', 'example_branch_datetime_operator_3', 'example_branch_datetime_operator' retrieved from /home/airflow/.local/lib/python3.8/site-packages/airflow/example_dags/example_branch_datetime_operator.py
[2025-04-17T22:47:57.876+0000] {logging_mixin.py:188} INFO - [2025-04-17T22:47:57.876+0000] {dag.py:3036} INFO - Sync 3 DAGs
[2025-04-17T22:47:57.917+0000] {logging_mixin.py:188} INFO - [2025-04-17T22:47:57.916+0000] {dag.py:3823} INFO - Setting next_dagrun for example_branch_datetime_operator to 2025-04-16 00:00:00+00:00, run_after=2025-04-17 00:00:00+00:00
[2025-04-17T22:47:57.925+0000] {logging_mixin.py:188} INFO - [2025-04-17T22:47:57.924+0000] {dag.py:3823} INFO - Setting next_dagrun for example_branch_datetime_operator_2 to 2025-04-16 00:00:00+00:00, run_after=2025-04-17 00:00:00+00:00
[2025-04-17T22:47:57.929+0000] {logging_mixin.py:188} INFO - [2025-04-17T22:47:57.929+0000] {dag.py:3823} INFO - Setting next_dagrun for example_branch_datetime_operator_3 to 2025-04-16 00:00:00+00:00, run_after=2025-04-17 00:00:00+00:00
[2025-04-17T22:47:57.959+0000] {processor.py:183} INFO - Processing /home/airflow/.local/lib/python3.8/site-packages/airflow/example_dags/example_branch_datetime_operator.py took 0.133 seconds
[2025-04-17T22:48:29.323+0000] {processor.py:161} INFO - Started process (PID=932) to work on /home/airflow/.local/lib/python3.8/site-packages/airflow/example_dags/example_branch_datetime_operator.py
[2025-04-17T22:48:29.325+0000] {processor.py:830} INFO - Processing file /home/airflow/.local/lib/python3.8/site-packages/airflow/example_dags/example_branch_datetime_operator.py for tasks to queue
[2025-04-17T22:48:29.331+0000] {logging_mixin.py:188} INFO - [2025-04-17T22:48:29.331+0000] {dagbag.py:538} INFO - Filling up the DagBag from /home/airflow/.local/lib/python3.8/site-packages/airflow/example_dags/example_branch_datetime_operator.py
[2025-04-17T22:48:29.351+0000] {processor.py:840} INFO - DAG(s) 'example_branch_datetime_operator_3', 'example_branch_datetime_operator', 'example_branch_datetime_operator_2' retrieved from /home/airflow/.local/lib/python3.8/site-packages/airflow/example_dags/example_branch_datetime_operator.py
[2025-04-17T22:48:29.548+0000] {logging_mixin.py:188} INFO - [2025-04-17T22:48:29.547+0000] {dag.py:3036} INFO - Sync 3 DAGs
[2025-04-17T22:48:29.583+0000] {logging_mixin.py:188} INFO - [2025-04-17T22:48:29.582+0000] {dag.py:3823} INFO - Setting next_dagrun for example_branch_datetime_operator to 2025-04-16 00:00:00+00:00, run_after=2025-04-17 00:00:00+00:00
[2025-04-17T22:48:29.590+0000] {logging_mixin.py:188} INFO - [2025-04-17T22:48:29.590+0000] {dag.py:3823} INFO - Setting next_dagrun for example_branch_datetime_operator_2 to 2025-04-16 00:00:00+00:00, run_after=2025-04-17 00:00:00+00:00
[2025-04-17T22:48:29.596+0000] {logging_mixin.py:188} INFO - [2025-04-17T22:48:29.595+0000] {dag.py:3823} INFO - Setting next_dagrun for example_branch_datetime_operator_3 to 2025-04-16 00:00:00+00:00, run_after=2025-04-17 00:00:00+00:00
[2025-04-17T22:48:29.629+0000] {processor.py:183} INFO - Processing /home/airflow/.local/lib/python3.8/site-packages/airflow/example_dags/example_branch_datetime_operator.py took 0.312 seconds
[2025-04-17T22:48:59.965+0000] {processor.py:161} INFO - Started process (PID=987) to work on /home/airflow/.local/lib/python3.8/site-packages/airflow/example_dags/example_branch_datetime_operator.py
[2025-04-17T22:48:59.967+0000] {processor.py:830} INFO - Processing file /home/airflow/.local/lib/python3.8/site-packages/airflow/example_dags/example_branch_datetime_operator.py for tasks to queue
[2025-04-17T22:48:59.970+0000] {logging_mixin.py:188} INFO - [2025-04-17T22:48:59.970+0000] {dagbag.py:538} INFO - Filling up the DagBag from /home/airflow/.local/lib/python3.8/site-packages/airflow/example_dags/example_branch_datetime_operator.py
[2025-04-17T22:48:59.987+0000] {processor.py:840} INFO - DAG(s) 'example_branch_datetime_operator', 'example_branch_datetime_operator_2', 'example_branch_datetime_operator_3' retrieved from /home/airflow/.local/lib/python3.8/site-packages/airflow/example_dags/example_branch_datetime_operator.py
[2025-04-17T22:49:00.033+0000] {logging_mixin.py:188} INFO - [2025-04-17T22:49:00.033+0000] {dag.py:3036} INFO - Sync 3 DAGs
[2025-04-17T22:49:00.070+0000] {logging_mixin.py:188} INFO - [2025-04-17T22:49:00.070+0000] {dag.py:3823} INFO - Setting next_dagrun for example_branch_datetime_operator to 2025-04-16 00:00:00+00:00, run_after=2025-04-17 00:00:00+00:00
[2025-04-17T22:49:00.079+0000] {logging_mixin.py:188} INFO - [2025-04-17T22:49:00.078+0000] {dag.py:3823} INFO - Setting next_dagrun for example_branch_datetime_operator_2 to 2025-04-16 00:00:00+00:00, run_after=2025-04-17 00:00:00+00:00
[2025-04-17T22:49:00.085+0000] {logging_mixin.py:188} INFO - [2025-04-17T22:49:00.085+0000] {dag.py:3823} INFO - Setting next_dagrun for example_branch_datetime_operator_3 to 2025-04-16 00:00:00+00:00, run_after=2025-04-17 00:00:00+00:00
[2025-04-17T22:49:00.111+0000] {processor.py:183} INFO - Processing /home/airflow/.local/lib/python3.8/site-packages/airflow/example_dags/example_branch_datetime_operator.py took 0.151 seconds
[2025-04-17T22:49:30.652+0000] {processor.py:161} INFO - Started process (PID=1042) to work on /home/airflow/.local/lib/python3.8/site-packages/airflow/example_dags/example_branch_datetime_operator.py
[2025-04-17T22:49:30.654+0000] {processor.py:830} INFO - Processing file /home/airflow/.local/lib/python3.8/site-packages/airflow/example_dags/example_branch_datetime_operator.py for tasks to queue
[2025-04-17T22:49:30.657+0000] {logging_mixin.py:188} INFO - [2025-04-17T22:49:30.657+0000] {dagbag.py:538} INFO - Filling up the DagBag from /home/airflow/.local/lib/python3.8/site-packages/airflow/example_dags/example_branch_datetime_operator.py
[2025-04-17T22:49:30.674+0000] {processor.py:840} INFO - DAG(s) 'example_branch_datetime_operator', 'example_branch_datetime_operator_3', 'example_branch_datetime_operator_2' retrieved from /home/airflow/.local/lib/python3.8/site-packages/airflow/example_dags/example_branch_datetime_operator.py
[2025-04-17T22:49:30.718+0000] {logging_mixin.py:188} INFO - [2025-04-17T22:49:30.718+0000] {dag.py:3036} INFO - Sync 3 DAGs
[2025-04-17T22:49:30.756+0000] {logging_mixin.py:188} INFO - [2025-04-17T22:49:30.755+0000] {dag.py:3823} INFO - Setting next_dagrun for example_branch_datetime_operator to 2025-04-16 00:00:00+00:00, run_after=2025-04-17 00:00:00+00:00
[2025-04-17T22:49:30.764+0000] {logging_mixin.py:188} INFO - [2025-04-17T22:49:30.763+0000] {dag.py:3823} INFO - Setting next_dagrun for example_branch_datetime_operator_2 to 2025-04-16 00:00:00+00:00, run_after=2025-04-17 00:00:00+00:00
[2025-04-17T22:49:30.770+0000] {logging_mixin.py:188} INFO - [2025-04-17T22:49:30.770+0000] {dag.py:3823} INFO - Setting next_dagrun for example_branch_datetime_operator_3 to 2025-04-16 00:00:00+00:00, run_after=2025-04-17 00:00:00+00:00
[2025-04-17T22:49:30.802+0000] {processor.py:183} INFO - Processing /home/airflow/.local/lib/python3.8/site-packages/airflow/example_dags/example_branch_datetime_operator.py took 0.155 seconds
[2025-04-17T22:50:00.977+0000] {processor.py:161} INFO - Started process (PID=1097) to work on /home/airflow/.local/lib/python3.8/site-packages/airflow/example_dags/example_branch_datetime_operator.py
[2025-04-17T22:50:00.979+0000] {processor.py:830} INFO - Processing file /home/airflow/.local/lib/python3.8/site-packages/airflow/example_dags/example_branch_datetime_operator.py for tasks to queue
[2025-04-17T22:50:00.982+0000] {logging_mixin.py:188} INFO - [2025-04-17T22:50:00.981+0000] {dagbag.py:538} INFO - Filling up the DagBag from /home/airflow/.local/lib/python3.8/site-packages/airflow/example_dags/example_branch_datetime_operator.py
[2025-04-17T22:50:00.999+0000] {processor.py:840} INFO - DAG(s) 'example_branch_datetime_operator_3', 'example_branch_datetime_operator_2', 'example_branch_datetime_operator' retrieved from /home/airflow/.local/lib/python3.8/site-packages/airflow/example_dags/example_branch_datetime_operator.py
[2025-04-17T22:50:01.045+0000] {logging_mixin.py:188} INFO - [2025-04-17T22:50:01.045+0000] {dag.py:3036} INFO - Sync 3 DAGs
[2025-04-17T22:50:01.082+0000] {logging_mixin.py:188} INFO - [2025-04-17T22:50:01.082+0000] {dag.py:3823} INFO - Setting next_dagrun for example_branch_datetime_operator to 2025-04-16 00:00:00+00:00, run_after=2025-04-17 00:00:00+00:00
[2025-04-17T22:50:01.091+0000] {logging_mixin.py:188} INFO - [2025-04-17T22:50:01.090+0000] {dag.py:3823} INFO - Setting next_dagrun for example_branch_datetime_operator_2 to 2025-04-16 00:00:00+00:00, run_after=2025-04-17 00:00:00+00:00
[2025-04-17T22:50:01.096+0000] {logging_mixin.py:188} INFO - [2025-04-17T22:50:01.095+0000] {dag.py:3823} INFO - Setting next_dagrun for example_branch_datetime_operator_3 to 2025-04-16 00:00:00+00:00, run_after=2025-04-17 00:00:00+00:00
[2025-04-17T22:50:01.121+0000] {processor.py:183} INFO - Processing /home/airflow/.local/lib/python3.8/site-packages/airflow/example_dags/example_branch_datetime_operator.py took 0.149 seconds
[2025-04-17T22:50:31.868+0000] {processor.py:161} INFO - Started process (PID=1152) to work on /home/airflow/.local/lib/python3.8/site-packages/airflow/example_dags/example_branch_datetime_operator.py
[2025-04-17T22:50:31.869+0000] {processor.py:830} INFO - Processing file /home/airflow/.local/lib/python3.8/site-packages/airflow/example_dags/example_branch_datetime_operator.py for tasks to queue
[2025-04-17T22:50:31.872+0000] {logging_mixin.py:188} INFO - [2025-04-17T22:50:31.872+0000] {dagbag.py:538} INFO - Filling up the DagBag from /home/airflow/.local/lib/python3.8/site-packages/airflow/example_dags/example_branch_datetime_operator.py
[2025-04-17T22:50:31.890+0000] {processor.py:840} INFO - DAG(s) 'example_branch_datetime_operator_2', 'example_branch_datetime_operator', 'example_branch_datetime_operator_3' retrieved from /home/airflow/.local/lib/python3.8/site-packages/airflow/example_dags/example_branch_datetime_operator.py
[2025-04-17T22:50:31.938+0000] {logging_mixin.py:188} INFO - [2025-04-17T22:50:31.938+0000] {dag.py:3036} INFO - Sync 3 DAGs
[2025-04-17T22:50:31.976+0000] {logging_mixin.py:188} INFO - [2025-04-17T22:50:31.976+0000] {dag.py:3823} INFO - Setting next_dagrun for example_branch_datetime_operator to 2025-04-16 00:00:00+00:00, run_after=2025-04-17 00:00:00+00:00
[2025-04-17T22:50:31.985+0000] {logging_mixin.py:188} INFO - [2025-04-17T22:50:31.985+0000] {dag.py:3823} INFO - Setting next_dagrun for example_branch_datetime_operator_2 to 2025-04-16 00:00:00+00:00, run_after=2025-04-17 00:00:00+00:00
[2025-04-17T22:50:31.990+0000] {logging_mixin.py:188} INFO - [2025-04-17T22:50:31.990+0000] {dag.py:3823} INFO - Setting next_dagrun for example_branch_datetime_operator_3 to 2025-04-16 00:00:00+00:00, run_after=2025-04-17 00:00:00+00:00
[2025-04-17T22:50:32.020+0000] {processor.py:183} INFO - Processing /home/airflow/.local/lib/python3.8/site-packages/airflow/example_dags/example_branch_datetime_operator.py took 0.158 seconds
[2025-04-17T22:51:02.396+0000] {processor.py:161} INFO - Started process (PID=1207) to work on /home/airflow/.local/lib/python3.8/site-packages/airflow/example_dags/example_branch_datetime_operator.py
[2025-04-17T22:51:02.397+0000] {processor.py:830} INFO - Processing file /home/airflow/.local/lib/python3.8/site-packages/airflow/example_dags/example_branch_datetime_operator.py for tasks to queue
[2025-04-17T22:51:02.400+0000] {logging_mixin.py:188} INFO - [2025-04-17T22:51:02.400+0000] {dagbag.py:538} INFO - Filling up the DagBag from /home/airflow/.local/lib/python3.8/site-packages/airflow/example_dags/example_branch_datetime_operator.py
[2025-04-17T22:51:02.418+0000] {processor.py:840} INFO - DAG(s) 'example_branch_datetime_operator', 'example_branch_datetime_operator_3', 'example_branch_datetime_operator_2' retrieved from /home/airflow/.local/lib/python3.8/site-packages/airflow/example_dags/example_branch_datetime_operator.py
[2025-04-17T22:51:02.463+0000] {logging_mixin.py:188} INFO - [2025-04-17T22:51:02.462+0000] {dag.py:3036} INFO - Sync 3 DAGs
[2025-04-17T22:51:02.500+0000] {logging_mixin.py:188} INFO - [2025-04-17T22:51:02.499+0000] {dag.py:3823} INFO - Setting next_dagrun for example_branch_datetime_operator to 2025-04-16 00:00:00+00:00, run_after=2025-04-17 00:00:00+00:00
[2025-04-17T22:51:02.508+0000] {logging_mixin.py:188} INFO - [2025-04-17T22:51:02.507+0000] {dag.py:3823} INFO - Setting next_dagrun for example_branch_datetime_operator_2 to 2025-04-16 00:00:00+00:00, run_after=2025-04-17 00:00:00+00:00
[2025-04-17T22:51:02.512+0000] {logging_mixin.py:188} INFO - [2025-04-17T22:51:02.512+0000] {dag.py:3823} INFO - Setting next_dagrun for example_branch_datetime_operator_3 to 2025-04-16 00:00:00+00:00, run_after=2025-04-17 00:00:00+00:00
[2025-04-17T22:51:02.539+0000] {processor.py:183} INFO - Processing /home/airflow/.local/lib/python3.8/site-packages/airflow/example_dags/example_branch_datetime_operator.py took 0.149 seconds
[2025-04-17T22:51:32.749+0000] {processor.py:161} INFO - Started process (PID=1262) to work on /home/airflow/.local/lib/python3.8/site-packages/airflow/example_dags/example_branch_datetime_operator.py
[2025-04-17T22:51:32.751+0000] {processor.py:830} INFO - Processing file /home/airflow/.local/lib/python3.8/site-packages/airflow/example_dags/example_branch_datetime_operator.py for tasks to queue
[2025-04-17T22:51:32.754+0000] {logging_mixin.py:188} INFO - [2025-04-17T22:51:32.753+0000] {dagbag.py:538} INFO - Filling up the DagBag from /home/airflow/.local/lib/python3.8/site-packages/airflow/example_dags/example_branch_datetime_operator.py
[2025-04-17T22:51:32.772+0000] {processor.py:840} INFO - DAG(s) 'example_branch_datetime_operator_3', 'example_branch_datetime_operator_2', 'example_branch_datetime_operator' retrieved from /home/airflow/.local/lib/python3.8/site-packages/airflow/example_dags/example_branch_datetime_operator.py
[2025-04-17T22:51:32.820+0000] {logging_mixin.py:188} INFO - [2025-04-17T22:51:32.820+0000] {dag.py:3036} INFO - Sync 3 DAGs
[2025-04-17T22:51:32.868+0000] {logging_mixin.py:188} INFO - [2025-04-17T22:51:32.868+0000] {dag.py:3823} INFO - Setting next_dagrun for example_branch_datetime_operator to 2025-04-16 00:00:00+00:00, run_after=2025-04-17 00:00:00+00:00
[2025-04-17T22:51:32.881+0000] {logging_mixin.py:188} INFO - [2025-04-17T22:51:32.880+0000] {dag.py:3823} INFO - Setting next_dagrun for example_branch_datetime_operator_2 to 2025-04-16 00:00:00+00:00, run_after=2025-04-17 00:00:00+00:00
[2025-04-17T22:51:32.887+0000] {logging_mixin.py:188} INFO - [2025-04-17T22:51:32.887+0000] {dag.py:3823} INFO - Setting next_dagrun for example_branch_datetime_operator_3 to 2025-04-16 00:00:00+00:00, run_after=2025-04-17 00:00:00+00:00
[2025-04-17T22:51:32.914+0000] {processor.py:183} INFO - Processing /home/airflow/.local/lib/python3.8/site-packages/airflow/example_dags/example_branch_datetime_operator.py took 0.170 seconds
[2025-04-17T22:52:03.306+0000] {processor.py:161} INFO - Started process (PID=1317) to work on /home/airflow/.local/lib/python3.8/site-packages/airflow/example_dags/example_branch_datetime_operator.py
[2025-04-17T22:52:03.307+0000] {processor.py:830} INFO - Processing file /home/airflow/.local/lib/python3.8/site-packages/airflow/example_dags/example_branch_datetime_operator.py for tasks to queue
[2025-04-17T22:52:03.310+0000] {logging_mixin.py:188} INFO - [2025-04-17T22:52:03.309+0000] {dagbag.py:538} INFO - Filling up the DagBag from /home/airflow/.local/lib/python3.8/site-packages/airflow/example_dags/example_branch_datetime_operator.py
[2025-04-17T22:52:03.327+0000] {processor.py:840} INFO - DAG(s) 'example_branch_datetime_operator_2', 'example_branch_datetime_operator_3', 'example_branch_datetime_operator' retrieved from /home/airflow/.local/lib/python3.8/site-packages/airflow/example_dags/example_branch_datetime_operator.py
[2025-04-17T22:52:03.372+0000] {logging_mixin.py:188} INFO - [2025-04-17T22:52:03.371+0000] {dag.py:3036} INFO - Sync 3 DAGs
[2025-04-17T22:52:03.411+0000] {logging_mixin.py:188} INFO - [2025-04-17T22:52:03.410+0000] {dag.py:3823} INFO - Setting next_dagrun for example_branch_datetime_operator to 2025-04-16 00:00:00+00:00, run_after=2025-04-17 00:00:00+00:00
[2025-04-17T22:52:03.422+0000] {logging_mixin.py:188} INFO - [2025-04-17T22:52:03.421+0000] {dag.py:3823} INFO - Setting next_dagrun for example_branch_datetime_operator_2 to 2025-04-16 00:00:00+00:00, run_after=2025-04-17 00:00:00+00:00
[2025-04-17T22:52:03.426+0000] {logging_mixin.py:188} INFO - [2025-04-17T22:52:03.426+0000] {dag.py:3823} INFO - Setting next_dagrun for example_branch_datetime_operator_3 to 2025-04-16 00:00:00+00:00, run_after=2025-04-17 00:00:00+00:00
[2025-04-17T22:52:03.453+0000] {processor.py:183} INFO - Processing /home/airflow/.local/lib/python3.8/site-packages/airflow/example_dags/example_branch_datetime_operator.py took 0.153 seconds
[2025-04-17T22:52:34.177+0000] {processor.py:161} INFO - Started process (PID=1372) to work on /home/airflow/.local/lib/python3.8/site-packages/airflow/example_dags/example_branch_datetime_operator.py
[2025-04-17T22:52:34.179+0000] {processor.py:830} INFO - Processing file /home/airflow/.local/lib/python3.8/site-packages/airflow/example_dags/example_branch_datetime_operator.py for tasks to queue
[2025-04-17T22:52:34.182+0000] {logging_mixin.py:188} INFO - [2025-04-17T22:52:34.181+0000] {dagbag.py:538} INFO - Filling up the DagBag from /home/airflow/.local/lib/python3.8/site-packages/airflow/example_dags/example_branch_datetime_operator.py
[2025-04-17T22:52:34.200+0000] {processor.py:840} INFO - DAG(s) 'example_branch_datetime_operator', 'example_branch_datetime_operator_2', 'example_branch_datetime_operator_3' retrieved from /home/airflow/.local/lib/python3.8/site-packages/airflow/example_dags/example_branch_datetime_operator.py
[2025-04-17T22:52:34.270+0000] {logging_mixin.py:188} INFO - [2025-04-17T22:52:34.270+0000] {dag.py:3036} INFO - Sync 3 DAGs
[2025-04-17T22:52:34.327+0000] {logging_mixin.py:188} INFO - [2025-04-17T22:52:34.327+0000] {dag.py:3823} INFO - Setting next_dagrun for example_branch_datetime_operator to 2025-04-16 00:00:00+00:00, run_after=2025-04-17 00:00:00+00:00
[2025-04-17T22:52:34.338+0000] {logging_mixin.py:188} INFO - [2025-04-17T22:52:34.338+0000] {dag.py:3823} INFO - Setting next_dagrun for example_branch_datetime_operator_2 to 2025-04-16 00:00:00+00:00, run_after=2025-04-17 00:00:00+00:00
[2025-04-17T22:52:34.343+0000] {logging_mixin.py:188} INFO - [2025-04-17T22:52:34.343+0000] {dag.py:3823} INFO - Setting next_dagrun for example_branch_datetime_operator_3 to 2025-04-16 00:00:00+00:00, run_after=2025-04-17 00:00:00+00:00
[2025-04-17T22:52:34.375+0000] {processor.py:183} INFO - Processing /home/airflow/.local/lib/python3.8/site-packages/airflow/example_dags/example_branch_datetime_operator.py took 0.203 seconds
[2025-04-17T22:53:05.133+0000] {processor.py:161} INFO - Started process (PID=1427) to work on /home/airflow/.local/lib/python3.8/site-packages/airflow/example_dags/example_branch_datetime_operator.py
[2025-04-17T22:53:05.135+0000] {processor.py:830} INFO - Processing file /home/airflow/.local/lib/python3.8/site-packages/airflow/example_dags/example_branch_datetime_operator.py for tasks to queue
[2025-04-17T22:53:05.139+0000] {logging_mixin.py:188} INFO - [2025-04-17T22:53:05.138+0000] {dagbag.py:538} INFO - Filling up the DagBag from /home/airflow/.local/lib/python3.8/site-packages/airflow/example_dags/example_branch_datetime_operator.py
[2025-04-17T22:53:05.161+0000] {processor.py:840} INFO - DAG(s) 'example_branch_datetime_operator', 'example_branch_datetime_operator_3', 'example_branch_datetime_operator_2' retrieved from /home/airflow/.local/lib/python3.8/site-packages/airflow/example_dags/example_branch_datetime_operator.py
[2025-04-17T22:53:05.220+0000] {logging_mixin.py:188} INFO - [2025-04-17T22:53:05.220+0000] {dag.py:3036} INFO - Sync 3 DAGs
[2025-04-17T22:53:05.264+0000] {logging_mixin.py:188} INFO - [2025-04-17T22:53:05.263+0000] {dag.py:3823} INFO - Setting next_dagrun for example_branch_datetime_operator to 2025-04-16 00:00:00+00:00, run_after=2025-04-17 00:00:00+00:00
[2025-04-17T22:53:05.274+0000] {logging_mixin.py:188} INFO - [2025-04-17T22:53:05.273+0000] {dag.py:3823} INFO - Setting next_dagrun for example_branch_datetime_operator_2 to 2025-04-16 00:00:00+00:00, run_after=2025-04-17 00:00:00+00:00
[2025-04-17T22:53:05.279+0000] {logging_mixin.py:188} INFO - [2025-04-17T22:53:05.278+0000] {dag.py:3823} INFO - Setting next_dagrun for example_branch_datetime_operator_3 to 2025-04-16 00:00:00+00:00, run_after=2025-04-17 00:00:00+00:00
[2025-04-17T22:53:05.308+0000] {processor.py:183} INFO - Processing /home/airflow/.local/lib/python3.8/site-packages/airflow/example_dags/example_branch_datetime_operator.py took 0.181 seconds
[2025-04-17T22:53:36.040+0000] {processor.py:161} INFO - Started process (PID=1482) to work on /home/airflow/.local/lib/python3.8/site-packages/airflow/example_dags/example_branch_datetime_operator.py
[2025-04-17T22:53:36.042+0000] {processor.py:830} INFO - Processing file /home/airflow/.local/lib/python3.8/site-packages/airflow/example_dags/example_branch_datetime_operator.py for tasks to queue
[2025-04-17T22:53:36.045+0000] {logging_mixin.py:188} INFO - [2025-04-17T22:53:36.045+0000] {dagbag.py:538} INFO - Filling up the DagBag from /home/airflow/.local/lib/python3.8/site-packages/airflow/example_dags/example_branch_datetime_operator.py
[2025-04-17T22:53:36.065+0000] {processor.py:840} INFO - DAG(s) 'example_branch_datetime_operator_2', 'example_branch_datetime_operator_3', 'example_branch_datetime_operator' retrieved from /home/airflow/.local/lib/python3.8/site-packages/airflow/example_dags/example_branch_datetime_operator.py
[2025-04-17T22:53:36.120+0000] {logging_mixin.py:188} INFO - [2025-04-17T22:53:36.120+0000] {dag.py:3036} INFO - Sync 3 DAGs
[2025-04-17T22:53:36.162+0000] {logging_mixin.py:188} INFO - [2025-04-17T22:53:36.161+0000] {dag.py:3823} INFO - Setting next_dagrun for example_branch_datetime_operator to 2025-04-16 00:00:00+00:00, run_after=2025-04-17 00:00:00+00:00
[2025-04-17T22:53:36.172+0000] {logging_mixin.py:188} INFO - [2025-04-17T22:53:36.172+0000] {dag.py:3823} INFO - Setting next_dagrun for example_branch_datetime_operator_2 to 2025-04-16 00:00:00+00:00, run_after=2025-04-17 00:00:00+00:00
[2025-04-17T22:53:36.177+0000] {logging_mixin.py:188} INFO - [2025-04-17T22:53:36.177+0000] {dag.py:3823} INFO - Setting next_dagrun for example_branch_datetime_operator_3 to 2025-04-16 00:00:00+00:00, run_after=2025-04-17 00:00:00+00:00
[2025-04-17T22:53:36.212+0000] {processor.py:183} INFO - Processing /home/airflow/.local/lib/python3.8/site-packages/airflow/example_dags/example_branch_datetime_operator.py took 0.178 seconds
[2025-04-17T22:54:06.921+0000] {processor.py:161} INFO - Started process (PID=1537) to work on /home/airflow/.local/lib/python3.8/site-packages/airflow/example_dags/example_branch_datetime_operator.py
[2025-04-17T22:54:06.923+0000] {processor.py:830} INFO - Processing file /home/airflow/.local/lib/python3.8/site-packages/airflow/example_dags/example_branch_datetime_operator.py for tasks to queue
[2025-04-17T22:54:06.927+0000] {logging_mixin.py:188} INFO - [2025-04-17T22:54:06.926+0000] {dagbag.py:538} INFO - Filling up the DagBag from /home/airflow/.local/lib/python3.8/site-packages/airflow/example_dags/example_branch_datetime_operator.py
[2025-04-17T22:54:06.944+0000] {processor.py:840} INFO - DAG(s) 'example_branch_datetime_operator_3', 'example_branch_datetime_operator_2', 'example_branch_datetime_operator' retrieved from /home/airflow/.local/lib/python3.8/site-packages/airflow/example_dags/example_branch_datetime_operator.py
[2025-04-17T22:54:06.992+0000] {logging_mixin.py:188} INFO - [2025-04-17T22:54:06.991+0000] {dag.py:3036} INFO - Sync 3 DAGs
[2025-04-17T22:54:07.029+0000] {logging_mixin.py:188} INFO - [2025-04-17T22:54:07.029+0000] {dag.py:3823} INFO - Setting next_dagrun for example_branch_datetime_operator to 2025-04-16 00:00:00+00:00, run_after=2025-04-17 00:00:00+00:00
[2025-04-17T22:54:07.038+0000] {logging_mixin.py:188} INFO - [2025-04-17T22:54:07.037+0000] {dag.py:3823} INFO - Setting next_dagrun for example_branch_datetime_operator_2 to 2025-04-16 00:00:00+00:00, run_after=2025-04-17 00:00:00+00:00
[2025-04-17T22:54:07.043+0000] {logging_mixin.py:188} INFO - [2025-04-17T22:54:07.043+0000] {dag.py:3823} INFO - Setting next_dagrun for example_branch_datetime_operator_3 to 2025-04-16 00:00:00+00:00, run_after=2025-04-17 00:00:00+00:00
[2025-04-17T22:54:07.069+0000] {processor.py:183} INFO - Processing /home/airflow/.local/lib/python3.8/site-packages/airflow/example_dags/example_branch_datetime_operator.py took 0.153 seconds
