[2025-04-17T22:40:43.375+0000] {processor.py:161} INFO - Started process (PID=78) to work on /home/airflow/.local/lib/python3.8/site-packages/airflow/example_dags/example_xcomargs.py
[2025-04-17T22:40:43.379+0000] {processor.py:830} INFO - Processing file /home/airflow/.local/lib/python3.8/site-packages/airflow/example_dags/example_xcomargs.py for tasks to queue
[2025-04-17T22:40:43.387+0000] {logging_mixin.py:188} INFO - [2025-04-17T22:40:43.386+0000] {dagbag.py:538} INFO - Filling up the DagBag from /home/airflow/.local/lib/python3.8/site-packages/airflow/example_dags/example_xcomargs.py
[2025-04-17T22:40:43.431+0000] {processor.py:840} INFO - DAG(s) 'example_xcom_args_with_operators', 'example_xcom_args' retrieved from /home/airflow/.local/lib/python3.8/site-packages/airflow/example_dags/example_xcomargs.py
[2025-04-17T22:40:43.721+0000] {logging_mixin.py:188} INFO - [2025-04-17T22:40:43.721+0000] {dag.py:3036} INFO - Sync 2 DAGs
[2025-04-17T22:40:43.743+0000] {logging_mixin.py:188} INFO - [2025-04-17T22:40:43.743+0000] {dag.py:3823} INFO - Setting next_dagrun for example_xcom_args to None, run_after=None
[2025-04-17T22:40:43.749+0000] {logging_mixin.py:188} INFO - [2025-04-17T22:40:43.749+0000] {dag.py:3823} INFO - Setting next_dagrun for example_xcom_args_with_operators to None, run_after=None
[2025-04-17T22:40:43.791+0000] {processor.py:183} INFO - Processing /home/airflow/.local/lib/python3.8/site-packages/airflow/example_dags/example_xcomargs.py took 0.425 seconds
[2025-04-17T22:41:14.707+0000] {processor.py:161} INFO - Started process (PID=133) to work on /home/airflow/.local/lib/python3.8/site-packages/airflow/example_dags/example_xcomargs.py
[2025-04-17T22:41:14.708+0000] {processor.py:830} INFO - Processing file /home/airflow/.local/lib/python3.8/site-packages/airflow/example_dags/example_xcomargs.py for tasks to queue
[2025-04-17T22:41:14.712+0000] {logging_mixin.py:188} INFO - [2025-04-17T22:41:14.711+0000] {dagbag.py:538} INFO - Filling up the DagBag from /home/airflow/.local/lib/python3.8/site-packages/airflow/example_dags/example_xcomargs.py
[2025-04-17T22:41:14.726+0000] {processor.py:840} INFO - DAG(s) 'example_xcom_args_with_operators', 'example_xcom_args' retrieved from /home/airflow/.local/lib/python3.8/site-packages/airflow/example_dags/example_xcomargs.py
[2025-04-17T22:41:14.767+0000] {logging_mixin.py:188} INFO - [2025-04-17T22:41:14.767+0000] {dag.py:3036} INFO - Sync 2 DAGs
[2025-04-17T22:41:14.793+0000] {logging_mixin.py:188} INFO - [2025-04-17T22:41:14.791+0000] {dag.py:3823} INFO - Setting next_dagrun for example_xcom_args to None, run_after=None
[2025-04-17T22:41:14.799+0000] {logging_mixin.py:188} INFO - [2025-04-17T22:41:14.798+0000] {dag.py:3823} INFO - Setting next_dagrun for example_xcom_args_with_operators to None, run_after=None
[2025-04-17T22:41:14.830+0000] {processor.py:183} INFO - Processing /home/airflow/.local/lib/python3.8/site-packages/airflow/example_dags/example_xcomargs.py took 0.129 seconds
[2025-04-17T22:41:45.526+0000] {processor.py:161} INFO - Started process (PID=189) to work on /home/airflow/.local/lib/python3.8/site-packages/airflow/example_dags/example_xcomargs.py
[2025-04-17T22:41:45.527+0000] {processor.py:830} INFO - Processing file /home/airflow/.local/lib/python3.8/site-packages/airflow/example_dags/example_xcomargs.py for tasks to queue
[2025-04-17T22:41:45.530+0000] {logging_mixin.py:188} INFO - [2025-04-17T22:41:45.530+0000] {dagbag.py:538} INFO - Filling up the DagBag from /home/airflow/.local/lib/python3.8/site-packages/airflow/example_dags/example_xcomargs.py
[2025-04-17T22:41:45.543+0000] {processor.py:840} INFO - DAG(s) 'example_xcom_args', 'example_xcom_args_with_operators' retrieved from /home/airflow/.local/lib/python3.8/site-packages/airflow/example_dags/example_xcomargs.py
[2025-04-17T22:41:45.587+0000] {logging_mixin.py:188} INFO - [2025-04-17T22:41:45.587+0000] {dag.py:3036} INFO - Sync 2 DAGs
[2025-04-17T22:41:45.607+0000] {logging_mixin.py:188} INFO - [2025-04-17T22:41:45.606+0000] {dag.py:3823} INFO - Setting next_dagrun for example_xcom_args to None, run_after=None
[2025-04-17T22:41:45.615+0000] {logging_mixin.py:188} INFO - [2025-04-17T22:41:45.615+0000] {dag.py:3823} INFO - Setting next_dagrun for example_xcom_args_with_operators to None, run_after=None
[2025-04-17T22:41:45.650+0000] {processor.py:183} INFO - Processing /home/airflow/.local/lib/python3.8/site-packages/airflow/example_dags/example_xcomargs.py took 0.130 seconds
[2025-04-17T22:42:15.959+0000] {processor.py:161} INFO - Started process (PID=244) to work on /home/airflow/.local/lib/python3.8/site-packages/airflow/example_dags/example_xcomargs.py
[2025-04-17T22:42:15.961+0000] {processor.py:830} INFO - Processing file /home/airflow/.local/lib/python3.8/site-packages/airflow/example_dags/example_xcomargs.py for tasks to queue
[2025-04-17T22:42:15.963+0000] {logging_mixin.py:188} INFO - [2025-04-17T22:42:15.963+0000] {dagbag.py:538} INFO - Filling up the DagBag from /home/airflow/.local/lib/python3.8/site-packages/airflow/example_dags/example_xcomargs.py
[2025-04-17T22:42:15.976+0000] {processor.py:840} INFO - DAG(s) 'example_xcom_args', 'example_xcom_args_with_operators' retrieved from /home/airflow/.local/lib/python3.8/site-packages/airflow/example_dags/example_xcomargs.py
[2025-04-17T22:42:16.023+0000] {logging_mixin.py:188} INFO - [2025-04-17T22:42:16.023+0000] {dag.py:3036} INFO - Sync 2 DAGs
[2025-04-17T22:42:16.044+0000] {logging_mixin.py:188} INFO - [2025-04-17T22:42:16.044+0000] {dag.py:3823} INFO - Setting next_dagrun for example_xcom_args to None, run_after=None
[2025-04-17T22:42:16.051+0000] {logging_mixin.py:188} INFO - [2025-04-17T22:42:16.051+0000] {dag.py:3823} INFO - Setting next_dagrun for example_xcom_args_with_operators to None, run_after=None
[2025-04-17T22:42:16.087+0000] {processor.py:183} INFO - Processing /home/airflow/.local/lib/python3.8/site-packages/airflow/example_dags/example_xcomargs.py took 0.133 seconds
[2025-04-17T22:42:46.438+0000] {processor.py:161} INFO - Started process (PID=299) to work on /home/airflow/.local/lib/python3.8/site-packages/airflow/example_dags/example_xcomargs.py
[2025-04-17T22:42:46.440+0000] {processor.py:830} INFO - Processing file /home/airflow/.local/lib/python3.8/site-packages/airflow/example_dags/example_xcomargs.py for tasks to queue
[2025-04-17T22:42:46.443+0000] {logging_mixin.py:188} INFO - [2025-04-17T22:42:46.443+0000] {dagbag.py:538} INFO - Filling up the DagBag from /home/airflow/.local/lib/python3.8/site-packages/airflow/example_dags/example_xcomargs.py
[2025-04-17T22:42:46.457+0000] {processor.py:840} INFO - DAG(s) 'example_xcom_args_with_operators', 'example_xcom_args' retrieved from /home/airflow/.local/lib/python3.8/site-packages/airflow/example_dags/example_xcomargs.py
[2025-04-17T22:42:46.499+0000] {logging_mixin.py:188} INFO - [2025-04-17T22:42:46.499+0000] {dag.py:3036} INFO - Sync 2 DAGs
[2025-04-17T22:42:46.521+0000] {logging_mixin.py:188} INFO - [2025-04-17T22:42:46.521+0000] {dag.py:3823} INFO - Setting next_dagrun for example_xcom_args to None, run_after=None
[2025-04-17T22:42:46.529+0000] {logging_mixin.py:188} INFO - [2025-04-17T22:42:46.529+0000] {dag.py:3823} INFO - Setting next_dagrun for example_xcom_args_with_operators to None, run_after=None
[2025-04-17T22:42:46.566+0000] {processor.py:183} INFO - Processing /home/airflow/.local/lib/python3.8/site-packages/airflow/example_dags/example_xcomargs.py took 0.133 seconds
[2025-04-17T22:43:17.145+0000] {processor.py:161} INFO - Started process (PID=354) to work on /home/airflow/.local/lib/python3.8/site-packages/airflow/example_dags/example_xcomargs.py
[2025-04-17T22:43:17.147+0000] {processor.py:830} INFO - Processing file /home/airflow/.local/lib/python3.8/site-packages/airflow/example_dags/example_xcomargs.py for tasks to queue
[2025-04-17T22:43:17.150+0000] {logging_mixin.py:188} INFO - [2025-04-17T22:43:17.150+0000] {dagbag.py:538} INFO - Filling up the DagBag from /home/airflow/.local/lib/python3.8/site-packages/airflow/example_dags/example_xcomargs.py
[2025-04-17T22:43:17.166+0000] {processor.py:840} INFO - DAG(s) 'example_xcom_args_with_operators', 'example_xcom_args' retrieved from /home/airflow/.local/lib/python3.8/site-packages/airflow/example_dags/example_xcomargs.py
[2025-04-17T22:43:17.238+0000] {logging_mixin.py:188} INFO - [2025-04-17T22:43:17.237+0000] {dag.py:3036} INFO - Sync 2 DAGs
[2025-04-17T22:43:17.266+0000] {logging_mixin.py:188} INFO - [2025-04-17T22:43:17.265+0000] {dag.py:3823} INFO - Setting next_dagrun for example_xcom_args to None, run_after=None
[2025-04-17T22:43:17.274+0000] {logging_mixin.py:188} INFO - [2025-04-17T22:43:17.274+0000] {dag.py:3823} INFO - Setting next_dagrun for example_xcom_args_with_operators to None, run_after=None
[2025-04-17T22:43:17.307+0000] {processor.py:183} INFO - Processing /home/airflow/.local/lib/python3.8/site-packages/airflow/example_dags/example_xcomargs.py took 0.167 seconds
[2025-04-17T22:43:47.449+0000] {processor.py:161} INFO - Started process (PID=409) to work on /home/airflow/.local/lib/python3.8/site-packages/airflow/example_dags/example_xcomargs.py
[2025-04-17T22:43:47.451+0000] {processor.py:830} INFO - Processing file /home/airflow/.local/lib/python3.8/site-packages/airflow/example_dags/example_xcomargs.py for tasks to queue
[2025-04-17T22:43:47.454+0000] {logging_mixin.py:188} INFO - [2025-04-17T22:43:47.453+0000] {dagbag.py:538} INFO - Filling up the DagBag from /home/airflow/.local/lib/python3.8/site-packages/airflow/example_dags/example_xcomargs.py
[2025-04-17T22:43:47.466+0000] {processor.py:840} INFO - DAG(s) 'example_xcom_args_with_operators', 'example_xcom_args' retrieved from /home/airflow/.local/lib/python3.8/site-packages/airflow/example_dags/example_xcomargs.py
[2025-04-17T22:43:47.510+0000] {logging_mixin.py:188} INFO - [2025-04-17T22:43:47.510+0000] {dag.py:3036} INFO - Sync 2 DAGs
[2025-04-17T22:43:47.532+0000] {logging_mixin.py:188} INFO - [2025-04-17T22:43:47.532+0000] {dag.py:3823} INFO - Setting next_dagrun for example_xcom_args to None, run_after=None
[2025-04-17T22:43:47.538+0000] {logging_mixin.py:188} INFO - [2025-04-17T22:43:47.537+0000] {dag.py:3823} INFO - Setting next_dagrun for example_xcom_args_with_operators to None, run_after=None
[2025-04-17T22:43:47.567+0000] {processor.py:183} INFO - Processing /home/airflow/.local/lib/python3.8/site-packages/airflow/example_dags/example_xcomargs.py took 0.123 seconds
[2025-04-17T22:44:18.342+0000] {processor.py:161} INFO - Started process (PID=464) to work on /home/airflow/.local/lib/python3.8/site-packages/airflow/example_dags/example_xcomargs.py
[2025-04-17T22:44:18.343+0000] {processor.py:830} INFO - Processing file /home/airflow/.local/lib/python3.8/site-packages/airflow/example_dags/example_xcomargs.py for tasks to queue
[2025-04-17T22:44:18.346+0000] {logging_mixin.py:188} INFO - [2025-04-17T22:44:18.346+0000] {dagbag.py:538} INFO - Filling up the DagBag from /home/airflow/.local/lib/python3.8/site-packages/airflow/example_dags/example_xcomargs.py
[2025-04-17T22:44:18.359+0000] {processor.py:840} INFO - DAG(s) 'example_xcom_args', 'example_xcom_args_with_operators' retrieved from /home/airflow/.local/lib/python3.8/site-packages/airflow/example_dags/example_xcomargs.py
[2025-04-17T22:44:18.401+0000] {logging_mixin.py:188} INFO - [2025-04-17T22:44:18.401+0000] {dag.py:3036} INFO - Sync 2 DAGs
[2025-04-17T22:44:18.423+0000] {logging_mixin.py:188} INFO - [2025-04-17T22:44:18.423+0000] {dag.py:3823} INFO - Setting next_dagrun for example_xcom_args to None, run_after=None
[2025-04-17T22:44:18.430+0000] {logging_mixin.py:188} INFO - [2025-04-17T22:44:18.430+0000] {dag.py:3823} INFO - Setting next_dagrun for example_xcom_args_with_operators to None, run_after=None
[2025-04-17T22:44:18.460+0000] {processor.py:183} INFO - Processing /home/airflow/.local/lib/python3.8/site-packages/airflow/example_dags/example_xcomargs.py took 0.124 seconds
[2025-04-17T22:44:49.118+0000] {processor.py:161} INFO - Started process (PID=519) to work on /home/airflow/.local/lib/python3.8/site-packages/airflow/example_dags/example_xcomargs.py
[2025-04-17T22:44:49.120+0000] {processor.py:830} INFO - Processing file /home/airflow/.local/lib/python3.8/site-packages/airflow/example_dags/example_xcomargs.py for tasks to queue
[2025-04-17T22:44:49.123+0000] {logging_mixin.py:188} INFO - [2025-04-17T22:44:49.123+0000] {dagbag.py:538} INFO - Filling up the DagBag from /home/airflow/.local/lib/python3.8/site-packages/airflow/example_dags/example_xcomargs.py
[2025-04-17T22:44:49.137+0000] {processor.py:840} INFO - DAG(s) 'example_xcom_args', 'example_xcom_args_with_operators' retrieved from /home/airflow/.local/lib/python3.8/site-packages/airflow/example_dags/example_xcomargs.py
[2025-04-17T22:44:49.185+0000] {logging_mixin.py:188} INFO - [2025-04-17T22:44:49.185+0000] {dag.py:3036} INFO - Sync 2 DAGs
[2025-04-17T22:44:49.217+0000] {logging_mixin.py:188} INFO - [2025-04-17T22:44:49.217+0000] {dag.py:3823} INFO - Setting next_dagrun for example_xcom_args to None, run_after=None
[2025-04-17T22:44:49.223+0000] {logging_mixin.py:188} INFO - [2025-04-17T22:44:49.223+0000] {dag.py:3823} INFO - Setting next_dagrun for example_xcom_args_with_operators to None, run_after=None
[2025-04-17T22:44:49.269+0000] {processor.py:183} INFO - Processing /home/airflow/.local/lib/python3.8/site-packages/airflow/example_dags/example_xcomargs.py took 0.155 seconds
[2025-04-17T22:45:19.830+0000] {processor.py:161} INFO - Started process (PID=574) to work on /home/airflow/.local/lib/python3.8/site-packages/airflow/example_dags/example_xcomargs.py
[2025-04-17T22:45:19.831+0000] {processor.py:830} INFO - Processing file /home/airflow/.local/lib/python3.8/site-packages/airflow/example_dags/example_xcomargs.py for tasks to queue
[2025-04-17T22:45:19.834+0000] {logging_mixin.py:188} INFO - [2025-04-17T22:45:19.834+0000] {dagbag.py:538} INFO - Filling up the DagBag from /home/airflow/.local/lib/python3.8/site-packages/airflow/example_dags/example_xcomargs.py
[2025-04-17T22:45:19.847+0000] {processor.py:840} INFO - DAG(s) 'example_xcom_args', 'example_xcom_args_with_operators' retrieved from /home/airflow/.local/lib/python3.8/site-packages/airflow/example_dags/example_xcomargs.py
[2025-04-17T22:45:19.887+0000] {logging_mixin.py:188} INFO - [2025-04-17T22:45:19.887+0000] {dag.py:3036} INFO - Sync 2 DAGs
[2025-04-17T22:45:19.908+0000] {logging_mixin.py:188} INFO - [2025-04-17T22:45:19.907+0000] {dag.py:3823} INFO - Setting next_dagrun for example_xcom_args to None, run_after=None
[2025-04-17T22:45:19.914+0000] {logging_mixin.py:188} INFO - [2025-04-17T22:45:19.914+0000] {dag.py:3823} INFO - Setting next_dagrun for example_xcom_args_with_operators to None, run_after=None
[2025-04-17T22:45:19.947+0000] {processor.py:183} INFO - Processing /home/airflow/.local/lib/python3.8/site-packages/airflow/example_dags/example_xcomargs.py took 0.122 seconds
[2025-04-17T22:45:50.349+0000] {processor.py:161} INFO - Started process (PID=629) to work on /home/airflow/.local/lib/python3.8/site-packages/airflow/example_dags/example_xcomargs.py
[2025-04-17T22:45:50.351+0000] {processor.py:830} INFO - Processing file /home/airflow/.local/lib/python3.8/site-packages/airflow/example_dags/example_xcomargs.py for tasks to queue
[2025-04-17T22:45:50.354+0000] {logging_mixin.py:188} INFO - [2025-04-17T22:45:50.353+0000] {dagbag.py:538} INFO - Filling up the DagBag from /home/airflow/.local/lib/python3.8/site-packages/airflow/example_dags/example_xcomargs.py
[2025-04-17T22:45:50.366+0000] {processor.py:840} INFO - DAG(s) 'example_xcom_args', 'example_xcom_args_with_operators' retrieved from /home/airflow/.local/lib/python3.8/site-packages/airflow/example_dags/example_xcomargs.py
[2025-04-17T22:45:50.405+0000] {logging_mixin.py:188} INFO - [2025-04-17T22:45:50.404+0000] {dag.py:3036} INFO - Sync 2 DAGs
[2025-04-17T22:45:50.425+0000] {logging_mixin.py:188} INFO - [2025-04-17T22:45:50.424+0000] {dag.py:3823} INFO - Setting next_dagrun for example_xcom_args to None, run_after=None
[2025-04-17T22:45:50.432+0000] {logging_mixin.py:188} INFO - [2025-04-17T22:45:50.431+0000] {dag.py:3823} INFO - Setting next_dagrun for example_xcom_args_with_operators to None, run_after=None
[2025-04-17T22:45:50.458+0000] {processor.py:183} INFO - Processing /home/airflow/.local/lib/python3.8/site-packages/airflow/example_dags/example_xcomargs.py took 0.114 seconds
[2025-04-17T22:46:20.772+0000] {processor.py:161} INFO - Started process (PID=684) to work on /home/airflow/.local/lib/python3.8/site-packages/airflow/example_dags/example_xcomargs.py
[2025-04-17T22:46:20.774+0000] {processor.py:830} INFO - Processing file /home/airflow/.local/lib/python3.8/site-packages/airflow/example_dags/example_xcomargs.py for tasks to queue
[2025-04-17T22:46:20.776+0000] {logging_mixin.py:188} INFO - [2025-04-17T22:46:20.776+0000] {dagbag.py:538} INFO - Filling up the DagBag from /home/airflow/.local/lib/python3.8/site-packages/airflow/example_dags/example_xcomargs.py
[2025-04-17T22:46:20.790+0000] {processor.py:840} INFO - DAG(s) 'example_xcom_args', 'example_xcom_args_with_operators' retrieved from /home/airflow/.local/lib/python3.8/site-packages/airflow/example_dags/example_xcomargs.py
[2025-04-17T22:46:20.829+0000] {logging_mixin.py:188} INFO - [2025-04-17T22:46:20.828+0000] {dag.py:3036} INFO - Sync 2 DAGs
[2025-04-17T22:46:20.849+0000] {logging_mixin.py:188} INFO - [2025-04-17T22:46:20.848+0000] {dag.py:3823} INFO - Setting next_dagrun for example_xcom_args to None, run_after=None
[2025-04-17T22:46:20.855+0000] {logging_mixin.py:188} INFO - [2025-04-17T22:46:20.855+0000] {dag.py:3823} INFO - Setting next_dagrun for example_xcom_args_with_operators to None, run_after=None
[2025-04-17T22:46:20.879+0000] {processor.py:183} INFO - Processing /home/airflow/.local/lib/python3.8/site-packages/airflow/example_dags/example_xcomargs.py took 0.113 seconds
[2025-04-17T22:46:51.453+0000] {processor.py:161} INFO - Started process (PID=739) to work on /home/airflow/.local/lib/python3.8/site-packages/airflow/example_dags/example_xcomargs.py
[2025-04-17T22:46:51.454+0000] {processor.py:830} INFO - Processing file /home/airflow/.local/lib/python3.8/site-packages/airflow/example_dags/example_xcomargs.py for tasks to queue
[2025-04-17T22:46:51.457+0000] {logging_mixin.py:188} INFO - [2025-04-17T22:46:51.457+0000] {dagbag.py:538} INFO - Filling up the DagBag from /home/airflow/.local/lib/python3.8/site-packages/airflow/example_dags/example_xcomargs.py
[2025-04-17T22:46:51.470+0000] {processor.py:840} INFO - DAG(s) 'example_xcom_args', 'example_xcom_args_with_operators' retrieved from /home/airflow/.local/lib/python3.8/site-packages/airflow/example_dags/example_xcomargs.py
[2025-04-17T22:46:51.510+0000] {logging_mixin.py:188} INFO - [2025-04-17T22:46:51.510+0000] {dag.py:3036} INFO - Sync 2 DAGs
[2025-04-17T22:46:51.536+0000] {logging_mixin.py:188} INFO - [2025-04-17T22:46:51.536+0000] {dag.py:3823} INFO - Setting next_dagrun for example_xcom_args to None, run_after=None
[2025-04-17T22:46:51.543+0000] {logging_mixin.py:188} INFO - [2025-04-17T22:46:51.543+0000] {dag.py:3823} INFO - Setting next_dagrun for example_xcom_args_with_operators to None, run_after=None
[2025-04-17T22:46:51.574+0000] {processor.py:183} INFO - Processing /home/airflow/.local/lib/python3.8/site-packages/airflow/example_dags/example_xcomargs.py took 0.126 seconds
[2025-04-17T22:47:21.842+0000] {processor.py:161} INFO - Started process (PID=794) to work on /home/airflow/.local/lib/python3.8/site-packages/airflow/example_dags/example_xcomargs.py
[2025-04-17T22:47:21.843+0000] {processor.py:830} INFO - Processing file /home/airflow/.local/lib/python3.8/site-packages/airflow/example_dags/example_xcomargs.py for tasks to queue
[2025-04-17T22:47:21.848+0000] {logging_mixin.py:188} INFO - [2025-04-17T22:47:21.847+0000] {dagbag.py:538} INFO - Filling up the DagBag from /home/airflow/.local/lib/python3.8/site-packages/airflow/example_dags/example_xcomargs.py
[2025-04-17T22:47:21.865+0000] {processor.py:840} INFO - DAG(s) 'example_xcom_args', 'example_xcom_args_with_operators' retrieved from /home/airflow/.local/lib/python3.8/site-packages/airflow/example_dags/example_xcomargs.py
[2025-04-17T22:47:21.910+0000] {logging_mixin.py:188} INFO - [2025-04-17T22:47:21.909+0000] {dag.py:3036} INFO - Sync 2 DAGs
[2025-04-17T22:47:21.934+0000] {logging_mixin.py:188} INFO - [2025-04-17T22:47:21.933+0000] {dag.py:3823} INFO - Setting next_dagrun for example_xcom_args to None, run_after=None
[2025-04-17T22:47:21.940+0000] {logging_mixin.py:188} INFO - [2025-04-17T22:47:21.940+0000] {dag.py:3823} INFO - Setting next_dagrun for example_xcom_args_with_operators to None, run_after=None
[2025-04-17T22:47:21.967+0000] {processor.py:183} INFO - Processing /home/airflow/.local/lib/python3.8/site-packages/airflow/example_dags/example_xcomargs.py took 0.155 seconds
[2025-04-17T22:47:52.240+0000] {processor.py:161} INFO - Started process (PID=849) to work on /home/airflow/.local/lib/python3.8/site-packages/airflow/example_dags/example_xcomargs.py
[2025-04-17T22:47:52.242+0000] {processor.py:830} INFO - Processing file /home/airflow/.local/lib/python3.8/site-packages/airflow/example_dags/example_xcomargs.py for tasks to queue
[2025-04-17T22:47:52.245+0000] {logging_mixin.py:188} INFO - [2025-04-17T22:47:52.245+0000] {dagbag.py:538} INFO - Filling up the DagBag from /home/airflow/.local/lib/python3.8/site-packages/airflow/example_dags/example_xcomargs.py
[2025-04-17T22:47:52.258+0000] {processor.py:840} INFO - DAG(s) 'example_xcom_args_with_operators', 'example_xcom_args' retrieved from /home/airflow/.local/lib/python3.8/site-packages/airflow/example_dags/example_xcomargs.py
[2025-04-17T22:47:52.279+0000] {logging_mixin.py:188} INFO - [2025-04-17T22:47:52.279+0000] {dag.py:3036} INFO - Sync 2 DAGs
[2025-04-17T22:47:52.302+0000] {logging_mixin.py:188} INFO - [2025-04-17T22:47:52.301+0000] {dag.py:3823} INFO - Setting next_dagrun for example_xcom_args to None, run_after=None
[2025-04-17T22:47:52.307+0000] {logging_mixin.py:188} INFO - [2025-04-17T22:47:52.307+0000] {dag.py:3823} INFO - Setting next_dagrun for example_xcom_args_with_operators to None, run_after=None
[2025-04-17T22:47:52.338+0000] {processor.py:183} INFO - Processing /home/airflow/.local/lib/python3.8/site-packages/airflow/example_dags/example_xcomargs.py took 0.107 seconds
[2025-04-17T22:48:23.077+0000] {processor.py:161} INFO - Started process (PID=904) to work on /home/airflow/.local/lib/python3.8/site-packages/airflow/example_dags/example_xcomargs.py
[2025-04-17T22:48:23.079+0000] {processor.py:830} INFO - Processing file /home/airflow/.local/lib/python3.8/site-packages/airflow/example_dags/example_xcomargs.py for tasks to queue
[2025-04-17T22:48:23.082+0000] {logging_mixin.py:188} INFO - [2025-04-17T22:48:23.081+0000] {dagbag.py:538} INFO - Filling up the DagBag from /home/airflow/.local/lib/python3.8/site-packages/airflow/example_dags/example_xcomargs.py
[2025-04-17T22:48:23.094+0000] {processor.py:840} INFO - DAG(s) 'example_xcom_args', 'example_xcom_args_with_operators' retrieved from /home/airflow/.local/lib/python3.8/site-packages/airflow/example_dags/example_xcomargs.py
[2025-04-17T22:48:23.268+0000] {logging_mixin.py:188} INFO - [2025-04-17T22:48:23.267+0000] {dag.py:3036} INFO - Sync 2 DAGs
[2025-04-17T22:48:23.284+0000] {logging_mixin.py:188} INFO - [2025-04-17T22:48:23.284+0000] {dag.py:3823} INFO - Setting next_dagrun for example_xcom_args to None, run_after=None
[2025-04-17T22:48:23.288+0000] {logging_mixin.py:188} INFO - [2025-04-17T22:48:23.288+0000] {dag.py:3823} INFO - Setting next_dagrun for example_xcom_args_with_operators to None, run_after=None
[2025-04-17T22:48:23.316+0000] {processor.py:183} INFO - Processing /home/airflow/.local/lib/python3.8/site-packages/airflow/example_dags/example_xcomargs.py took 0.244 seconds
[2025-04-17T22:48:53.432+0000] {processor.py:161} INFO - Started process (PID=959) to work on /home/airflow/.local/lib/python3.8/site-packages/airflow/example_dags/example_xcomargs.py
[2025-04-17T22:48:53.433+0000] {processor.py:830} INFO - Processing file /home/airflow/.local/lib/python3.8/site-packages/airflow/example_dags/example_xcomargs.py for tasks to queue
[2025-04-17T22:48:53.436+0000] {logging_mixin.py:188} INFO - [2025-04-17T22:48:53.436+0000] {dagbag.py:538} INFO - Filling up the DagBag from /home/airflow/.local/lib/python3.8/site-packages/airflow/example_dags/example_xcomargs.py
[2025-04-17T22:48:53.451+0000] {processor.py:840} INFO - DAG(s) 'example_xcom_args_with_operators', 'example_xcom_args' retrieved from /home/airflow/.local/lib/python3.8/site-packages/airflow/example_dags/example_xcomargs.py
[2025-04-17T22:48:53.493+0000] {logging_mixin.py:188} INFO - [2025-04-17T22:48:53.493+0000] {dag.py:3036} INFO - Sync 2 DAGs
[2025-04-17T22:48:53.515+0000] {logging_mixin.py:188} INFO - [2025-04-17T22:48:53.515+0000] {dag.py:3823} INFO - Setting next_dagrun for example_xcom_args to None, run_after=None
[2025-04-17T22:48:53.521+0000] {logging_mixin.py:188} INFO - [2025-04-17T22:48:53.521+0000] {dag.py:3823} INFO - Setting next_dagrun for example_xcom_args_with_operators to None, run_after=None
[2025-04-17T22:48:53.547+0000] {processor.py:183} INFO - Processing /home/airflow/.local/lib/python3.8/site-packages/airflow/example_dags/example_xcomargs.py took 0.120 seconds
[2025-04-17T22:49:24.367+0000] {processor.py:161} INFO - Started process (PID=1014) to work on /home/airflow/.local/lib/python3.8/site-packages/airflow/example_dags/example_xcomargs.py
[2025-04-17T22:49:24.368+0000] {processor.py:830} INFO - Processing file /home/airflow/.local/lib/python3.8/site-packages/airflow/example_dags/example_xcomargs.py for tasks to queue
[2025-04-17T22:49:24.371+0000] {logging_mixin.py:188} INFO - [2025-04-17T22:49:24.371+0000] {dagbag.py:538} INFO - Filling up the DagBag from /home/airflow/.local/lib/python3.8/site-packages/airflow/example_dags/example_xcomargs.py
[2025-04-17T22:49:24.385+0000] {processor.py:840} INFO - DAG(s) 'example_xcom_args_with_operators', 'example_xcom_args' retrieved from /home/airflow/.local/lib/python3.8/site-packages/airflow/example_dags/example_xcomargs.py
[2025-04-17T22:49:24.424+0000] {logging_mixin.py:188} INFO - [2025-04-17T22:49:24.424+0000] {dag.py:3036} INFO - Sync 2 DAGs
[2025-04-17T22:49:24.444+0000] {logging_mixin.py:188} INFO - [2025-04-17T22:49:24.444+0000] {dag.py:3823} INFO - Setting next_dagrun for example_xcom_args to None, run_after=None
[2025-04-17T22:49:24.450+0000] {logging_mixin.py:188} INFO - [2025-04-17T22:49:24.449+0000] {dag.py:3823} INFO - Setting next_dagrun for example_xcom_args_with_operators to None, run_after=None
[2025-04-17T22:49:24.476+0000] {processor.py:183} INFO - Processing /home/airflow/.local/lib/python3.8/site-packages/airflow/example_dags/example_xcomargs.py took 0.116 seconds
[2025-04-17T22:49:54.704+0000] {processor.py:161} INFO - Started process (PID=1069) to work on /home/airflow/.local/lib/python3.8/site-packages/airflow/example_dags/example_xcomargs.py
[2025-04-17T22:49:54.706+0000] {processor.py:830} INFO - Processing file /home/airflow/.local/lib/python3.8/site-packages/airflow/example_dags/example_xcomargs.py for tasks to queue
[2025-04-17T22:49:54.708+0000] {logging_mixin.py:188} INFO - [2025-04-17T22:49:54.708+0000] {dagbag.py:538} INFO - Filling up the DagBag from /home/airflow/.local/lib/python3.8/site-packages/airflow/example_dags/example_xcomargs.py
[2025-04-17T22:49:54.722+0000] {processor.py:840} INFO - DAG(s) 'example_xcom_args', 'example_xcom_args_with_operators' retrieved from /home/airflow/.local/lib/python3.8/site-packages/airflow/example_dags/example_xcomargs.py
[2025-04-17T22:49:54.761+0000] {logging_mixin.py:188} INFO - [2025-04-17T22:49:54.761+0000] {dag.py:3036} INFO - Sync 2 DAGs
[2025-04-17T22:49:54.784+0000] {logging_mixin.py:188} INFO - [2025-04-17T22:49:54.784+0000] {dag.py:3823} INFO - Setting next_dagrun for example_xcom_args to None, run_after=None
[2025-04-17T22:49:54.792+0000] {logging_mixin.py:188} INFO - [2025-04-17T22:49:54.792+0000] {dag.py:3823} INFO - Setting next_dagrun for example_xcom_args_with_operators to None, run_after=None
[2025-04-17T22:49:54.820+0000] {processor.py:183} INFO - Processing /home/airflow/.local/lib/python3.8/site-packages/airflow/example_dags/example_xcomargs.py took 0.121 seconds
[2025-04-17T22:50:25.364+0000] {processor.py:161} INFO - Started process (PID=1124) to work on /home/airflow/.local/lib/python3.8/site-packages/airflow/example_dags/example_xcomargs.py
[2025-04-17T22:50:25.366+0000] {processor.py:830} INFO - Processing file /home/airflow/.local/lib/python3.8/site-packages/airflow/example_dags/example_xcomargs.py for tasks to queue
[2025-04-17T22:50:25.369+0000] {logging_mixin.py:188} INFO - [2025-04-17T22:50:25.369+0000] {dagbag.py:538} INFO - Filling up the DagBag from /home/airflow/.local/lib/python3.8/site-packages/airflow/example_dags/example_xcomargs.py
[2025-04-17T22:50:25.385+0000] {processor.py:840} INFO - DAG(s) 'example_xcom_args', 'example_xcom_args_with_operators' retrieved from /home/airflow/.local/lib/python3.8/site-packages/airflow/example_dags/example_xcomargs.py
[2025-04-17T22:50:25.435+0000] {logging_mixin.py:188} INFO - [2025-04-17T22:50:25.435+0000] {dag.py:3036} INFO - Sync 2 DAGs
[2025-04-17T22:50:25.464+0000] {logging_mixin.py:188} INFO - [2025-04-17T22:50:25.463+0000] {dag.py:3823} INFO - Setting next_dagrun for example_xcom_args to None, run_after=None
[2025-04-17T22:50:25.472+0000] {logging_mixin.py:188} INFO - [2025-04-17T22:50:25.471+0000] {dag.py:3823} INFO - Setting next_dagrun for example_xcom_args_with_operators to None, run_after=None
[2025-04-17T22:50:25.516+0000] {processor.py:183} INFO - Processing /home/airflow/.local/lib/python3.8/site-packages/airflow/example_dags/example_xcomargs.py took 0.157 seconds
[2025-04-17T22:50:56.193+0000] {processor.py:161} INFO - Started process (PID=1179) to work on /home/airflow/.local/lib/python3.8/site-packages/airflow/example_dags/example_xcomargs.py
[2025-04-17T22:50:56.196+0000] {processor.py:830} INFO - Processing file /home/airflow/.local/lib/python3.8/site-packages/airflow/example_dags/example_xcomargs.py for tasks to queue
[2025-04-17T22:50:56.200+0000] {logging_mixin.py:188} INFO - [2025-04-17T22:50:56.199+0000] {dagbag.py:538} INFO - Filling up the DagBag from /home/airflow/.local/lib/python3.8/site-packages/airflow/example_dags/example_xcomargs.py
[2025-04-17T22:50:56.213+0000] {processor.py:840} INFO - DAG(s) 'example_xcom_args', 'example_xcom_args_with_operators' retrieved from /home/airflow/.local/lib/python3.8/site-packages/airflow/example_dags/example_xcomargs.py
[2025-04-17T22:50:56.253+0000] {logging_mixin.py:188} INFO - [2025-04-17T22:50:56.252+0000] {dag.py:3036} INFO - Sync 2 DAGs
[2025-04-17T22:50:56.287+0000] {logging_mixin.py:188} INFO - [2025-04-17T22:50:56.287+0000] {dag.py:3823} INFO - Setting next_dagrun for example_xcom_args to None, run_after=None
[2025-04-17T22:50:56.297+0000] {logging_mixin.py:188} INFO - [2025-04-17T22:50:56.297+0000] {dag.py:3823} INFO - Setting next_dagrun for example_xcom_args_with_operators to None, run_after=None
[2025-04-17T22:50:56.327+0000] {processor.py:183} INFO - Processing /home/airflow/.local/lib/python3.8/site-packages/airflow/example_dags/example_xcomargs.py took 0.142 seconds
[2025-04-17T22:51:26.423+0000] {processor.py:161} INFO - Started process (PID=1234) to work on /home/airflow/.local/lib/python3.8/site-packages/airflow/example_dags/example_xcomargs.py
[2025-04-17T22:51:26.425+0000] {processor.py:830} INFO - Processing file /home/airflow/.local/lib/python3.8/site-packages/airflow/example_dags/example_xcomargs.py for tasks to queue
[2025-04-17T22:51:26.433+0000] {logging_mixin.py:188} INFO - [2025-04-17T22:51:26.432+0000] {dagbag.py:538} INFO - Filling up the DagBag from /home/airflow/.local/lib/python3.8/site-packages/airflow/example_dags/example_xcomargs.py
[2025-04-17T22:51:26.446+0000] {processor.py:840} INFO - DAG(s) 'example_xcom_args', 'example_xcom_args_with_operators' retrieved from /home/airflow/.local/lib/python3.8/site-packages/airflow/example_dags/example_xcomargs.py
[2025-04-17T22:51:26.489+0000] {logging_mixin.py:188} INFO - [2025-04-17T22:51:26.488+0000] {dag.py:3036} INFO - Sync 2 DAGs
[2025-04-17T22:51:26.512+0000] {logging_mixin.py:188} INFO - [2025-04-17T22:51:26.512+0000] {dag.py:3823} INFO - Setting next_dagrun for example_xcom_args to None, run_after=None
[2025-04-17T22:51:26.520+0000] {logging_mixin.py:188} INFO - [2025-04-17T22:51:26.519+0000] {dag.py:3823} INFO - Setting next_dagrun for example_xcom_args_with_operators to None, run_after=None
[2025-04-17T22:51:26.547+0000] {processor.py:183} INFO - Processing /home/airflow/.local/lib/python3.8/site-packages/airflow/example_dags/example_xcomargs.py took 0.130 seconds
[2025-04-17T22:51:57.132+0000] {processor.py:161} INFO - Started process (PID=1289) to work on /home/airflow/.local/lib/python3.8/site-packages/airflow/example_dags/example_xcomargs.py
[2025-04-17T22:51:57.133+0000] {processor.py:830} INFO - Processing file /home/airflow/.local/lib/python3.8/site-packages/airflow/example_dags/example_xcomargs.py for tasks to queue
[2025-04-17T22:51:57.136+0000] {logging_mixin.py:188} INFO - [2025-04-17T22:51:57.136+0000] {dagbag.py:538} INFO - Filling up the DagBag from /home/airflow/.local/lib/python3.8/site-packages/airflow/example_dags/example_xcomargs.py
[2025-04-17T22:51:57.148+0000] {processor.py:840} INFO - DAG(s) 'example_xcom_args', 'example_xcom_args_with_operators' retrieved from /home/airflow/.local/lib/python3.8/site-packages/airflow/example_dags/example_xcomargs.py
[2025-04-17T22:51:57.191+0000] {logging_mixin.py:188} INFO - [2025-04-17T22:51:57.191+0000] {dag.py:3036} INFO - Sync 2 DAGs
[2025-04-17T22:51:57.210+0000] {logging_mixin.py:188} INFO - [2025-04-17T22:51:57.210+0000] {dag.py:3823} INFO - Setting next_dagrun for example_xcom_args to None, run_after=None
[2025-04-17T22:51:57.218+0000] {logging_mixin.py:188} INFO - [2025-04-17T22:51:57.217+0000] {dag.py:3823} INFO - Setting next_dagrun for example_xcom_args_with_operators to None, run_after=None
[2025-04-17T22:51:57.249+0000] {processor.py:183} INFO - Processing /home/airflow/.local/lib/python3.8/site-packages/airflow/example_dags/example_xcomargs.py took 0.122 seconds
[2025-04-17T22:52:27.523+0000] {processor.py:161} INFO - Started process (PID=1344) to work on /home/airflow/.local/lib/python3.8/site-packages/airflow/example_dags/example_xcomargs.py
[2025-04-17T22:52:27.525+0000] {processor.py:830} INFO - Processing file /home/airflow/.local/lib/python3.8/site-packages/airflow/example_dags/example_xcomargs.py for tasks to queue
[2025-04-17T22:52:27.529+0000] {logging_mixin.py:188} INFO - [2025-04-17T22:52:27.528+0000] {dagbag.py:538} INFO - Filling up the DagBag from /home/airflow/.local/lib/python3.8/site-packages/airflow/example_dags/example_xcomargs.py
[2025-04-17T22:52:27.547+0000] {processor.py:840} INFO - DAG(s) 'example_xcom_args_with_operators', 'example_xcom_args' retrieved from /home/airflow/.local/lib/python3.8/site-packages/airflow/example_dags/example_xcomargs.py
[2025-04-17T22:52:27.593+0000] {logging_mixin.py:188} INFO - [2025-04-17T22:52:27.593+0000] {dag.py:3036} INFO - Sync 2 DAGs
[2025-04-17T22:52:27.619+0000] {logging_mixin.py:188} INFO - [2025-04-17T22:52:27.619+0000] {dag.py:3823} INFO - Setting next_dagrun for example_xcom_args to None, run_after=None
[2025-04-17T22:52:27.627+0000] {logging_mixin.py:188} INFO - [2025-04-17T22:52:27.626+0000] {dag.py:3823} INFO - Setting next_dagrun for example_xcom_args_with_operators to None, run_after=None
[2025-04-17T22:52:27.664+0000] {processor.py:183} INFO - Processing /home/airflow/.local/lib/python3.8/site-packages/airflow/example_dags/example_xcomargs.py took 0.147 seconds
[2025-04-17T22:52:58.129+0000] {processor.py:161} INFO - Started process (PID=1399) to work on /home/airflow/.local/lib/python3.8/site-packages/airflow/example_dags/example_xcomargs.py
[2025-04-17T22:52:58.131+0000] {processor.py:830} INFO - Processing file /home/airflow/.local/lib/python3.8/site-packages/airflow/example_dags/example_xcomargs.py for tasks to queue
[2025-04-17T22:52:58.135+0000] {logging_mixin.py:188} INFO - [2025-04-17T22:52:58.134+0000] {dagbag.py:538} INFO - Filling up the DagBag from /home/airflow/.local/lib/python3.8/site-packages/airflow/example_dags/example_xcomargs.py
[2025-04-17T22:52:58.154+0000] {processor.py:840} INFO - DAG(s) 'example_xcom_args', 'example_xcom_args_with_operators' retrieved from /home/airflow/.local/lib/python3.8/site-packages/airflow/example_dags/example_xcomargs.py
[2025-04-17T22:52:58.202+0000] {logging_mixin.py:188} INFO - [2025-04-17T22:52:58.201+0000] {dag.py:3036} INFO - Sync 2 DAGs
[2025-04-17T22:52:58.234+0000] {logging_mixin.py:188} INFO - [2025-04-17T22:52:58.233+0000] {dag.py:3823} INFO - Setting next_dagrun for example_xcom_args to None, run_after=None
[2025-04-17T22:52:58.242+0000] {logging_mixin.py:188} INFO - [2025-04-17T22:52:58.242+0000] {dag.py:3823} INFO - Setting next_dagrun for example_xcom_args_with_operators to None, run_after=None
[2025-04-17T22:52:58.275+0000] {processor.py:183} INFO - Processing /home/airflow/.local/lib/python3.8/site-packages/airflow/example_dags/example_xcomargs.py took 0.152 seconds
[2025-04-17T22:53:28.455+0000] {processor.py:161} INFO - Started process (PID=1454) to work on /home/airflow/.local/lib/python3.8/site-packages/airflow/example_dags/example_xcomargs.py
[2025-04-17T22:53:28.456+0000] {processor.py:830} INFO - Processing file /home/airflow/.local/lib/python3.8/site-packages/airflow/example_dags/example_xcomargs.py for tasks to queue
[2025-04-17T22:53:28.459+0000] {logging_mixin.py:188} INFO - [2025-04-17T22:53:28.459+0000] {dagbag.py:538} INFO - Filling up the DagBag from /home/airflow/.local/lib/python3.8/site-packages/airflow/example_dags/example_xcomargs.py
[2025-04-17T22:53:28.472+0000] {processor.py:840} INFO - DAG(s) 'example_xcom_args', 'example_xcom_args_with_operators' retrieved from /home/airflow/.local/lib/python3.8/site-packages/airflow/example_dags/example_xcomargs.py
[2025-04-17T22:53:28.511+0000] {logging_mixin.py:188} INFO - [2025-04-17T22:53:28.511+0000] {dag.py:3036} INFO - Sync 2 DAGs
[2025-04-17T22:53:28.534+0000] {logging_mixin.py:188} INFO - [2025-04-17T22:53:28.534+0000] {dag.py:3823} INFO - Setting next_dagrun for example_xcom_args to None, run_after=None
[2025-04-17T22:53:28.541+0000] {logging_mixin.py:188} INFO - [2025-04-17T22:53:28.541+0000] {dag.py:3823} INFO - Setting next_dagrun for example_xcom_args_with_operators to None, run_after=None
[2025-04-17T22:53:28.570+0000] {processor.py:183} INFO - Processing /home/airflow/.local/lib/python3.8/site-packages/airflow/example_dags/example_xcomargs.py took 0.120 seconds
[2025-04-17T22:53:58.724+0000] {processor.py:161} INFO - Started process (PID=1509) to work on /home/airflow/.local/lib/python3.8/site-packages/airflow/example_dags/example_xcomargs.py
[2025-04-17T22:53:58.725+0000] {processor.py:830} INFO - Processing file /home/airflow/.local/lib/python3.8/site-packages/airflow/example_dags/example_xcomargs.py for tasks to queue
[2025-04-17T22:53:58.728+0000] {logging_mixin.py:188} INFO - [2025-04-17T22:53:58.727+0000] {dagbag.py:538} INFO - Filling up the DagBag from /home/airflow/.local/lib/python3.8/site-packages/airflow/example_dags/example_xcomargs.py
[2025-04-17T22:53:58.741+0000] {processor.py:840} INFO - DAG(s) 'example_xcom_args', 'example_xcom_args_with_operators' retrieved from /home/airflow/.local/lib/python3.8/site-packages/airflow/example_dags/example_xcomargs.py
[2025-04-17T22:53:58.781+0000] {logging_mixin.py:188} INFO - [2025-04-17T22:53:58.781+0000] {dag.py:3036} INFO - Sync 2 DAGs
[2025-04-17T22:53:58.801+0000] {logging_mixin.py:188} INFO - [2025-04-17T22:53:58.801+0000] {dag.py:3823} INFO - Setting next_dagrun for example_xcom_args to None, run_after=None
[2025-04-17T22:53:58.809+0000] {logging_mixin.py:188} INFO - [2025-04-17T22:53:58.808+0000] {dag.py:3823} INFO - Setting next_dagrun for example_xcom_args_with_operators to None, run_after=None
[2025-04-17T22:53:58.838+0000] {processor.py:183} INFO - Processing /home/airflow/.local/lib/python3.8/site-packages/airflow/example_dags/example_xcomargs.py took 0.119 seconds
