[2025-04-17T22:40:43.458+0000] {processor.py:161} INFO - Started process (PID=79) to work on /home/airflow/.local/lib/python3.8/site-packages/airflow/example_dags/example_python_operator.py
[2025-04-17T22:40:43.461+0000] {processor.py:830} INFO - Processing file /home/airflow/.local/lib/python3.8/site-packages/airflow/example_dags/example_python_operator.py for tasks to queue
[2025-04-17T22:40:43.464+0000] {logging_mixin.py:188} INFO - [2025-04-17T22:40:43.464+0000] {dagbag.py:538} INFO - Filling up the DagBag from /home/airflow/.local/lib/python3.8/site-packages/airflow/example_dags/example_python_operator.py
[2025-04-17T22:40:43.496+0000] {processor.py:840} INFO - DAG(s) 'example_python_operator' retrieved from /home/airflow/.local/lib/python3.8/site-packages/airflow/example_dags/example_python_operator.py
[2025-04-17T22:40:43.745+0000] {logging_mixin.py:188} INFO - [2025-04-17T22:40:43.744+0000] {dag.py:3036} INFO - Sync 1 DAGs
[2025-04-17T22:40:43.768+0000] {logging_mixin.py:188} INFO - [2025-04-17T22:40:43.768+0000] {dag.py:3823} INFO - Setting next_dagrun for example_python_operator to None, run_after=None
[2025-04-17T22:40:43.820+0000] {processor.py:183} INFO - Processing /home/airflow/.local/lib/python3.8/site-packages/airflow/example_dags/example_python_operator.py took 0.371 seconds
[2025-04-17T22:41:14.715+0000] {processor.py:161} INFO - Started process (PID=134) to work on /home/airflow/.local/lib/python3.8/site-packages/airflow/example_dags/example_python_operator.py
[2025-04-17T22:41:14.716+0000] {processor.py:830} INFO - Processing file /home/airflow/.local/lib/python3.8/site-packages/airflow/example_dags/example_python_operator.py for tasks to queue
[2025-04-17T22:41:14.720+0000] {logging_mixin.py:188} INFO - [2025-04-17T22:41:14.720+0000] {dagbag.py:538} INFO - Filling up the DagBag from /home/airflow/.local/lib/python3.8/site-packages/airflow/example_dags/example_python_operator.py
[2025-04-17T22:41:14.746+0000] {processor.py:840} INFO - DAG(s) 'example_python_operator' retrieved from /home/airflow/.local/lib/python3.8/site-packages/airflow/example_dags/example_python_operator.py
[2025-04-17T22:41:14.784+0000] {logging_mixin.py:188} INFO - [2025-04-17T22:41:14.784+0000] {dag.py:3036} INFO - Sync 1 DAGs
[2025-04-17T22:41:14.809+0000] {logging_mixin.py:188} INFO - [2025-04-17T22:41:14.809+0000] {dag.py:3823} INFO - Setting next_dagrun for example_python_operator to None, run_after=None
[2025-04-17T22:41:14.841+0000] {processor.py:183} INFO - Processing /home/airflow/.local/lib/python3.8/site-packages/airflow/example_dags/example_python_operator.py took 0.132 seconds
[2025-04-17T22:41:45.534+0000] {processor.py:161} INFO - Started process (PID=190) to work on /home/airflow/.local/lib/python3.8/site-packages/airflow/example_dags/example_python_operator.py
[2025-04-17T22:41:45.536+0000] {processor.py:830} INFO - Processing file /home/airflow/.local/lib/python3.8/site-packages/airflow/example_dags/example_python_operator.py for tasks to queue
[2025-04-17T22:41:45.539+0000] {logging_mixin.py:188} INFO - [2025-04-17T22:41:45.538+0000] {dagbag.py:538} INFO - Filling up the DagBag from /home/airflow/.local/lib/python3.8/site-packages/airflow/example_dags/example_python_operator.py
[2025-04-17T22:41:45.557+0000] {processor.py:840} INFO - DAG(s) 'example_python_operator' retrieved from /home/airflow/.local/lib/python3.8/site-packages/airflow/example_dags/example_python_operator.py
[2025-04-17T22:41:45.598+0000] {logging_mixin.py:188} INFO - [2025-04-17T22:41:45.597+0000] {dag.py:3036} INFO - Sync 1 DAGs
[2025-04-17T22:41:45.619+0000] {logging_mixin.py:188} INFO - [2025-04-17T22:41:45.618+0000] {dag.py:3823} INFO - Setting next_dagrun for example_python_operator to None, run_after=None
[2025-04-17T22:41:45.650+0000] {processor.py:183} INFO - Processing /home/airflow/.local/lib/python3.8/site-packages/airflow/example_dags/example_python_operator.py took 0.121 seconds
[2025-04-17T22:42:15.968+0000] {processor.py:161} INFO - Started process (PID=245) to work on /home/airflow/.local/lib/python3.8/site-packages/airflow/example_dags/example_python_operator.py
[2025-04-17T22:42:15.970+0000] {processor.py:830} INFO - Processing file /home/airflow/.local/lib/python3.8/site-packages/airflow/example_dags/example_python_operator.py for tasks to queue
[2025-04-17T22:42:15.973+0000] {logging_mixin.py:188} INFO - [2025-04-17T22:42:15.972+0000] {dagbag.py:538} INFO - Filling up the DagBag from /home/airflow/.local/lib/python3.8/site-packages/airflow/example_dags/example_python_operator.py
[2025-04-17T22:42:15.990+0000] {processor.py:840} INFO - DAG(s) 'example_python_operator' retrieved from /home/airflow/.local/lib/python3.8/site-packages/airflow/example_dags/example_python_operator.py
[2025-04-17T22:42:16.038+0000] {logging_mixin.py:188} INFO - [2025-04-17T22:42:16.037+0000] {dag.py:3036} INFO - Sync 1 DAGs
[2025-04-17T22:42:16.059+0000] {logging_mixin.py:188} INFO - [2025-04-17T22:42:16.058+0000] {dag.py:3823} INFO - Setting next_dagrun for example_python_operator to None, run_after=None
[2025-04-17T22:42:16.092+0000] {processor.py:183} INFO - Processing /home/airflow/.local/lib/python3.8/site-packages/airflow/example_dags/example_python_operator.py took 0.129 seconds
[2025-04-17T22:42:46.447+0000] {processor.py:161} INFO - Started process (PID=300) to work on /home/airflow/.local/lib/python3.8/site-packages/airflow/example_dags/example_python_operator.py
[2025-04-17T22:42:46.449+0000] {processor.py:830} INFO - Processing file /home/airflow/.local/lib/python3.8/site-packages/airflow/example_dags/example_python_operator.py for tasks to queue
[2025-04-17T22:42:46.452+0000] {logging_mixin.py:188} INFO - [2025-04-17T22:42:46.451+0000] {dagbag.py:538} INFO - Filling up the DagBag from /home/airflow/.local/lib/python3.8/site-packages/airflow/example_dags/example_python_operator.py
[2025-04-17T22:42:46.469+0000] {processor.py:840} INFO - DAG(s) 'example_python_operator' retrieved from /home/airflow/.local/lib/python3.8/site-packages/airflow/example_dags/example_python_operator.py
[2025-04-17T22:42:46.520+0000] {logging_mixin.py:188} INFO - [2025-04-17T22:42:46.520+0000] {dag.py:3036} INFO - Sync 1 DAGs
[2025-04-17T22:42:46.540+0000] {logging_mixin.py:188} INFO - [2025-04-17T22:42:46.540+0000] {dag.py:3823} INFO - Setting next_dagrun for example_python_operator to None, run_after=None
[2025-04-17T22:42:46.574+0000] {processor.py:183} INFO - Processing /home/airflow/.local/lib/python3.8/site-packages/airflow/example_dags/example_python_operator.py took 0.132 seconds
[2025-04-17T22:43:17.154+0000] {processor.py:161} INFO - Started process (PID=355) to work on /home/airflow/.local/lib/python3.8/site-packages/airflow/example_dags/example_python_operator.py
[2025-04-17T22:43:17.155+0000] {processor.py:830} INFO - Processing file /home/airflow/.local/lib/python3.8/site-packages/airflow/example_dags/example_python_operator.py for tasks to queue
[2025-04-17T22:43:17.159+0000] {logging_mixin.py:188} INFO - [2025-04-17T22:43:17.158+0000] {dagbag.py:538} INFO - Filling up the DagBag from /home/airflow/.local/lib/python3.8/site-packages/airflow/example_dags/example_python_operator.py
[2025-04-17T22:43:17.185+0000] {processor.py:840} INFO - DAG(s) 'example_python_operator' retrieved from /home/airflow/.local/lib/python3.8/site-packages/airflow/example_dags/example_python_operator.py
[2025-04-17T22:43:17.246+0000] {logging_mixin.py:188} INFO - [2025-04-17T22:43:17.245+0000] {dag.py:3036} INFO - Sync 1 DAGs
[2025-04-17T22:43:17.270+0000] {logging_mixin.py:188} INFO - [2025-04-17T22:43:17.270+0000] {dag.py:3823} INFO - Setting next_dagrun for example_python_operator to None, run_after=None
[2025-04-17T22:43:17.307+0000] {processor.py:183} INFO - Processing /home/airflow/.local/lib/python3.8/site-packages/airflow/example_dags/example_python_operator.py took 0.159 seconds
[2025-04-17T22:43:47.457+0000] {processor.py:161} INFO - Started process (PID=410) to work on /home/airflow/.local/lib/python3.8/site-packages/airflow/example_dags/example_python_operator.py
[2025-04-17T22:43:47.459+0000] {processor.py:830} INFO - Processing file /home/airflow/.local/lib/python3.8/site-packages/airflow/example_dags/example_python_operator.py for tasks to queue
[2025-04-17T22:43:47.462+0000] {logging_mixin.py:188} INFO - [2025-04-17T22:43:47.461+0000] {dagbag.py:538} INFO - Filling up the DagBag from /home/airflow/.local/lib/python3.8/site-packages/airflow/example_dags/example_python_operator.py
[2025-04-17T22:43:47.480+0000] {processor.py:840} INFO - DAG(s) 'example_python_operator' retrieved from /home/airflow/.local/lib/python3.8/site-packages/airflow/example_dags/example_python_operator.py
[2025-04-17T22:43:47.526+0000] {logging_mixin.py:188} INFO - [2025-04-17T22:43:47.526+0000] {dag.py:3036} INFO - Sync 1 DAGs
[2025-04-17T22:43:47.548+0000] {logging_mixin.py:188} INFO - [2025-04-17T22:43:47.548+0000] {dag.py:3823} INFO - Setting next_dagrun for example_python_operator to None, run_after=None
[2025-04-17T22:43:47.582+0000] {processor.py:183} INFO - Processing /home/airflow/.local/lib/python3.8/site-packages/airflow/example_dags/example_python_operator.py took 0.130 seconds
[2025-04-17T22:44:18.350+0000] {processor.py:161} INFO - Started process (PID=465) to work on /home/airflow/.local/lib/python3.8/site-packages/airflow/example_dags/example_python_operator.py
[2025-04-17T22:44:18.352+0000] {processor.py:830} INFO - Processing file /home/airflow/.local/lib/python3.8/site-packages/airflow/example_dags/example_python_operator.py for tasks to queue
[2025-04-17T22:44:18.355+0000] {logging_mixin.py:188} INFO - [2025-04-17T22:44:18.354+0000] {dagbag.py:538} INFO - Filling up the DagBag from /home/airflow/.local/lib/python3.8/site-packages/airflow/example_dags/example_python_operator.py
[2025-04-17T22:44:18.373+0000] {processor.py:840} INFO - DAG(s) 'example_python_operator' retrieved from /home/airflow/.local/lib/python3.8/site-packages/airflow/example_dags/example_python_operator.py
[2025-04-17T22:44:18.415+0000] {logging_mixin.py:188} INFO - [2025-04-17T22:44:18.415+0000] {dag.py:3036} INFO - Sync 1 DAGs
[2025-04-17T22:44:18.436+0000] {logging_mixin.py:188} INFO - [2025-04-17T22:44:18.436+0000] {dag.py:3823} INFO - Setting next_dagrun for example_python_operator to None, run_after=None
[2025-04-17T22:44:18.468+0000] {processor.py:183} INFO - Processing /home/airflow/.local/lib/python3.8/site-packages/airflow/example_dags/example_python_operator.py took 0.123 seconds
[2025-04-17T22:44:49.127+0000] {processor.py:161} INFO - Started process (PID=520) to work on /home/airflow/.local/lib/python3.8/site-packages/airflow/example_dags/example_python_operator.py
[2025-04-17T22:44:49.129+0000] {processor.py:830} INFO - Processing file /home/airflow/.local/lib/python3.8/site-packages/airflow/example_dags/example_python_operator.py for tasks to queue
[2025-04-17T22:44:49.132+0000] {logging_mixin.py:188} INFO - [2025-04-17T22:44:49.131+0000] {dagbag.py:538} INFO - Filling up the DagBag from /home/airflow/.local/lib/python3.8/site-packages/airflow/example_dags/example_python_operator.py
[2025-04-17T22:44:49.151+0000] {processor.py:840} INFO - DAG(s) 'example_python_operator' retrieved from /home/airflow/.local/lib/python3.8/site-packages/airflow/example_dags/example_python_operator.py
[2025-04-17T22:44:49.197+0000] {logging_mixin.py:188} INFO - [2025-04-17T22:44:49.196+0000] {dag.py:3036} INFO - Sync 1 DAGs
[2025-04-17T22:44:49.225+0000] {logging_mixin.py:188} INFO - [2025-04-17T22:44:49.225+0000] {dag.py:3823} INFO - Setting next_dagrun for example_python_operator to None, run_after=None
[2025-04-17T22:44:49.275+0000] {processor.py:183} INFO - Processing /home/airflow/.local/lib/python3.8/site-packages/airflow/example_dags/example_python_operator.py took 0.153 seconds
[2025-04-17T22:45:19.838+0000] {processor.py:161} INFO - Started process (PID=575) to work on /home/airflow/.local/lib/python3.8/site-packages/airflow/example_dags/example_python_operator.py
[2025-04-17T22:45:19.839+0000] {processor.py:830} INFO - Processing file /home/airflow/.local/lib/python3.8/site-packages/airflow/example_dags/example_python_operator.py for tasks to queue
[2025-04-17T22:45:19.842+0000] {logging_mixin.py:188} INFO - [2025-04-17T22:45:19.841+0000] {dagbag.py:538} INFO - Filling up the DagBag from /home/airflow/.local/lib/python3.8/site-packages/airflow/example_dags/example_python_operator.py
[2025-04-17T22:45:19.859+0000] {processor.py:840} INFO - DAG(s) 'example_python_operator' retrieved from /home/airflow/.local/lib/python3.8/site-packages/airflow/example_dags/example_python_operator.py
[2025-04-17T22:45:19.901+0000] {logging_mixin.py:188} INFO - [2025-04-17T22:45:19.901+0000] {dag.py:3036} INFO - Sync 1 DAGs
[2025-04-17T22:45:19.922+0000] {logging_mixin.py:188} INFO - [2025-04-17T22:45:19.922+0000] {dag.py:3823} INFO - Setting next_dagrun for example_python_operator to None, run_after=None
[2025-04-17T22:45:19.954+0000] {processor.py:183} INFO - Processing /home/airflow/.local/lib/python3.8/site-packages/airflow/example_dags/example_python_operator.py took 0.122 seconds
[2025-04-17T22:45:50.358+0000] {processor.py:161} INFO - Started process (PID=630) to work on /home/airflow/.local/lib/python3.8/site-packages/airflow/example_dags/example_python_operator.py
[2025-04-17T22:45:50.360+0000] {processor.py:830} INFO - Processing file /home/airflow/.local/lib/python3.8/site-packages/airflow/example_dags/example_python_operator.py for tasks to queue
[2025-04-17T22:45:50.363+0000] {logging_mixin.py:188} INFO - [2025-04-17T22:45:50.362+0000] {dagbag.py:538} INFO - Filling up the DagBag from /home/airflow/.local/lib/python3.8/site-packages/airflow/example_dags/example_python_operator.py
[2025-04-17T22:45:50.379+0000] {processor.py:840} INFO - DAG(s) 'example_python_operator' retrieved from /home/airflow/.local/lib/python3.8/site-packages/airflow/example_dags/example_python_operator.py
[2025-04-17T22:45:50.415+0000] {logging_mixin.py:188} INFO - [2025-04-17T22:45:50.415+0000] {dag.py:3036} INFO - Sync 1 DAGs
[2025-04-17T22:45:50.434+0000] {logging_mixin.py:188} INFO - [2025-04-17T22:45:50.434+0000] {dag.py:3823} INFO - Setting next_dagrun for example_python_operator to None, run_after=None
[2025-04-17T22:45:50.464+0000] {processor.py:183} INFO - Processing /home/airflow/.local/lib/python3.8/site-packages/airflow/example_dags/example_python_operator.py took 0.111 seconds
[2025-04-17T22:46:20.780+0000] {processor.py:161} INFO - Started process (PID=685) to work on /home/airflow/.local/lib/python3.8/site-packages/airflow/example_dags/example_python_operator.py
[2025-04-17T22:46:20.782+0000] {processor.py:830} INFO - Processing file /home/airflow/.local/lib/python3.8/site-packages/airflow/example_dags/example_python_operator.py for tasks to queue
[2025-04-17T22:46:20.785+0000] {logging_mixin.py:188} INFO - [2025-04-17T22:46:20.784+0000] {dagbag.py:538} INFO - Filling up the DagBag from /home/airflow/.local/lib/python3.8/site-packages/airflow/example_dags/example_python_operator.py
[2025-04-17T22:46:20.802+0000] {processor.py:840} INFO - DAG(s) 'example_python_operator' retrieved from /home/airflow/.local/lib/python3.8/site-packages/airflow/example_dags/example_python_operator.py
[2025-04-17T22:46:20.838+0000] {logging_mixin.py:188} INFO - [2025-04-17T22:46:20.837+0000] {dag.py:3036} INFO - Sync 1 DAGs
[2025-04-17T22:46:20.858+0000] {logging_mixin.py:188} INFO - [2025-04-17T22:46:20.858+0000] {dag.py:3823} INFO - Setting next_dagrun for example_python_operator to None, run_after=None
[2025-04-17T22:46:20.886+0000] {processor.py:183} INFO - Processing /home/airflow/.local/lib/python3.8/site-packages/airflow/example_dags/example_python_operator.py took 0.111 seconds
[2025-04-17T22:46:51.461+0000] {processor.py:161} INFO - Started process (PID=740) to work on /home/airflow/.local/lib/python3.8/site-packages/airflow/example_dags/example_python_operator.py
[2025-04-17T22:46:51.463+0000] {processor.py:830} INFO - Processing file /home/airflow/.local/lib/python3.8/site-packages/airflow/example_dags/example_python_operator.py for tasks to queue
[2025-04-17T22:46:51.466+0000] {logging_mixin.py:188} INFO - [2025-04-17T22:46:51.465+0000] {dagbag.py:538} INFO - Filling up the DagBag from /home/airflow/.local/lib/python3.8/site-packages/airflow/example_dags/example_python_operator.py
[2025-04-17T22:46:51.483+0000] {processor.py:840} INFO - DAG(s) 'example_python_operator' retrieved from /home/airflow/.local/lib/python3.8/site-packages/airflow/example_dags/example_python_operator.py
[2025-04-17T22:46:51.523+0000] {logging_mixin.py:188} INFO - [2025-04-17T22:46:51.523+0000] {dag.py:3036} INFO - Sync 1 DAGs
[2025-04-17T22:46:51.547+0000] {logging_mixin.py:188} INFO - [2025-04-17T22:46:51.547+0000] {dag.py:3823} INFO - Setting next_dagrun for example_python_operator to None, run_after=None
[2025-04-17T22:46:51.579+0000] {processor.py:183} INFO - Processing /home/airflow/.local/lib/python3.8/site-packages/airflow/example_dags/example_python_operator.py took 0.123 seconds
[2025-04-17T22:47:21.853+0000] {processor.py:161} INFO - Started process (PID=795) to work on /home/airflow/.local/lib/python3.8/site-packages/airflow/example_dags/example_python_operator.py
[2025-04-17T22:47:21.855+0000] {processor.py:830} INFO - Processing file /home/airflow/.local/lib/python3.8/site-packages/airflow/example_dags/example_python_operator.py for tasks to queue
[2025-04-17T22:47:21.859+0000] {logging_mixin.py:188} INFO - [2025-04-17T22:47:21.859+0000] {dagbag.py:538} INFO - Filling up the DagBag from /home/airflow/.local/lib/python3.8/site-packages/airflow/example_dags/example_python_operator.py
[2025-04-17T22:47:21.881+0000] {processor.py:840} INFO - DAG(s) 'example_python_operator' retrieved from /home/airflow/.local/lib/python3.8/site-packages/airflow/example_dags/example_python_operator.py
[2025-04-17T22:47:21.919+0000] {logging_mixin.py:188} INFO - [2025-04-17T22:47:21.919+0000] {dag.py:3036} INFO - Sync 1 DAGs
[2025-04-17T22:47:21.939+0000] {logging_mixin.py:188} INFO - [2025-04-17T22:47:21.939+0000] {dag.py:3823} INFO - Setting next_dagrun for example_python_operator to None, run_after=None
[2025-04-17T22:47:21.970+0000] {processor.py:183} INFO - Processing /home/airflow/.local/lib/python3.8/site-packages/airflow/example_dags/example_python_operator.py took 0.124 seconds
[2025-04-17T22:47:52.249+0000] {processor.py:161} INFO - Started process (PID=850) to work on /home/airflow/.local/lib/python3.8/site-packages/airflow/example_dags/example_python_operator.py
[2025-04-17T22:47:52.250+0000] {processor.py:830} INFO - Processing file /home/airflow/.local/lib/python3.8/site-packages/airflow/example_dags/example_python_operator.py for tasks to queue
[2025-04-17T22:47:52.253+0000] {logging_mixin.py:188} INFO - [2025-04-17T22:47:52.253+0000] {dagbag.py:538} INFO - Filling up the DagBag from /home/airflow/.local/lib/python3.8/site-packages/airflow/example_dags/example_python_operator.py
[2025-04-17T22:47:52.271+0000] {processor.py:840} INFO - DAG(s) 'example_python_operator' retrieved from /home/airflow/.local/lib/python3.8/site-packages/airflow/example_dags/example_python_operator.py
[2025-04-17T22:47:52.290+0000] {logging_mixin.py:188} INFO - [2025-04-17T22:47:52.290+0000] {dag.py:3036} INFO - Sync 1 DAGs
[2025-04-17T22:47:52.312+0000] {logging_mixin.py:188} INFO - [2025-04-17T22:47:52.312+0000] {dag.py:3823} INFO - Setting next_dagrun for example_python_operator to None, run_after=None
[2025-04-17T22:47:52.342+0000] {processor.py:183} INFO - Processing /home/airflow/.local/lib/python3.8/site-packages/airflow/example_dags/example_python_operator.py took 0.099 seconds
[2025-04-17T22:48:23.087+0000] {processor.py:161} INFO - Started process (PID=905) to work on /home/airflow/.local/lib/python3.8/site-packages/airflow/example_dags/example_python_operator.py
[2025-04-17T22:48:23.088+0000] {processor.py:830} INFO - Processing file /home/airflow/.local/lib/python3.8/site-packages/airflow/example_dags/example_python_operator.py for tasks to queue
[2025-04-17T22:48:23.091+0000] {logging_mixin.py:188} INFO - [2025-04-17T22:48:23.091+0000] {dagbag.py:538} INFO - Filling up the DagBag from /home/airflow/.local/lib/python3.8/site-packages/airflow/example_dags/example_python_operator.py
[2025-04-17T22:48:23.108+0000] {processor.py:840} INFO - DAG(s) 'example_python_operator' retrieved from /home/airflow/.local/lib/python3.8/site-packages/airflow/example_dags/example_python_operator.py
[2025-04-17T22:48:23.265+0000] {logging_mixin.py:188} INFO - [2025-04-17T22:48:23.264+0000] {dag.py:3036} INFO - Sync 1 DAGs
[2025-04-17T22:48:23.282+0000] {logging_mixin.py:188} INFO - [2025-04-17T22:48:23.282+0000] {dag.py:3823} INFO - Setting next_dagrun for example_python_operator to None, run_after=None
[2025-04-17T22:48:23.311+0000] {processor.py:183} INFO - Processing /home/airflow/.local/lib/python3.8/site-packages/airflow/example_dags/example_python_operator.py took 0.230 seconds
[2025-04-17T22:48:53.441+0000] {processor.py:161} INFO - Started process (PID=960) to work on /home/airflow/.local/lib/python3.8/site-packages/airflow/example_dags/example_python_operator.py
[2025-04-17T22:48:53.443+0000] {processor.py:830} INFO - Processing file /home/airflow/.local/lib/python3.8/site-packages/airflow/example_dags/example_python_operator.py for tasks to queue
[2025-04-17T22:48:53.446+0000] {logging_mixin.py:188} INFO - [2025-04-17T22:48:53.446+0000] {dagbag.py:538} INFO - Filling up the DagBag from /home/airflow/.local/lib/python3.8/site-packages/airflow/example_dags/example_python_operator.py
[2025-04-17T22:48:53.465+0000] {processor.py:840} INFO - DAG(s) 'example_python_operator' retrieved from /home/airflow/.local/lib/python3.8/site-packages/airflow/example_dags/example_python_operator.py
[2025-04-17T22:48:53.503+0000] {logging_mixin.py:188} INFO - [2025-04-17T22:48:53.503+0000] {dag.py:3036} INFO - Sync 1 DAGs
[2025-04-17T22:48:53.524+0000] {logging_mixin.py:188} INFO - [2025-04-17T22:48:53.524+0000] {dag.py:3823} INFO - Setting next_dagrun for example_python_operator to None, run_after=None
[2025-04-17T22:48:53.553+0000] {processor.py:183} INFO - Processing /home/airflow/.local/lib/python3.8/site-packages/airflow/example_dags/example_python_operator.py took 0.117 seconds
[2025-04-17T22:49:24.376+0000] {processor.py:161} INFO - Started process (PID=1015) to work on /home/airflow/.local/lib/python3.8/site-packages/airflow/example_dags/example_python_operator.py
[2025-04-17T22:49:24.377+0000] {processor.py:830} INFO - Processing file /home/airflow/.local/lib/python3.8/site-packages/airflow/example_dags/example_python_operator.py for tasks to queue
[2025-04-17T22:49:24.380+0000] {logging_mixin.py:188} INFO - [2025-04-17T22:49:24.380+0000] {dagbag.py:538} INFO - Filling up the DagBag from /home/airflow/.local/lib/python3.8/site-packages/airflow/example_dags/example_python_operator.py
[2025-04-17T22:49:24.398+0000] {processor.py:840} INFO - DAG(s) 'example_python_operator' retrieved from /home/airflow/.local/lib/python3.8/site-packages/airflow/example_dags/example_python_operator.py
[2025-04-17T22:49:24.435+0000] {logging_mixin.py:188} INFO - [2025-04-17T22:49:24.434+0000] {dag.py:3036} INFO - Sync 1 DAGs
[2025-04-17T22:49:24.454+0000] {logging_mixin.py:188} INFO - [2025-04-17T22:49:24.453+0000] {dag.py:3823} INFO - Setting next_dagrun for example_python_operator to None, run_after=None
[2025-04-17T22:49:24.481+0000] {processor.py:183} INFO - Processing /home/airflow/.local/lib/python3.8/site-packages/airflow/example_dags/example_python_operator.py took 0.111 seconds
[2025-04-17T22:49:54.712+0000] {processor.py:161} INFO - Started process (PID=1070) to work on /home/airflow/.local/lib/python3.8/site-packages/airflow/example_dags/example_python_operator.py
[2025-04-17T22:49:54.714+0000] {processor.py:830} INFO - Processing file /home/airflow/.local/lib/python3.8/site-packages/airflow/example_dags/example_python_operator.py for tasks to queue
[2025-04-17T22:49:54.717+0000] {logging_mixin.py:188} INFO - [2025-04-17T22:49:54.716+0000] {dagbag.py:538} INFO - Filling up the DagBag from /home/airflow/.local/lib/python3.8/site-packages/airflow/example_dags/example_python_operator.py
[2025-04-17T22:49:54.734+0000] {processor.py:840} INFO - DAG(s) 'example_python_operator' retrieved from /home/airflow/.local/lib/python3.8/site-packages/airflow/example_dags/example_python_operator.py
[2025-04-17T22:49:54.773+0000] {logging_mixin.py:188} INFO - [2025-04-17T22:49:54.773+0000] {dag.py:3036} INFO - Sync 1 DAGs
[2025-04-17T22:49:54.794+0000] {logging_mixin.py:188} INFO - [2025-04-17T22:49:54.794+0000] {dag.py:3823} INFO - Setting next_dagrun for example_python_operator to None, run_after=None
[2025-04-17T22:49:54.825+0000] {processor.py:183} INFO - Processing /home/airflow/.local/lib/python3.8/site-packages/airflow/example_dags/example_python_operator.py took 0.119 seconds
[2025-04-17T22:50:25.376+0000] {processor.py:161} INFO - Started process (PID=1125) to work on /home/airflow/.local/lib/python3.8/site-packages/airflow/example_dags/example_python_operator.py
[2025-04-17T22:50:25.378+0000] {processor.py:830} INFO - Processing file /home/airflow/.local/lib/python3.8/site-packages/airflow/example_dags/example_python_operator.py for tasks to queue
[2025-04-17T22:50:25.382+0000] {logging_mixin.py:188} INFO - [2025-04-17T22:50:25.381+0000] {dagbag.py:538} INFO - Filling up the DagBag from /home/airflow/.local/lib/python3.8/site-packages/airflow/example_dags/example_python_operator.py
[2025-04-17T22:50:25.402+0000] {processor.py:840} INFO - DAG(s) 'example_python_operator' retrieved from /home/airflow/.local/lib/python3.8/site-packages/airflow/example_dags/example_python_operator.py
[2025-04-17T22:50:25.451+0000] {logging_mixin.py:188} INFO - [2025-04-17T22:50:25.451+0000] {dag.py:3036} INFO - Sync 1 DAGs
[2025-04-17T22:50:25.479+0000] {logging_mixin.py:188} INFO - [2025-04-17T22:50:25.479+0000] {dag.py:3823} INFO - Setting next_dagrun for example_python_operator to None, run_after=None
[2025-04-17T22:50:25.524+0000] {processor.py:183} INFO - Processing /home/airflow/.local/lib/python3.8/site-packages/airflow/example_dags/example_python_operator.py took 0.154 seconds
[2025-04-17T22:50:56.211+0000] {processor.py:161} INFO - Started process (PID=1180) to work on /home/airflow/.local/lib/python3.8/site-packages/airflow/example_dags/example_python_operator.py
[2025-04-17T22:50:56.213+0000] {processor.py:830} INFO - Processing file /home/airflow/.local/lib/python3.8/site-packages/airflow/example_dags/example_python_operator.py for tasks to queue
[2025-04-17T22:50:56.218+0000] {logging_mixin.py:188} INFO - [2025-04-17T22:50:56.218+0000] {dagbag.py:538} INFO - Filling up the DagBag from /home/airflow/.local/lib/python3.8/site-packages/airflow/example_dags/example_python_operator.py
[2025-04-17T22:50:56.236+0000] {processor.py:840} INFO - DAG(s) 'example_python_operator' retrieved from /home/airflow/.local/lib/python3.8/site-packages/airflow/example_dags/example_python_operator.py
[2025-04-17T22:50:56.290+0000] {logging_mixin.py:188} INFO - [2025-04-17T22:50:56.290+0000] {dag.py:3036} INFO - Sync 1 DAGs
[2025-04-17T22:50:56.316+0000] {logging_mixin.py:188} INFO - [2025-04-17T22:50:56.316+0000] {dag.py:3823} INFO - Setting next_dagrun for example_python_operator to None, run_after=None
[2025-04-17T22:50:56.346+0000] {processor.py:183} INFO - Processing /home/airflow/.local/lib/python3.8/site-packages/airflow/example_dags/example_python_operator.py took 0.140 seconds
[2025-04-17T22:51:26.438+0000] {processor.py:161} INFO - Started process (PID=1235) to work on /home/airflow/.local/lib/python3.8/site-packages/airflow/example_dags/example_python_operator.py
[2025-04-17T22:51:26.442+0000] {processor.py:830} INFO - Processing file /home/airflow/.local/lib/python3.8/site-packages/airflow/example_dags/example_python_operator.py for tasks to queue
[2025-04-17T22:51:26.444+0000] {logging_mixin.py:188} INFO - [2025-04-17T22:51:26.444+0000] {dagbag.py:538} INFO - Filling up the DagBag from /home/airflow/.local/lib/python3.8/site-packages/airflow/example_dags/example_python_operator.py
[2025-04-17T22:51:26.462+0000] {processor.py:840} INFO - DAG(s) 'example_python_operator' retrieved from /home/airflow/.local/lib/python3.8/site-packages/airflow/example_dags/example_python_operator.py
[2025-04-17T22:51:26.499+0000] {logging_mixin.py:188} INFO - [2025-04-17T22:51:26.498+0000] {dag.py:3036} INFO - Sync 1 DAGs
[2025-04-17T22:51:26.521+0000] {logging_mixin.py:188} INFO - [2025-04-17T22:51:26.521+0000] {dag.py:3823} INFO - Setting next_dagrun for example_python_operator to None, run_after=None
[2025-04-17T22:51:26.557+0000] {processor.py:183} INFO - Processing /home/airflow/.local/lib/python3.8/site-packages/airflow/example_dags/example_python_operator.py took 0.129 seconds
[2025-04-17T22:51:57.140+0000] {processor.py:161} INFO - Started process (PID=1290) to work on /home/airflow/.local/lib/python3.8/site-packages/airflow/example_dags/example_python_operator.py
[2025-04-17T22:51:57.142+0000] {processor.py:830} INFO - Processing file /home/airflow/.local/lib/python3.8/site-packages/airflow/example_dags/example_python_operator.py for tasks to queue
[2025-04-17T22:51:57.145+0000] {logging_mixin.py:188} INFO - [2025-04-17T22:51:57.144+0000] {dagbag.py:538} INFO - Filling up the DagBag from /home/airflow/.local/lib/python3.8/site-packages/airflow/example_dags/example_python_operator.py
[2025-04-17T22:51:57.162+0000] {processor.py:840} INFO - DAG(s) 'example_python_operator' retrieved from /home/airflow/.local/lib/python3.8/site-packages/airflow/example_dags/example_python_operator.py
[2025-04-17T22:51:57.201+0000] {logging_mixin.py:188} INFO - [2025-04-17T22:51:57.201+0000] {dag.py:3036} INFO - Sync 1 DAGs
[2025-04-17T22:51:57.220+0000] {logging_mixin.py:188} INFO - [2025-04-17T22:51:57.220+0000] {dag.py:3823} INFO - Setting next_dagrun for example_python_operator to None, run_after=None
[2025-04-17T22:51:57.252+0000] {processor.py:183} INFO - Processing /home/airflow/.local/lib/python3.8/site-packages/airflow/example_dags/example_python_operator.py took 0.117 seconds
[2025-04-17T22:52:27.663+0000] {processor.py:161} INFO - Started process (PID=1345) to work on /home/airflow/.local/lib/python3.8/site-packages/airflow/example_dags/example_python_operator.py
[2025-04-17T22:52:27.666+0000] {processor.py:830} INFO - Processing file /home/airflow/.local/lib/python3.8/site-packages/airflow/example_dags/example_python_operator.py for tasks to queue
[2025-04-17T22:52:27.671+0000] {logging_mixin.py:188} INFO - [2025-04-17T22:52:27.670+0000] {dagbag.py:538} INFO - Filling up the DagBag from /home/airflow/.local/lib/python3.8/site-packages/airflow/example_dags/example_python_operator.py
[2025-04-17T22:52:27.694+0000] {processor.py:840} INFO - DAG(s) 'example_python_operator' retrieved from /home/airflow/.local/lib/python3.8/site-packages/airflow/example_dags/example_python_operator.py
[2025-04-17T22:52:27.743+0000] {logging_mixin.py:188} INFO - [2025-04-17T22:52:27.742+0000] {dag.py:3036} INFO - Sync 1 DAGs
[2025-04-17T22:52:27.771+0000] {logging_mixin.py:188} INFO - [2025-04-17T22:52:27.770+0000] {dag.py:3823} INFO - Setting next_dagrun for example_python_operator to None, run_after=None
[2025-04-17T22:52:27.805+0000] {processor.py:183} INFO - Processing /home/airflow/.local/lib/python3.8/site-packages/airflow/example_dags/example_python_operator.py took 0.154 seconds
[2025-04-17T22:52:58.259+0000] {processor.py:161} INFO - Started process (PID=1400) to work on /home/airflow/.local/lib/python3.8/site-packages/airflow/example_dags/example_python_operator.py
[2025-04-17T22:52:58.261+0000] {processor.py:830} INFO - Processing file /home/airflow/.local/lib/python3.8/site-packages/airflow/example_dags/example_python_operator.py for tasks to queue
[2025-04-17T22:52:58.265+0000] {logging_mixin.py:188} INFO - [2025-04-17T22:52:58.264+0000] {dagbag.py:538} INFO - Filling up the DagBag from /home/airflow/.local/lib/python3.8/site-packages/airflow/example_dags/example_python_operator.py
[2025-04-17T22:52:58.291+0000] {processor.py:840} INFO - DAG(s) 'example_python_operator' retrieved from /home/airflow/.local/lib/python3.8/site-packages/airflow/example_dags/example_python_operator.py
[2025-04-17T22:52:58.337+0000] {logging_mixin.py:188} INFO - [2025-04-17T22:52:58.337+0000] {dag.py:3036} INFO - Sync 1 DAGs
[2025-04-17T22:52:58.362+0000] {logging_mixin.py:188} INFO - [2025-04-17T22:52:58.362+0000] {dag.py:3823} INFO - Setting next_dagrun for example_python_operator to None, run_after=None
[2025-04-17T22:52:58.401+0000] {processor.py:183} INFO - Processing /home/airflow/.local/lib/python3.8/site-packages/airflow/example_dags/example_python_operator.py took 0.148 seconds
[2025-04-17T22:53:28.592+0000] {processor.py:161} INFO - Started process (PID=1455) to work on /home/airflow/.local/lib/python3.8/site-packages/airflow/example_dags/example_python_operator.py
[2025-04-17T22:53:28.593+0000] {processor.py:830} INFO - Processing file /home/airflow/.local/lib/python3.8/site-packages/airflow/example_dags/example_python_operator.py for tasks to queue
[2025-04-17T22:53:28.596+0000] {logging_mixin.py:188} INFO - [2025-04-17T22:53:28.596+0000] {dagbag.py:538} INFO - Filling up the DagBag from /home/airflow/.local/lib/python3.8/site-packages/airflow/example_dags/example_python_operator.py
[2025-04-17T22:53:28.613+0000] {processor.py:840} INFO - DAG(s) 'example_python_operator' retrieved from /home/airflow/.local/lib/python3.8/site-packages/airflow/example_dags/example_python_operator.py
[2025-04-17T22:53:28.649+0000] {logging_mixin.py:188} INFO - [2025-04-17T22:53:28.649+0000] {dag.py:3036} INFO - Sync 1 DAGs
[2025-04-17T22:53:28.668+0000] {logging_mixin.py:188} INFO - [2025-04-17T22:53:28.668+0000] {dag.py:3823} INFO - Setting next_dagrun for example_python_operator to None, run_after=None
[2025-04-17T22:53:28.697+0000] {processor.py:183} INFO - Processing /home/airflow/.local/lib/python3.8/site-packages/airflow/example_dags/example_python_operator.py took 0.110 seconds
[2025-04-17T22:53:58.860+0000] {processor.py:161} INFO - Started process (PID=1510) to work on /home/airflow/.local/lib/python3.8/site-packages/airflow/example_dags/example_python_operator.py
[2025-04-17T22:53:58.861+0000] {processor.py:830} INFO - Processing file /home/airflow/.local/lib/python3.8/site-packages/airflow/example_dags/example_python_operator.py for tasks to queue
[2025-04-17T22:53:58.864+0000] {logging_mixin.py:188} INFO - [2025-04-17T22:53:58.864+0000] {dagbag.py:538} INFO - Filling up the DagBag from /home/airflow/.local/lib/python3.8/site-packages/airflow/example_dags/example_python_operator.py
[2025-04-17T22:53:58.881+0000] {processor.py:840} INFO - DAG(s) 'example_python_operator' retrieved from /home/airflow/.local/lib/python3.8/site-packages/airflow/example_dags/example_python_operator.py
[2025-04-17T22:53:58.918+0000] {logging_mixin.py:188} INFO - [2025-04-17T22:53:58.918+0000] {dag.py:3036} INFO - Sync 1 DAGs
[2025-04-17T22:53:58.937+0000] {logging_mixin.py:188} INFO - [2025-04-17T22:53:58.936+0000] {dag.py:3823} INFO - Setting next_dagrun for example_python_operator to None, run_after=None
[2025-04-17T22:53:58.964+0000] {processor.py:183} INFO - Processing /home/airflow/.local/lib/python3.8/site-packages/airflow/example_dags/example_python_operator.py took 0.110 seconds
