[2025-04-17T22:40:51.466+0000] {processor.py:161} INFO - Started process (PID=115) to work on /home/airflow/.local/lib/python3.8/site-packages/airflow/example_dags/example_short_circuit_decorator.py
[2025-04-17T22:40:51.469+0000] {processor.py:830} INFO - Processing file /home/airflow/.local/lib/python3.8/site-packages/airflow/example_dags/example_short_circuit_decorator.py for tasks to queue
[2025-04-17T22:40:51.473+0000] {logging_mixin.py:188} INFO - [2025-04-17T22:40:51.473+0000] {dagbag.py:538} INFO - Filling up the DagBag from /home/airflow/.local/lib/python3.8/site-packages/airflow/example_dags/example_short_circuit_decorator.py
[2025-04-17T22:40:51.492+0000] {processor.py:840} INFO - DAG(s) 'example_short_circuit_decorator' retrieved from /home/airflow/.local/lib/python3.8/site-packages/airflow/example_dags/example_short_circuit_decorator.py
[2025-04-17T22:40:51.672+0000] {logging_mixin.py:188} INFO - [2025-04-17T22:40:51.671+0000] {dag.py:3036} INFO - Sync 1 DAGs
[2025-04-17T22:40:51.706+0000] {logging_mixin.py:188} INFO - [2025-04-17T22:40:51.705+0000] {dag.py:3823} INFO - Setting next_dagrun for example_short_circuit_decorator to 2025-04-16 00:00:00+00:00, run_after=2025-04-17 00:00:00+00:00
[2025-04-17T22:40:51.738+0000] {processor.py:183} INFO - Processing /home/airflow/.local/lib/python3.8/site-packages/airflow/example_dags/example_short_circuit_decorator.py took 0.278 seconds
[2025-04-17T22:41:22.544+0000] {processor.py:161} INFO - Started process (PID=170) to work on /home/airflow/.local/lib/python3.8/site-packages/airflow/example_dags/example_short_circuit_decorator.py
[2025-04-17T22:41:22.545+0000] {processor.py:830} INFO - Processing file /home/airflow/.local/lib/python3.8/site-packages/airflow/example_dags/example_short_circuit_decorator.py for tasks to queue
[2025-04-17T22:41:22.549+0000] {logging_mixin.py:188} INFO - [2025-04-17T22:41:22.549+0000] {dagbag.py:538} INFO - Filling up the DagBag from /home/airflow/.local/lib/python3.8/site-packages/airflow/example_dags/example_short_circuit_decorator.py
[2025-04-17T22:41:22.565+0000] {processor.py:840} INFO - DAG(s) 'example_short_circuit_decorator' retrieved from /home/airflow/.local/lib/python3.8/site-packages/airflow/example_dags/example_short_circuit_decorator.py
[2025-04-17T22:41:22.610+0000] {logging_mixin.py:188} INFO - [2025-04-17T22:41:22.609+0000] {dag.py:3036} INFO - Sync 1 DAGs
[2025-04-17T22:41:22.650+0000] {logging_mixin.py:188} INFO - [2025-04-17T22:41:22.649+0000] {dag.py:3823} INFO - Setting next_dagrun for example_short_circuit_decorator to 2025-04-16 00:00:00+00:00, run_after=2025-04-17 00:00:00+00:00
[2025-04-17T22:41:22.686+0000] {processor.py:183} INFO - Processing /home/airflow/.local/lib/python3.8/site-packages/airflow/example_dags/example_short_circuit_decorator.py took 0.148 seconds
[2025-04-17T22:41:53.026+0000] {processor.py:161} INFO - Started process (PID=226) to work on /home/airflow/.local/lib/python3.8/site-packages/airflow/example_dags/example_short_circuit_decorator.py
[2025-04-17T22:41:53.028+0000] {processor.py:830} INFO - Processing file /home/airflow/.local/lib/python3.8/site-packages/airflow/example_dags/example_short_circuit_decorator.py for tasks to queue
[2025-04-17T22:41:53.032+0000] {logging_mixin.py:188} INFO - [2025-04-17T22:41:53.031+0000] {dagbag.py:538} INFO - Filling up the DagBag from /home/airflow/.local/lib/python3.8/site-packages/airflow/example_dags/example_short_circuit_decorator.py
[2025-04-17T22:41:53.051+0000] {processor.py:840} INFO - DAG(s) 'example_short_circuit_decorator' retrieved from /home/airflow/.local/lib/python3.8/site-packages/airflow/example_dags/example_short_circuit_decorator.py
[2025-04-17T22:41:53.104+0000] {logging_mixin.py:188} INFO - [2025-04-17T22:41:53.104+0000] {dag.py:3036} INFO - Sync 1 DAGs
[2025-04-17T22:41:53.145+0000] {logging_mixin.py:188} INFO - [2025-04-17T22:41:53.145+0000] {dag.py:3823} INFO - Setting next_dagrun for example_short_circuit_decorator to 2025-04-16 00:00:00+00:00, run_after=2025-04-17 00:00:00+00:00
[2025-04-17T22:41:53.185+0000] {processor.py:183} INFO - Processing /home/airflow/.local/lib/python3.8/site-packages/airflow/example_dags/example_short_circuit_decorator.py took 0.164 seconds
[2025-04-17T22:42:23.503+0000] {processor.py:161} INFO - Started process (PID=281) to work on /home/airflow/.local/lib/python3.8/site-packages/airflow/example_dags/example_short_circuit_decorator.py
[2025-04-17T22:42:23.504+0000] {processor.py:830} INFO - Processing file /home/airflow/.local/lib/python3.8/site-packages/airflow/example_dags/example_short_circuit_decorator.py for tasks to queue
[2025-04-17T22:42:23.508+0000] {logging_mixin.py:188} INFO - [2025-04-17T22:42:23.508+0000] {dagbag.py:538} INFO - Filling up the DagBag from /home/airflow/.local/lib/python3.8/site-packages/airflow/example_dags/example_short_circuit_decorator.py
[2025-04-17T22:42:23.525+0000] {processor.py:840} INFO - DAG(s) 'example_short_circuit_decorator' retrieved from /home/airflow/.local/lib/python3.8/site-packages/airflow/example_dags/example_short_circuit_decorator.py
[2025-04-17T22:42:23.573+0000] {logging_mixin.py:188} INFO - [2025-04-17T22:42:23.573+0000] {dag.py:3036} INFO - Sync 1 DAGs
[2025-04-17T22:42:23.609+0000] {logging_mixin.py:188} INFO - [2025-04-17T22:42:23.608+0000] {dag.py:3823} INFO - Setting next_dagrun for example_short_circuit_decorator to 2025-04-16 00:00:00+00:00, run_after=2025-04-17 00:00:00+00:00
[2025-04-17T22:42:23.644+0000] {processor.py:183} INFO - Processing /home/airflow/.local/lib/python3.8/site-packages/airflow/example_dags/example_short_circuit_decorator.py took 0.146 seconds
[2025-04-17T22:42:54.008+0000] {processor.py:161} INFO - Started process (PID=337) to work on /home/airflow/.local/lib/python3.8/site-packages/airflow/example_dags/example_short_circuit_decorator.py
[2025-04-17T22:42:54.011+0000] {processor.py:830} INFO - Processing file /home/airflow/.local/lib/python3.8/site-packages/airflow/example_dags/example_short_circuit_decorator.py for tasks to queue
[2025-04-17T22:42:54.014+0000] {logging_mixin.py:188} INFO - [2025-04-17T22:42:54.014+0000] {dagbag.py:538} INFO - Filling up the DagBag from /home/airflow/.local/lib/python3.8/site-packages/airflow/example_dags/example_short_circuit_decorator.py
[2025-04-17T22:42:54.030+0000] {processor.py:840} INFO - DAG(s) 'example_short_circuit_decorator' retrieved from /home/airflow/.local/lib/python3.8/site-packages/airflow/example_dags/example_short_circuit_decorator.py
[2025-04-17T22:42:54.074+0000] {logging_mixin.py:188} INFO - [2025-04-17T22:42:54.074+0000] {dag.py:3036} INFO - Sync 1 DAGs
[2025-04-17T22:42:54.110+0000] {logging_mixin.py:188} INFO - [2025-04-17T22:42:54.110+0000] {dag.py:3823} INFO - Setting next_dagrun for example_short_circuit_decorator to 2025-04-16 00:00:00+00:00, run_after=2025-04-17 00:00:00+00:00
[2025-04-17T22:42:54.143+0000] {processor.py:183} INFO - Processing /home/airflow/.local/lib/python3.8/site-packages/airflow/example_dags/example_short_circuit_decorator.py took 0.140 seconds
[2025-04-17T22:43:24.813+0000] {processor.py:161} INFO - Started process (PID=392) to work on /home/airflow/.local/lib/python3.8/site-packages/airflow/example_dags/example_short_circuit_decorator.py
[2025-04-17T22:43:24.815+0000] {processor.py:830} INFO - Processing file /home/airflow/.local/lib/python3.8/site-packages/airflow/example_dags/example_short_circuit_decorator.py for tasks to queue
[2025-04-17T22:43:24.818+0000] {logging_mixin.py:188} INFO - [2025-04-17T22:43:24.817+0000] {dagbag.py:538} INFO - Filling up the DagBag from /home/airflow/.local/lib/python3.8/site-packages/airflow/example_dags/example_short_circuit_decorator.py
[2025-04-17T22:43:24.832+0000] {processor.py:840} INFO - DAG(s) 'example_short_circuit_decorator' retrieved from /home/airflow/.local/lib/python3.8/site-packages/airflow/example_dags/example_short_circuit_decorator.py
[2025-04-17T22:43:24.874+0000] {logging_mixin.py:188} INFO - [2025-04-17T22:43:24.873+0000] {dag.py:3036} INFO - Sync 1 DAGs
[2025-04-17T22:43:24.909+0000] {logging_mixin.py:188} INFO - [2025-04-17T22:43:24.909+0000] {dag.py:3823} INFO - Setting next_dagrun for example_short_circuit_decorator to 2025-04-16 00:00:00+00:00, run_after=2025-04-17 00:00:00+00:00
[2025-04-17T22:43:24.937+0000] {processor.py:183} INFO - Processing /home/airflow/.local/lib/python3.8/site-packages/airflow/example_dags/example_short_circuit_decorator.py took 0.129 seconds
[2025-04-17T22:43:55.483+0000] {processor.py:161} INFO - Started process (PID=447) to work on /home/airflow/.local/lib/python3.8/site-packages/airflow/example_dags/example_short_circuit_decorator.py
[2025-04-17T22:43:55.486+0000] {processor.py:830} INFO - Processing file /home/airflow/.local/lib/python3.8/site-packages/airflow/example_dags/example_short_circuit_decorator.py for tasks to queue
[2025-04-17T22:43:55.492+0000] {logging_mixin.py:188} INFO - [2025-04-17T22:43:55.492+0000] {dagbag.py:538} INFO - Filling up the DagBag from /home/airflow/.local/lib/python3.8/site-packages/airflow/example_dags/example_short_circuit_decorator.py
[2025-04-17T22:43:55.512+0000] {processor.py:840} INFO - DAG(s) 'example_short_circuit_decorator' retrieved from /home/airflow/.local/lib/python3.8/site-packages/airflow/example_dags/example_short_circuit_decorator.py
[2025-04-17T22:43:55.557+0000] {logging_mixin.py:188} INFO - [2025-04-17T22:43:55.557+0000] {dag.py:3036} INFO - Sync 1 DAGs
[2025-04-17T22:43:55.600+0000] {logging_mixin.py:188} INFO - [2025-04-17T22:43:55.600+0000] {dag.py:3823} INFO - Setting next_dagrun for example_short_circuit_decorator to 2025-04-16 00:00:00+00:00, run_after=2025-04-17 00:00:00+00:00
[2025-04-17T22:43:55.632+0000] {processor.py:183} INFO - Processing /home/airflow/.local/lib/python3.8/site-packages/airflow/example_dags/example_short_circuit_decorator.py took 0.157 seconds
[2025-04-17T22:44:26.387+0000] {processor.py:161} INFO - Started process (PID=501) to work on /home/airflow/.local/lib/python3.8/site-packages/airflow/example_dags/example_short_circuit_decorator.py
[2025-04-17T22:44:26.388+0000] {processor.py:830} INFO - Processing file /home/airflow/.local/lib/python3.8/site-packages/airflow/example_dags/example_short_circuit_decorator.py for tasks to queue
[2025-04-17T22:44:26.396+0000] {logging_mixin.py:188} INFO - [2025-04-17T22:44:26.396+0000] {dagbag.py:538} INFO - Filling up the DagBag from /home/airflow/.local/lib/python3.8/site-packages/airflow/example_dags/example_short_circuit_decorator.py
[2025-04-17T22:44:26.413+0000] {processor.py:840} INFO - DAG(s) 'example_short_circuit_decorator' retrieved from /home/airflow/.local/lib/python3.8/site-packages/airflow/example_dags/example_short_circuit_decorator.py
[2025-04-17T22:44:26.456+0000] {logging_mixin.py:188} INFO - [2025-04-17T22:44:26.456+0000] {dag.py:3036} INFO - Sync 1 DAGs
[2025-04-17T22:44:26.492+0000] {logging_mixin.py:188} INFO - [2025-04-17T22:44:26.491+0000] {dag.py:3823} INFO - Setting next_dagrun for example_short_circuit_decorator to 2025-04-16 00:00:00+00:00, run_after=2025-04-17 00:00:00+00:00
[2025-04-17T22:44:26.523+0000] {processor.py:183} INFO - Processing /home/airflow/.local/lib/python3.8/site-packages/airflow/example_dags/example_short_circuit_decorator.py took 0.141 seconds
[2025-04-17T22:44:57.424+0000] {processor.py:161} INFO - Started process (PID=556) to work on /home/airflow/.local/lib/python3.8/site-packages/airflow/example_dags/example_short_circuit_decorator.py
[2025-04-17T22:44:57.426+0000] {processor.py:830} INFO - Processing file /home/airflow/.local/lib/python3.8/site-packages/airflow/example_dags/example_short_circuit_decorator.py for tasks to queue
[2025-04-17T22:44:57.429+0000] {logging_mixin.py:188} INFO - [2025-04-17T22:44:57.428+0000] {dagbag.py:538} INFO - Filling up the DagBag from /home/airflow/.local/lib/python3.8/site-packages/airflow/example_dags/example_short_circuit_decorator.py
[2025-04-17T22:44:57.445+0000] {processor.py:840} INFO - DAG(s) 'example_short_circuit_decorator' retrieved from /home/airflow/.local/lib/python3.8/site-packages/airflow/example_dags/example_short_circuit_decorator.py
[2025-04-17T22:44:57.486+0000] {logging_mixin.py:188} INFO - [2025-04-17T22:44:57.485+0000] {dag.py:3036} INFO - Sync 1 DAGs
[2025-04-17T22:44:57.519+0000] {logging_mixin.py:188} INFO - [2025-04-17T22:44:57.519+0000] {dag.py:3823} INFO - Setting next_dagrun for example_short_circuit_decorator to 2025-04-16 00:00:00+00:00, run_after=2025-04-17 00:00:00+00:00
[2025-04-17T22:44:57.552+0000] {processor.py:183} INFO - Processing /home/airflow/.local/lib/python3.8/site-packages/airflow/example_dags/example_short_circuit_decorator.py took 0.133 seconds
[2025-04-17T22:45:27.949+0000] {processor.py:161} INFO - Started process (PID=611) to work on /home/airflow/.local/lib/python3.8/site-packages/airflow/example_dags/example_short_circuit_decorator.py
[2025-04-17T22:45:27.950+0000] {processor.py:830} INFO - Processing file /home/airflow/.local/lib/python3.8/site-packages/airflow/example_dags/example_short_circuit_decorator.py for tasks to queue
[2025-04-17T22:45:27.953+0000] {logging_mixin.py:188} INFO - [2025-04-17T22:45:27.953+0000] {dagbag.py:538} INFO - Filling up the DagBag from /home/airflow/.local/lib/python3.8/site-packages/airflow/example_dags/example_short_circuit_decorator.py
[2025-04-17T22:45:27.968+0000] {processor.py:840} INFO - DAG(s) 'example_short_circuit_decorator' retrieved from /home/airflow/.local/lib/python3.8/site-packages/airflow/example_dags/example_short_circuit_decorator.py
[2025-04-17T22:45:28.007+0000] {logging_mixin.py:188} INFO - [2025-04-17T22:45:28.007+0000] {dag.py:3036} INFO - Sync 1 DAGs
[2025-04-17T22:45:28.041+0000] {logging_mixin.py:188} INFO - [2025-04-17T22:45:28.041+0000] {dag.py:3823} INFO - Setting next_dagrun for example_short_circuit_decorator to 2025-04-16 00:00:00+00:00, run_after=2025-04-17 00:00:00+00:00
[2025-04-17T22:45:28.072+0000] {processor.py:183} INFO - Processing /home/airflow/.local/lib/python3.8/site-packages/airflow/example_dags/example_short_circuit_decorator.py took 0.129 seconds
[2025-04-17T22:45:58.387+0000] {processor.py:161} INFO - Started process (PID=666) to work on /home/airflow/.local/lib/python3.8/site-packages/airflow/example_dags/example_short_circuit_decorator.py
[2025-04-17T22:45:58.389+0000] {processor.py:830} INFO - Processing file /home/airflow/.local/lib/python3.8/site-packages/airflow/example_dags/example_short_circuit_decorator.py for tasks to queue
[2025-04-17T22:45:58.392+0000] {logging_mixin.py:188} INFO - [2025-04-17T22:45:58.391+0000] {dagbag.py:538} INFO - Filling up the DagBag from /home/airflow/.local/lib/python3.8/site-packages/airflow/example_dags/example_short_circuit_decorator.py
[2025-04-17T22:45:58.407+0000] {processor.py:840} INFO - DAG(s) 'example_short_circuit_decorator' retrieved from /home/airflow/.local/lib/python3.8/site-packages/airflow/example_dags/example_short_circuit_decorator.py
[2025-04-17T22:45:58.446+0000] {logging_mixin.py:188} INFO - [2025-04-17T22:45:58.445+0000] {dag.py:3036} INFO - Sync 1 DAGs
[2025-04-17T22:45:58.479+0000] {logging_mixin.py:188} INFO - [2025-04-17T22:45:58.479+0000] {dag.py:3823} INFO - Setting next_dagrun for example_short_circuit_decorator to 2025-04-16 00:00:00+00:00, run_after=2025-04-17 00:00:00+00:00
[2025-04-17T22:45:58.508+0000] {processor.py:183} INFO - Processing /home/airflow/.local/lib/python3.8/site-packages/airflow/example_dags/example_short_circuit_decorator.py took 0.126 seconds
[2025-04-17T22:46:28.894+0000] {processor.py:161} INFO - Started process (PID=721) to work on /home/airflow/.local/lib/python3.8/site-packages/airflow/example_dags/example_short_circuit_decorator.py
[2025-04-17T22:46:28.896+0000] {processor.py:830} INFO - Processing file /home/airflow/.local/lib/python3.8/site-packages/airflow/example_dags/example_short_circuit_decorator.py for tasks to queue
[2025-04-17T22:46:28.899+0000] {logging_mixin.py:188} INFO - [2025-04-17T22:46:28.898+0000] {dagbag.py:538} INFO - Filling up the DagBag from /home/airflow/.local/lib/python3.8/site-packages/airflow/example_dags/example_short_circuit_decorator.py
[2025-04-17T22:46:28.914+0000] {processor.py:840} INFO - DAG(s) 'example_short_circuit_decorator' retrieved from /home/airflow/.local/lib/python3.8/site-packages/airflow/example_dags/example_short_circuit_decorator.py
[2025-04-17T22:46:28.953+0000] {logging_mixin.py:188} INFO - [2025-04-17T22:46:28.953+0000] {dag.py:3036} INFO - Sync 1 DAGs
[2025-04-17T22:46:28.985+0000] {logging_mixin.py:188} INFO - [2025-04-17T22:46:28.985+0000] {dag.py:3823} INFO - Setting next_dagrun for example_short_circuit_decorator to 2025-04-16 00:00:00+00:00, run_after=2025-04-17 00:00:00+00:00
[2025-04-17T22:46:29.012+0000] {processor.py:183} INFO - Processing /home/airflow/.local/lib/python3.8/site-packages/airflow/example_dags/example_short_circuit_decorator.py took 0.124 seconds
[2025-04-17T22:46:59.829+0000] {processor.py:161} INFO - Started process (PID=776) to work on /home/airflow/.local/lib/python3.8/site-packages/airflow/example_dags/example_short_circuit_decorator.py
[2025-04-17T22:46:59.830+0000] {processor.py:830} INFO - Processing file /home/airflow/.local/lib/python3.8/site-packages/airflow/example_dags/example_short_circuit_decorator.py for tasks to queue
[2025-04-17T22:46:59.834+0000] {logging_mixin.py:188} INFO - [2025-04-17T22:46:59.833+0000] {dagbag.py:538} INFO - Filling up the DagBag from /home/airflow/.local/lib/python3.8/site-packages/airflow/example_dags/example_short_circuit_decorator.py
[2025-04-17T22:46:59.849+0000] {processor.py:840} INFO - DAG(s) 'example_short_circuit_decorator' retrieved from /home/airflow/.local/lib/python3.8/site-packages/airflow/example_dags/example_short_circuit_decorator.py
[2025-04-17T22:46:59.888+0000] {logging_mixin.py:188} INFO - [2025-04-17T22:46:59.888+0000] {dag.py:3036} INFO - Sync 1 DAGs
[2025-04-17T22:46:59.922+0000] {logging_mixin.py:188} INFO - [2025-04-17T22:46:59.922+0000] {dag.py:3823} INFO - Setting next_dagrun for example_short_circuit_decorator to 2025-04-16 00:00:00+00:00, run_after=2025-04-17 00:00:00+00:00
[2025-04-17T22:46:59.950+0000] {processor.py:183} INFO - Processing /home/airflow/.local/lib/python3.8/site-packages/airflow/example_dags/example_short_circuit_decorator.py took 0.127 seconds
[2025-04-17T22:47:30.480+0000] {processor.py:161} INFO - Started process (PID=831) to work on /home/airflow/.local/lib/python3.8/site-packages/airflow/example_dags/example_short_circuit_decorator.py
[2025-04-17T22:47:30.481+0000] {processor.py:830} INFO - Processing file /home/airflow/.local/lib/python3.8/site-packages/airflow/example_dags/example_short_circuit_decorator.py for tasks to queue
[2025-04-17T22:47:30.485+0000] {logging_mixin.py:188} INFO - [2025-04-17T22:47:30.484+0000] {dagbag.py:538} INFO - Filling up the DagBag from /home/airflow/.local/lib/python3.8/site-packages/airflow/example_dags/example_short_circuit_decorator.py
[2025-04-17T22:47:30.501+0000] {processor.py:840} INFO - DAG(s) 'example_short_circuit_decorator' retrieved from /home/airflow/.local/lib/python3.8/site-packages/airflow/example_dags/example_short_circuit_decorator.py
[2025-04-17T22:47:30.542+0000] {logging_mixin.py:188} INFO - [2025-04-17T22:47:30.542+0000] {dag.py:3036} INFO - Sync 1 DAGs
[2025-04-17T22:47:30.578+0000] {logging_mixin.py:188} INFO - [2025-04-17T22:47:30.577+0000] {dag.py:3823} INFO - Setting next_dagrun for example_short_circuit_decorator to 2025-04-16 00:00:00+00:00, run_after=2025-04-17 00:00:00+00:00
[2025-04-17T22:47:30.609+0000] {processor.py:183} INFO - Processing /home/airflow/.local/lib/python3.8/site-packages/airflow/example_dags/example_short_circuit_decorator.py took 0.135 seconds
[2025-04-17T22:48:01.494+0000] {processor.py:161} INFO - Started process (PID=885) to work on /home/airflow/.local/lib/python3.8/site-packages/airflow/example_dags/example_short_circuit_decorator.py
[2025-04-17T22:48:01.496+0000] {processor.py:830} INFO - Processing file /home/airflow/.local/lib/python3.8/site-packages/airflow/example_dags/example_short_circuit_decorator.py for tasks to queue
[2025-04-17T22:48:01.498+0000] {logging_mixin.py:188} INFO - [2025-04-17T22:48:01.498+0000] {dagbag.py:538} INFO - Filling up the DagBag from /home/airflow/.local/lib/python3.8/site-packages/airflow/example_dags/example_short_circuit_decorator.py
[2025-04-17T22:48:01.513+0000] {processor.py:840} INFO - DAG(s) 'example_short_circuit_decorator' retrieved from /home/airflow/.local/lib/python3.8/site-packages/airflow/example_dags/example_short_circuit_decorator.py
[2025-04-17T22:48:01.681+0000] {logging_mixin.py:188} INFO - [2025-04-17T22:48:01.681+0000] {dag.py:3036} INFO - Sync 1 DAGs
[2025-04-17T22:48:01.720+0000] {logging_mixin.py:188} INFO - [2025-04-17T22:48:01.719+0000] {dag.py:3823} INFO - Setting next_dagrun for example_short_circuit_decorator to 2025-04-16 00:00:00+00:00, run_after=2025-04-17 00:00:00+00:00
[2025-04-17T22:48:01.754+0000] {processor.py:183} INFO - Processing /home/airflow/.local/lib/python3.8/site-packages/airflow/example_dags/example_short_circuit_decorator.py took 0.265 seconds
[2025-04-17T22:48:32.223+0000] {processor.py:161} INFO - Started process (PID=940) to work on /home/airflow/.local/lib/python3.8/site-packages/airflow/example_dags/example_short_circuit_decorator.py
[2025-04-17T22:48:32.224+0000] {processor.py:830} INFO - Processing file /home/airflow/.local/lib/python3.8/site-packages/airflow/example_dags/example_short_circuit_decorator.py for tasks to queue
[2025-04-17T22:48:32.228+0000] {logging_mixin.py:188} INFO - [2025-04-17T22:48:32.227+0000] {dagbag.py:538} INFO - Filling up the DagBag from /home/airflow/.local/lib/python3.8/site-packages/airflow/example_dags/example_short_circuit_decorator.py
[2025-04-17T22:48:32.246+0000] {processor.py:840} INFO - DAG(s) 'example_short_circuit_decorator' retrieved from /home/airflow/.local/lib/python3.8/site-packages/airflow/example_dags/example_short_circuit_decorator.py
[2025-04-17T22:48:32.296+0000] {logging_mixin.py:188} INFO - [2025-04-17T22:48:32.295+0000] {dag.py:3036} INFO - Sync 1 DAGs
[2025-04-17T22:48:32.332+0000] {logging_mixin.py:188} INFO - [2025-04-17T22:48:32.332+0000] {dag.py:3823} INFO - Setting next_dagrun for example_short_circuit_decorator to 2025-04-16 00:00:00+00:00, run_after=2025-04-17 00:00:00+00:00
[2025-04-17T22:48:32.361+0000] {processor.py:183} INFO - Processing /home/airflow/.local/lib/python3.8/site-packages/airflow/example_dags/example_short_circuit_decorator.py took 0.144 seconds
[2025-04-17T22:49:02.540+0000] {processor.py:161} INFO - Started process (PID=995) to work on /home/airflow/.local/lib/python3.8/site-packages/airflow/example_dags/example_short_circuit_decorator.py
[2025-04-17T22:49:02.542+0000] {processor.py:830} INFO - Processing file /home/airflow/.local/lib/python3.8/site-packages/airflow/example_dags/example_short_circuit_decorator.py for tasks to queue
[2025-04-17T22:49:02.545+0000] {logging_mixin.py:188} INFO - [2025-04-17T22:49:02.545+0000] {dagbag.py:538} INFO - Filling up the DagBag from /home/airflow/.local/lib/python3.8/site-packages/airflow/example_dags/example_short_circuit_decorator.py
[2025-04-17T22:49:02.560+0000] {processor.py:840} INFO - DAG(s) 'example_short_circuit_decorator' retrieved from /home/airflow/.local/lib/python3.8/site-packages/airflow/example_dags/example_short_circuit_decorator.py
[2025-04-17T22:49:02.599+0000] {logging_mixin.py:188} INFO - [2025-04-17T22:49:02.599+0000] {dag.py:3036} INFO - Sync 1 DAGs
[2025-04-17T22:49:02.634+0000] {logging_mixin.py:188} INFO - [2025-04-17T22:49:02.633+0000] {dag.py:3823} INFO - Setting next_dagrun for example_short_circuit_decorator to 2025-04-16 00:00:00+00:00, run_after=2025-04-17 00:00:00+00:00
[2025-04-17T22:49:02.663+0000] {processor.py:183} INFO - Processing /home/airflow/.local/lib/python3.8/site-packages/airflow/example_dags/example_short_circuit_decorator.py took 0.128 seconds
[2025-04-17T22:49:33.283+0000] {processor.py:161} INFO - Started process (PID=1050) to work on /home/airflow/.local/lib/python3.8/site-packages/airflow/example_dags/example_short_circuit_decorator.py
[2025-04-17T22:49:33.285+0000] {processor.py:830} INFO - Processing file /home/airflow/.local/lib/python3.8/site-packages/airflow/example_dags/example_short_circuit_decorator.py for tasks to queue
[2025-04-17T22:49:33.288+0000] {logging_mixin.py:188} INFO - [2025-04-17T22:49:33.288+0000] {dagbag.py:538} INFO - Filling up the DagBag from /home/airflow/.local/lib/python3.8/site-packages/airflow/example_dags/example_short_circuit_decorator.py
[2025-04-17T22:49:33.303+0000] {processor.py:840} INFO - DAG(s) 'example_short_circuit_decorator' retrieved from /home/airflow/.local/lib/python3.8/site-packages/airflow/example_dags/example_short_circuit_decorator.py
[2025-04-17T22:49:33.342+0000] {logging_mixin.py:188} INFO - [2025-04-17T22:49:33.342+0000] {dag.py:3036} INFO - Sync 1 DAGs
[2025-04-17T22:49:33.375+0000] {logging_mixin.py:188} INFO - [2025-04-17T22:49:33.375+0000] {dag.py:3823} INFO - Setting next_dagrun for example_short_circuit_decorator to 2025-04-16 00:00:00+00:00, run_after=2025-04-17 00:00:00+00:00
[2025-04-17T22:49:33.403+0000] {processor.py:183} INFO - Processing /home/airflow/.local/lib/python3.8/site-packages/airflow/example_dags/example_short_circuit_decorator.py took 0.125 seconds
[2025-04-17T22:50:03.542+0000] {processor.py:161} INFO - Started process (PID=1105) to work on /home/airflow/.local/lib/python3.8/site-packages/airflow/example_dags/example_short_circuit_decorator.py
[2025-04-17T22:50:03.543+0000] {processor.py:830} INFO - Processing file /home/airflow/.local/lib/python3.8/site-packages/airflow/example_dags/example_short_circuit_decorator.py for tasks to queue
[2025-04-17T22:50:03.546+0000] {logging_mixin.py:188} INFO - [2025-04-17T22:50:03.546+0000] {dagbag.py:538} INFO - Filling up the DagBag from /home/airflow/.local/lib/python3.8/site-packages/airflow/example_dags/example_short_circuit_decorator.py
[2025-04-17T22:50:03.561+0000] {processor.py:840} INFO - DAG(s) 'example_short_circuit_decorator' retrieved from /home/airflow/.local/lib/python3.8/site-packages/airflow/example_dags/example_short_circuit_decorator.py
[2025-04-17T22:50:03.600+0000] {logging_mixin.py:188} INFO - [2025-04-17T22:50:03.600+0000] {dag.py:3036} INFO - Sync 1 DAGs
[2025-04-17T22:50:03.651+0000] {logging_mixin.py:188} INFO - [2025-04-17T22:50:03.651+0000] {dag.py:3823} INFO - Setting next_dagrun for example_short_circuit_decorator to 2025-04-16 00:00:00+00:00, run_after=2025-04-17 00:00:00+00:00
[2025-04-17T22:50:03.680+0000] {processor.py:183} INFO - Processing /home/airflow/.local/lib/python3.8/site-packages/airflow/example_dags/example_short_circuit_decorator.py took 0.143 seconds
[2025-04-17T22:50:34.399+0000] {processor.py:161} INFO - Started process (PID=1160) to work on /home/airflow/.local/lib/python3.8/site-packages/airflow/example_dags/example_short_circuit_decorator.py
[2025-04-17T22:50:34.400+0000] {processor.py:830} INFO - Processing file /home/airflow/.local/lib/python3.8/site-packages/airflow/example_dags/example_short_circuit_decorator.py for tasks to queue
[2025-04-17T22:50:34.404+0000] {logging_mixin.py:188} INFO - [2025-04-17T22:50:34.404+0000] {dagbag.py:538} INFO - Filling up the DagBag from /home/airflow/.local/lib/python3.8/site-packages/airflow/example_dags/example_short_circuit_decorator.py
[2025-04-17T22:50:34.419+0000] {processor.py:840} INFO - DAG(s) 'example_short_circuit_decorator' retrieved from /home/airflow/.local/lib/python3.8/site-packages/airflow/example_dags/example_short_circuit_decorator.py
[2025-04-17T22:50:34.458+0000] {logging_mixin.py:188} INFO - [2025-04-17T22:50:34.458+0000] {dag.py:3036} INFO - Sync 1 DAGs
[2025-04-17T22:50:34.493+0000] {logging_mixin.py:188} INFO - [2025-04-17T22:50:34.493+0000] {dag.py:3823} INFO - Setting next_dagrun for example_short_circuit_decorator to 2025-04-16 00:00:00+00:00, run_after=2025-04-17 00:00:00+00:00
[2025-04-17T22:50:34.524+0000] {processor.py:183} INFO - Processing /home/airflow/.local/lib/python3.8/site-packages/airflow/example_dags/example_short_circuit_decorator.py took 0.130 seconds
[2025-04-17T22:51:04.973+0000] {processor.py:161} INFO - Started process (PID=1215) to work on /home/airflow/.local/lib/python3.8/site-packages/airflow/example_dags/example_short_circuit_decorator.py
[2025-04-17T22:51:04.975+0000] {processor.py:830} INFO - Processing file /home/airflow/.local/lib/python3.8/site-packages/airflow/example_dags/example_short_circuit_decorator.py for tasks to queue
[2025-04-17T22:51:04.978+0000] {logging_mixin.py:188} INFO - [2025-04-17T22:51:04.978+0000] {dagbag.py:538} INFO - Filling up the DagBag from /home/airflow/.local/lib/python3.8/site-packages/airflow/example_dags/example_short_circuit_decorator.py
[2025-04-17T22:51:04.993+0000] {processor.py:840} INFO - DAG(s) 'example_short_circuit_decorator' retrieved from /home/airflow/.local/lib/python3.8/site-packages/airflow/example_dags/example_short_circuit_decorator.py
[2025-04-17T22:51:05.032+0000] {logging_mixin.py:188} INFO - [2025-04-17T22:51:05.032+0000] {dag.py:3036} INFO - Sync 1 DAGs
[2025-04-17T22:51:05.068+0000] {logging_mixin.py:188} INFO - [2025-04-17T22:51:05.068+0000] {dag.py:3823} INFO - Setting next_dagrun for example_short_circuit_decorator to 2025-04-16 00:00:00+00:00, run_after=2025-04-17 00:00:00+00:00
[2025-04-17T22:51:05.095+0000] {processor.py:183} INFO - Processing /home/airflow/.local/lib/python3.8/site-packages/airflow/example_dags/example_short_circuit_decorator.py took 0.127 seconds
[2025-04-17T22:51:35.359+0000] {processor.py:161} INFO - Started process (PID=1270) to work on /home/airflow/.local/lib/python3.8/site-packages/airflow/example_dags/example_short_circuit_decorator.py
[2025-04-17T22:51:35.361+0000] {processor.py:830} INFO - Processing file /home/airflow/.local/lib/python3.8/site-packages/airflow/example_dags/example_short_circuit_decorator.py for tasks to queue
[2025-04-17T22:51:35.364+0000] {logging_mixin.py:188} INFO - [2025-04-17T22:51:35.364+0000] {dagbag.py:538} INFO - Filling up the DagBag from /home/airflow/.local/lib/python3.8/site-packages/airflow/example_dags/example_short_circuit_decorator.py
[2025-04-17T22:51:35.379+0000] {processor.py:840} INFO - DAG(s) 'example_short_circuit_decorator' retrieved from /home/airflow/.local/lib/python3.8/site-packages/airflow/example_dags/example_short_circuit_decorator.py
[2025-04-17T22:51:35.421+0000] {logging_mixin.py:188} INFO - [2025-04-17T22:51:35.421+0000] {dag.py:3036} INFO - Sync 1 DAGs
[2025-04-17T22:51:35.460+0000] {logging_mixin.py:188} INFO - [2025-04-17T22:51:35.460+0000] {dag.py:3823} INFO - Setting next_dagrun for example_short_circuit_decorator to 2025-04-16 00:00:00+00:00, run_after=2025-04-17 00:00:00+00:00
[2025-04-17T22:51:35.492+0000] {processor.py:183} INFO - Processing /home/airflow/.local/lib/python3.8/site-packages/airflow/example_dags/example_short_circuit_decorator.py took 0.138 seconds
[2025-04-17T22:52:05.907+0000] {processor.py:161} INFO - Started process (PID=1325) to work on /home/airflow/.local/lib/python3.8/site-packages/airflow/example_dags/example_short_circuit_decorator.py
[2025-04-17T22:52:05.909+0000] {processor.py:830} INFO - Processing file /home/airflow/.local/lib/python3.8/site-packages/airflow/example_dags/example_short_circuit_decorator.py for tasks to queue
[2025-04-17T22:52:05.913+0000] {logging_mixin.py:188} INFO - [2025-04-17T22:52:05.912+0000] {dagbag.py:538} INFO - Filling up the DagBag from /home/airflow/.local/lib/python3.8/site-packages/airflow/example_dags/example_short_circuit_decorator.py
[2025-04-17T22:52:05.928+0000] {processor.py:840} INFO - DAG(s) 'example_short_circuit_decorator' retrieved from /home/airflow/.local/lib/python3.8/site-packages/airflow/example_dags/example_short_circuit_decorator.py
[2025-04-17T22:52:05.970+0000] {logging_mixin.py:188} INFO - [2025-04-17T22:52:05.970+0000] {dag.py:3036} INFO - Sync 1 DAGs
[2025-04-17T22:52:06.007+0000] {logging_mixin.py:188} INFO - [2025-04-17T22:52:06.007+0000] {dag.py:3823} INFO - Setting next_dagrun for example_short_circuit_decorator to 2025-04-16 00:00:00+00:00, run_after=2025-04-17 00:00:00+00:00
[2025-04-17T22:52:06.037+0000] {processor.py:183} INFO - Processing /home/airflow/.local/lib/python3.8/site-packages/airflow/example_dags/example_short_circuit_decorator.py took 0.135 seconds
[2025-04-17T22:52:36.088+0000] {processor.py:161} INFO - Started process (PID=1380) to work on /home/airflow/.local/lib/python3.8/site-packages/airflow/example_dags/example_short_circuit_decorator.py
[2025-04-17T22:52:36.090+0000] {processor.py:830} INFO - Processing file /home/airflow/.local/lib/python3.8/site-packages/airflow/example_dags/example_short_circuit_decorator.py for tasks to queue
[2025-04-17T22:52:36.094+0000] {logging_mixin.py:188} INFO - [2025-04-17T22:52:36.094+0000] {dagbag.py:538} INFO - Filling up the DagBag from /home/airflow/.local/lib/python3.8/site-packages/airflow/example_dags/example_short_circuit_decorator.py
[2025-04-17T22:52:36.109+0000] {processor.py:840} INFO - DAG(s) 'example_short_circuit_decorator' retrieved from /home/airflow/.local/lib/python3.8/site-packages/airflow/example_dags/example_short_circuit_decorator.py
[2025-04-17T22:52:36.165+0000] {logging_mixin.py:188} INFO - [2025-04-17T22:52:36.165+0000] {dag.py:3036} INFO - Sync 1 DAGs
[2025-04-17T22:52:36.203+0000] {logging_mixin.py:188} INFO - [2025-04-17T22:52:36.202+0000] {dag.py:3823} INFO - Setting next_dagrun for example_short_circuit_decorator to 2025-04-16 00:00:00+00:00, run_after=2025-04-17 00:00:00+00:00
[2025-04-17T22:52:36.236+0000] {processor.py:183} INFO - Processing /home/airflow/.local/lib/python3.8/site-packages/airflow/example_dags/example_short_circuit_decorator.py took 0.153 seconds
[2025-04-17T22:53:07.041+0000] {processor.py:161} INFO - Started process (PID=1435) to work on /home/airflow/.local/lib/python3.8/site-packages/airflow/example_dags/example_short_circuit_decorator.py
[2025-04-17T22:53:07.042+0000] {processor.py:830} INFO - Processing file /home/airflow/.local/lib/python3.8/site-packages/airflow/example_dags/example_short_circuit_decorator.py for tasks to queue
[2025-04-17T22:53:07.045+0000] {logging_mixin.py:188} INFO - [2025-04-17T22:53:07.045+0000] {dagbag.py:538} INFO - Filling up the DagBag from /home/airflow/.local/lib/python3.8/site-packages/airflow/example_dags/example_short_circuit_decorator.py
[2025-04-17T22:53:07.066+0000] {processor.py:840} INFO - DAG(s) 'example_short_circuit_decorator' retrieved from /home/airflow/.local/lib/python3.8/site-packages/airflow/example_dags/example_short_circuit_decorator.py
[2025-04-17T22:53:07.111+0000] {logging_mixin.py:188} INFO - [2025-04-17T22:53:07.110+0000] {dag.py:3036} INFO - Sync 1 DAGs
[2025-04-17T22:53:07.151+0000] {logging_mixin.py:188} INFO - [2025-04-17T22:53:07.151+0000] {dag.py:3823} INFO - Setting next_dagrun for example_short_circuit_decorator to 2025-04-16 00:00:00+00:00, run_after=2025-04-17 00:00:00+00:00
[2025-04-17T22:53:07.185+0000] {processor.py:183} INFO - Processing /home/airflow/.local/lib/python3.8/site-packages/airflow/example_dags/example_short_circuit_decorator.py took 0.150 seconds
[2025-04-17T22:53:37.789+0000] {processor.py:161} INFO - Started process (PID=1490) to work on /home/airflow/.local/lib/python3.8/site-packages/airflow/example_dags/example_short_circuit_decorator.py
[2025-04-17T22:53:37.791+0000] {processor.py:830} INFO - Processing file /home/airflow/.local/lib/python3.8/site-packages/airflow/example_dags/example_short_circuit_decorator.py for tasks to queue
[2025-04-17T22:53:37.796+0000] {logging_mixin.py:188} INFO - [2025-04-17T22:53:37.794+0000] {dagbag.py:538} INFO - Filling up the DagBag from /home/airflow/.local/lib/python3.8/site-packages/airflow/example_dags/example_short_circuit_decorator.py
[2025-04-17T22:53:37.818+0000] {processor.py:840} INFO - DAG(s) 'example_short_circuit_decorator' retrieved from /home/airflow/.local/lib/python3.8/site-packages/airflow/example_dags/example_short_circuit_decorator.py
[2025-04-17T22:53:37.883+0000] {logging_mixin.py:188} INFO - [2025-04-17T22:53:37.883+0000] {dag.py:3036} INFO - Sync 1 DAGs
[2025-04-17T22:53:37.942+0000] {logging_mixin.py:188} INFO - [2025-04-17T22:53:37.942+0000] {dag.py:3823} INFO - Setting next_dagrun for example_short_circuit_decorator to 2025-04-16 00:00:00+00:00, run_after=2025-04-17 00:00:00+00:00
[2025-04-17T22:53:37.980+0000] {processor.py:183} INFO - Processing /home/airflow/.local/lib/python3.8/site-packages/airflow/example_dags/example_short_circuit_decorator.py took 0.200 seconds
[2025-04-17T22:54:08.682+0000] {processor.py:161} INFO - Started process (PID=1545) to work on /home/airflow/.local/lib/python3.8/site-packages/airflow/example_dags/example_short_circuit_decorator.py
[2025-04-17T22:54:08.685+0000] {processor.py:830} INFO - Processing file /home/airflow/.local/lib/python3.8/site-packages/airflow/example_dags/example_short_circuit_decorator.py for tasks to queue
[2025-04-17T22:54:08.688+0000] {logging_mixin.py:188} INFO - [2025-04-17T22:54:08.688+0000] {dagbag.py:538} INFO - Filling up the DagBag from /home/airflow/.local/lib/python3.8/site-packages/airflow/example_dags/example_short_circuit_decorator.py
[2025-04-17T22:54:08.705+0000] {processor.py:840} INFO - DAG(s) 'example_short_circuit_decorator' retrieved from /home/airflow/.local/lib/python3.8/site-packages/airflow/example_dags/example_short_circuit_decorator.py
[2025-04-17T22:54:08.749+0000] {logging_mixin.py:188} INFO - [2025-04-17T22:54:08.748+0000] {dag.py:3036} INFO - Sync 1 DAGs
[2025-04-17T22:54:08.788+0000] {logging_mixin.py:188} INFO - [2025-04-17T22:54:08.788+0000] {dag.py:3823} INFO - Setting next_dagrun for example_short_circuit_decorator to 2025-04-16 00:00:00+00:00, run_after=2025-04-17 00:00:00+00:00
[2025-04-17T22:54:08.819+0000] {processor.py:183} INFO - Processing /home/airflow/.local/lib/python3.8/site-packages/airflow/example_dags/example_short_circuit_decorator.py took 0.142 seconds
