[2025-04-17T22:40:49.519+0000] {processor.py:161} INFO - Started process (PID=103) to work on /home/airflow/.local/lib/python3.8/site-packages/airflow/example_dags/example_skip_dag.py
[2025-04-17T22:40:49.523+0000] {processor.py:830} INFO - Processing file /home/airflow/.local/lib/python3.8/site-packages/airflow/example_dags/example_skip_dag.py for tasks to queue
[2025-04-17T22:40:49.526+0000] {logging_mixin.py:188} INFO - [2025-04-17T22:40:49.526+0000] {dagbag.py:538} INFO - Filling up the DagBag from /home/airflow/.local/lib/python3.8/site-packages/airflow/example_dags/example_skip_dag.py
[2025-04-17T22:40:49.541+0000] {processor.py:840} INFO - DAG(s) 'example_skip_dag' retrieved from /home/airflow/.local/lib/python3.8/site-packages/airflow/example_dags/example_skip_dag.py
[2025-04-17T22:40:49.723+0000] {logging_mixin.py:188} INFO - [2025-04-17T22:40:49.723+0000] {dag.py:3036} INFO - Sync 1 DAGs
[2025-04-17T22:40:49.756+0000] {logging_mixin.py:188} INFO - [2025-04-17T22:40:49.755+0000] {dag.py:3823} INFO - Setting next_dagrun for example_skip_dag to 2025-04-16 00:00:00+00:00, run_after=2025-04-17 00:00:00+00:00
[2025-04-17T22:40:49.786+0000] {processor.py:183} INFO - Processing /home/airflow/.local/lib/python3.8/site-packages/airflow/example_dags/example_skip_dag.py took 0.273 seconds
[2025-04-17T22:41:20.287+0000] {processor.py:161} INFO - Started process (PID=158) to work on /home/airflow/.local/lib/python3.8/site-packages/airflow/example_dags/example_skip_dag.py
[2025-04-17T22:41:20.288+0000] {processor.py:830} INFO - Processing file /home/airflow/.local/lib/python3.8/site-packages/airflow/example_dags/example_skip_dag.py for tasks to queue
[2025-04-17T22:41:20.291+0000] {logging_mixin.py:188} INFO - [2025-04-17T22:41:20.291+0000] {dagbag.py:538} INFO - Filling up the DagBag from /home/airflow/.local/lib/python3.8/site-packages/airflow/example_dags/example_skip_dag.py
[2025-04-17T22:41:20.302+0000] {processor.py:840} INFO - DAG(s) 'example_skip_dag' retrieved from /home/airflow/.local/lib/python3.8/site-packages/airflow/example_dags/example_skip_dag.py
[2025-04-17T22:41:20.338+0000] {logging_mixin.py:188} INFO - [2025-04-17T22:41:20.338+0000] {dag.py:3036} INFO - Sync 1 DAGs
[2025-04-17T22:41:20.375+0000] {logging_mixin.py:188} INFO - [2025-04-17T22:41:20.374+0000] {dag.py:3823} INFO - Setting next_dagrun for example_skip_dag to 2025-04-16 00:00:00+00:00, run_after=2025-04-17 00:00:00+00:00
[2025-04-17T22:41:20.413+0000] {processor.py:183} INFO - Processing /home/airflow/.local/lib/python3.8/site-packages/airflow/example_dags/example_skip_dag.py took 0.132 seconds
[2025-04-17T22:41:50.964+0000] {processor.py:161} INFO - Started process (PID=214) to work on /home/airflow/.local/lib/python3.8/site-packages/airflow/example_dags/example_skip_dag.py
[2025-04-17T22:41:50.965+0000] {processor.py:830} INFO - Processing file /home/airflow/.local/lib/python3.8/site-packages/airflow/example_dags/example_skip_dag.py for tasks to queue
[2025-04-17T22:41:50.968+0000] {logging_mixin.py:188} INFO - [2025-04-17T22:41:50.967+0000] {dagbag.py:538} INFO - Filling up the DagBag from /home/airflow/.local/lib/python3.8/site-packages/airflow/example_dags/example_skip_dag.py
[2025-04-17T22:41:50.980+0000] {processor.py:840} INFO - DAG(s) 'example_skip_dag' retrieved from /home/airflow/.local/lib/python3.8/site-packages/airflow/example_dags/example_skip_dag.py
[2025-04-17T22:41:51.029+0000] {logging_mixin.py:188} INFO - [2025-04-17T22:41:51.029+0000] {dag.py:3036} INFO - Sync 1 DAGs
[2025-04-17T22:41:51.072+0000] {logging_mixin.py:188} INFO - [2025-04-17T22:41:51.072+0000] {dag.py:3823} INFO - Setting next_dagrun for example_skip_dag to 2025-04-16 00:00:00+00:00, run_after=2025-04-17 00:00:00+00:00
[2025-04-17T22:41:51.109+0000] {processor.py:183} INFO - Processing /home/airflow/.local/lib/python3.8/site-packages/airflow/example_dags/example_skip_dag.py took 0.151 seconds
[2025-04-17T22:42:21.229+0000] {processor.py:161} INFO - Started process (PID=269) to work on /home/airflow/.local/lib/python3.8/site-packages/airflow/example_dags/example_skip_dag.py
[2025-04-17T22:42:21.232+0000] {processor.py:830} INFO - Processing file /home/airflow/.local/lib/python3.8/site-packages/airflow/example_dags/example_skip_dag.py for tasks to queue
[2025-04-17T22:42:21.235+0000] {logging_mixin.py:188} INFO - [2025-04-17T22:42:21.235+0000] {dagbag.py:538} INFO - Filling up the DagBag from /home/airflow/.local/lib/python3.8/site-packages/airflow/example_dags/example_skip_dag.py
[2025-04-17T22:42:21.249+0000] {processor.py:840} INFO - DAG(s) 'example_skip_dag' retrieved from /home/airflow/.local/lib/python3.8/site-packages/airflow/example_dags/example_skip_dag.py
[2025-04-17T22:42:21.292+0000] {logging_mixin.py:188} INFO - [2025-04-17T22:42:21.291+0000] {dag.py:3036} INFO - Sync 1 DAGs
[2025-04-17T22:42:21.334+0000] {logging_mixin.py:188} INFO - [2025-04-17T22:42:21.334+0000] {dag.py:3823} INFO - Setting next_dagrun for example_skip_dag to 2025-04-16 00:00:00+00:00, run_after=2025-04-17 00:00:00+00:00
[2025-04-17T22:42:21.369+0000] {processor.py:183} INFO - Processing /home/airflow/.local/lib/python3.8/site-packages/airflow/example_dags/example_skip_dag.py took 0.146 seconds
[2025-04-17T22:42:51.665+0000] {processor.py:161} INFO - Started process (PID=324) to work on /home/airflow/.local/lib/python3.8/site-packages/airflow/example_dags/example_skip_dag.py
[2025-04-17T22:42:51.667+0000] {processor.py:830} INFO - Processing file /home/airflow/.local/lib/python3.8/site-packages/airflow/example_dags/example_skip_dag.py for tasks to queue
[2025-04-17T22:42:51.669+0000] {logging_mixin.py:188} INFO - [2025-04-17T22:42:51.669+0000] {dagbag.py:538} INFO - Filling up the DagBag from /home/airflow/.local/lib/python3.8/site-packages/airflow/example_dags/example_skip_dag.py
[2025-04-17T22:42:51.681+0000] {processor.py:840} INFO - DAG(s) 'example_skip_dag' retrieved from /home/airflow/.local/lib/python3.8/site-packages/airflow/example_dags/example_skip_dag.py
[2025-04-17T22:42:51.720+0000] {logging_mixin.py:188} INFO - [2025-04-17T22:42:51.720+0000] {dag.py:3036} INFO - Sync 1 DAGs
[2025-04-17T22:42:51.758+0000] {logging_mixin.py:188} INFO - [2025-04-17T22:42:51.758+0000] {dag.py:3823} INFO - Setting next_dagrun for example_skip_dag to 2025-04-16 00:00:00+00:00, run_after=2025-04-17 00:00:00+00:00
[2025-04-17T22:42:51.797+0000] {processor.py:183} INFO - Processing /home/airflow/.local/lib/python3.8/site-packages/airflow/example_dags/example_skip_dag.py took 0.138 seconds
[2025-04-17T22:43:22.415+0000] {processor.py:161} INFO - Started process (PID=379) to work on /home/airflow/.local/lib/python3.8/site-packages/airflow/example_dags/example_skip_dag.py
[2025-04-17T22:43:22.416+0000] {processor.py:830} INFO - Processing file /home/airflow/.local/lib/python3.8/site-packages/airflow/example_dags/example_skip_dag.py for tasks to queue
[2025-04-17T22:43:22.419+0000] {logging_mixin.py:188} INFO - [2025-04-17T22:43:22.419+0000] {dagbag.py:538} INFO - Filling up the DagBag from /home/airflow/.local/lib/python3.8/site-packages/airflow/example_dags/example_skip_dag.py
[2025-04-17T22:43:22.430+0000] {processor.py:840} INFO - DAG(s) 'example_skip_dag' retrieved from /home/airflow/.local/lib/python3.8/site-packages/airflow/example_dags/example_skip_dag.py
[2025-04-17T22:43:22.471+0000] {logging_mixin.py:188} INFO - [2025-04-17T22:43:22.470+0000] {dag.py:3036} INFO - Sync 1 DAGs
[2025-04-17T22:43:22.505+0000] {logging_mixin.py:188} INFO - [2025-04-17T22:43:22.505+0000] {dag.py:3823} INFO - Setting next_dagrun for example_skip_dag to 2025-04-16 00:00:00+00:00, run_after=2025-04-17 00:00:00+00:00
[2025-04-17T22:43:22.534+0000] {processor.py:183} INFO - Processing /home/airflow/.local/lib/python3.8/site-packages/airflow/example_dags/example_skip_dag.py took 0.125 seconds
[2025-04-17T22:43:52.765+0000] {processor.py:161} INFO - Started process (PID=434) to work on /home/airflow/.local/lib/python3.8/site-packages/airflow/example_dags/example_skip_dag.py
[2025-04-17T22:43:52.767+0000] {processor.py:830} INFO - Processing file /home/airflow/.local/lib/python3.8/site-packages/airflow/example_dags/example_skip_dag.py for tasks to queue
[2025-04-17T22:43:52.772+0000] {logging_mixin.py:188} INFO - [2025-04-17T22:43:52.771+0000] {dagbag.py:538} INFO - Filling up the DagBag from /home/airflow/.local/lib/python3.8/site-packages/airflow/example_dags/example_skip_dag.py
[2025-04-17T22:43:52.788+0000] {processor.py:840} INFO - DAG(s) 'example_skip_dag' retrieved from /home/airflow/.local/lib/python3.8/site-packages/airflow/example_dags/example_skip_dag.py
[2025-04-17T22:43:52.848+0000] {logging_mixin.py:188} INFO - [2025-04-17T22:43:52.847+0000] {dag.py:3036} INFO - Sync 1 DAGs
[2025-04-17T22:43:52.899+0000] {logging_mixin.py:188} INFO - [2025-04-17T22:43:52.899+0000] {dag.py:3823} INFO - Setting next_dagrun for example_skip_dag to 2025-04-16 00:00:00+00:00, run_after=2025-04-17 00:00:00+00:00
[2025-04-17T22:43:52.943+0000] {processor.py:183} INFO - Processing /home/airflow/.local/lib/python3.8/site-packages/airflow/example_dags/example_skip_dag.py took 0.186 seconds
[2025-04-17T22:44:23.733+0000] {processor.py:161} INFO - Started process (PID=489) to work on /home/airflow/.local/lib/python3.8/site-packages/airflow/example_dags/example_skip_dag.py
[2025-04-17T22:44:23.735+0000] {processor.py:830} INFO - Processing file /home/airflow/.local/lib/python3.8/site-packages/airflow/example_dags/example_skip_dag.py for tasks to queue
[2025-04-17T22:44:23.740+0000] {logging_mixin.py:188} INFO - [2025-04-17T22:44:23.739+0000] {dagbag.py:538} INFO - Filling up the DagBag from /home/airflow/.local/lib/python3.8/site-packages/airflow/example_dags/example_skip_dag.py
[2025-04-17T22:44:23.767+0000] {processor.py:840} INFO - DAG(s) 'example_skip_dag' retrieved from /home/airflow/.local/lib/python3.8/site-packages/airflow/example_dags/example_skip_dag.py
[2025-04-17T22:44:23.848+0000] {logging_mixin.py:188} INFO - [2025-04-17T22:44:23.848+0000] {dag.py:3036} INFO - Sync 1 DAGs
[2025-04-17T22:44:23.926+0000] {logging_mixin.py:188} INFO - [2025-04-17T22:44:23.926+0000] {dag.py:3823} INFO - Setting next_dagrun for example_skip_dag to 2025-04-16 00:00:00+00:00, run_after=2025-04-17 00:00:00+00:00
[2025-04-17T22:44:23.987+0000] {processor.py:183} INFO - Processing /home/airflow/.local/lib/python3.8/site-packages/airflow/example_dags/example_skip_dag.py took 0.264 seconds
[2025-04-17T22:44:54.299+0000] {processor.py:161} INFO - Started process (PID=544) to work on /home/airflow/.local/lib/python3.8/site-packages/airflow/example_dags/example_skip_dag.py
[2025-04-17T22:44:54.300+0000] {processor.py:830} INFO - Processing file /home/airflow/.local/lib/python3.8/site-packages/airflow/example_dags/example_skip_dag.py for tasks to queue
[2025-04-17T22:44:54.303+0000] {logging_mixin.py:188} INFO - [2025-04-17T22:44:54.303+0000] {dagbag.py:538} INFO - Filling up the DagBag from /home/airflow/.local/lib/python3.8/site-packages/airflow/example_dags/example_skip_dag.py
[2025-04-17T22:44:54.314+0000] {processor.py:840} INFO - DAG(s) 'example_skip_dag' retrieved from /home/airflow/.local/lib/python3.8/site-packages/airflow/example_dags/example_skip_dag.py
[2025-04-17T22:44:54.351+0000] {logging_mixin.py:188} INFO - [2025-04-17T22:44:54.351+0000] {dag.py:3036} INFO - Sync 1 DAGs
[2025-04-17T22:44:54.385+0000] {logging_mixin.py:188} INFO - [2025-04-17T22:44:54.385+0000] {dag.py:3823} INFO - Setting next_dagrun for example_skip_dag to 2025-04-16 00:00:00+00:00, run_after=2025-04-17 00:00:00+00:00
[2025-04-17T22:44:54.417+0000] {processor.py:183} INFO - Processing /home/airflow/.local/lib/python3.8/site-packages/airflow/example_dags/example_skip_dag.py took 0.123 seconds
[2025-04-17T22:45:24.844+0000] {processor.py:161} INFO - Started process (PID=599) to work on /home/airflow/.local/lib/python3.8/site-packages/airflow/example_dags/example_skip_dag.py
[2025-04-17T22:45:24.846+0000] {processor.py:830} INFO - Processing file /home/airflow/.local/lib/python3.8/site-packages/airflow/example_dags/example_skip_dag.py for tasks to queue
[2025-04-17T22:45:24.848+0000] {logging_mixin.py:188} INFO - [2025-04-17T22:45:24.848+0000] {dagbag.py:538} INFO - Filling up the DagBag from /home/airflow/.local/lib/python3.8/site-packages/airflow/example_dags/example_skip_dag.py
[2025-04-17T22:45:24.859+0000] {processor.py:840} INFO - DAG(s) 'example_skip_dag' retrieved from /home/airflow/.local/lib/python3.8/site-packages/airflow/example_dags/example_skip_dag.py
[2025-04-17T22:45:24.898+0000] {logging_mixin.py:188} INFO - [2025-04-17T22:45:24.898+0000] {dag.py:3036} INFO - Sync 1 DAGs
[2025-04-17T22:45:24.932+0000] {logging_mixin.py:188} INFO - [2025-04-17T22:45:24.931+0000] {dag.py:3823} INFO - Setting next_dagrun for example_skip_dag to 2025-04-16 00:00:00+00:00, run_after=2025-04-17 00:00:00+00:00
[2025-04-17T22:45:24.962+0000] {processor.py:183} INFO - Processing /home/airflow/.local/lib/python3.8/site-packages/airflow/example_dags/example_skip_dag.py took 0.123 seconds
[2025-04-17T22:45:55.373+0000] {processor.py:161} INFO - Started process (PID=654) to work on /home/airflow/.local/lib/python3.8/site-packages/airflow/example_dags/example_skip_dag.py
[2025-04-17T22:45:55.375+0000] {processor.py:830} INFO - Processing file /home/airflow/.local/lib/python3.8/site-packages/airflow/example_dags/example_skip_dag.py for tasks to queue
[2025-04-17T22:45:55.380+0000] {logging_mixin.py:188} INFO - [2025-04-17T22:45:55.379+0000] {dagbag.py:538} INFO - Filling up the DagBag from /home/airflow/.local/lib/python3.8/site-packages/airflow/example_dags/example_skip_dag.py
[2025-04-17T22:45:55.393+0000] {processor.py:840} INFO - DAG(s) 'example_skip_dag' retrieved from /home/airflow/.local/lib/python3.8/site-packages/airflow/example_dags/example_skip_dag.py
[2025-04-17T22:45:55.428+0000] {logging_mixin.py:188} INFO - [2025-04-17T22:45:55.428+0000] {dag.py:3036} INFO - Sync 1 DAGs
[2025-04-17T22:45:55.463+0000] {logging_mixin.py:188} INFO - [2025-04-17T22:45:55.462+0000] {dag.py:3823} INFO - Setting next_dagrun for example_skip_dag to 2025-04-16 00:00:00+00:00, run_after=2025-04-17 00:00:00+00:00
[2025-04-17T22:45:55.491+0000] {processor.py:183} INFO - Processing /home/airflow/.local/lib/python3.8/site-packages/airflow/example_dags/example_skip_dag.py took 0.123 seconds
[2025-04-17T22:46:25.931+0000] {processor.py:161} INFO - Started process (PID=709) to work on /home/airflow/.local/lib/python3.8/site-packages/airflow/example_dags/example_skip_dag.py
[2025-04-17T22:46:25.933+0000] {processor.py:830} INFO - Processing file /home/airflow/.local/lib/python3.8/site-packages/airflow/example_dags/example_skip_dag.py for tasks to queue
[2025-04-17T22:46:25.936+0000] {logging_mixin.py:188} INFO - [2025-04-17T22:46:25.935+0000] {dagbag.py:538} INFO - Filling up the DagBag from /home/airflow/.local/lib/python3.8/site-packages/airflow/example_dags/example_skip_dag.py
[2025-04-17T22:46:25.946+0000] {processor.py:840} INFO - DAG(s) 'example_skip_dag' retrieved from /home/airflow/.local/lib/python3.8/site-packages/airflow/example_dags/example_skip_dag.py
[2025-04-17T22:46:25.983+0000] {logging_mixin.py:188} INFO - [2025-04-17T22:46:25.982+0000] {dag.py:3036} INFO - Sync 1 DAGs
[2025-04-17T22:46:26.017+0000] {logging_mixin.py:188} INFO - [2025-04-17T22:46:26.017+0000] {dag.py:3823} INFO - Setting next_dagrun for example_skip_dag to 2025-04-16 00:00:00+00:00, run_after=2025-04-17 00:00:00+00:00
[2025-04-17T22:46:26.048+0000] {processor.py:183} INFO - Processing /home/airflow/.local/lib/python3.8/site-packages/airflow/example_dags/example_skip_dag.py took 0.122 seconds
[2025-04-17T22:46:56.707+0000] {processor.py:161} INFO - Started process (PID=764) to work on /home/airflow/.local/lib/python3.8/site-packages/airflow/example_dags/example_skip_dag.py
[2025-04-17T22:46:56.708+0000] {processor.py:830} INFO - Processing file /home/airflow/.local/lib/python3.8/site-packages/airflow/example_dags/example_skip_dag.py for tasks to queue
[2025-04-17T22:46:56.711+0000] {logging_mixin.py:188} INFO - [2025-04-17T22:46:56.711+0000] {dagbag.py:538} INFO - Filling up the DagBag from /home/airflow/.local/lib/python3.8/site-packages/airflow/example_dags/example_skip_dag.py
[2025-04-17T22:46:56.722+0000] {processor.py:840} INFO - DAG(s) 'example_skip_dag' retrieved from /home/airflow/.local/lib/python3.8/site-packages/airflow/example_dags/example_skip_dag.py
[2025-04-17T22:46:56.759+0000] {logging_mixin.py:188} INFO - [2025-04-17T22:46:56.759+0000] {dag.py:3036} INFO - Sync 1 DAGs
[2025-04-17T22:46:56.795+0000] {logging_mixin.py:188} INFO - [2025-04-17T22:46:56.795+0000] {dag.py:3823} INFO - Setting next_dagrun for example_skip_dag to 2025-04-16 00:00:00+00:00, run_after=2025-04-17 00:00:00+00:00
[2025-04-17T22:46:56.824+0000] {processor.py:183} INFO - Processing /home/airflow/.local/lib/python3.8/site-packages/airflow/example_dags/example_skip_dag.py took 0.123 seconds
[2025-04-17T22:47:27.169+0000] {processor.py:161} INFO - Started process (PID=819) to work on /home/airflow/.local/lib/python3.8/site-packages/airflow/example_dags/example_skip_dag.py
[2025-04-17T22:47:27.172+0000] {processor.py:830} INFO - Processing file /home/airflow/.local/lib/python3.8/site-packages/airflow/example_dags/example_skip_dag.py for tasks to queue
[2025-04-17T22:47:27.176+0000] {logging_mixin.py:188} INFO - [2025-04-17T22:47:27.175+0000] {dagbag.py:538} INFO - Filling up the DagBag from /home/airflow/.local/lib/python3.8/site-packages/airflow/example_dags/example_skip_dag.py
[2025-04-17T22:47:27.190+0000] {processor.py:840} INFO - DAG(s) 'example_skip_dag' retrieved from /home/airflow/.local/lib/python3.8/site-packages/airflow/example_dags/example_skip_dag.py
[2025-04-17T22:47:27.233+0000] {logging_mixin.py:188} INFO - [2025-04-17T22:47:27.233+0000] {dag.py:3036} INFO - Sync 1 DAGs
[2025-04-17T22:47:27.278+0000] {logging_mixin.py:188} INFO - [2025-04-17T22:47:27.278+0000] {dag.py:3823} INFO - Setting next_dagrun for example_skip_dag to 2025-04-16 00:00:00+00:00, run_after=2025-04-17 00:00:00+00:00
[2025-04-17T22:47:27.317+0000] {processor.py:183} INFO - Processing /home/airflow/.local/lib/python3.8/site-packages/airflow/example_dags/example_skip_dag.py took 0.154 seconds
[2025-04-17T22:47:57.468+0000] {processor.py:161} INFO - Started process (PID=874) to work on /home/airflow/.local/lib/python3.8/site-packages/airflow/example_dags/example_skip_dag.py
[2025-04-17T22:47:57.469+0000] {processor.py:830} INFO - Processing file /home/airflow/.local/lib/python3.8/site-packages/airflow/example_dags/example_skip_dag.py for tasks to queue
[2025-04-17T22:47:57.473+0000] {logging_mixin.py:188} INFO - [2025-04-17T22:47:57.473+0000] {dagbag.py:538} INFO - Filling up the DagBag from /home/airflow/.local/lib/python3.8/site-packages/airflow/example_dags/example_skip_dag.py
[2025-04-17T22:47:57.485+0000] {processor.py:840} INFO - DAG(s) 'example_skip_dag' retrieved from /home/airflow/.local/lib/python3.8/site-packages/airflow/example_dags/example_skip_dag.py
[2025-04-17T22:47:57.504+0000] {logging_mixin.py:188} INFO - [2025-04-17T22:47:57.504+0000] {dag.py:3036} INFO - Sync 1 DAGs
[2025-04-17T22:47:57.539+0000] {logging_mixin.py:188} INFO - [2025-04-17T22:47:57.539+0000] {dag.py:3823} INFO - Setting next_dagrun for example_skip_dag to 2025-04-16 00:00:00+00:00, run_after=2025-04-17 00:00:00+00:00
[2025-04-17T22:47:57.569+0000] {processor.py:183} INFO - Processing /home/airflow/.local/lib/python3.8/site-packages/airflow/example_dags/example_skip_dag.py took 0.108 seconds
[2025-04-17T22:48:28.783+0000] {processor.py:161} INFO - Started process (PID=929) to work on /home/airflow/.local/lib/python3.8/site-packages/airflow/example_dags/example_skip_dag.py
[2025-04-17T22:48:28.784+0000] {processor.py:830} INFO - Processing file /home/airflow/.local/lib/python3.8/site-packages/airflow/example_dags/example_skip_dag.py for tasks to queue
[2025-04-17T22:48:28.787+0000] {logging_mixin.py:188} INFO - [2025-04-17T22:48:28.787+0000] {dagbag.py:538} INFO - Filling up the DagBag from /home/airflow/.local/lib/python3.8/site-packages/airflow/example_dags/example_skip_dag.py
[2025-04-17T22:48:28.798+0000] {processor.py:840} INFO - DAG(s) 'example_skip_dag' retrieved from /home/airflow/.local/lib/python3.8/site-packages/airflow/example_dags/example_skip_dag.py
[2025-04-17T22:48:28.960+0000] {logging_mixin.py:188} INFO - [2025-04-17T22:48:28.960+0000] {dag.py:3036} INFO - Sync 1 DAGs
[2025-04-17T22:48:28.991+0000] {logging_mixin.py:188} INFO - [2025-04-17T22:48:28.991+0000] {dag.py:3823} INFO - Setting next_dagrun for example_skip_dag to 2025-04-16 00:00:00+00:00, run_after=2025-04-17 00:00:00+00:00
[2025-04-17T22:48:29.023+0000] {processor.py:183} INFO - Processing /home/airflow/.local/lib/python3.8/site-packages/airflow/example_dags/example_skip_dag.py took 0.246 seconds
[2025-04-17T22:48:59.680+0000] {processor.py:161} INFO - Started process (PID=984) to work on /home/airflow/.local/lib/python3.8/site-packages/airflow/example_dags/example_skip_dag.py
[2025-04-17T22:48:59.682+0000] {processor.py:830} INFO - Processing file /home/airflow/.local/lib/python3.8/site-packages/airflow/example_dags/example_skip_dag.py for tasks to queue
[2025-04-17T22:48:59.685+0000] {logging_mixin.py:188} INFO - [2025-04-17T22:48:59.684+0000] {dagbag.py:538} INFO - Filling up the DagBag from /home/airflow/.local/lib/python3.8/site-packages/airflow/example_dags/example_skip_dag.py
[2025-04-17T22:48:59.696+0000] {processor.py:840} INFO - DAG(s) 'example_skip_dag' retrieved from /home/airflow/.local/lib/python3.8/site-packages/airflow/example_dags/example_skip_dag.py
[2025-04-17T22:48:59.731+0000] {logging_mixin.py:188} INFO - [2025-04-17T22:48:59.730+0000] {dag.py:3036} INFO - Sync 1 DAGs
[2025-04-17T22:48:59.766+0000] {logging_mixin.py:188} INFO - [2025-04-17T22:48:59.766+0000] {dag.py:3823} INFO - Setting next_dagrun for example_skip_dag to 2025-04-16 00:00:00+00:00, run_after=2025-04-17 00:00:00+00:00
[2025-04-17T22:48:59.796+0000] {processor.py:183} INFO - Processing /home/airflow/.local/lib/python3.8/site-packages/airflow/example_dags/example_skip_dag.py took 0.121 seconds
[2025-04-17T22:49:30.371+0000] {processor.py:161} INFO - Started process (PID=1039) to work on /home/airflow/.local/lib/python3.8/site-packages/airflow/example_dags/example_skip_dag.py
[2025-04-17T22:49:30.372+0000] {processor.py:830} INFO - Processing file /home/airflow/.local/lib/python3.8/site-packages/airflow/example_dags/example_skip_dag.py for tasks to queue
[2025-04-17T22:49:30.375+0000] {logging_mixin.py:188} INFO - [2025-04-17T22:49:30.375+0000] {dagbag.py:538} INFO - Filling up the DagBag from /home/airflow/.local/lib/python3.8/site-packages/airflow/example_dags/example_skip_dag.py
[2025-04-17T22:49:30.386+0000] {processor.py:840} INFO - DAG(s) 'example_skip_dag' retrieved from /home/airflow/.local/lib/python3.8/site-packages/airflow/example_dags/example_skip_dag.py
[2025-04-17T22:49:30.419+0000] {logging_mixin.py:188} INFO - [2025-04-17T22:49:30.419+0000] {dag.py:3036} INFO - Sync 1 DAGs
[2025-04-17T22:49:30.459+0000] {logging_mixin.py:188} INFO - [2025-04-17T22:49:30.459+0000] {dag.py:3823} INFO - Setting next_dagrun for example_skip_dag to 2025-04-16 00:00:00+00:00, run_after=2025-04-17 00:00:00+00:00
[2025-04-17T22:49:30.488+0000] {processor.py:183} INFO - Processing /home/airflow/.local/lib/python3.8/site-packages/airflow/example_dags/example_skip_dag.py took 0.122 seconds
[2025-04-17T22:50:00.691+0000] {processor.py:161} INFO - Started process (PID=1094) to work on /home/airflow/.local/lib/python3.8/site-packages/airflow/example_dags/example_skip_dag.py
[2025-04-17T22:50:00.692+0000] {processor.py:830} INFO - Processing file /home/airflow/.local/lib/python3.8/site-packages/airflow/example_dags/example_skip_dag.py for tasks to queue
[2025-04-17T22:50:00.695+0000] {logging_mixin.py:188} INFO - [2025-04-17T22:50:00.695+0000] {dagbag.py:538} INFO - Filling up the DagBag from /home/airflow/.local/lib/python3.8/site-packages/airflow/example_dags/example_skip_dag.py
[2025-04-17T22:50:00.707+0000] {processor.py:840} INFO - DAG(s) 'example_skip_dag' retrieved from /home/airflow/.local/lib/python3.8/site-packages/airflow/example_dags/example_skip_dag.py
[2025-04-17T22:50:00.742+0000] {logging_mixin.py:188} INFO - [2025-04-17T22:50:00.741+0000] {dag.py:3036} INFO - Sync 1 DAGs
[2025-04-17T22:50:00.784+0000] {logging_mixin.py:188} INFO - [2025-04-17T22:50:00.784+0000] {dag.py:3823} INFO - Setting next_dagrun for example_skip_dag to 2025-04-16 00:00:00+00:00, run_after=2025-04-17 00:00:00+00:00
[2025-04-17T22:50:00.816+0000] {processor.py:183} INFO - Processing /home/airflow/.local/lib/python3.8/site-packages/airflow/example_dags/example_skip_dag.py took 0.131 seconds
[2025-04-17T22:50:31.442+0000] {processor.py:161} INFO - Started process (PID=1149) to work on /home/airflow/.local/lib/python3.8/site-packages/airflow/example_dags/example_skip_dag.py
[2025-04-17T22:50:31.443+0000] {processor.py:830} INFO - Processing file /home/airflow/.local/lib/python3.8/site-packages/airflow/example_dags/example_skip_dag.py for tasks to queue
[2025-04-17T22:50:31.447+0000] {logging_mixin.py:188} INFO - [2025-04-17T22:50:31.446+0000] {dagbag.py:538} INFO - Filling up the DagBag from /home/airflow/.local/lib/python3.8/site-packages/airflow/example_dags/example_skip_dag.py
[2025-04-17T22:50:31.458+0000] {processor.py:840} INFO - DAG(s) 'example_skip_dag' retrieved from /home/airflow/.local/lib/python3.8/site-packages/airflow/example_dags/example_skip_dag.py
[2025-04-17T22:50:31.495+0000] {logging_mixin.py:188} INFO - [2025-04-17T22:50:31.494+0000] {dag.py:3036} INFO - Sync 1 DAGs
[2025-04-17T22:50:31.529+0000] {logging_mixin.py:188} INFO - [2025-04-17T22:50:31.529+0000] {dag.py:3823} INFO - Setting next_dagrun for example_skip_dag to 2025-04-16 00:00:00+00:00, run_after=2025-04-17 00:00:00+00:00
[2025-04-17T22:50:31.561+0000] {processor.py:183} INFO - Processing /home/airflow/.local/lib/python3.8/site-packages/airflow/example_dags/example_skip_dag.py took 0.125 seconds
[2025-04-17T22:51:02.128+0000] {processor.py:161} INFO - Started process (PID=1204) to work on /home/airflow/.local/lib/python3.8/site-packages/airflow/example_dags/example_skip_dag.py
[2025-04-17T22:51:02.129+0000] {processor.py:830} INFO - Processing file /home/airflow/.local/lib/python3.8/site-packages/airflow/example_dags/example_skip_dag.py for tasks to queue
[2025-04-17T22:51:02.134+0000] {logging_mixin.py:188} INFO - [2025-04-17T22:51:02.133+0000] {dagbag.py:538} INFO - Filling up the DagBag from /home/airflow/.local/lib/python3.8/site-packages/airflow/example_dags/example_skip_dag.py
[2025-04-17T22:51:02.144+0000] {processor.py:840} INFO - DAG(s) 'example_skip_dag' retrieved from /home/airflow/.local/lib/python3.8/site-packages/airflow/example_dags/example_skip_dag.py
[2025-04-17T22:51:02.181+0000] {logging_mixin.py:188} INFO - [2025-04-17T22:51:02.181+0000] {dag.py:3036} INFO - Sync 1 DAGs
[2025-04-17T22:51:02.215+0000] {logging_mixin.py:188} INFO - [2025-04-17T22:51:02.215+0000] {dag.py:3823} INFO - Setting next_dagrun for example_skip_dag to 2025-04-16 00:00:00+00:00, run_after=2025-04-17 00:00:00+00:00
[2025-04-17T22:51:02.243+0000] {processor.py:183} INFO - Processing /home/airflow/.local/lib/python3.8/site-packages/airflow/example_dags/example_skip_dag.py took 0.121 seconds
[2025-04-17T22:51:32.453+0000] {processor.py:161} INFO - Started process (PID=1259) to work on /home/airflow/.local/lib/python3.8/site-packages/airflow/example_dags/example_skip_dag.py
[2025-04-17T22:51:32.455+0000] {processor.py:830} INFO - Processing file /home/airflow/.local/lib/python3.8/site-packages/airflow/example_dags/example_skip_dag.py for tasks to queue
[2025-04-17T22:51:32.458+0000] {logging_mixin.py:188} INFO - [2025-04-17T22:51:32.458+0000] {dagbag.py:538} INFO - Filling up the DagBag from /home/airflow/.local/lib/python3.8/site-packages/airflow/example_dags/example_skip_dag.py
[2025-04-17T22:51:32.468+0000] {processor.py:840} INFO - DAG(s) 'example_skip_dag' retrieved from /home/airflow/.local/lib/python3.8/site-packages/airflow/example_dags/example_skip_dag.py
[2025-04-17T22:51:32.504+0000] {logging_mixin.py:188} INFO - [2025-04-17T22:51:32.503+0000] {dag.py:3036} INFO - Sync 1 DAGs
[2025-04-17T22:51:32.546+0000] {logging_mixin.py:188} INFO - [2025-04-17T22:51:32.546+0000] {dag.py:3823} INFO - Setting next_dagrun for example_skip_dag to 2025-04-16 00:00:00+00:00, run_after=2025-04-17 00:00:00+00:00
[2025-04-17T22:51:32.589+0000] {processor.py:183} INFO - Processing /home/airflow/.local/lib/python3.8/site-packages/airflow/example_dags/example_skip_dag.py took 0.142 seconds
[2025-04-17T22:52:03.034+0000] {processor.py:161} INFO - Started process (PID=1314) to work on /home/airflow/.local/lib/python3.8/site-packages/airflow/example_dags/example_skip_dag.py
[2025-04-17T22:52:03.035+0000] {processor.py:830} INFO - Processing file /home/airflow/.local/lib/python3.8/site-packages/airflow/example_dags/example_skip_dag.py for tasks to queue
[2025-04-17T22:52:03.038+0000] {logging_mixin.py:188} INFO - [2025-04-17T22:52:03.038+0000] {dagbag.py:538} INFO - Filling up the DagBag from /home/airflow/.local/lib/python3.8/site-packages/airflow/example_dags/example_skip_dag.py
[2025-04-17T22:52:03.049+0000] {processor.py:840} INFO - DAG(s) 'example_skip_dag' retrieved from /home/airflow/.local/lib/python3.8/site-packages/airflow/example_dags/example_skip_dag.py
[2025-04-17T22:52:03.089+0000] {logging_mixin.py:188} INFO - [2025-04-17T22:52:03.088+0000] {dag.py:3036} INFO - Sync 1 DAGs
[2025-04-17T22:52:03.122+0000] {logging_mixin.py:188} INFO - [2025-04-17T22:52:03.122+0000] {dag.py:3823} INFO - Setting next_dagrun for example_skip_dag to 2025-04-16 00:00:00+00:00, run_after=2025-04-17 00:00:00+00:00
[2025-04-17T22:52:03.153+0000] {processor.py:183} INFO - Processing /home/airflow/.local/lib/python3.8/site-packages/airflow/example_dags/example_skip_dag.py took 0.125 seconds
[2025-04-17T22:52:33.886+0000] {processor.py:161} INFO - Started process (PID=1369) to work on /home/airflow/.local/lib/python3.8/site-packages/airflow/example_dags/example_skip_dag.py
[2025-04-17T22:52:33.887+0000] {processor.py:830} INFO - Processing file /home/airflow/.local/lib/python3.8/site-packages/airflow/example_dags/example_skip_dag.py for tasks to queue
[2025-04-17T22:52:33.891+0000] {logging_mixin.py:188} INFO - [2025-04-17T22:52:33.890+0000] {dagbag.py:538} INFO - Filling up the DagBag from /home/airflow/.local/lib/python3.8/site-packages/airflow/example_dags/example_skip_dag.py
[2025-04-17T22:52:33.904+0000] {processor.py:840} INFO - DAG(s) 'example_skip_dag' retrieved from /home/airflow/.local/lib/python3.8/site-packages/airflow/example_dags/example_skip_dag.py
[2025-04-17T22:52:33.940+0000] {logging_mixin.py:188} INFO - [2025-04-17T22:52:33.940+0000] {dag.py:3036} INFO - Sync 1 DAGs
[2025-04-17T22:52:33.978+0000] {logging_mixin.py:188} INFO - [2025-04-17T22:52:33.978+0000] {dag.py:3823} INFO - Setting next_dagrun for example_skip_dag to 2025-04-16 00:00:00+00:00, run_after=2025-04-17 00:00:00+00:00
[2025-04-17T22:52:34.011+0000] {processor.py:183} INFO - Processing /home/airflow/.local/lib/python3.8/site-packages/airflow/example_dags/example_skip_dag.py took 0.130 seconds
[2025-04-17T22:53:04.832+0000] {processor.py:161} INFO - Started process (PID=1424) to work on /home/airflow/.local/lib/python3.8/site-packages/airflow/example_dags/example_skip_dag.py
[2025-04-17T22:53:04.834+0000] {processor.py:830} INFO - Processing file /home/airflow/.local/lib/python3.8/site-packages/airflow/example_dags/example_skip_dag.py for tasks to queue
[2025-04-17T22:53:04.838+0000] {logging_mixin.py:188} INFO - [2025-04-17T22:53:04.838+0000] {dagbag.py:538} INFO - Filling up the DagBag from /home/airflow/.local/lib/python3.8/site-packages/airflow/example_dags/example_skip_dag.py
[2025-04-17T22:53:04.849+0000] {processor.py:840} INFO - DAG(s) 'example_skip_dag' retrieved from /home/airflow/.local/lib/python3.8/site-packages/airflow/example_dags/example_skip_dag.py
[2025-04-17T22:53:04.889+0000] {logging_mixin.py:188} INFO - [2025-04-17T22:53:04.889+0000] {dag.py:3036} INFO - Sync 1 DAGs
[2025-04-17T22:53:04.926+0000] {logging_mixin.py:188} INFO - [2025-04-17T22:53:04.925+0000] {dag.py:3823} INFO - Setting next_dagrun for example_skip_dag to 2025-04-16 00:00:00+00:00, run_after=2025-04-17 00:00:00+00:00
[2025-04-17T22:53:04.959+0000] {processor.py:183} INFO - Processing /home/airflow/.local/lib/python3.8/site-packages/airflow/example_dags/example_skip_dag.py took 0.132 seconds
[2025-04-17T22:53:35.678+0000] {processor.py:161} INFO - Started process (PID=1479) to work on /home/airflow/.local/lib/python3.8/site-packages/airflow/example_dags/example_skip_dag.py
[2025-04-17T22:53:35.679+0000] {processor.py:830} INFO - Processing file /home/airflow/.local/lib/python3.8/site-packages/airflow/example_dags/example_skip_dag.py for tasks to queue
[2025-04-17T22:53:35.683+0000] {logging_mixin.py:188} INFO - [2025-04-17T22:53:35.683+0000] {dagbag.py:538} INFO - Filling up the DagBag from /home/airflow/.local/lib/python3.8/site-packages/airflow/example_dags/example_skip_dag.py
[2025-04-17T22:53:35.696+0000] {processor.py:840} INFO - DAG(s) 'example_skip_dag' retrieved from /home/airflow/.local/lib/python3.8/site-packages/airflow/example_dags/example_skip_dag.py
[2025-04-17T22:53:35.752+0000] {logging_mixin.py:188} INFO - [2025-04-17T22:53:35.751+0000] {dag.py:3036} INFO - Sync 1 DAGs
[2025-04-17T22:53:35.809+0000] {logging_mixin.py:188} INFO - [2025-04-17T22:53:35.809+0000] {dag.py:3823} INFO - Setting next_dagrun for example_skip_dag to 2025-04-16 00:00:00+00:00, run_after=2025-04-17 00:00:00+00:00
[2025-04-17T22:53:35.848+0000] {processor.py:183} INFO - Processing /home/airflow/.local/lib/python3.8/site-packages/airflow/example_dags/example_skip_dag.py took 0.176 seconds
[2025-04-17T22:54:06.636+0000] {processor.py:161} INFO - Started process (PID=1534) to work on /home/airflow/.local/lib/python3.8/site-packages/airflow/example_dags/example_skip_dag.py
[2025-04-17T22:54:06.637+0000] {processor.py:830} INFO - Processing file /home/airflow/.local/lib/python3.8/site-packages/airflow/example_dags/example_skip_dag.py for tasks to queue
[2025-04-17T22:54:06.640+0000] {logging_mixin.py:188} INFO - [2025-04-17T22:54:06.640+0000] {dagbag.py:538} INFO - Filling up the DagBag from /home/airflow/.local/lib/python3.8/site-packages/airflow/example_dags/example_skip_dag.py
[2025-04-17T22:54:06.652+0000] {processor.py:840} INFO - DAG(s) 'example_skip_dag' retrieved from /home/airflow/.local/lib/python3.8/site-packages/airflow/example_dags/example_skip_dag.py
[2025-04-17T22:54:06.691+0000] {logging_mixin.py:188} INFO - [2025-04-17T22:54:06.691+0000] {dag.py:3036} INFO - Sync 1 DAGs
[2025-04-17T22:54:06.727+0000] {logging_mixin.py:188} INFO - [2025-04-17T22:54:06.726+0000] {dag.py:3823} INFO - Setting next_dagrun for example_skip_dag to 2025-04-16 00:00:00+00:00, run_after=2025-04-17 00:00:00+00:00
[2025-04-17T22:54:06.758+0000] {processor.py:183} INFO - Processing /home/airflow/.local/lib/python3.8/site-packages/airflow/example_dags/example_skip_dag.py took 0.128 seconds
