[2025-04-17T22:40:48.899+0000] {processor.py:161} INFO - Started process (PID=100) to work on /home/airflow/.local/lib/python3.8/site-packages/airflow/example_dags/example_branch_day_of_week_operator.py
[2025-04-17T22:40:48.900+0000] {processor.py:830} INFO - Processing file /home/airflow/.local/lib/python3.8/site-packages/airflow/example_dags/example_branch_day_of_week_operator.py for tasks to queue
[2025-04-17T22:40:48.904+0000] {logging_mixin.py:188} INFO - [2025-04-17T22:40:48.903+0000] {dagbag.py:538} INFO - Filling up the DagBag from /home/airflow/.local/lib/python3.8/site-packages/airflow/example_dags/example_branch_day_of_week_operator.py
[2025-04-17T22:40:48.920+0000] {processor.py:840} INFO - DAG(s) 'example_weekday_branch_operator' retrieved from /home/airflow/.local/lib/python3.8/site-packages/airflow/example_dags/example_branch_day_of_week_operator.py
[2025-04-17T22:40:49.129+0000] {logging_mixin.py:188} INFO - [2025-04-17T22:40:49.129+0000] {dag.py:3036} INFO - Sync 1 DAGs
[2025-04-17T22:40:49.166+0000] {logging_mixin.py:188} INFO - [2025-04-17T22:40:49.166+0000] {dag.py:3823} INFO - Setting next_dagrun for example_weekday_branch_operator to 2025-04-16 00:00:00+00:00, run_after=2025-04-17 00:00:00+00:00
[2025-04-17T22:40:49.203+0000] {processor.py:183} INFO - Processing /home/airflow/.local/lib/python3.8/site-packages/airflow/example_dags/example_branch_day_of_week_operator.py took 0.310 seconds
[2025-04-17T22:41:19.971+0000] {processor.py:161} INFO - Started process (PID=155) to work on /home/airflow/.local/lib/python3.8/site-packages/airflow/example_dags/example_branch_day_of_week_operator.py
[2025-04-17T22:41:19.972+0000] {processor.py:830} INFO - Processing file /home/airflow/.local/lib/python3.8/site-packages/airflow/example_dags/example_branch_day_of_week_operator.py for tasks to queue
[2025-04-17T22:41:19.975+0000] {logging_mixin.py:188} INFO - [2025-04-17T22:41:19.974+0000] {dagbag.py:538} INFO - Filling up the DagBag from /home/airflow/.local/lib/python3.8/site-packages/airflow/example_dags/example_branch_day_of_week_operator.py
[2025-04-17T22:41:19.988+0000] {processor.py:840} INFO - DAG(s) 'example_weekday_branch_operator' retrieved from /home/airflow/.local/lib/python3.8/site-packages/airflow/example_dags/example_branch_day_of_week_operator.py
[2025-04-17T22:41:20.027+0000] {logging_mixin.py:188} INFO - [2025-04-17T22:41:20.027+0000] {dag.py:3036} INFO - Sync 1 DAGs
[2025-04-17T22:41:20.062+0000] {logging_mixin.py:188} INFO - [2025-04-17T22:41:20.062+0000] {dag.py:3823} INFO - Setting next_dagrun for example_weekday_branch_operator to 2025-04-16 00:00:00+00:00, run_after=2025-04-17 00:00:00+00:00
[2025-04-17T22:41:20.098+0000] {processor.py:183} INFO - Processing /home/airflow/.local/lib/python3.8/site-packages/airflow/example_dags/example_branch_day_of_week_operator.py took 0.133 seconds
[2025-04-17T22:41:50.441+0000] {processor.py:161} INFO - Started process (PID=211) to work on /home/airflow/.local/lib/python3.8/site-packages/airflow/example_dags/example_branch_day_of_week_operator.py
[2025-04-17T22:41:50.443+0000] {processor.py:830} INFO - Processing file /home/airflow/.local/lib/python3.8/site-packages/airflow/example_dags/example_branch_day_of_week_operator.py for tasks to queue
[2025-04-17T22:41:50.456+0000] {logging_mixin.py:188} INFO - [2025-04-17T22:41:50.455+0000] {dagbag.py:538} INFO - Filling up the DagBag from /home/airflow/.local/lib/python3.8/site-packages/airflow/example_dags/example_branch_day_of_week_operator.py
[2025-04-17T22:41:50.473+0000] {processor.py:840} INFO - DAG(s) 'example_weekday_branch_operator' retrieved from /home/airflow/.local/lib/python3.8/site-packages/airflow/example_dags/example_branch_day_of_week_operator.py
[2025-04-17T22:41:50.523+0000] {logging_mixin.py:188} INFO - [2025-04-17T22:41:50.522+0000] {dag.py:3036} INFO - Sync 1 DAGs
[2025-04-17T22:41:50.568+0000] {logging_mixin.py:188} INFO - [2025-04-17T22:41:50.567+0000] {dag.py:3823} INFO - Setting next_dagrun for example_weekday_branch_operator to 2025-04-16 00:00:00+00:00, run_after=2025-04-17 00:00:00+00:00
[2025-04-17T22:41:50.607+0000] {processor.py:183} INFO - Processing /home/airflow/.local/lib/python3.8/site-packages/airflow/example_dags/example_branch_day_of_week_operator.py took 0.172 seconds
[2025-04-17T22:42:20.884+0000] {processor.py:161} INFO - Started process (PID=266) to work on /home/airflow/.local/lib/python3.8/site-packages/airflow/example_dags/example_branch_day_of_week_operator.py
[2025-04-17T22:42:20.886+0000] {processor.py:830} INFO - Processing file /home/airflow/.local/lib/python3.8/site-packages/airflow/example_dags/example_branch_day_of_week_operator.py for tasks to queue
[2025-04-17T22:42:20.889+0000] {logging_mixin.py:188} INFO - [2025-04-17T22:42:20.889+0000] {dagbag.py:538} INFO - Filling up the DagBag from /home/airflow/.local/lib/python3.8/site-packages/airflow/example_dags/example_branch_day_of_week_operator.py
[2025-04-17T22:42:20.903+0000] {processor.py:840} INFO - DAG(s) 'example_weekday_branch_operator' retrieved from /home/airflow/.local/lib/python3.8/site-packages/airflow/example_dags/example_branch_day_of_week_operator.py
[2025-04-17T22:42:20.944+0000] {logging_mixin.py:188} INFO - [2025-04-17T22:42:20.943+0000] {dag.py:3036} INFO - Sync 1 DAGs
[2025-04-17T22:42:20.984+0000] {logging_mixin.py:188} INFO - [2025-04-17T22:42:20.984+0000] {dag.py:3823} INFO - Setting next_dagrun for example_weekday_branch_operator to 2025-04-16 00:00:00+00:00, run_after=2025-04-17 00:00:00+00:00
[2025-04-17T22:42:21.023+0000] {processor.py:183} INFO - Processing /home/airflow/.local/lib/python3.8/site-packages/airflow/example_dags/example_branch_day_of_week_operator.py took 0.144 seconds
[2025-04-17T22:42:51.316+0000] {processor.py:161} INFO - Started process (PID=321) to work on /home/airflow/.local/lib/python3.8/site-packages/airflow/example_dags/example_branch_day_of_week_operator.py
[2025-04-17T22:42:51.317+0000] {processor.py:830} INFO - Processing file /home/airflow/.local/lib/python3.8/site-packages/airflow/example_dags/example_branch_day_of_week_operator.py for tasks to queue
[2025-04-17T22:42:51.321+0000] {logging_mixin.py:188} INFO - [2025-04-17T22:42:51.320+0000] {dagbag.py:538} INFO - Filling up the DagBag from /home/airflow/.local/lib/python3.8/site-packages/airflow/example_dags/example_branch_day_of_week_operator.py
[2025-04-17T22:42:51.334+0000] {processor.py:840} INFO - DAG(s) 'example_weekday_branch_operator' retrieved from /home/airflow/.local/lib/python3.8/site-packages/airflow/example_dags/example_branch_day_of_week_operator.py
[2025-04-17T22:42:51.377+0000] {logging_mixin.py:188} INFO - [2025-04-17T22:42:51.377+0000] {dag.py:3036} INFO - Sync 1 DAGs
[2025-04-17T22:42:51.420+0000] {logging_mixin.py:188} INFO - [2025-04-17T22:42:51.420+0000] {dag.py:3823} INFO - Setting next_dagrun for example_weekday_branch_operator to 2025-04-16 00:00:00+00:00, run_after=2025-04-17 00:00:00+00:00
[2025-04-17T22:42:51.462+0000] {processor.py:183} INFO - Processing /home/airflow/.local/lib/python3.8/site-packages/airflow/example_dags/example_branch_day_of_week_operator.py took 0.153 seconds
[2025-04-17T22:43:22.078+0000] {processor.py:161} INFO - Started process (PID=376) to work on /home/airflow/.local/lib/python3.8/site-packages/airflow/example_dags/example_branch_day_of_week_operator.py
[2025-04-17T22:43:22.080+0000] {processor.py:830} INFO - Processing file /home/airflow/.local/lib/python3.8/site-packages/airflow/example_dags/example_branch_day_of_week_operator.py for tasks to queue
[2025-04-17T22:43:22.082+0000] {logging_mixin.py:188} INFO - [2025-04-17T22:43:22.082+0000] {dagbag.py:538} INFO - Filling up the DagBag from /home/airflow/.local/lib/python3.8/site-packages/airflow/example_dags/example_branch_day_of_week_operator.py
[2025-04-17T22:43:22.095+0000] {processor.py:840} INFO - DAG(s) 'example_weekday_branch_operator' retrieved from /home/airflow/.local/lib/python3.8/site-packages/airflow/example_dags/example_branch_day_of_week_operator.py
[2025-04-17T22:43:22.134+0000] {logging_mixin.py:188} INFO - [2025-04-17T22:43:22.133+0000] {dag.py:3036} INFO - Sync 1 DAGs
[2025-04-17T22:43:22.170+0000] {logging_mixin.py:188} INFO - [2025-04-17T22:43:22.169+0000] {dag.py:3823} INFO - Setting next_dagrun for example_weekday_branch_operator to 2025-04-16 00:00:00+00:00, run_after=2025-04-17 00:00:00+00:00
[2025-04-17T22:43:22.200+0000] {processor.py:183} INFO - Processing /home/airflow/.local/lib/python3.8/site-packages/airflow/example_dags/example_branch_day_of_week_operator.py took 0.128 seconds
[2025-04-17T22:43:52.324+0000] {processor.py:161} INFO - Started process (PID=431) to work on /home/airflow/.local/lib/python3.8/site-packages/airflow/example_dags/example_branch_day_of_week_operator.py
[2025-04-17T22:43:52.327+0000] {processor.py:830} INFO - Processing file /home/airflow/.local/lib/python3.8/site-packages/airflow/example_dags/example_branch_day_of_week_operator.py for tasks to queue
[2025-04-17T22:43:52.330+0000] {logging_mixin.py:188} INFO - [2025-04-17T22:43:52.329+0000] {dagbag.py:538} INFO - Filling up the DagBag from /home/airflow/.local/lib/python3.8/site-packages/airflow/example_dags/example_branch_day_of_week_operator.py
[2025-04-17T22:43:52.346+0000] {processor.py:840} INFO - DAG(s) 'example_weekday_branch_operator' retrieved from /home/airflow/.local/lib/python3.8/site-packages/airflow/example_dags/example_branch_day_of_week_operator.py
[2025-04-17T22:43:52.397+0000] {logging_mixin.py:188} INFO - [2025-04-17T22:43:52.396+0000] {dag.py:3036} INFO - Sync 1 DAGs
[2025-04-17T22:43:52.446+0000] {logging_mixin.py:188} INFO - [2025-04-17T22:43:52.446+0000] {dag.py:3823} INFO - Setting next_dagrun for example_weekday_branch_operator to 2025-04-16 00:00:00+00:00, run_after=2025-04-17 00:00:00+00:00
[2025-04-17T22:43:52.491+0000] {processor.py:183} INFO - Processing /home/airflow/.local/lib/python3.8/site-packages/airflow/example_dags/example_branch_day_of_week_operator.py took 0.172 seconds
[2025-04-17T22:44:23.206+0000] {processor.py:161} INFO - Started process (PID=486) to work on /home/airflow/.local/lib/python3.8/site-packages/airflow/example_dags/example_branch_day_of_week_operator.py
[2025-04-17T22:44:23.207+0000] {processor.py:830} INFO - Processing file /home/airflow/.local/lib/python3.8/site-packages/airflow/example_dags/example_branch_day_of_week_operator.py for tasks to queue
[2025-04-17T22:44:23.210+0000] {logging_mixin.py:188} INFO - [2025-04-17T22:44:23.210+0000] {dagbag.py:538} INFO - Filling up the DagBag from /home/airflow/.local/lib/python3.8/site-packages/airflow/example_dags/example_branch_day_of_week_operator.py
[2025-04-17T22:44:23.223+0000] {processor.py:840} INFO - DAG(s) 'example_weekday_branch_operator' retrieved from /home/airflow/.local/lib/python3.8/site-packages/airflow/example_dags/example_branch_day_of_week_operator.py
[2025-04-17T22:44:23.263+0000] {logging_mixin.py:188} INFO - [2025-04-17T22:44:23.262+0000] {dag.py:3036} INFO - Sync 1 DAGs
[2025-04-17T22:44:23.318+0000] {logging_mixin.py:188} INFO - [2025-04-17T22:44:23.317+0000] {dag.py:3823} INFO - Setting next_dagrun for example_weekday_branch_operator to 2025-04-16 00:00:00+00:00, run_after=2025-04-17 00:00:00+00:00
[2025-04-17T22:44:23.369+0000] {processor.py:183} INFO - Processing /home/airflow/.local/lib/python3.8/site-packages/airflow/example_dags/example_branch_day_of_week_operator.py took 0.169 seconds
[2025-04-17T22:44:53.981+0000] {processor.py:161} INFO - Started process (PID=541) to work on /home/airflow/.local/lib/python3.8/site-packages/airflow/example_dags/example_branch_day_of_week_operator.py
[2025-04-17T22:44:53.982+0000] {processor.py:830} INFO - Processing file /home/airflow/.local/lib/python3.8/site-packages/airflow/example_dags/example_branch_day_of_week_operator.py for tasks to queue
[2025-04-17T22:44:53.986+0000] {logging_mixin.py:188} INFO - [2025-04-17T22:44:53.986+0000] {dagbag.py:538} INFO - Filling up the DagBag from /home/airflow/.local/lib/python3.8/site-packages/airflow/example_dags/example_branch_day_of_week_operator.py
[2025-04-17T22:44:53.999+0000] {processor.py:840} INFO - DAG(s) 'example_weekday_branch_operator' retrieved from /home/airflow/.local/lib/python3.8/site-packages/airflow/example_dags/example_branch_day_of_week_operator.py
[2025-04-17T22:44:54.033+0000] {logging_mixin.py:188} INFO - [2025-04-17T22:44:54.033+0000] {dag.py:3036} INFO - Sync 1 DAGs
[2025-04-17T22:44:54.068+0000] {logging_mixin.py:188} INFO - [2025-04-17T22:44:54.068+0000] {dag.py:3823} INFO - Setting next_dagrun for example_weekday_branch_operator to 2025-04-16 00:00:00+00:00, run_after=2025-04-17 00:00:00+00:00
[2025-04-17T22:44:54.097+0000] {processor.py:183} INFO - Processing /home/airflow/.local/lib/python3.8/site-packages/airflow/example_dags/example_branch_day_of_week_operator.py took 0.122 seconds
[2025-04-17T22:45:24.537+0000] {processor.py:161} INFO - Started process (PID=596) to work on /home/airflow/.local/lib/python3.8/site-packages/airflow/example_dags/example_branch_day_of_week_operator.py
[2025-04-17T22:45:24.538+0000] {processor.py:830} INFO - Processing file /home/airflow/.local/lib/python3.8/site-packages/airflow/example_dags/example_branch_day_of_week_operator.py for tasks to queue
[2025-04-17T22:45:24.541+0000] {logging_mixin.py:188} INFO - [2025-04-17T22:45:24.541+0000] {dagbag.py:538} INFO - Filling up the DagBag from /home/airflow/.local/lib/python3.8/site-packages/airflow/example_dags/example_branch_day_of_week_operator.py
[2025-04-17T22:45:24.554+0000] {processor.py:840} INFO - DAG(s) 'example_weekday_branch_operator' retrieved from /home/airflow/.local/lib/python3.8/site-packages/airflow/example_dags/example_branch_day_of_week_operator.py
[2025-04-17T22:45:24.590+0000] {logging_mixin.py:188} INFO - [2025-04-17T22:45:24.590+0000] {dag.py:3036} INFO - Sync 1 DAGs
[2025-04-17T22:45:24.625+0000] {logging_mixin.py:188} INFO - [2025-04-17T22:45:24.625+0000] {dag.py:3823} INFO - Setting next_dagrun for example_weekday_branch_operator to 2025-04-16 00:00:00+00:00, run_after=2025-04-17 00:00:00+00:00
[2025-04-17T22:45:24.653+0000] {processor.py:183} INFO - Processing /home/airflow/.local/lib/python3.8/site-packages/airflow/example_dags/example_branch_day_of_week_operator.py took 0.122 seconds
[2025-04-17T22:45:55.064+0000] {processor.py:161} INFO - Started process (PID=651) to work on /home/airflow/.local/lib/python3.8/site-packages/airflow/example_dags/example_branch_day_of_week_operator.py
[2025-04-17T22:45:55.066+0000] {processor.py:830} INFO - Processing file /home/airflow/.local/lib/python3.8/site-packages/airflow/example_dags/example_branch_day_of_week_operator.py for tasks to queue
[2025-04-17T22:45:55.069+0000] {logging_mixin.py:188} INFO - [2025-04-17T22:45:55.068+0000] {dagbag.py:538} INFO - Filling up the DagBag from /home/airflow/.local/lib/python3.8/site-packages/airflow/example_dags/example_branch_day_of_week_operator.py
[2025-04-17T22:45:55.082+0000] {processor.py:840} INFO - DAG(s) 'example_weekday_branch_operator' retrieved from /home/airflow/.local/lib/python3.8/site-packages/airflow/example_dags/example_branch_day_of_week_operator.py
[2025-04-17T22:45:55.117+0000] {logging_mixin.py:188} INFO - [2025-04-17T22:45:55.116+0000] {dag.py:3036} INFO - Sync 1 DAGs
[2025-04-17T22:45:55.151+0000] {logging_mixin.py:188} INFO - [2025-04-17T22:45:55.151+0000] {dag.py:3823} INFO - Setting next_dagrun for example_weekday_branch_operator to 2025-04-16 00:00:00+00:00, run_after=2025-04-17 00:00:00+00:00
[2025-04-17T22:45:55.179+0000] {processor.py:183} INFO - Processing /home/airflow/.local/lib/python3.8/site-packages/airflow/example_dags/example_branch_day_of_week_operator.py took 0.120 seconds
[2025-04-17T22:46:25.433+0000] {processor.py:161} INFO - Started process (PID=706) to work on /home/airflow/.local/lib/python3.8/site-packages/airflow/example_dags/example_branch_day_of_week_operator.py
[2025-04-17T22:46:25.435+0000] {processor.py:830} INFO - Processing file /home/airflow/.local/lib/python3.8/site-packages/airflow/example_dags/example_branch_day_of_week_operator.py for tasks to queue
[2025-04-17T22:46:25.438+0000] {logging_mixin.py:188} INFO - [2025-04-17T22:46:25.438+0000] {dagbag.py:538} INFO - Filling up the DagBag from /home/airflow/.local/lib/python3.8/site-packages/airflow/example_dags/example_branch_day_of_week_operator.py
[2025-04-17T22:46:25.452+0000] {processor.py:840} INFO - DAG(s) 'example_weekday_branch_operator' retrieved from /home/airflow/.local/lib/python3.8/site-packages/airflow/example_dags/example_branch_day_of_week_operator.py
[2025-04-17T22:46:25.484+0000] {logging_mixin.py:188} INFO - [2025-04-17T22:46:25.484+0000] {dag.py:3036} INFO - Sync 1 DAGs
[2025-04-17T22:46:25.521+0000] {logging_mixin.py:188} INFO - [2025-04-17T22:46:25.520+0000] {dag.py:3823} INFO - Setting next_dagrun for example_weekday_branch_operator to 2025-04-16 00:00:00+00:00, run_after=2025-04-17 00:00:00+00:00
[2025-04-17T22:46:25.549+0000] {processor.py:183} INFO - Processing /home/airflow/.local/lib/python3.8/site-packages/airflow/example_dags/example_branch_day_of_week_operator.py took 0.121 seconds
[2025-04-17T22:46:56.370+0000] {processor.py:161} INFO - Started process (PID=761) to work on /home/airflow/.local/lib/python3.8/site-packages/airflow/example_dags/example_branch_day_of_week_operator.py
[2025-04-17T22:46:56.372+0000] {processor.py:830} INFO - Processing file /home/airflow/.local/lib/python3.8/site-packages/airflow/example_dags/example_branch_day_of_week_operator.py for tasks to queue
[2025-04-17T22:46:56.375+0000] {logging_mixin.py:188} INFO - [2025-04-17T22:46:56.375+0000] {dagbag.py:538} INFO - Filling up the DagBag from /home/airflow/.local/lib/python3.8/site-packages/airflow/example_dags/example_branch_day_of_week_operator.py
[2025-04-17T22:46:56.390+0000] {processor.py:840} INFO - DAG(s) 'example_weekday_branch_operator' retrieved from /home/airflow/.local/lib/python3.8/site-packages/airflow/example_dags/example_branch_day_of_week_operator.py
[2025-04-17T22:46:56.428+0000] {logging_mixin.py:188} INFO - [2025-04-17T22:46:56.427+0000] {dag.py:3036} INFO - Sync 1 DAGs
[2025-04-17T22:46:56.473+0000] {logging_mixin.py:188} INFO - [2025-04-17T22:46:56.473+0000] {dag.py:3823} INFO - Setting next_dagrun for example_weekday_branch_operator to 2025-04-16 00:00:00+00:00, run_after=2025-04-17 00:00:00+00:00
[2025-04-17T22:46:56.506+0000] {processor.py:183} INFO - Processing /home/airflow/.local/lib/python3.8/site-packages/airflow/example_dags/example_branch_day_of_week_operator.py took 0.144 seconds
[2025-04-17T22:47:26.817+0000] {processor.py:161} INFO - Started process (PID=816) to work on /home/airflow/.local/lib/python3.8/site-packages/airflow/example_dags/example_branch_day_of_week_operator.py
[2025-04-17T22:47:26.818+0000] {processor.py:830} INFO - Processing file /home/airflow/.local/lib/python3.8/site-packages/airflow/example_dags/example_branch_day_of_week_operator.py for tasks to queue
[2025-04-17T22:47:26.821+0000] {logging_mixin.py:188} INFO - [2025-04-17T22:47:26.821+0000] {dagbag.py:538} INFO - Filling up the DagBag from /home/airflow/.local/lib/python3.8/site-packages/airflow/example_dags/example_branch_day_of_week_operator.py
[2025-04-17T22:47:26.834+0000] {processor.py:840} INFO - DAG(s) 'example_weekday_branch_operator' retrieved from /home/airflow/.local/lib/python3.8/site-packages/airflow/example_dags/example_branch_day_of_week_operator.py
[2025-04-17T22:47:26.870+0000] {logging_mixin.py:188} INFO - [2025-04-17T22:47:26.869+0000] {dag.py:3036} INFO - Sync 1 DAGs
[2025-04-17T22:47:26.909+0000] {logging_mixin.py:188} INFO - [2025-04-17T22:47:26.909+0000] {dag.py:3823} INFO - Setting next_dagrun for example_weekday_branch_operator to 2025-04-16 00:00:00+00:00, run_after=2025-04-17 00:00:00+00:00
[2025-04-17T22:47:26.942+0000] {processor.py:183} INFO - Processing /home/airflow/.local/lib/python3.8/site-packages/airflow/example_dags/example_branch_day_of_week_operator.py took 0.131 seconds
[2025-04-17T22:47:57.199+0000] {processor.py:161} INFO - Started process (PID=871) to work on /home/airflow/.local/lib/python3.8/site-packages/airflow/example_dags/example_branch_day_of_week_operator.py
[2025-04-17T22:47:57.201+0000] {processor.py:830} INFO - Processing file /home/airflow/.local/lib/python3.8/site-packages/airflow/example_dags/example_branch_day_of_week_operator.py for tasks to queue
[2025-04-17T22:47:57.204+0000] {logging_mixin.py:188} INFO - [2025-04-17T22:47:57.203+0000] {dagbag.py:538} INFO - Filling up the DagBag from /home/airflow/.local/lib/python3.8/site-packages/airflow/example_dags/example_branch_day_of_week_operator.py
[2025-04-17T22:47:57.217+0000] {processor.py:840} INFO - DAG(s) 'example_weekday_branch_operator' retrieved from /home/airflow/.local/lib/python3.8/site-packages/airflow/example_dags/example_branch_day_of_week_operator.py
[2025-04-17T22:47:57.236+0000] {logging_mixin.py:188} INFO - [2025-04-17T22:47:57.236+0000] {dag.py:3036} INFO - Sync 1 DAGs
[2025-04-17T22:47:57.275+0000] {logging_mixin.py:188} INFO - [2025-04-17T22:47:57.275+0000] {dag.py:3823} INFO - Setting next_dagrun for example_weekday_branch_operator to 2025-04-16 00:00:00+00:00, run_after=2025-04-17 00:00:00+00:00
[2025-04-17T22:47:57.303+0000] {processor.py:183} INFO - Processing /home/airflow/.local/lib/python3.8/site-packages/airflow/example_dags/example_branch_day_of_week_operator.py took 0.109 seconds
[2025-04-17T22:48:28.172+0000] {processor.py:161} INFO - Started process (PID=926) to work on /home/airflow/.local/lib/python3.8/site-packages/airflow/example_dags/example_branch_day_of_week_operator.py
[2025-04-17T22:48:28.173+0000] {processor.py:830} INFO - Processing file /home/airflow/.local/lib/python3.8/site-packages/airflow/example_dags/example_branch_day_of_week_operator.py for tasks to queue
[2025-04-17T22:48:28.176+0000] {logging_mixin.py:188} INFO - [2025-04-17T22:48:28.176+0000] {dagbag.py:538} INFO - Filling up the DagBag from /home/airflow/.local/lib/python3.8/site-packages/airflow/example_dags/example_branch_day_of_week_operator.py
[2025-04-17T22:48:28.190+0000] {processor.py:840} INFO - DAG(s) 'example_weekday_branch_operator' retrieved from /home/airflow/.local/lib/python3.8/site-packages/airflow/example_dags/example_branch_day_of_week_operator.py
[2025-04-17T22:48:28.379+0000] {logging_mixin.py:188} INFO - [2025-04-17T22:48:28.379+0000] {dag.py:3036} INFO - Sync 1 DAGs
[2025-04-17T22:48:28.414+0000] {logging_mixin.py:188} INFO - [2025-04-17T22:48:28.413+0000] {dag.py:3823} INFO - Setting next_dagrun for example_weekday_branch_operator to 2025-04-16 00:00:00+00:00, run_after=2025-04-17 00:00:00+00:00
[2025-04-17T22:48:28.444+0000] {processor.py:183} INFO - Processing /home/airflow/.local/lib/python3.8/site-packages/airflow/example_dags/example_branch_day_of_week_operator.py took 0.278 seconds
[2025-04-17T22:48:59.348+0000] {processor.py:161} INFO - Started process (PID=981) to work on /home/airflow/.local/lib/python3.8/site-packages/airflow/example_dags/example_branch_day_of_week_operator.py
[2025-04-17T22:48:59.349+0000] {processor.py:830} INFO - Processing file /home/airflow/.local/lib/python3.8/site-packages/airflow/example_dags/example_branch_day_of_week_operator.py for tasks to queue
[2025-04-17T22:48:59.352+0000] {logging_mixin.py:188} INFO - [2025-04-17T22:48:59.352+0000] {dagbag.py:538} INFO - Filling up the DagBag from /home/airflow/.local/lib/python3.8/site-packages/airflow/example_dags/example_branch_day_of_week_operator.py
[2025-04-17T22:48:59.373+0000] {processor.py:840} INFO - DAG(s) 'example_weekday_branch_operator' retrieved from /home/airflow/.local/lib/python3.8/site-packages/airflow/example_dags/example_branch_day_of_week_operator.py
[2025-04-17T22:48:59.409+0000] {logging_mixin.py:188} INFO - [2025-04-17T22:48:59.409+0000] {dag.py:3036} INFO - Sync 1 DAGs
[2025-04-17T22:48:59.447+0000] {logging_mixin.py:188} INFO - [2025-04-17T22:48:59.446+0000] {dag.py:3823} INFO - Setting next_dagrun for example_weekday_branch_operator to 2025-04-16 00:00:00+00:00, run_after=2025-04-17 00:00:00+00:00
[2025-04-17T22:48:59.478+0000] {processor.py:183} INFO - Processing /home/airflow/.local/lib/python3.8/site-packages/airflow/example_dags/example_branch_day_of_week_operator.py took 0.135 seconds
[2025-04-17T22:49:30.052+0000] {processor.py:161} INFO - Started process (PID=1036) to work on /home/airflow/.local/lib/python3.8/site-packages/airflow/example_dags/example_branch_day_of_week_operator.py
[2025-04-17T22:49:30.054+0000] {processor.py:830} INFO - Processing file /home/airflow/.local/lib/python3.8/site-packages/airflow/example_dags/example_branch_day_of_week_operator.py for tasks to queue
[2025-04-17T22:49:30.057+0000] {logging_mixin.py:188} INFO - [2025-04-17T22:49:30.056+0000] {dagbag.py:538} INFO - Filling up the DagBag from /home/airflow/.local/lib/python3.8/site-packages/airflow/example_dags/example_branch_day_of_week_operator.py
[2025-04-17T22:49:30.070+0000] {processor.py:840} INFO - DAG(s) 'example_weekday_branch_operator' retrieved from /home/airflow/.local/lib/python3.8/site-packages/airflow/example_dags/example_branch_day_of_week_operator.py
[2025-04-17T22:49:30.104+0000] {logging_mixin.py:188} INFO - [2025-04-17T22:49:30.104+0000] {dag.py:3036} INFO - Sync 1 DAGs
[2025-04-17T22:49:30.142+0000] {logging_mixin.py:188} INFO - [2025-04-17T22:49:30.142+0000] {dag.py:3823} INFO - Setting next_dagrun for example_weekday_branch_operator to 2025-04-16 00:00:00+00:00, run_after=2025-04-17 00:00:00+00:00
[2025-04-17T22:49:30.175+0000] {processor.py:183} INFO - Processing /home/airflow/.local/lib/python3.8/site-packages/airflow/example_dags/example_branch_day_of_week_operator.py took 0.128 seconds
[2025-04-17T22:50:00.330+0000] {processor.py:161} INFO - Started process (PID=1091) to work on /home/airflow/.local/lib/python3.8/site-packages/airflow/example_dags/example_branch_day_of_week_operator.py
[2025-04-17T22:50:00.331+0000] {processor.py:830} INFO - Processing file /home/airflow/.local/lib/python3.8/site-packages/airflow/example_dags/example_branch_day_of_week_operator.py for tasks to queue
[2025-04-17T22:50:00.334+0000] {logging_mixin.py:188} INFO - [2025-04-17T22:50:00.334+0000] {dagbag.py:538} INFO - Filling up the DagBag from /home/airflow/.local/lib/python3.8/site-packages/airflow/example_dags/example_branch_day_of_week_operator.py
[2025-04-17T22:50:00.348+0000] {processor.py:840} INFO - DAG(s) 'example_weekday_branch_operator' retrieved from /home/airflow/.local/lib/python3.8/site-packages/airflow/example_dags/example_branch_day_of_week_operator.py
[2025-04-17T22:50:00.385+0000] {logging_mixin.py:188} INFO - [2025-04-17T22:50:00.384+0000] {dag.py:3036} INFO - Sync 1 DAGs
[2025-04-17T22:50:00.453+0000] {logging_mixin.py:188} INFO - [2025-04-17T22:50:00.452+0000] {dag.py:3823} INFO - Setting next_dagrun for example_weekday_branch_operator to 2025-04-16 00:00:00+00:00, run_after=2025-04-17 00:00:00+00:00
[2025-04-17T22:50:00.501+0000] {processor.py:183} INFO - Processing /home/airflow/.local/lib/python3.8/site-packages/airflow/example_dags/example_branch_day_of_week_operator.py took 0.177 seconds
[2025-04-17T22:50:31.116+0000] {processor.py:161} INFO - Started process (PID=1146) to work on /home/airflow/.local/lib/python3.8/site-packages/airflow/example_dags/example_branch_day_of_week_operator.py
[2025-04-17T22:50:31.118+0000] {processor.py:830} INFO - Processing file /home/airflow/.local/lib/python3.8/site-packages/airflow/example_dags/example_branch_day_of_week_operator.py for tasks to queue
[2025-04-17T22:50:31.121+0000] {logging_mixin.py:188} INFO - [2025-04-17T22:50:31.121+0000] {dagbag.py:538} INFO - Filling up the DagBag from /home/airflow/.local/lib/python3.8/site-packages/airflow/example_dags/example_branch_day_of_week_operator.py
[2025-04-17T22:50:31.136+0000] {processor.py:840} INFO - DAG(s) 'example_weekday_branch_operator' retrieved from /home/airflow/.local/lib/python3.8/site-packages/airflow/example_dags/example_branch_day_of_week_operator.py
[2025-04-17T22:50:31.173+0000] {logging_mixin.py:188} INFO - [2025-04-17T22:50:31.172+0000] {dag.py:3036} INFO - Sync 1 DAGs
[2025-04-17T22:50:31.210+0000] {logging_mixin.py:188} INFO - [2025-04-17T22:50:31.209+0000] {dag.py:3823} INFO - Setting next_dagrun for example_weekday_branch_operator to 2025-04-16 00:00:00+00:00, run_after=2025-04-17 00:00:00+00:00
[2025-04-17T22:50:31.242+0000] {processor.py:183} INFO - Processing /home/airflow/.local/lib/python3.8/site-packages/airflow/example_dags/example_branch_day_of_week_operator.py took 0.131 seconds
[2025-04-17T22:51:01.817+0000] {processor.py:161} INFO - Started process (PID=1201) to work on /home/airflow/.local/lib/python3.8/site-packages/airflow/example_dags/example_branch_day_of_week_operator.py
[2025-04-17T22:51:01.819+0000] {processor.py:830} INFO - Processing file /home/airflow/.local/lib/python3.8/site-packages/airflow/example_dags/example_branch_day_of_week_operator.py for tasks to queue
[2025-04-17T22:51:01.821+0000] {logging_mixin.py:188} INFO - [2025-04-17T22:51:01.821+0000] {dagbag.py:538} INFO - Filling up the DagBag from /home/airflow/.local/lib/python3.8/site-packages/airflow/example_dags/example_branch_day_of_week_operator.py
[2025-04-17T22:51:01.835+0000] {processor.py:840} INFO - DAG(s) 'example_weekday_branch_operator' retrieved from /home/airflow/.local/lib/python3.8/site-packages/airflow/example_dags/example_branch_day_of_week_operator.py
[2025-04-17T22:51:01.870+0000] {logging_mixin.py:188} INFO - [2025-04-17T22:51:01.870+0000] {dag.py:3036} INFO - Sync 1 DAGs
[2025-04-17T22:51:01.907+0000] {logging_mixin.py:188} INFO - [2025-04-17T22:51:01.906+0000] {dag.py:3823} INFO - Setting next_dagrun for example_weekday_branch_operator to 2025-04-16 00:00:00+00:00, run_after=2025-04-17 00:00:00+00:00
[2025-04-17T22:51:01.938+0000] {processor.py:183} INFO - Processing /home/airflow/.local/lib/python3.8/site-packages/airflow/example_dags/example_branch_day_of_week_operator.py took 0.126 seconds
[2025-04-17T22:51:32.127+0000] {processor.py:161} INFO - Started process (PID=1256) to work on /home/airflow/.local/lib/python3.8/site-packages/airflow/example_dags/example_branch_day_of_week_operator.py
[2025-04-17T22:51:32.129+0000] {processor.py:830} INFO - Processing file /home/airflow/.local/lib/python3.8/site-packages/airflow/example_dags/example_branch_day_of_week_operator.py for tasks to queue
[2025-04-17T22:51:32.132+0000] {logging_mixin.py:188} INFO - [2025-04-17T22:51:32.131+0000] {dagbag.py:538} INFO - Filling up the DagBag from /home/airflow/.local/lib/python3.8/site-packages/airflow/example_dags/example_branch_day_of_week_operator.py
[2025-04-17T22:51:32.145+0000] {processor.py:840} INFO - DAG(s) 'example_weekday_branch_operator' retrieved from /home/airflow/.local/lib/python3.8/site-packages/airflow/example_dags/example_branch_day_of_week_operator.py
[2025-04-17T22:51:32.178+0000] {logging_mixin.py:188} INFO - [2025-04-17T22:51:32.177+0000] {dag.py:3036} INFO - Sync 1 DAGs
[2025-04-17T22:51:32.220+0000] {logging_mixin.py:188} INFO - [2025-04-17T22:51:32.220+0000] {dag.py:3823} INFO - Setting next_dagrun for example_weekday_branch_operator to 2025-04-16 00:00:00+00:00, run_after=2025-04-17 00:00:00+00:00
[2025-04-17T22:51:32.258+0000] {processor.py:183} INFO - Processing /home/airflow/.local/lib/python3.8/site-packages/airflow/example_dags/example_branch_day_of_week_operator.py took 0.137 seconds
[2025-04-17T22:52:02.717+0000] {processor.py:161} INFO - Started process (PID=1311) to work on /home/airflow/.local/lib/python3.8/site-packages/airflow/example_dags/example_branch_day_of_week_operator.py
[2025-04-17T22:52:02.719+0000] {processor.py:830} INFO - Processing file /home/airflow/.local/lib/python3.8/site-packages/airflow/example_dags/example_branch_day_of_week_operator.py for tasks to queue
[2025-04-17T22:52:02.722+0000] {logging_mixin.py:188} INFO - [2025-04-17T22:52:02.722+0000] {dagbag.py:538} INFO - Filling up the DagBag from /home/airflow/.local/lib/python3.8/site-packages/airflow/example_dags/example_branch_day_of_week_operator.py
[2025-04-17T22:52:02.736+0000] {processor.py:840} INFO - DAG(s) 'example_weekday_branch_operator' retrieved from /home/airflow/.local/lib/python3.8/site-packages/airflow/example_dags/example_branch_day_of_week_operator.py
[2025-04-17T22:52:02.772+0000] {logging_mixin.py:188} INFO - [2025-04-17T22:52:02.772+0000] {dag.py:3036} INFO - Sync 1 DAGs
[2025-04-17T22:52:02.813+0000] {logging_mixin.py:188} INFO - [2025-04-17T22:52:02.813+0000] {dag.py:3823} INFO - Setting next_dagrun for example_weekday_branch_operator to 2025-04-16 00:00:00+00:00, run_after=2025-04-17 00:00:00+00:00
[2025-04-17T22:52:02.844+0000] {processor.py:183} INFO - Processing /home/airflow/.local/lib/python3.8/site-packages/airflow/example_dags/example_branch_day_of_week_operator.py took 0.132 seconds
[2025-04-17T22:52:33.529+0000] {processor.py:161} INFO - Started process (PID=1366) to work on /home/airflow/.local/lib/python3.8/site-packages/airflow/example_dags/example_branch_day_of_week_operator.py
[2025-04-17T22:52:33.530+0000] {processor.py:830} INFO - Processing file /home/airflow/.local/lib/python3.8/site-packages/airflow/example_dags/example_branch_day_of_week_operator.py for tasks to queue
[2025-04-17T22:52:33.533+0000] {logging_mixin.py:188} INFO - [2025-04-17T22:52:33.533+0000] {dagbag.py:538} INFO - Filling up the DagBag from /home/airflow/.local/lib/python3.8/site-packages/airflow/example_dags/example_branch_day_of_week_operator.py
[2025-04-17T22:52:33.546+0000] {processor.py:840} INFO - DAG(s) 'example_weekday_branch_operator' retrieved from /home/airflow/.local/lib/python3.8/site-packages/airflow/example_dags/example_branch_day_of_week_operator.py
[2025-04-17T22:52:33.581+0000] {logging_mixin.py:188} INFO - [2025-04-17T22:52:33.580+0000] {dag.py:3036} INFO - Sync 1 DAGs
[2025-04-17T22:52:33.617+0000] {logging_mixin.py:188} INFO - [2025-04-17T22:52:33.616+0000] {dag.py:3823} INFO - Setting next_dagrun for example_weekday_branch_operator to 2025-04-16 00:00:00+00:00, run_after=2025-04-17 00:00:00+00:00
[2025-04-17T22:52:33.647+0000] {processor.py:183} INFO - Processing /home/airflow/.local/lib/python3.8/site-packages/airflow/example_dags/example_branch_day_of_week_operator.py took 0.124 seconds
[2025-04-17T22:53:04.476+0000] {processor.py:161} INFO - Started process (PID=1421) to work on /home/airflow/.local/lib/python3.8/site-packages/airflow/example_dags/example_branch_day_of_week_operator.py
[2025-04-17T22:53:04.477+0000] {processor.py:830} INFO - Processing file /home/airflow/.local/lib/python3.8/site-packages/airflow/example_dags/example_branch_day_of_week_operator.py for tasks to queue
[2025-04-17T22:53:04.484+0000] {logging_mixin.py:188} INFO - [2025-04-17T22:53:04.483+0000] {dagbag.py:538} INFO - Filling up the DagBag from /home/airflow/.local/lib/python3.8/site-packages/airflow/example_dags/example_branch_day_of_week_operator.py
[2025-04-17T22:53:04.498+0000] {processor.py:840} INFO - DAG(s) 'example_weekday_branch_operator' retrieved from /home/airflow/.local/lib/python3.8/site-packages/airflow/example_dags/example_branch_day_of_week_operator.py
[2025-04-17T22:53:04.536+0000] {logging_mixin.py:188} INFO - [2025-04-17T22:53:04.536+0000] {dag.py:3036} INFO - Sync 1 DAGs
[2025-04-17T22:53:04.583+0000] {logging_mixin.py:188} INFO - [2025-04-17T22:53:04.582+0000] {dag.py:3823} INFO - Setting next_dagrun for example_weekday_branch_operator to 2025-04-16 00:00:00+00:00, run_after=2025-04-17 00:00:00+00:00
[2025-04-17T22:53:04.615+0000] {processor.py:183} INFO - Processing /home/airflow/.local/lib/python3.8/site-packages/airflow/example_dags/example_branch_day_of_week_operator.py took 0.146 seconds
[2025-04-17T22:53:35.224+0000] {processor.py:161} INFO - Started process (PID=1476) to work on /home/airflow/.local/lib/python3.8/site-packages/airflow/example_dags/example_branch_day_of_week_operator.py
[2025-04-17T22:53:35.226+0000] {processor.py:830} INFO - Processing file /home/airflow/.local/lib/python3.8/site-packages/airflow/example_dags/example_branch_day_of_week_operator.py for tasks to queue
[2025-04-17T22:53:35.229+0000] {logging_mixin.py:188} INFO - [2025-04-17T22:53:35.228+0000] {dagbag.py:538} INFO - Filling up the DagBag from /home/airflow/.local/lib/python3.8/site-packages/airflow/example_dags/example_branch_day_of_week_operator.py
[2025-04-17T22:53:35.242+0000] {processor.py:840} INFO - DAG(s) 'example_weekday_branch_operator' retrieved from /home/airflow/.local/lib/python3.8/site-packages/airflow/example_dags/example_branch_day_of_week_operator.py
[2025-04-17T22:53:35.281+0000] {logging_mixin.py:188} INFO - [2025-04-17T22:53:35.280+0000] {dag.py:3036} INFO - Sync 1 DAGs
[2025-04-17T22:53:35.319+0000] {logging_mixin.py:188} INFO - [2025-04-17T22:53:35.319+0000] {dag.py:3823} INFO - Setting next_dagrun for example_weekday_branch_operator to 2025-04-16 00:00:00+00:00, run_after=2025-04-17 00:00:00+00:00
[2025-04-17T22:53:35.362+0000] {processor.py:183} INFO - Processing /home/airflow/.local/lib/python3.8/site-packages/airflow/example_dags/example_branch_day_of_week_operator.py took 0.143 seconds
[2025-04-17T22:54:05.419+0000] {processor.py:161} INFO - Started process (PID=1531) to work on /home/airflow/.local/lib/python3.8/site-packages/airflow/example_dags/example_branch_day_of_week_operator.py
[2025-04-17T22:54:05.420+0000] {processor.py:830} INFO - Processing file /home/airflow/.local/lib/python3.8/site-packages/airflow/example_dags/example_branch_day_of_week_operator.py for tasks to queue
[2025-04-17T22:54:05.423+0000] {logging_mixin.py:188} INFO - [2025-04-17T22:54:05.423+0000] {dagbag.py:538} INFO - Filling up the DagBag from /home/airflow/.local/lib/python3.8/site-packages/airflow/example_dags/example_branch_day_of_week_operator.py
[2025-04-17T22:54:05.437+0000] {processor.py:840} INFO - DAG(s) 'example_weekday_branch_operator' retrieved from /home/airflow/.local/lib/python3.8/site-packages/airflow/example_dags/example_branch_day_of_week_operator.py
[2025-04-17T22:54:05.483+0000] {logging_mixin.py:188} INFO - [2025-04-17T22:54:05.482+0000] {dag.py:3036} INFO - Sync 1 DAGs
[2025-04-17T22:54:05.553+0000] {logging_mixin.py:188} INFO - [2025-04-17T22:54:05.552+0000] {dag.py:3823} INFO - Setting next_dagrun for example_weekday_branch_operator to 2025-04-16 00:00:00+00:00, run_after=2025-04-17 00:00:00+00:00
[2025-04-17T22:54:05.586+0000] {processor.py:183} INFO - Processing /home/airflow/.local/lib/python3.8/site-packages/airflow/example_dags/example_branch_day_of_week_operator.py took 0.172 seconds
