[2025-04-17T22:40:50.435+0000] {processor.py:161} INFO - Started process (PID=109) to work on /home/airflow/.local/lib/python3.8/site-packages/airflow/example_dags/example_dag_decorator.py
[2025-04-17T22:40:50.436+0000] {processor.py:830} INFO - Processing file /home/airflow/.local/lib/python3.8/site-packages/airflow/example_dags/example_dag_decorator.py for tasks to queue
[2025-04-17T22:40:50.440+0000] {logging_mixin.py:188} INFO - [2025-04-17T22:40:50.440+0000] {dagbag.py:538} INFO - Filling up the DagBag from /home/airflow/.local/lib/python3.8/site-packages/airflow/example_dags/example_dag_decorator.py
[2025-04-17T22:40:50.780+0000] {processor.py:840} INFO - DAG(s) 'example_dag_decorator' retrieved from /home/airflow/.local/lib/python3.8/site-packages/airflow/example_dags/example_dag_decorator.py
[2025-04-17T22:40:50.980+0000] {logging_mixin.py:188} INFO - [2025-04-17T22:40:50.980+0000] {dag.py:3036} INFO - Sync 1 DAGs
[2025-04-17T22:40:51.002+0000] {logging_mixin.py:188} INFO - [2025-04-17T22:40:51.002+0000] {dag.py:3823} INFO - Setting next_dagrun for example_dag_decorator to None, run_after=None
[2025-04-17T22:40:51.038+0000] {processor.py:183} INFO - Processing /home/airflow/.local/lib/python3.8/site-packages/airflow/example_dags/example_dag_decorator.py took 0.609 seconds
[2025-04-17T22:41:21.927+0000] {processor.py:161} INFO - Started process (PID=165) to work on /home/airflow/.local/lib/python3.8/site-packages/airflow/example_dags/example_dag_decorator.py
[2025-04-17T22:41:21.929+0000] {processor.py:830} INFO - Processing file /home/airflow/.local/lib/python3.8/site-packages/airflow/example_dags/example_dag_decorator.py for tasks to queue
[2025-04-17T22:41:21.933+0000] {logging_mixin.py:188} INFO - [2025-04-17T22:41:21.932+0000] {dagbag.py:538} INFO - Filling up the DagBag from /home/airflow/.local/lib/python3.8/site-packages/airflow/example_dags/example_dag_decorator.py
[2025-04-17T22:41:22.084+0000] {processor.py:840} INFO - DAG(s) 'example_dag_decorator' retrieved from /home/airflow/.local/lib/python3.8/site-packages/airflow/example_dags/example_dag_decorator.py
[2025-04-17T22:41:22.274+0000] {logging_mixin.py:188} INFO - [2025-04-17T22:41:22.274+0000] {dag.py:3036} INFO - Sync 1 DAGs
[2025-04-17T22:41:22.295+0000] {logging_mixin.py:188} INFO - [2025-04-17T22:41:22.295+0000] {dag.py:3823} INFO - Setting next_dagrun for example_dag_decorator to None, run_after=None
[2025-04-17T22:41:22.333+0000] {processor.py:183} INFO - Processing /home/airflow/.local/lib/python3.8/site-packages/airflow/example_dags/example_dag_decorator.py took 0.412 seconds
[2025-04-17T22:41:52.528+0000] {processor.py:161} INFO - Started process (PID=221) to work on /home/airflow/.local/lib/python3.8/site-packages/airflow/example_dags/example_dag_decorator.py
[2025-04-17T22:41:52.530+0000] {processor.py:830} INFO - Processing file /home/airflow/.local/lib/python3.8/site-packages/airflow/example_dags/example_dag_decorator.py for tasks to queue
[2025-04-17T22:41:52.534+0000] {logging_mixin.py:188} INFO - [2025-04-17T22:41:52.533+0000] {dagbag.py:538} INFO - Filling up the DagBag from /home/airflow/.local/lib/python3.8/site-packages/airflow/example_dags/example_dag_decorator.py
[2025-04-17T22:41:52.715+0000] {processor.py:840} INFO - DAG(s) 'example_dag_decorator' retrieved from /home/airflow/.local/lib/python3.8/site-packages/airflow/example_dags/example_dag_decorator.py
[2025-04-17T22:41:52.917+0000] {logging_mixin.py:188} INFO - [2025-04-17T22:41:52.917+0000] {dag.py:3036} INFO - Sync 1 DAGs
[2025-04-17T22:41:52.935+0000] {logging_mixin.py:188} INFO - [2025-04-17T22:41:52.935+0000] {dag.py:3823} INFO - Setting next_dagrun for example_dag_decorator to None, run_after=None
[2025-04-17T22:41:52.969+0000] {processor.py:183} INFO - Processing /home/airflow/.local/lib/python3.8/site-packages/airflow/example_dags/example_dag_decorator.py took 0.446 seconds
[2025-04-17T22:42:23.132+0000] {processor.py:161} INFO - Started process (PID=278) to work on /home/airflow/.local/lib/python3.8/site-packages/airflow/example_dags/example_dag_decorator.py
[2025-04-17T22:42:23.133+0000] {processor.py:830} INFO - Processing file /home/airflow/.local/lib/python3.8/site-packages/airflow/example_dags/example_dag_decorator.py for tasks to queue
[2025-04-17T22:42:23.136+0000] {logging_mixin.py:188} INFO - [2025-04-17T22:42:23.136+0000] {dagbag.py:538} INFO - Filling up the DagBag from /home/airflow/.local/lib/python3.8/site-packages/airflow/example_dags/example_dag_decorator.py
[2025-04-17T22:42:23.308+0000] {processor.py:840} INFO - DAG(s) 'example_dag_decorator' retrieved from /home/airflow/.local/lib/python3.8/site-packages/airflow/example_dags/example_dag_decorator.py
[2025-04-17T22:42:23.486+0000] {logging_mixin.py:188} INFO - [2025-04-17T22:42:23.486+0000] {dag.py:3036} INFO - Sync 1 DAGs
[2025-04-17T22:42:23.505+0000] {logging_mixin.py:188} INFO - [2025-04-17T22:42:23.505+0000] {dag.py:3823} INFO - Setting next_dagrun for example_dag_decorator to None, run_after=None
[2025-04-17T22:42:23.542+0000] {processor.py:183} INFO - Processing /home/airflow/.local/lib/python3.8/site-packages/airflow/example_dags/example_dag_decorator.py took 0.417 seconds
[2025-04-17T22:42:53.655+0000] {processor.py:161} INFO - Started process (PID=334) to work on /home/airflow/.local/lib/python3.8/site-packages/airflow/example_dags/example_dag_decorator.py
[2025-04-17T22:42:53.657+0000] {processor.py:830} INFO - Processing file /home/airflow/.local/lib/python3.8/site-packages/airflow/example_dags/example_dag_decorator.py for tasks to queue
[2025-04-17T22:42:53.660+0000] {logging_mixin.py:188} INFO - [2025-04-17T22:42:53.659+0000] {dagbag.py:538} INFO - Filling up the DagBag from /home/airflow/.local/lib/python3.8/site-packages/airflow/example_dags/example_dag_decorator.py
[2025-04-17T22:42:53.823+0000] {processor.py:840} INFO - DAG(s) 'example_dag_decorator' retrieved from /home/airflow/.local/lib/python3.8/site-packages/airflow/example_dags/example_dag_decorator.py
[2025-04-17T22:42:54.000+0000] {logging_mixin.py:188} INFO - [2025-04-17T22:42:53.999+0000] {dag.py:3036} INFO - Sync 1 DAGs
[2025-04-17T22:42:54.018+0000] {logging_mixin.py:188} INFO - [2025-04-17T22:42:54.017+0000] {dag.py:3823} INFO - Setting next_dagrun for example_dag_decorator to None, run_after=None
[2025-04-17T22:42:54.048+0000] {processor.py:183} INFO - Processing /home/airflow/.local/lib/python3.8/site-packages/airflow/example_dags/example_dag_decorator.py took 0.398 seconds
[2025-04-17T22:43:24.429+0000] {processor.py:161} INFO - Started process (PID=391) to work on /home/airflow/.local/lib/python3.8/site-packages/airflow/example_dags/example_dag_decorator.py
[2025-04-17T22:43:24.430+0000] {processor.py:830} INFO - Processing file /home/airflow/.local/lib/python3.8/site-packages/airflow/example_dags/example_dag_decorator.py for tasks to queue
[2025-04-17T22:43:24.434+0000] {logging_mixin.py:188} INFO - [2025-04-17T22:43:24.433+0000] {dagbag.py:538} INFO - Filling up the DagBag from /home/airflow/.local/lib/python3.8/site-packages/airflow/example_dags/example_dag_decorator.py
[2025-04-17T22:43:24.581+0000] {processor.py:840} INFO - DAG(s) 'example_dag_decorator' retrieved from /home/airflow/.local/lib/python3.8/site-packages/airflow/example_dags/example_dag_decorator.py
[2025-04-17T22:43:24.742+0000] {logging_mixin.py:188} INFO - [2025-04-17T22:43:24.742+0000] {dag.py:3036} INFO - Sync 1 DAGs
[2025-04-17T22:43:24.758+0000] {logging_mixin.py:188} INFO - [2025-04-17T22:43:24.758+0000] {dag.py:3823} INFO - Setting next_dagrun for example_dag_decorator to None, run_after=None
[2025-04-17T22:43:24.786+0000] {processor.py:183} INFO - Processing /home/airflow/.local/lib/python3.8/site-packages/airflow/example_dags/example_dag_decorator.py took 0.362 seconds
[2025-04-17T22:43:55.060+0000] {processor.py:161} INFO - Started process (PID=446) to work on /home/airflow/.local/lib/python3.8/site-packages/airflow/example_dags/example_dag_decorator.py
[2025-04-17T22:43:55.062+0000] {processor.py:830} INFO - Processing file /home/airflow/.local/lib/python3.8/site-packages/airflow/example_dags/example_dag_decorator.py for tasks to queue
[2025-04-17T22:43:55.066+0000] {logging_mixin.py:188} INFO - [2025-04-17T22:43:55.065+0000] {dagbag.py:538} INFO - Filling up the DagBag from /home/airflow/.local/lib/python3.8/site-packages/airflow/example_dags/example_dag_decorator.py
[2025-04-17T22:43:55.217+0000] {processor.py:840} INFO - DAG(s) 'example_dag_decorator' retrieved from /home/airflow/.local/lib/python3.8/site-packages/airflow/example_dags/example_dag_decorator.py
[2025-04-17T22:43:55.398+0000] {logging_mixin.py:188} INFO - [2025-04-17T22:43:55.398+0000] {dag.py:3036} INFO - Sync 1 DAGs
[2025-04-17T22:43:55.414+0000] {logging_mixin.py:188} INFO - [2025-04-17T22:43:55.414+0000] {dag.py:3823} INFO - Setting next_dagrun for example_dag_decorator to None, run_after=None
[2025-04-17T22:43:55.446+0000] {processor.py:183} INFO - Processing /home/airflow/.local/lib/python3.8/site-packages/airflow/example_dags/example_dag_decorator.py took 0.392 seconds
[2025-04-17T22:44:25.745+0000] {processor.py:161} INFO - Started process (PID=496) to work on /home/airflow/.local/lib/python3.8/site-packages/airflow/example_dags/example_dag_decorator.py
[2025-04-17T22:44:25.747+0000] {processor.py:830} INFO - Processing file /home/airflow/.local/lib/python3.8/site-packages/airflow/example_dags/example_dag_decorator.py for tasks to queue
[2025-04-17T22:44:25.753+0000] {logging_mixin.py:188} INFO - [2025-04-17T22:44:25.752+0000] {dagbag.py:538} INFO - Filling up the DagBag from /home/airflow/.local/lib/python3.8/site-packages/airflow/example_dags/example_dag_decorator.py
[2025-04-17T22:44:25.946+0000] {processor.py:840} INFO - DAG(s) 'example_dag_decorator' retrieved from /home/airflow/.local/lib/python3.8/site-packages/airflow/example_dags/example_dag_decorator.py
[2025-04-17T22:44:26.124+0000] {logging_mixin.py:188} INFO - [2025-04-17T22:44:26.124+0000] {dag.py:3036} INFO - Sync 1 DAGs
[2025-04-17T22:44:26.140+0000] {logging_mixin.py:188} INFO - [2025-04-17T22:44:26.140+0000] {dag.py:3823} INFO - Setting next_dagrun for example_dag_decorator to None, run_after=None
[2025-04-17T22:44:26.181+0000] {processor.py:183} INFO - Processing /home/airflow/.local/lib/python3.8/site-packages/airflow/example_dags/example_dag_decorator.py took 0.444 seconds
[2025-04-17T22:44:56.992+0000] {processor.py:161} INFO - Started process (PID=552) to work on /home/airflow/.local/lib/python3.8/site-packages/airflow/example_dags/example_dag_decorator.py
[2025-04-17T22:44:56.993+0000] {processor.py:830} INFO - Processing file /home/airflow/.local/lib/python3.8/site-packages/airflow/example_dags/example_dag_decorator.py for tasks to queue
[2025-04-17T22:44:56.996+0000] {logging_mixin.py:188} INFO - [2025-04-17T22:44:56.996+0000] {dagbag.py:538} INFO - Filling up the DagBag from /home/airflow/.local/lib/python3.8/site-packages/airflow/example_dags/example_dag_decorator.py
[2025-04-17T22:44:57.149+0000] {processor.py:840} INFO - DAG(s) 'example_dag_decorator' retrieved from /home/airflow/.local/lib/python3.8/site-packages/airflow/example_dags/example_dag_decorator.py
[2025-04-17T22:44:57.314+0000] {logging_mixin.py:188} INFO - [2025-04-17T22:44:57.313+0000] {dag.py:3036} INFO - Sync 1 DAGs
[2025-04-17T22:44:57.331+0000] {logging_mixin.py:188} INFO - [2025-04-17T22:44:57.330+0000] {dag.py:3823} INFO - Setting next_dagrun for example_dag_decorator to None, run_after=None
[2025-04-17T22:44:57.385+0000] {processor.py:183} INFO - Processing /home/airflow/.local/lib/python3.8/site-packages/airflow/example_dags/example_dag_decorator.py took 0.398 seconds
[2025-04-17T22:45:27.557+0000] {processor.py:161} INFO - Started process (PID=607) to work on /home/airflow/.local/lib/python3.8/site-packages/airflow/example_dags/example_dag_decorator.py
[2025-04-17T22:45:27.558+0000] {processor.py:830} INFO - Processing file /home/airflow/.local/lib/python3.8/site-packages/airflow/example_dags/example_dag_decorator.py for tasks to queue
[2025-04-17T22:45:27.561+0000] {logging_mixin.py:188} INFO - [2025-04-17T22:45:27.561+0000] {dagbag.py:538} INFO - Filling up the DagBag from /home/airflow/.local/lib/python3.8/site-packages/airflow/example_dags/example_dag_decorator.py
[2025-04-17T22:45:27.708+0000] {processor.py:840} INFO - DAG(s) 'example_dag_decorator' retrieved from /home/airflow/.local/lib/python3.8/site-packages/airflow/example_dags/example_dag_decorator.py
[2025-04-17T22:45:27.872+0000] {logging_mixin.py:188} INFO - [2025-04-17T22:45:27.872+0000] {dag.py:3036} INFO - Sync 1 DAGs
[2025-04-17T22:45:27.888+0000] {logging_mixin.py:188} INFO - [2025-04-17T22:45:27.888+0000] {dag.py:3823} INFO - Setting next_dagrun for example_dag_decorator to None, run_after=None
[2025-04-17T22:45:27.917+0000] {processor.py:183} INFO - Processing /home/airflow/.local/lib/python3.8/site-packages/airflow/example_dags/example_dag_decorator.py took 0.368 seconds
[2025-04-17T22:45:58.003+0000] {processor.py:161} INFO - Started process (PID=662) to work on /home/airflow/.local/lib/python3.8/site-packages/airflow/example_dags/example_dag_decorator.py
[2025-04-17T22:45:58.005+0000] {processor.py:830} INFO - Processing file /home/airflow/.local/lib/python3.8/site-packages/airflow/example_dags/example_dag_decorator.py for tasks to queue
[2025-04-17T22:45:58.008+0000] {logging_mixin.py:188} INFO - [2025-04-17T22:45:58.007+0000] {dagbag.py:538} INFO - Filling up the DagBag from /home/airflow/.local/lib/python3.8/site-packages/airflow/example_dags/example_dag_decorator.py
[2025-04-17T22:45:58.153+0000] {processor.py:840} INFO - DAG(s) 'example_dag_decorator' retrieved from /home/airflow/.local/lib/python3.8/site-packages/airflow/example_dags/example_dag_decorator.py
[2025-04-17T22:45:58.313+0000] {logging_mixin.py:188} INFO - [2025-04-17T22:45:58.312+0000] {dag.py:3036} INFO - Sync 1 DAGs
[2025-04-17T22:45:58.329+0000] {logging_mixin.py:188} INFO - [2025-04-17T22:45:58.328+0000] {dag.py:3823} INFO - Setting next_dagrun for example_dag_decorator to None, run_after=None
[2025-04-17T22:45:58.357+0000] {processor.py:183} INFO - Processing /home/airflow/.local/lib/python3.8/site-packages/airflow/example_dags/example_dag_decorator.py took 0.359 seconds
[2025-04-17T22:46:28.507+0000] {processor.py:161} INFO - Started process (PID=717) to work on /home/airflow/.local/lib/python3.8/site-packages/airflow/example_dags/example_dag_decorator.py
[2025-04-17T22:46:28.509+0000] {processor.py:830} INFO - Processing file /home/airflow/.local/lib/python3.8/site-packages/airflow/example_dags/example_dag_decorator.py for tasks to queue
[2025-04-17T22:46:28.512+0000] {logging_mixin.py:188} INFO - [2025-04-17T22:46:28.511+0000] {dagbag.py:538} INFO - Filling up the DagBag from /home/airflow/.local/lib/python3.8/site-packages/airflow/example_dags/example_dag_decorator.py
[2025-04-17T22:46:28.658+0000] {processor.py:840} INFO - DAG(s) 'example_dag_decorator' retrieved from /home/airflow/.local/lib/python3.8/site-packages/airflow/example_dags/example_dag_decorator.py
[2025-04-17T22:46:28.819+0000] {logging_mixin.py:188} INFO - [2025-04-17T22:46:28.819+0000] {dag.py:3036} INFO - Sync 1 DAGs
[2025-04-17T22:46:28.835+0000] {logging_mixin.py:188} INFO - [2025-04-17T22:46:28.834+0000] {dag.py:3823} INFO - Setting next_dagrun for example_dag_decorator to None, run_after=None
[2025-04-17T22:46:28.862+0000] {processor.py:183} INFO - Processing /home/airflow/.local/lib/python3.8/site-packages/airflow/example_dags/example_dag_decorator.py took 0.361 seconds
[2025-04-17T22:46:59.424+0000] {processor.py:161} INFO - Started process (PID=772) to work on /home/airflow/.local/lib/python3.8/site-packages/airflow/example_dags/example_dag_decorator.py
[2025-04-17T22:46:59.426+0000] {processor.py:830} INFO - Processing file /home/airflow/.local/lib/python3.8/site-packages/airflow/example_dags/example_dag_decorator.py for tasks to queue
[2025-04-17T22:46:59.430+0000] {logging_mixin.py:188} INFO - [2025-04-17T22:46:59.429+0000] {dagbag.py:538} INFO - Filling up the DagBag from /home/airflow/.local/lib/python3.8/site-packages/airflow/example_dags/example_dag_decorator.py
[2025-04-17T22:46:59.586+0000] {processor.py:840} INFO - DAG(s) 'example_dag_decorator' retrieved from /home/airflow/.local/lib/python3.8/site-packages/airflow/example_dags/example_dag_decorator.py
[2025-04-17T22:46:59.752+0000] {logging_mixin.py:188} INFO - [2025-04-17T22:46:59.752+0000] {dag.py:3036} INFO - Sync 1 DAGs
[2025-04-17T22:46:59.770+0000] {logging_mixin.py:188} INFO - [2025-04-17T22:46:59.769+0000] {dag.py:3823} INFO - Setting next_dagrun for example_dag_decorator to None, run_after=None
[2025-04-17T22:46:59.798+0000] {processor.py:183} INFO - Processing /home/airflow/.local/lib/python3.8/site-packages/airflow/example_dags/example_dag_decorator.py took 0.379 seconds
[2025-04-17T22:47:29.999+0000] {processor.py:161} INFO - Started process (PID=827) to work on /home/airflow/.local/lib/python3.8/site-packages/airflow/example_dags/example_dag_decorator.py
[2025-04-17T22:47:30.001+0000] {processor.py:830} INFO - Processing file /home/airflow/.local/lib/python3.8/site-packages/airflow/example_dags/example_dag_decorator.py for tasks to queue
[2025-04-17T22:47:30.004+0000] {logging_mixin.py:188} INFO - [2025-04-17T22:47:30.003+0000] {dagbag.py:538} INFO - Filling up the DagBag from /home/airflow/.local/lib/python3.8/site-packages/airflow/example_dags/example_dag_decorator.py
[2025-04-17T22:47:30.175+0000] {processor.py:840} INFO - DAG(s) 'example_dag_decorator' retrieved from /home/airflow/.local/lib/python3.8/site-packages/airflow/example_dags/example_dag_decorator.py
[2025-04-17T22:47:30.350+0000] {logging_mixin.py:188} INFO - [2025-04-17T22:47:30.350+0000] {dag.py:3036} INFO - Sync 1 DAGs
[2025-04-17T22:47:30.367+0000] {logging_mixin.py:188} INFO - [2025-04-17T22:47:30.367+0000] {dag.py:3823} INFO - Setting next_dagrun for example_dag_decorator to None, run_after=None
[2025-04-17T22:47:31.819+0000] {logging_mixin.py:188} INFO - [2025-04-17T22:47:31.818+0000] {dag.py:3036} INFO - Sync 1 DAGs
[2025-04-17T22:47:31.835+0000] {logging_mixin.py:188} INFO - [2025-04-17T22:47:31.834+0000] {dag.py:3823} INFO - Setting next_dagrun for example_dag_decorator to None, run_after=None
[2025-04-17T22:47:31.946+0000] {processor.py:183} INFO - Processing /home/airflow/.local/lib/python3.8/site-packages/airflow/example_dags/example_dag_decorator.py took 1.952 seconds
[2025-04-17T22:48:02.893+0000] {processor.py:161} INFO - Started process (PID=890) to work on /home/airflow/.local/lib/python3.8/site-packages/airflow/example_dags/example_dag_decorator.py
[2025-04-17T22:48:02.894+0000] {processor.py:830} INFO - Processing file /home/airflow/.local/lib/python3.8/site-packages/airflow/example_dags/example_dag_decorator.py for tasks to queue
[2025-04-17T22:48:02.897+0000] {logging_mixin.py:188} INFO - [2025-04-17T22:48:02.897+0000] {dagbag.py:538} INFO - Filling up the DagBag from /home/airflow/.local/lib/python3.8/site-packages/airflow/example_dags/example_dag_decorator.py
[2025-04-17T22:48:03.044+0000] {processor.py:840} INFO - DAG(s) 'example_dag_decorator' retrieved from /home/airflow/.local/lib/python3.8/site-packages/airflow/example_dags/example_dag_decorator.py
[2025-04-17T22:48:03.202+0000] {logging_mixin.py:188} INFO - [2025-04-17T22:48:03.201+0000] {dag.py:3036} INFO - Sync 1 DAGs
[2025-04-17T22:48:03.218+0000] {logging_mixin.py:188} INFO - [2025-04-17T22:48:03.218+0000] {dag.py:3823} INFO - Setting next_dagrun for example_dag_decorator to None, run_after=None
[2025-04-17T22:48:03.248+0000] {processor.py:183} INFO - Processing /home/airflow/.local/lib/python3.8/site-packages/airflow/example_dags/example_dag_decorator.py took 0.360 seconds
[2025-04-17T22:48:33.499+0000] {processor.py:161} INFO - Started process (PID=945) to work on /home/airflow/.local/lib/python3.8/site-packages/airflow/example_dags/example_dag_decorator.py
[2025-04-17T22:48:33.500+0000] {processor.py:830} INFO - Processing file /home/airflow/.local/lib/python3.8/site-packages/airflow/example_dags/example_dag_decorator.py for tasks to queue
[2025-04-17T22:48:33.503+0000] {logging_mixin.py:188} INFO - [2025-04-17T22:48:33.502+0000] {dagbag.py:538} INFO - Filling up the DagBag from /home/airflow/.local/lib/python3.8/site-packages/airflow/example_dags/example_dag_decorator.py
[2025-04-17T22:48:33.660+0000] {processor.py:840} INFO - DAG(s) 'example_dag_decorator' retrieved from /home/airflow/.local/lib/python3.8/site-packages/airflow/example_dags/example_dag_decorator.py
[2025-04-17T22:48:33.833+0000] {logging_mixin.py:188} INFO - [2025-04-17T22:48:33.833+0000] {dag.py:3036} INFO - Sync 1 DAGs
[2025-04-17T22:48:33.850+0000] {logging_mixin.py:188} INFO - [2025-04-17T22:48:33.850+0000] {dag.py:3823} INFO - Setting next_dagrun for example_dag_decorator to None, run_after=None
[2025-04-17T22:48:33.881+0000] {processor.py:183} INFO - Processing /home/airflow/.local/lib/python3.8/site-packages/airflow/example_dags/example_dag_decorator.py took 0.387 seconds
[2025-04-17T22:49:04.818+0000] {processor.py:161} INFO - Started process (PID=1000) to work on /home/airflow/.local/lib/python3.8/site-packages/airflow/example_dags/example_dag_decorator.py
[2025-04-17T22:49:04.823+0000] {processor.py:830} INFO - Processing file /home/airflow/.local/lib/python3.8/site-packages/airflow/example_dags/example_dag_decorator.py for tasks to queue
[2025-04-17T22:49:04.827+0000] {logging_mixin.py:188} INFO - [2025-04-17T22:49:04.827+0000] {dagbag.py:538} INFO - Filling up the DagBag from /home/airflow/.local/lib/python3.8/site-packages/airflow/example_dags/example_dag_decorator.py
[2025-04-17T22:49:04.988+0000] {processor.py:840} INFO - DAG(s) 'example_dag_decorator' retrieved from /home/airflow/.local/lib/python3.8/site-packages/airflow/example_dags/example_dag_decorator.py
[2025-04-17T22:49:05.149+0000] {logging_mixin.py:188} INFO - [2025-04-17T22:49:05.148+0000] {dag.py:3036} INFO - Sync 1 DAGs
[2025-04-17T22:49:05.164+0000] {logging_mixin.py:188} INFO - [2025-04-17T22:49:05.164+0000] {dag.py:3823} INFO - Setting next_dagrun for example_dag_decorator to None, run_after=None
[2025-04-17T22:49:05.192+0000] {processor.py:183} INFO - Processing /home/airflow/.local/lib/python3.8/site-packages/airflow/example_dags/example_dag_decorator.py took 0.379 seconds
[2025-04-17T22:49:35.552+0000] {processor.py:161} INFO - Started process (PID=1055) to work on /home/airflow/.local/lib/python3.8/site-packages/airflow/example_dags/example_dag_decorator.py
[2025-04-17T22:49:35.554+0000] {processor.py:830} INFO - Processing file /home/airflow/.local/lib/python3.8/site-packages/airflow/example_dags/example_dag_decorator.py for tasks to queue
[2025-04-17T22:49:35.557+0000] {logging_mixin.py:188} INFO - [2025-04-17T22:49:35.556+0000] {dagbag.py:538} INFO - Filling up the DagBag from /home/airflow/.local/lib/python3.8/site-packages/airflow/example_dags/example_dag_decorator.py
[2025-04-17T22:49:35.710+0000] {processor.py:840} INFO - DAG(s) 'example_dag_decorator' retrieved from /home/airflow/.local/lib/python3.8/site-packages/airflow/example_dags/example_dag_decorator.py
[2025-04-17T22:49:35.875+0000] {logging_mixin.py:188} INFO - [2025-04-17T22:49:35.875+0000] {dag.py:3036} INFO - Sync 1 DAGs
[2025-04-17T22:49:35.891+0000] {logging_mixin.py:188} INFO - [2025-04-17T22:49:35.891+0000] {dag.py:3823} INFO - Setting next_dagrun for example_dag_decorator to None, run_after=None
[2025-04-17T22:49:35.920+0000] {processor.py:183} INFO - Processing /home/airflow/.local/lib/python3.8/site-packages/airflow/example_dags/example_dag_decorator.py took 0.373 seconds
[2025-04-17T22:50:06.840+0000] {processor.py:161} INFO - Started process (PID=1110) to work on /home/airflow/.local/lib/python3.8/site-packages/airflow/example_dags/example_dag_decorator.py
[2025-04-17T22:50:06.842+0000] {processor.py:830} INFO - Processing file /home/airflow/.local/lib/python3.8/site-packages/airflow/example_dags/example_dag_decorator.py for tasks to queue
[2025-04-17T22:50:06.847+0000] {logging_mixin.py:188} INFO - [2025-04-17T22:50:06.847+0000] {dagbag.py:538} INFO - Filling up the DagBag from /home/airflow/.local/lib/python3.8/site-packages/airflow/example_dags/example_dag_decorator.py
[2025-04-17T22:50:07.003+0000] {processor.py:840} INFO - DAG(s) 'example_dag_decorator' retrieved from /home/airflow/.local/lib/python3.8/site-packages/airflow/example_dags/example_dag_decorator.py
[2025-04-17T22:50:07.169+0000] {logging_mixin.py:188} INFO - [2025-04-17T22:50:07.168+0000] {dag.py:3036} INFO - Sync 1 DAGs
[2025-04-17T22:50:07.186+0000] {logging_mixin.py:188} INFO - [2025-04-17T22:50:07.185+0000] {dag.py:3823} INFO - Setting next_dagrun for example_dag_decorator to None, run_after=None
[2025-04-17T22:50:07.217+0000] {processor.py:183} INFO - Processing /home/airflow/.local/lib/python3.8/site-packages/airflow/example_dags/example_dag_decorator.py took 0.383 seconds
[2025-04-17T22:50:37.679+0000] {processor.py:161} INFO - Started process (PID=1165) to work on /home/airflow/.local/lib/python3.8/site-packages/airflow/example_dags/example_dag_decorator.py
[2025-04-17T22:50:37.680+0000] {processor.py:830} INFO - Processing file /home/airflow/.local/lib/python3.8/site-packages/airflow/example_dags/example_dag_decorator.py for tasks to queue
[2025-04-17T22:50:37.683+0000] {logging_mixin.py:188} INFO - [2025-04-17T22:50:37.683+0000] {dagbag.py:538} INFO - Filling up the DagBag from /home/airflow/.local/lib/python3.8/site-packages/airflow/example_dags/example_dag_decorator.py
[2025-04-17T22:50:37.832+0000] {processor.py:840} INFO - DAG(s) 'example_dag_decorator' retrieved from /home/airflow/.local/lib/python3.8/site-packages/airflow/example_dags/example_dag_decorator.py
[2025-04-17T22:50:37.991+0000] {logging_mixin.py:188} INFO - [2025-04-17T22:50:37.991+0000] {dag.py:3036} INFO - Sync 1 DAGs
[2025-04-17T22:50:38.010+0000] {logging_mixin.py:188} INFO - [2025-04-17T22:50:38.009+0000] {dag.py:3823} INFO - Setting next_dagrun for example_dag_decorator to None, run_after=None
[2025-04-17T22:50:38.038+0000] {processor.py:183} INFO - Processing /home/airflow/.local/lib/python3.8/site-packages/airflow/example_dags/example_dag_decorator.py took 0.364 seconds
[2025-04-17T22:51:08.252+0000] {processor.py:161} INFO - Started process (PID=1220) to work on /home/airflow/.local/lib/python3.8/site-packages/airflow/example_dags/example_dag_decorator.py
[2025-04-17T22:51:08.253+0000] {processor.py:830} INFO - Processing file /home/airflow/.local/lib/python3.8/site-packages/airflow/example_dags/example_dag_decorator.py for tasks to queue
[2025-04-17T22:51:08.256+0000] {logging_mixin.py:188} INFO - [2025-04-17T22:51:08.256+0000] {dagbag.py:538} INFO - Filling up the DagBag from /home/airflow/.local/lib/python3.8/site-packages/airflow/example_dags/example_dag_decorator.py
[2025-04-17T22:51:08.400+0000] {processor.py:840} INFO - DAG(s) 'example_dag_decorator' retrieved from /home/airflow/.local/lib/python3.8/site-packages/airflow/example_dags/example_dag_decorator.py
[2025-04-17T22:51:08.556+0000] {logging_mixin.py:188} INFO - [2025-04-17T22:51:08.556+0000] {dag.py:3036} INFO - Sync 1 DAGs
[2025-04-17T22:51:08.572+0000] {logging_mixin.py:188} INFO - [2025-04-17T22:51:08.571+0000] {dag.py:3823} INFO - Setting next_dagrun for example_dag_decorator to None, run_after=None
[2025-04-17T22:51:08.749+0000] {processor.py:183} INFO - Processing /home/airflow/.local/lib/python3.8/site-packages/airflow/example_dags/example_dag_decorator.py took 0.501 seconds
[2025-04-17T22:51:39.654+0000] {processor.py:161} INFO - Started process (PID=1275) to work on /home/airflow/.local/lib/python3.8/site-packages/airflow/example_dags/example_dag_decorator.py
[2025-04-17T22:51:39.655+0000] {processor.py:830} INFO - Processing file /home/airflow/.local/lib/python3.8/site-packages/airflow/example_dags/example_dag_decorator.py for tasks to queue
[2025-04-17T22:51:39.658+0000] {logging_mixin.py:188} INFO - [2025-04-17T22:51:39.658+0000] {dagbag.py:538} INFO - Filling up the DagBag from /home/airflow/.local/lib/python3.8/site-packages/airflow/example_dags/example_dag_decorator.py
[2025-04-17T22:51:39.813+0000] {processor.py:840} INFO - DAG(s) 'example_dag_decorator' retrieved from /home/airflow/.local/lib/python3.8/site-packages/airflow/example_dags/example_dag_decorator.py
[2025-04-17T22:51:39.975+0000] {logging_mixin.py:188} INFO - [2025-04-17T22:51:39.974+0000] {dag.py:3036} INFO - Sync 1 DAGs
[2025-04-17T22:51:39.991+0000] {logging_mixin.py:188} INFO - [2025-04-17T22:51:39.991+0000] {dag.py:3823} INFO - Setting next_dagrun for example_dag_decorator to None, run_after=None
[2025-04-17T22:51:40.019+0000] {processor.py:183} INFO - Processing /home/airflow/.local/lib/python3.8/site-packages/airflow/example_dags/example_dag_decorator.py took 0.370 seconds
[2025-04-17T22:52:10.194+0000] {processor.py:161} INFO - Started process (PID=1330) to work on /home/airflow/.local/lib/python3.8/site-packages/airflow/example_dags/example_dag_decorator.py
[2025-04-17T22:52:10.196+0000] {processor.py:830} INFO - Processing file /home/airflow/.local/lib/python3.8/site-packages/airflow/example_dags/example_dag_decorator.py for tasks to queue
[2025-04-17T22:52:10.199+0000] {logging_mixin.py:188} INFO - [2025-04-17T22:52:10.198+0000] {dagbag.py:538} INFO - Filling up the DagBag from /home/airflow/.local/lib/python3.8/site-packages/airflow/example_dags/example_dag_decorator.py
[2025-04-17T22:52:10.342+0000] {processor.py:840} INFO - DAG(s) 'example_dag_decorator' retrieved from /home/airflow/.local/lib/python3.8/site-packages/airflow/example_dags/example_dag_decorator.py
[2025-04-17T22:52:10.381+0000] {logging_mixin.py:188} INFO - [2025-04-17T22:52:10.381+0000] {dag.py:3036} INFO - Sync 1 DAGs
[2025-04-17T22:52:10.400+0000] {logging_mixin.py:188} INFO - [2025-04-17T22:52:10.400+0000] {dag.py:3823} INFO - Setting next_dagrun for example_dag_decorator to None, run_after=None
[2025-04-17T22:52:10.428+0000] {processor.py:183} INFO - Processing /home/airflow/.local/lib/python3.8/site-packages/airflow/example_dags/example_dag_decorator.py took 0.239 seconds
[2025-04-17T22:52:40.823+0000] {processor.py:161} INFO - Started process (PID=1385) to work on /home/airflow/.local/lib/python3.8/site-packages/airflow/example_dags/example_dag_decorator.py
[2025-04-17T22:52:40.825+0000] {processor.py:830} INFO - Processing file /home/airflow/.local/lib/python3.8/site-packages/airflow/example_dags/example_dag_decorator.py for tasks to queue
[2025-04-17T22:52:40.831+0000] {logging_mixin.py:188} INFO - [2025-04-17T22:52:40.830+0000] {dagbag.py:538} INFO - Filling up the DagBag from /home/airflow/.local/lib/python3.8/site-packages/airflow/example_dags/example_dag_decorator.py
[2025-04-17T22:52:41.088+0000] {processor.py:840} INFO - DAG(s) 'example_dag_decorator' retrieved from /home/airflow/.local/lib/python3.8/site-packages/airflow/example_dags/example_dag_decorator.py
[2025-04-17T22:52:41.351+0000] {logging_mixin.py:188} INFO - [2025-04-17T22:52:41.350+0000] {dag.py:3036} INFO - Sync 1 DAGs
[2025-04-17T22:52:41.595+0000] {logging_mixin.py:188} INFO - [2025-04-17T22:52:41.595+0000] {dag.py:3823} INFO - Setting next_dagrun for example_dag_decorator to None, run_after=None
[2025-04-17T22:52:41.629+0000] {processor.py:183} INFO - Processing /home/airflow/.local/lib/python3.8/site-packages/airflow/example_dags/example_dag_decorator.py took 0.813 seconds
[2025-04-17T22:53:12.320+0000] {processor.py:161} INFO - Started process (PID=1440) to work on /home/airflow/.local/lib/python3.8/site-packages/airflow/example_dags/example_dag_decorator.py
[2025-04-17T22:53:12.322+0000] {processor.py:830} INFO - Processing file /home/airflow/.local/lib/python3.8/site-packages/airflow/example_dags/example_dag_decorator.py for tasks to queue
[2025-04-17T22:53:12.326+0000] {logging_mixin.py:188} INFO - [2025-04-17T22:53:12.325+0000] {dagbag.py:538} INFO - Filling up the DagBag from /home/airflow/.local/lib/python3.8/site-packages/airflow/example_dags/example_dag_decorator.py
[2025-04-17T22:53:12.488+0000] {processor.py:840} INFO - DAG(s) 'example_dag_decorator' retrieved from /home/airflow/.local/lib/python3.8/site-packages/airflow/example_dags/example_dag_decorator.py
[2025-04-17T22:53:12.650+0000] {logging_mixin.py:188} INFO - [2025-04-17T22:53:12.650+0000] {dag.py:3036} INFO - Sync 1 DAGs
[2025-04-17T22:53:12.668+0000] {logging_mixin.py:188} INFO - [2025-04-17T22:53:12.667+0000] {dag.py:3823} INFO - Setting next_dagrun for example_dag_decorator to None, run_after=None
[2025-04-17T22:53:12.702+0000] {processor.py:183} INFO - Processing /home/airflow/.local/lib/python3.8/site-packages/airflow/example_dags/example_dag_decorator.py took 0.390 seconds
[2025-04-17T22:53:43.324+0000] {processor.py:161} INFO - Started process (PID=1495) to work on /home/airflow/.local/lib/python3.8/site-packages/airflow/example_dags/example_dag_decorator.py
[2025-04-17T22:53:43.326+0000] {processor.py:830} INFO - Processing file /home/airflow/.local/lib/python3.8/site-packages/airflow/example_dags/example_dag_decorator.py for tasks to queue
[2025-04-17T22:53:43.330+0000] {logging_mixin.py:188} INFO - [2025-04-17T22:53:43.329+0000] {dagbag.py:538} INFO - Filling up the DagBag from /home/airflow/.local/lib/python3.8/site-packages/airflow/example_dags/example_dag_decorator.py
[2025-04-17T22:53:43.493+0000] {processor.py:840} INFO - DAG(s) 'example_dag_decorator' retrieved from /home/airflow/.local/lib/python3.8/site-packages/airflow/example_dags/example_dag_decorator.py
[2025-04-17T22:53:43.664+0000] {logging_mixin.py:188} INFO - [2025-04-17T22:53:43.663+0000] {dag.py:3036} INFO - Sync 1 DAGs
[2025-04-17T22:53:43.686+0000] {logging_mixin.py:188} INFO - [2025-04-17T22:53:43.685+0000] {dag.py:3823} INFO - Setting next_dagrun for example_dag_decorator to None, run_after=None
[2025-04-17T22:53:43.725+0000] {processor.py:183} INFO - Processing /home/airflow/.local/lib/python3.8/site-packages/airflow/example_dags/example_dag_decorator.py took 0.407 seconds
[2025-04-17T22:54:13.988+0000] {processor.py:161} INFO - Started process (PID=1550) to work on /home/airflow/.local/lib/python3.8/site-packages/airflow/example_dags/example_dag_decorator.py
[2025-04-17T22:54:13.989+0000] {processor.py:830} INFO - Processing file /home/airflow/.local/lib/python3.8/site-packages/airflow/example_dags/example_dag_decorator.py for tasks to queue
[2025-04-17T22:54:13.992+0000] {logging_mixin.py:188} INFO - [2025-04-17T22:54:13.992+0000] {dagbag.py:538} INFO - Filling up the DagBag from /home/airflow/.local/lib/python3.8/site-packages/airflow/example_dags/example_dag_decorator.py
[2025-04-17T22:54:14.136+0000] {processor.py:840} INFO - DAG(s) 'example_dag_decorator' retrieved from /home/airflow/.local/lib/python3.8/site-packages/airflow/example_dags/example_dag_decorator.py
[2025-04-17T22:54:14.495+0000] {logging_mixin.py:188} INFO - [2025-04-17T22:54:14.495+0000] {dag.py:3036} INFO - Sync 1 DAGs
[2025-04-17T22:54:14.511+0000] {logging_mixin.py:188} INFO - [2025-04-17T22:54:14.511+0000] {dag.py:3823} INFO - Setting next_dagrun for example_dag_decorator to None, run_after=None
[2025-04-17T22:54:14.540+0000] {processor.py:183} INFO - Processing /home/airflow/.local/lib/python3.8/site-packages/airflow/example_dags/example_dag_decorator.py took 0.557 seconds
