[2025-04-17T22:40:42.913+0000] {processor.py:161} INFO - Started process (PID=76) to work on /home/airflow/.local/lib/python3.8/site-packages/airflow/example_dags/example_latest_only_with_trigger.py
[2025-04-17T22:40:42.916+0000] {processor.py:830} INFO - Processing file /home/airflow/.local/lib/python3.8/site-packages/airflow/example_dags/example_latest_only_with_trigger.py for tasks to queue
[2025-04-17T22:40:42.919+0000] {logging_mixin.py:188} INFO - [2025-04-17T22:40:42.919+0000] {dagbag.py:538} INFO - Filling up the DagBag from /home/airflow/.local/lib/python3.8/site-packages/airflow/example_dags/example_latest_only_with_trigger.py
[2025-04-17T22:40:42.935+0000] {processor.py:840} INFO - DAG(s) 'latest_only_with_trigger' retrieved from /home/airflow/.local/lib/python3.8/site-packages/airflow/example_dags/example_latest_only_with_trigger.py
[2025-04-17T22:40:43.187+0000] {logging_mixin.py:188} INFO - [2025-04-17T22:40:43.186+0000] {dag.py:3036} INFO - Sync 1 DAGs
[2025-04-17T22:40:43.246+0000] {logging_mixin.py:188} INFO - [2025-04-17T22:40:43.246+0000] {dag.py:3823} INFO - Setting next_dagrun for latest_only_with_trigger to 2025-04-17 16:00:00+00:00, run_after=2025-04-17 20:00:00+00:00
[2025-04-17T22:40:43.321+0000] {processor.py:183} INFO - Processing /home/airflow/.local/lib/python3.8/site-packages/airflow/example_dags/example_latest_only_with_trigger.py took 0.414 seconds
[2025-04-17T22:41:13.524+0000] {processor.py:161} INFO - Started process (PID=131) to work on /home/airflow/.local/lib/python3.8/site-packages/airflow/example_dags/example_latest_only_with_trigger.py
[2025-04-17T22:41:13.526+0000] {processor.py:830} INFO - Processing file /home/airflow/.local/lib/python3.8/site-packages/airflow/example_dags/example_latest_only_with_trigger.py for tasks to queue
[2025-04-17T22:41:13.530+0000] {logging_mixin.py:188} INFO - [2025-04-17T22:41:13.529+0000] {dagbag.py:538} INFO - Filling up the DagBag from /home/airflow/.local/lib/python3.8/site-packages/airflow/example_dags/example_latest_only_with_trigger.py
[2025-04-17T22:41:13.542+0000] {processor.py:840} INFO - DAG(s) 'latest_only_with_trigger' retrieved from /home/airflow/.local/lib/python3.8/site-packages/airflow/example_dags/example_latest_only_with_trigger.py
[2025-04-17T22:41:13.596+0000] {logging_mixin.py:188} INFO - [2025-04-17T22:41:13.595+0000] {dag.py:3036} INFO - Sync 1 DAGs
[2025-04-17T22:41:13.633+0000] {logging_mixin.py:188} INFO - [2025-04-17T22:41:13.633+0000] {dag.py:3823} INFO - Setting next_dagrun for latest_only_with_trigger to 2025-04-17 16:00:00+00:00, run_after=2025-04-17 20:00:00+00:00
[2025-04-17T22:41:13.667+0000] {processor.py:183} INFO - Processing /home/airflow/.local/lib/python3.8/site-packages/airflow/example_dags/example_latest_only_with_trigger.py took 0.149 seconds
[2025-04-17T22:41:44.307+0000] {processor.py:161} INFO - Started process (PID=187) to work on /home/airflow/.local/lib/python3.8/site-packages/airflow/example_dags/example_latest_only_with_trigger.py
[2025-04-17T22:41:44.308+0000] {processor.py:830} INFO - Processing file /home/airflow/.local/lib/python3.8/site-packages/airflow/example_dags/example_latest_only_with_trigger.py for tasks to queue
[2025-04-17T22:41:44.312+0000] {logging_mixin.py:188} INFO - [2025-04-17T22:41:44.311+0000] {dagbag.py:538} INFO - Filling up the DagBag from /home/airflow/.local/lib/python3.8/site-packages/airflow/example_dags/example_latest_only_with_trigger.py
[2025-04-17T22:41:44.323+0000] {processor.py:840} INFO - DAG(s) 'latest_only_with_trigger' retrieved from /home/airflow/.local/lib/python3.8/site-packages/airflow/example_dags/example_latest_only_with_trigger.py
[2025-04-17T22:41:44.361+0000] {logging_mixin.py:188} INFO - [2025-04-17T22:41:44.361+0000] {dag.py:3036} INFO - Sync 1 DAGs
[2025-04-17T22:41:44.401+0000] {logging_mixin.py:188} INFO - [2025-04-17T22:41:44.401+0000] {dag.py:3823} INFO - Setting next_dagrun for latest_only_with_trigger to 2025-04-17 16:00:00+00:00, run_after=2025-04-17 20:00:00+00:00
[2025-04-17T22:41:44.444+0000] {processor.py:183} INFO - Processing /home/airflow/.local/lib/python3.8/site-packages/airflow/example_dags/example_latest_only_with_trigger.py took 0.144 seconds
[2025-04-17T22:42:14.760+0000] {processor.py:161} INFO - Started process (PID=242) to work on /home/airflow/.local/lib/python3.8/site-packages/airflow/example_dags/example_latest_only_with_trigger.py
[2025-04-17T22:42:14.761+0000] {processor.py:830} INFO - Processing file /home/airflow/.local/lib/python3.8/site-packages/airflow/example_dags/example_latest_only_with_trigger.py for tasks to queue
[2025-04-17T22:42:14.764+0000] {logging_mixin.py:188} INFO - [2025-04-17T22:42:14.763+0000] {dagbag.py:538} INFO - Filling up the DagBag from /home/airflow/.local/lib/python3.8/site-packages/airflow/example_dags/example_latest_only_with_trigger.py
[2025-04-17T22:42:14.773+0000] {processor.py:840} INFO - DAG(s) 'latest_only_with_trigger' retrieved from /home/airflow/.local/lib/python3.8/site-packages/airflow/example_dags/example_latest_only_with_trigger.py
[2025-04-17T22:42:14.810+0000] {logging_mixin.py:188} INFO - [2025-04-17T22:42:14.809+0000] {dag.py:3036} INFO - Sync 1 DAGs
[2025-04-17T22:42:14.846+0000] {logging_mixin.py:188} INFO - [2025-04-17T22:42:14.846+0000] {dag.py:3823} INFO - Setting next_dagrun for latest_only_with_trigger to 2025-04-17 16:00:00+00:00, run_after=2025-04-17 20:00:00+00:00
[2025-04-17T22:42:14.884+0000] {processor.py:183} INFO - Processing /home/airflow/.local/lib/python3.8/site-packages/airflow/example_dags/example_latest_only_with_trigger.py took 0.130 seconds
[2025-04-17T22:42:45.231+0000] {processor.py:161} INFO - Started process (PID=297) to work on /home/airflow/.local/lib/python3.8/site-packages/airflow/example_dags/example_latest_only_with_trigger.py
[2025-04-17T22:42:45.234+0000] {processor.py:830} INFO - Processing file /home/airflow/.local/lib/python3.8/site-packages/airflow/example_dags/example_latest_only_with_trigger.py for tasks to queue
[2025-04-17T22:42:45.241+0000] {logging_mixin.py:188} INFO - [2025-04-17T22:42:45.240+0000] {dagbag.py:538} INFO - Filling up the DagBag from /home/airflow/.local/lib/python3.8/site-packages/airflow/example_dags/example_latest_only_with_trigger.py
[2025-04-17T22:42:45.251+0000] {processor.py:840} INFO - DAG(s) 'latest_only_with_trigger' retrieved from /home/airflow/.local/lib/python3.8/site-packages/airflow/example_dags/example_latest_only_with_trigger.py
[2025-04-17T22:42:45.291+0000] {logging_mixin.py:188} INFO - [2025-04-17T22:42:45.291+0000] {dag.py:3036} INFO - Sync 1 DAGs
[2025-04-17T22:42:45.335+0000] {logging_mixin.py:188} INFO - [2025-04-17T22:42:45.334+0000] {dag.py:3823} INFO - Setting next_dagrun for latest_only_with_trigger to 2025-04-17 16:00:00+00:00, run_after=2025-04-17 20:00:00+00:00
[2025-04-17T22:42:45.370+0000] {processor.py:183} INFO - Processing /home/airflow/.local/lib/python3.8/site-packages/airflow/example_dags/example_latest_only_with_trigger.py took 0.147 seconds
[2025-04-17T22:43:15.647+0000] {processor.py:161} INFO - Started process (PID=352) to work on /home/airflow/.local/lib/python3.8/site-packages/airflow/example_dags/example_latest_only_with_trigger.py
[2025-04-17T22:43:15.649+0000] {processor.py:830} INFO - Processing file /home/airflow/.local/lib/python3.8/site-packages/airflow/example_dags/example_latest_only_with_trigger.py for tasks to queue
[2025-04-17T22:43:15.652+0000] {logging_mixin.py:188} INFO - [2025-04-17T22:43:15.652+0000] {dagbag.py:538} INFO - Filling up the DagBag from /home/airflow/.local/lib/python3.8/site-packages/airflow/example_dags/example_latest_only_with_trigger.py
[2025-04-17T22:43:15.663+0000] {processor.py:840} INFO - DAG(s) 'latest_only_with_trigger' retrieved from /home/airflow/.local/lib/python3.8/site-packages/airflow/example_dags/example_latest_only_with_trigger.py
[2025-04-17T22:43:15.699+0000] {logging_mixin.py:188} INFO - [2025-04-17T22:43:15.699+0000] {dag.py:3036} INFO - Sync 1 DAGs
[2025-04-17T22:43:15.954+0000] {logging_mixin.py:188} INFO - [2025-04-17T22:43:15.952+0000] {dag.py:3823} INFO - Setting next_dagrun for latest_only_with_trigger to 2025-04-17 16:00:00+00:00, run_after=2025-04-17 20:00:00+00:00
[2025-04-17T22:43:16.022+0000] {processor.py:183} INFO - Processing /home/airflow/.local/lib/python3.8/site-packages/airflow/example_dags/example_latest_only_with_trigger.py took 0.381 seconds
[2025-04-17T22:43:46.068+0000] {processor.py:161} INFO - Started process (PID=406) to work on /home/airflow/.local/lib/python3.8/site-packages/airflow/example_dags/example_latest_only_with_trigger.py
[2025-04-17T22:43:46.070+0000] {processor.py:830} INFO - Processing file /home/airflow/.local/lib/python3.8/site-packages/airflow/example_dags/example_latest_only_with_trigger.py for tasks to queue
[2025-04-17T22:43:46.073+0000] {logging_mixin.py:188} INFO - [2025-04-17T22:43:46.072+0000] {dagbag.py:538} INFO - Filling up the DagBag from /home/airflow/.local/lib/python3.8/site-packages/airflow/example_dags/example_latest_only_with_trigger.py
[2025-04-17T22:43:46.082+0000] {processor.py:840} INFO - DAG(s) 'latest_only_with_trigger' retrieved from /home/airflow/.local/lib/python3.8/site-packages/airflow/example_dags/example_latest_only_with_trigger.py
[2025-04-17T22:43:46.116+0000] {logging_mixin.py:188} INFO - [2025-04-17T22:43:46.116+0000] {dag.py:3036} INFO - Sync 1 DAGs
[2025-04-17T22:43:46.150+0000] {logging_mixin.py:188} INFO - [2025-04-17T22:43:46.149+0000] {dag.py:3823} INFO - Setting next_dagrun for latest_only_with_trigger to 2025-04-17 16:00:00+00:00, run_after=2025-04-17 20:00:00+00:00
[2025-04-17T22:43:46.178+0000] {processor.py:183} INFO - Processing /home/airflow/.local/lib/python3.8/site-packages/airflow/example_dags/example_latest_only_with_trigger.py took 0.115 seconds
[2025-04-17T22:44:17.141+0000] {processor.py:161} INFO - Started process (PID=462) to work on /home/airflow/.local/lib/python3.8/site-packages/airflow/example_dags/example_latest_only_with_trigger.py
[2025-04-17T22:44:17.143+0000] {processor.py:830} INFO - Processing file /home/airflow/.local/lib/python3.8/site-packages/airflow/example_dags/example_latest_only_with_trigger.py for tasks to queue
[2025-04-17T22:44:17.146+0000] {logging_mixin.py:188} INFO - [2025-04-17T22:44:17.145+0000] {dagbag.py:538} INFO - Filling up the DagBag from /home/airflow/.local/lib/python3.8/site-packages/airflow/example_dags/example_latest_only_with_trigger.py
[2025-04-17T22:44:17.155+0000] {processor.py:840} INFO - DAG(s) 'latest_only_with_trigger' retrieved from /home/airflow/.local/lib/python3.8/site-packages/airflow/example_dags/example_latest_only_with_trigger.py
[2025-04-17T22:44:17.189+0000] {logging_mixin.py:188} INFO - [2025-04-17T22:44:17.189+0000] {dag.py:3036} INFO - Sync 1 DAGs
[2025-04-17T22:44:17.223+0000] {logging_mixin.py:188} INFO - [2025-04-17T22:44:17.223+0000] {dag.py:3823} INFO - Setting next_dagrun for latest_only_with_trigger to 2025-04-17 16:00:00+00:00, run_after=2025-04-17 20:00:00+00:00
[2025-04-17T22:44:17.254+0000] {processor.py:183} INFO - Processing /home/airflow/.local/lib/python3.8/site-packages/airflow/example_dags/example_latest_only_with_trigger.py took 0.118 seconds
[2025-04-17T22:44:47.912+0000] {processor.py:161} INFO - Started process (PID=517) to work on /home/airflow/.local/lib/python3.8/site-packages/airflow/example_dags/example_latest_only_with_trigger.py
[2025-04-17T22:44:47.913+0000] {processor.py:830} INFO - Processing file /home/airflow/.local/lib/python3.8/site-packages/airflow/example_dags/example_latest_only_with_trigger.py for tasks to queue
[2025-04-17T22:44:47.917+0000] {logging_mixin.py:188} INFO - [2025-04-17T22:44:47.916+0000] {dagbag.py:538} INFO - Filling up the DagBag from /home/airflow/.local/lib/python3.8/site-packages/airflow/example_dags/example_latest_only_with_trigger.py
[2025-04-17T22:44:47.926+0000] {processor.py:840} INFO - DAG(s) 'latest_only_with_trigger' retrieved from /home/airflow/.local/lib/python3.8/site-packages/airflow/example_dags/example_latest_only_with_trigger.py
[2025-04-17T22:44:47.966+0000] {logging_mixin.py:188} INFO - [2025-04-17T22:44:47.966+0000] {dag.py:3036} INFO - Sync 1 DAGs
[2025-04-17T22:44:47.999+0000] {logging_mixin.py:188} INFO - [2025-04-17T22:44:47.999+0000] {dag.py:3823} INFO - Setting next_dagrun for latest_only_with_trigger to 2025-04-17 16:00:00+00:00, run_after=2025-04-17 20:00:00+00:00
[2025-04-17T22:44:48.030+0000] {processor.py:183} INFO - Processing /home/airflow/.local/lib/python3.8/site-packages/airflow/example_dags/example_latest_only_with_trigger.py took 0.124 seconds
[2025-04-17T22:45:18.637+0000] {processor.py:161} INFO - Started process (PID=572) to work on /home/airflow/.local/lib/python3.8/site-packages/airflow/example_dags/example_latest_only_with_trigger.py
[2025-04-17T22:45:18.639+0000] {processor.py:830} INFO - Processing file /home/airflow/.local/lib/python3.8/site-packages/airflow/example_dags/example_latest_only_with_trigger.py for tasks to queue
[2025-04-17T22:45:18.642+0000] {logging_mixin.py:188} INFO - [2025-04-17T22:45:18.641+0000] {dagbag.py:538} INFO - Filling up the DagBag from /home/airflow/.local/lib/python3.8/site-packages/airflow/example_dags/example_latest_only_with_trigger.py
[2025-04-17T22:45:18.651+0000] {processor.py:840} INFO - DAG(s) 'latest_only_with_trigger' retrieved from /home/airflow/.local/lib/python3.8/site-packages/airflow/example_dags/example_latest_only_with_trigger.py
[2025-04-17T22:45:18.689+0000] {logging_mixin.py:188} INFO - [2025-04-17T22:45:18.688+0000] {dag.py:3036} INFO - Sync 1 DAGs
[2025-04-17T22:45:18.722+0000] {logging_mixin.py:188} INFO - [2025-04-17T22:45:18.722+0000] {dag.py:3823} INFO - Setting next_dagrun for latest_only_with_trigger to 2025-04-17 16:00:00+00:00, run_after=2025-04-17 20:00:00+00:00
[2025-04-17T22:45:18.755+0000] {processor.py:183} INFO - Processing /home/airflow/.local/lib/python3.8/site-packages/airflow/example_dags/example_latest_only_with_trigger.py took 0.123 seconds
[2025-04-17T22:45:49.164+0000] {processor.py:161} INFO - Started process (PID=627) to work on /home/airflow/.local/lib/python3.8/site-packages/airflow/example_dags/example_latest_only_with_trigger.py
[2025-04-17T22:45:49.166+0000] {processor.py:830} INFO - Processing file /home/airflow/.local/lib/python3.8/site-packages/airflow/example_dags/example_latest_only_with_trigger.py for tasks to queue
[2025-04-17T22:45:49.169+0000] {logging_mixin.py:188} INFO - [2025-04-17T22:45:49.168+0000] {dagbag.py:538} INFO - Filling up the DagBag from /home/airflow/.local/lib/python3.8/site-packages/airflow/example_dags/example_latest_only_with_trigger.py
[2025-04-17T22:45:49.178+0000] {processor.py:840} INFO - DAG(s) 'latest_only_with_trigger' retrieved from /home/airflow/.local/lib/python3.8/site-packages/airflow/example_dags/example_latest_only_with_trigger.py
[2025-04-17T22:45:49.211+0000] {logging_mixin.py:188} INFO - [2025-04-17T22:45:49.211+0000] {dag.py:3036} INFO - Sync 1 DAGs
[2025-04-17T22:45:49.244+0000] {logging_mixin.py:188} INFO - [2025-04-17T22:45:49.244+0000] {dag.py:3823} INFO - Setting next_dagrun for latest_only_with_trigger to 2025-04-17 16:00:00+00:00, run_after=2025-04-17 20:00:00+00:00
[2025-04-17T22:45:49.274+0000] {processor.py:183} INFO - Processing /home/airflow/.local/lib/python3.8/site-packages/airflow/example_dags/example_latest_only_with_trigger.py took 0.116 seconds
[2025-04-17T22:46:19.574+0000] {processor.py:161} INFO - Started process (PID=682) to work on /home/airflow/.local/lib/python3.8/site-packages/airflow/example_dags/example_latest_only_with_trigger.py
[2025-04-17T22:46:19.576+0000] {processor.py:830} INFO - Processing file /home/airflow/.local/lib/python3.8/site-packages/airflow/example_dags/example_latest_only_with_trigger.py for tasks to queue
[2025-04-17T22:46:19.580+0000] {logging_mixin.py:188} INFO - [2025-04-17T22:46:19.579+0000] {dagbag.py:538} INFO - Filling up the DagBag from /home/airflow/.local/lib/python3.8/site-packages/airflow/example_dags/example_latest_only_with_trigger.py
[2025-04-17T22:46:19.591+0000] {processor.py:840} INFO - DAG(s) 'latest_only_with_trigger' retrieved from /home/airflow/.local/lib/python3.8/site-packages/airflow/example_dags/example_latest_only_with_trigger.py
[2025-04-17T22:46:19.634+0000] {logging_mixin.py:188} INFO - [2025-04-17T22:46:19.634+0000] {dag.py:3036} INFO - Sync 1 DAGs
[2025-04-17T22:46:19.668+0000] {logging_mixin.py:188} INFO - [2025-04-17T22:46:19.668+0000] {dag.py:3823} INFO - Setting next_dagrun for latest_only_with_trigger to 2025-04-17 16:00:00+00:00, run_after=2025-04-17 20:00:00+00:00
[2025-04-17T22:46:19.696+0000] {processor.py:183} INFO - Processing /home/airflow/.local/lib/python3.8/site-packages/airflow/example_dags/example_latest_only_with_trigger.py took 0.129 seconds
[2025-04-17T22:46:50.230+0000] {processor.py:161} INFO - Started process (PID=737) to work on /home/airflow/.local/lib/python3.8/site-packages/airflow/example_dags/example_latest_only_with_trigger.py
[2025-04-17T22:46:50.231+0000] {processor.py:830} INFO - Processing file /home/airflow/.local/lib/python3.8/site-packages/airflow/example_dags/example_latest_only_with_trigger.py for tasks to queue
[2025-04-17T22:46:50.235+0000] {logging_mixin.py:188} INFO - [2025-04-17T22:46:50.234+0000] {dagbag.py:538} INFO - Filling up the DagBag from /home/airflow/.local/lib/python3.8/site-packages/airflow/example_dags/example_latest_only_with_trigger.py
[2025-04-17T22:46:50.246+0000] {processor.py:840} INFO - DAG(s) 'latest_only_with_trigger' retrieved from /home/airflow/.local/lib/python3.8/site-packages/airflow/example_dags/example_latest_only_with_trigger.py
[2025-04-17T22:46:50.288+0000] {logging_mixin.py:188} INFO - [2025-04-17T22:46:50.288+0000] {dag.py:3036} INFO - Sync 1 DAGs
[2025-04-17T22:46:50.326+0000] {logging_mixin.py:188} INFO - [2025-04-17T22:46:50.325+0000] {dag.py:3823} INFO - Setting next_dagrun for latest_only_with_trigger to 2025-04-17 16:00:00+00:00, run_after=2025-04-17 20:00:00+00:00
[2025-04-17T22:46:50.359+0000] {processor.py:183} INFO - Processing /home/airflow/.local/lib/python3.8/site-packages/airflow/example_dags/example_latest_only_with_trigger.py took 0.136 seconds
[2025-04-17T22:47:20.530+0000] {processor.py:161} INFO - Started process (PID=792) to work on /home/airflow/.local/lib/python3.8/site-packages/airflow/example_dags/example_latest_only_with_trigger.py
[2025-04-17T22:47:20.532+0000] {processor.py:830} INFO - Processing file /home/airflow/.local/lib/python3.8/site-packages/airflow/example_dags/example_latest_only_with_trigger.py for tasks to queue
[2025-04-17T22:47:20.536+0000] {logging_mixin.py:188} INFO - [2025-04-17T22:47:20.535+0000] {dagbag.py:538} INFO - Filling up the DagBag from /home/airflow/.local/lib/python3.8/site-packages/airflow/example_dags/example_latest_only_with_trigger.py
[2025-04-17T22:47:20.549+0000] {processor.py:840} INFO - DAG(s) 'latest_only_with_trigger' retrieved from /home/airflow/.local/lib/python3.8/site-packages/airflow/example_dags/example_latest_only_with_trigger.py
[2025-04-17T22:47:20.591+0000] {logging_mixin.py:188} INFO - [2025-04-17T22:47:20.591+0000] {dag.py:3036} INFO - Sync 1 DAGs
[2025-04-17T22:47:20.633+0000] {logging_mixin.py:188} INFO - [2025-04-17T22:47:20.633+0000] {dag.py:3823} INFO - Setting next_dagrun for latest_only_with_trigger to 2025-04-17 16:00:00+00:00, run_after=2025-04-17 20:00:00+00:00
[2025-04-17T22:47:20.683+0000] {processor.py:183} INFO - Processing /home/airflow/.local/lib/python3.8/site-packages/airflow/example_dags/example_latest_only_with_trigger.py took 0.160 seconds
[2025-04-17T22:47:51.062+0000] {processor.py:161} INFO - Started process (PID=847) to work on /home/airflow/.local/lib/python3.8/site-packages/airflow/example_dags/example_latest_only_with_trigger.py
[2025-04-17T22:47:51.065+0000] {processor.py:830} INFO - Processing file /home/airflow/.local/lib/python3.8/site-packages/airflow/example_dags/example_latest_only_with_trigger.py for tasks to queue
[2025-04-17T22:47:51.068+0000] {logging_mixin.py:188} INFO - [2025-04-17T22:47:51.068+0000] {dagbag.py:538} INFO - Filling up the DagBag from /home/airflow/.local/lib/python3.8/site-packages/airflow/example_dags/example_latest_only_with_trigger.py
[2025-04-17T22:47:51.078+0000] {processor.py:840} INFO - DAG(s) 'latest_only_with_trigger' retrieved from /home/airflow/.local/lib/python3.8/site-packages/airflow/example_dags/example_latest_only_with_trigger.py
[2025-04-17T22:47:51.098+0000] {logging_mixin.py:188} INFO - [2025-04-17T22:47:51.098+0000] {dag.py:3036} INFO - Sync 1 DAGs
[2025-04-17T22:47:51.138+0000] {logging_mixin.py:188} INFO - [2025-04-17T22:47:51.138+0000] {dag.py:3823} INFO - Setting next_dagrun for latest_only_with_trigger to 2025-04-17 16:00:00+00:00, run_after=2025-04-17 20:00:00+00:00
[2025-04-17T22:47:51.169+0000] {processor.py:183} INFO - Processing /home/airflow/.local/lib/python3.8/site-packages/airflow/example_dags/example_latest_only_with_trigger.py took 0.112 seconds
[2025-04-17T22:48:21.699+0000] {processor.py:161} INFO - Started process (PID=902) to work on /home/airflow/.local/lib/python3.8/site-packages/airflow/example_dags/example_latest_only_with_trigger.py
[2025-04-17T22:48:21.701+0000] {processor.py:830} INFO - Processing file /home/airflow/.local/lib/python3.8/site-packages/airflow/example_dags/example_latest_only_with_trigger.py for tasks to queue
[2025-04-17T22:48:21.703+0000] {logging_mixin.py:188} INFO - [2025-04-17T22:48:21.703+0000] {dagbag.py:538} INFO - Filling up the DagBag from /home/airflow/.local/lib/python3.8/site-packages/airflow/example_dags/example_latest_only_with_trigger.py
[2025-04-17T22:48:21.713+0000] {processor.py:840} INFO - DAG(s) 'latest_only_with_trigger' retrieved from /home/airflow/.local/lib/python3.8/site-packages/airflow/example_dags/example_latest_only_with_trigger.py
[2025-04-17T22:48:21.875+0000] {logging_mixin.py:188} INFO - [2025-04-17T22:48:21.874+0000] {dag.py:3036} INFO - Sync 1 DAGs
[2025-04-17T22:48:21.912+0000] {logging_mixin.py:188} INFO - [2025-04-17T22:48:21.911+0000] {dag.py:3823} INFO - Setting next_dagrun for latest_only_with_trigger to 2025-04-17 16:00:00+00:00, run_after=2025-04-17 20:00:00+00:00
[2025-04-17T22:48:21.941+0000] {processor.py:183} INFO - Processing /home/airflow/.local/lib/python3.8/site-packages/airflow/example_dags/example_latest_only_with_trigger.py took 0.247 seconds
[2025-04-17T22:48:52.184+0000] {processor.py:161} INFO - Started process (PID=956) to work on /home/airflow/.local/lib/python3.8/site-packages/airflow/example_dags/example_latest_only_with_trigger.py
[2025-04-17T22:48:52.185+0000] {processor.py:830} INFO - Processing file /home/airflow/.local/lib/python3.8/site-packages/airflow/example_dags/example_latest_only_with_trigger.py for tasks to queue
[2025-04-17T22:48:52.188+0000] {logging_mixin.py:188} INFO - [2025-04-17T22:48:52.188+0000] {dagbag.py:538} INFO - Filling up the DagBag from /home/airflow/.local/lib/python3.8/site-packages/airflow/example_dags/example_latest_only_with_trigger.py
[2025-04-17T22:48:52.198+0000] {processor.py:840} INFO - DAG(s) 'latest_only_with_trigger' retrieved from /home/airflow/.local/lib/python3.8/site-packages/airflow/example_dags/example_latest_only_with_trigger.py
[2025-04-17T22:48:52.234+0000] {logging_mixin.py:188} INFO - [2025-04-17T22:48:52.233+0000] {dag.py:3036} INFO - Sync 1 DAGs
[2025-04-17T22:48:52.267+0000] {logging_mixin.py:188} INFO - [2025-04-17T22:48:52.267+0000] {dag.py:3823} INFO - Setting next_dagrun for latest_only_with_trigger to 2025-04-17 16:00:00+00:00, run_after=2025-04-17 20:00:00+00:00
[2025-04-17T22:48:52.295+0000] {processor.py:183} INFO - Processing /home/airflow/.local/lib/python3.8/site-packages/airflow/example_dags/example_latest_only_with_trigger.py took 0.117 seconds
[2025-04-17T22:49:23.153+0000] {processor.py:161} INFO - Started process (PID=1012) to work on /home/airflow/.local/lib/python3.8/site-packages/airflow/example_dags/example_latest_only_with_trigger.py
[2025-04-17T22:49:23.155+0000] {processor.py:830} INFO - Processing file /home/airflow/.local/lib/python3.8/site-packages/airflow/example_dags/example_latest_only_with_trigger.py for tasks to queue
[2025-04-17T22:49:23.160+0000] {logging_mixin.py:188} INFO - [2025-04-17T22:49:23.159+0000] {dagbag.py:538} INFO - Filling up the DagBag from /home/airflow/.local/lib/python3.8/site-packages/airflow/example_dags/example_latest_only_with_trigger.py
[2025-04-17T22:49:23.172+0000] {processor.py:840} INFO - DAG(s) 'latest_only_with_trigger' retrieved from /home/airflow/.local/lib/python3.8/site-packages/airflow/example_dags/example_latest_only_with_trigger.py
[2025-04-17T22:49:23.222+0000] {logging_mixin.py:188} INFO - [2025-04-17T22:49:23.221+0000] {dag.py:3036} INFO - Sync 1 DAGs
[2025-04-17T22:49:23.261+0000] {logging_mixin.py:188} INFO - [2025-04-17T22:49:23.261+0000] {dag.py:3823} INFO - Setting next_dagrun for latest_only_with_trigger to 2025-04-17 16:00:00+00:00, run_after=2025-04-17 20:00:00+00:00
[2025-04-17T22:49:23.294+0000] {processor.py:183} INFO - Processing /home/airflow/.local/lib/python3.8/site-packages/airflow/example_dags/example_latest_only_with_trigger.py took 0.148 seconds
[2025-04-17T22:49:53.477+0000] {processor.py:161} INFO - Started process (PID=1067) to work on /home/airflow/.local/lib/python3.8/site-packages/airflow/example_dags/example_latest_only_with_trigger.py
[2025-04-17T22:49:53.479+0000] {processor.py:830} INFO - Processing file /home/airflow/.local/lib/python3.8/site-packages/airflow/example_dags/example_latest_only_with_trigger.py for tasks to queue
[2025-04-17T22:49:53.482+0000] {logging_mixin.py:188} INFO - [2025-04-17T22:49:53.481+0000] {dagbag.py:538} INFO - Filling up the DagBag from /home/airflow/.local/lib/python3.8/site-packages/airflow/example_dags/example_latest_only_with_trigger.py
[2025-04-17T22:49:53.491+0000] {processor.py:840} INFO - DAG(s) 'latest_only_with_trigger' retrieved from /home/airflow/.local/lib/python3.8/site-packages/airflow/example_dags/example_latest_only_with_trigger.py
[2025-04-17T22:49:53.526+0000] {logging_mixin.py:188} INFO - [2025-04-17T22:49:53.526+0000] {dag.py:3036} INFO - Sync 1 DAGs
[2025-04-17T22:49:53.564+0000] {logging_mixin.py:188} INFO - [2025-04-17T22:49:53.564+0000] {dag.py:3823} INFO - Setting next_dagrun for latest_only_with_trigger to 2025-04-17 16:00:00+00:00, run_after=2025-04-17 20:00:00+00:00
[2025-04-17T22:49:53.595+0000] {processor.py:183} INFO - Processing /home/airflow/.local/lib/python3.8/site-packages/airflow/example_dags/example_latest_only_with_trigger.py took 0.124 seconds
[2025-04-17T22:50:24.163+0000] {processor.py:161} INFO - Started process (PID=1122) to work on /home/airflow/.local/lib/python3.8/site-packages/airflow/example_dags/example_latest_only_with_trigger.py
[2025-04-17T22:50:24.165+0000] {processor.py:830} INFO - Processing file /home/airflow/.local/lib/python3.8/site-packages/airflow/example_dags/example_latest_only_with_trigger.py for tasks to queue
[2025-04-17T22:50:24.168+0000] {logging_mixin.py:188} INFO - [2025-04-17T22:50:24.167+0000] {dagbag.py:538} INFO - Filling up the DagBag from /home/airflow/.local/lib/python3.8/site-packages/airflow/example_dags/example_latest_only_with_trigger.py
[2025-04-17T22:50:24.177+0000] {processor.py:840} INFO - DAG(s) 'latest_only_with_trigger' retrieved from /home/airflow/.local/lib/python3.8/site-packages/airflow/example_dags/example_latest_only_with_trigger.py
[2025-04-17T22:50:24.213+0000] {logging_mixin.py:188} INFO - [2025-04-17T22:50:24.212+0000] {dag.py:3036} INFO - Sync 1 DAGs
[2025-04-17T22:50:24.250+0000] {logging_mixin.py:188} INFO - [2025-04-17T22:50:24.249+0000] {dag.py:3823} INFO - Setting next_dagrun for latest_only_with_trigger to 2025-04-17 16:00:00+00:00, run_after=2025-04-17 20:00:00+00:00
[2025-04-17T22:50:24.283+0000] {processor.py:183} INFO - Processing /home/airflow/.local/lib/python3.8/site-packages/airflow/example_dags/example_latest_only_with_trigger.py took 0.125 seconds
[2025-04-17T22:50:55.000+0000] {processor.py:161} INFO - Started process (PID=1177) to work on /home/airflow/.local/lib/python3.8/site-packages/airflow/example_dags/example_latest_only_with_trigger.py
[2025-04-17T22:50:55.002+0000] {processor.py:830} INFO - Processing file /home/airflow/.local/lib/python3.8/site-packages/airflow/example_dags/example_latest_only_with_trigger.py for tasks to queue
[2025-04-17T22:50:55.005+0000] {logging_mixin.py:188} INFO - [2025-04-17T22:50:55.004+0000] {dagbag.py:538} INFO - Filling up the DagBag from /home/airflow/.local/lib/python3.8/site-packages/airflow/example_dags/example_latest_only_with_trigger.py
[2025-04-17T22:50:55.014+0000] {processor.py:840} INFO - DAG(s) 'latest_only_with_trigger' retrieved from /home/airflow/.local/lib/python3.8/site-packages/airflow/example_dags/example_latest_only_with_trigger.py
[2025-04-17T22:50:55.050+0000] {logging_mixin.py:188} INFO - [2025-04-17T22:50:55.049+0000] {dag.py:3036} INFO - Sync 1 DAGs
[2025-04-17T22:50:55.083+0000] {logging_mixin.py:188} INFO - [2025-04-17T22:50:55.083+0000] {dag.py:3823} INFO - Setting next_dagrun for latest_only_with_trigger to 2025-04-17 16:00:00+00:00, run_after=2025-04-17 20:00:00+00:00
[2025-04-17T22:50:55.111+0000] {processor.py:183} INFO - Processing /home/airflow/.local/lib/python3.8/site-packages/airflow/example_dags/example_latest_only_with_trigger.py took 0.116 seconds
[2025-04-17T22:51:25.149+0000] {processor.py:161} INFO - Started process (PID=1231) to work on /home/airflow/.local/lib/python3.8/site-packages/airflow/example_dags/example_latest_only_with_trigger.py
[2025-04-17T22:51:25.151+0000] {processor.py:830} INFO - Processing file /home/airflow/.local/lib/python3.8/site-packages/airflow/example_dags/example_latest_only_with_trigger.py for tasks to queue
[2025-04-17T22:51:25.154+0000] {logging_mixin.py:188} INFO - [2025-04-17T22:51:25.154+0000] {dagbag.py:538} INFO - Filling up the DagBag from /home/airflow/.local/lib/python3.8/site-packages/airflow/example_dags/example_latest_only_with_trigger.py
[2025-04-17T22:51:25.165+0000] {processor.py:840} INFO - DAG(s) 'latest_only_with_trigger' retrieved from /home/airflow/.local/lib/python3.8/site-packages/airflow/example_dags/example_latest_only_with_trigger.py
[2025-04-17T22:51:25.201+0000] {logging_mixin.py:188} INFO - [2025-04-17T22:51:25.201+0000] {dag.py:3036} INFO - Sync 1 DAGs
[2025-04-17T22:51:25.237+0000] {logging_mixin.py:188} INFO - [2025-04-17T22:51:25.237+0000] {dag.py:3823} INFO - Setting next_dagrun for latest_only_with_trigger to 2025-04-17 16:00:00+00:00, run_after=2025-04-17 20:00:00+00:00
[2025-04-17T22:51:25.267+0000] {processor.py:183} INFO - Processing /home/airflow/.local/lib/python3.8/site-packages/airflow/example_dags/example_latest_only_with_trigger.py took 0.124 seconds
[2025-04-17T22:51:55.950+0000] {processor.py:161} INFO - Started process (PID=1287) to work on /home/airflow/.local/lib/python3.8/site-packages/airflow/example_dags/example_latest_only_with_trigger.py
[2025-04-17T22:51:55.951+0000] {processor.py:830} INFO - Processing file /home/airflow/.local/lib/python3.8/site-packages/airflow/example_dags/example_latest_only_with_trigger.py for tasks to queue
[2025-04-17T22:51:55.954+0000] {logging_mixin.py:188} INFO - [2025-04-17T22:51:55.954+0000] {dagbag.py:538} INFO - Filling up the DagBag from /home/airflow/.local/lib/python3.8/site-packages/airflow/example_dags/example_latest_only_with_trigger.py
[2025-04-17T22:51:55.963+0000] {processor.py:840} INFO - DAG(s) 'latest_only_with_trigger' retrieved from /home/airflow/.local/lib/python3.8/site-packages/airflow/example_dags/example_latest_only_with_trigger.py
[2025-04-17T22:51:55.997+0000] {logging_mixin.py:188} INFO - [2025-04-17T22:51:55.996+0000] {dag.py:3036} INFO - Sync 1 DAGs
[2025-04-17T22:51:56.029+0000] {logging_mixin.py:188} INFO - [2025-04-17T22:51:56.029+0000] {dag.py:3823} INFO - Setting next_dagrun for latest_only_with_trigger to 2025-04-17 16:00:00+00:00, run_after=2025-04-17 20:00:00+00:00
[2025-04-17T22:51:56.061+0000] {processor.py:183} INFO - Processing /home/airflow/.local/lib/python3.8/site-packages/airflow/example_dags/example_latest_only_with_trigger.py took 0.117 seconds
[2025-04-17T22:52:27.238+0000] {processor.py:161} INFO - Started process (PID=1342) to work on /home/airflow/.local/lib/python3.8/site-packages/airflow/example_dags/example_latest_only_with_trigger.py
[2025-04-17T22:52:27.242+0000] {processor.py:830} INFO - Processing file /home/airflow/.local/lib/python3.8/site-packages/airflow/example_dags/example_latest_only_with_trigger.py for tasks to queue
[2025-04-17T22:52:27.248+0000] {logging_mixin.py:188} INFO - [2025-04-17T22:52:27.247+0000] {dagbag.py:538} INFO - Filling up the DagBag from /home/airflow/.local/lib/python3.8/site-packages/airflow/example_dags/example_latest_only_with_trigger.py
[2025-04-17T22:52:27.261+0000] {processor.py:840} INFO - DAG(s) 'latest_only_with_trigger' retrieved from /home/airflow/.local/lib/python3.8/site-packages/airflow/example_dags/example_latest_only_with_trigger.py
[2025-04-17T22:52:27.315+0000] {logging_mixin.py:188} INFO - [2025-04-17T22:52:27.314+0000] {dag.py:3036} INFO - Sync 1 DAGs
[2025-04-17T22:52:27.370+0000] {logging_mixin.py:188} INFO - [2025-04-17T22:52:27.368+0000] {dag.py:3823} INFO - Setting next_dagrun for latest_only_with_trigger to 2025-04-17 16:00:00+00:00, run_after=2025-04-17 20:00:00+00:00
[2025-04-17T22:52:27.417+0000] {processor.py:183} INFO - Processing /home/airflow/.local/lib/python3.8/site-packages/airflow/example_dags/example_latest_only_with_trigger.py took 0.186 seconds
[2025-04-17T22:52:57.901+0000] {processor.py:161} INFO - Started process (PID=1397) to work on /home/airflow/.local/lib/python3.8/site-packages/airflow/example_dags/example_latest_only_with_trigger.py
[2025-04-17T22:52:57.904+0000] {processor.py:830} INFO - Processing file /home/airflow/.local/lib/python3.8/site-packages/airflow/example_dags/example_latest_only_with_trigger.py for tasks to queue
[2025-04-17T22:52:57.907+0000] {logging_mixin.py:188} INFO - [2025-04-17T22:52:57.907+0000] {dagbag.py:538} INFO - Filling up the DagBag from /home/airflow/.local/lib/python3.8/site-packages/airflow/example_dags/example_latest_only_with_trigger.py
[2025-04-17T22:52:57.918+0000] {processor.py:840} INFO - DAG(s) 'latest_only_with_trigger' retrieved from /home/airflow/.local/lib/python3.8/site-packages/airflow/example_dags/example_latest_only_with_trigger.py
[2025-04-17T22:52:57.960+0000] {logging_mixin.py:188} INFO - [2025-04-17T22:52:57.960+0000] {dag.py:3036} INFO - Sync 1 DAGs
[2025-04-17T22:52:58.004+0000] {logging_mixin.py:188} INFO - [2025-04-17T22:52:58.004+0000] {dag.py:3823} INFO - Setting next_dagrun for latest_only_with_trigger to 2025-04-17 16:00:00+00:00, run_after=2025-04-17 20:00:00+00:00
[2025-04-17T22:52:58.043+0000] {processor.py:183} INFO - Processing /home/airflow/.local/lib/python3.8/site-packages/airflow/example_dags/example_latest_only_with_trigger.py took 0.148 seconds
[2025-04-17T22:53:28.096+0000] {processor.py:161} INFO - Started process (PID=1451) to work on /home/airflow/.local/lib/python3.8/site-packages/airflow/example_dags/example_latest_only_with_trigger.py
[2025-04-17T22:53:28.098+0000] {processor.py:830} INFO - Processing file /home/airflow/.local/lib/python3.8/site-packages/airflow/example_dags/example_latest_only_with_trigger.py for tasks to queue
[2025-04-17T22:53:28.102+0000] {logging_mixin.py:188} INFO - [2025-04-17T22:53:28.102+0000] {dagbag.py:538} INFO - Filling up the DagBag from /home/airflow/.local/lib/python3.8/site-packages/airflow/example_dags/example_latest_only_with_trigger.py
[2025-04-17T22:53:28.112+0000] {processor.py:840} INFO - DAG(s) 'latest_only_with_trigger' retrieved from /home/airflow/.local/lib/python3.8/site-packages/airflow/example_dags/example_latest_only_with_trigger.py
[2025-04-17T22:53:28.148+0000] {logging_mixin.py:188} INFO - [2025-04-17T22:53:28.148+0000] {dag.py:3036} INFO - Sync 1 DAGs
[2025-04-17T22:53:28.185+0000] {logging_mixin.py:188} INFO - [2025-04-17T22:53:28.184+0000] {dag.py:3823} INFO - Setting next_dagrun for latest_only_with_trigger to 2025-04-17 16:00:00+00:00, run_after=2025-04-17 20:00:00+00:00
[2025-04-17T22:53:28.213+0000] {processor.py:183} INFO - Processing /home/airflow/.local/lib/python3.8/site-packages/airflow/example_dags/example_latest_only_with_trigger.py took 0.123 seconds
[2025-04-17T22:53:58.376+0000] {processor.py:161} INFO - Started process (PID=1506) to work on /home/airflow/.local/lib/python3.8/site-packages/airflow/example_dags/example_latest_only_with_trigger.py
[2025-04-17T22:53:58.377+0000] {processor.py:830} INFO - Processing file /home/airflow/.local/lib/python3.8/site-packages/airflow/example_dags/example_latest_only_with_trigger.py for tasks to queue
[2025-04-17T22:53:58.380+0000] {logging_mixin.py:188} INFO - [2025-04-17T22:53:58.380+0000] {dagbag.py:538} INFO - Filling up the DagBag from /home/airflow/.local/lib/python3.8/site-packages/airflow/example_dags/example_latest_only_with_trigger.py
[2025-04-17T22:53:58.390+0000] {processor.py:840} INFO - DAG(s) 'latest_only_with_trigger' retrieved from /home/airflow/.local/lib/python3.8/site-packages/airflow/example_dags/example_latest_only_with_trigger.py
[2025-04-17T22:53:58.423+0000] {logging_mixin.py:188} INFO - [2025-04-17T22:53:58.423+0000] {dag.py:3036} INFO - Sync 1 DAGs
[2025-04-17T22:53:58.458+0000] {logging_mixin.py:188} INFO - [2025-04-17T22:53:58.457+0000] {dag.py:3823} INFO - Setting next_dagrun for latest_only_with_trigger to 2025-04-17 16:00:00+00:00, run_after=2025-04-17 20:00:00+00:00
[2025-04-17T22:53:58.485+0000] {processor.py:183} INFO - Processing /home/airflow/.local/lib/python3.8/site-packages/airflow/example_dags/example_latest_only_with_trigger.py took 0.114 seconds
