[2025-04-17T22:40:46.193+0000] {processor.py:161} INFO - Started process (PID=86) to work on /home/airflow/.local/lib/python3.8/site-packages/airflow/example_dags/example_branch_python_dop_operator_3.py
[2025-04-17T22:40:46.196+0000] {processor.py:830} INFO - Processing file /home/airflow/.local/lib/python3.8/site-packages/airflow/example_dags/example_branch_python_dop_operator_3.py for tasks to queue
[2025-04-17T22:40:46.199+0000] {logging_mixin.py:188} INFO - [2025-04-17T22:40:46.199+0000] {dagbag.py:538} INFO - Filling up the DagBag from /home/airflow/.local/lib/python3.8/site-packages/airflow/example_dags/example_branch_python_dop_operator_3.py
[2025-04-17T22:40:46.221+0000] {processor.py:840} INFO - DAG(s) 'example_branch_dop_operator_v3' retrieved from /home/airflow/.local/lib/python3.8/site-packages/airflow/example_dags/example_branch_python_dop_operator_3.py
[2025-04-17T22:40:46.522+0000] {logging_mixin.py:188} INFO - [2025-04-17T22:40:46.521+0000] {dag.py:3036} INFO - Sync 1 DAGs
[2025-04-17T22:40:46.572+0000] {logging_mixin.py:188} INFO - [2025-04-17T22:40:46.572+0000] {dag.py:3823} INFO - Setting next_dagrun for example_branch_dop_operator_v3 to 2025-04-17 22:39:00+00:00, run_after=2025-04-17 22:40:00+00:00
[2025-04-17T22:40:46.620+0000] {processor.py:183} INFO - Processing /home/airflow/.local/lib/python3.8/site-packages/airflow/example_dags/example_branch_python_dop_operator_3.py took 0.434 seconds
[2025-04-17T22:41:17.433+0000] {processor.py:161} INFO - Started process (PID=141) to work on /home/airflow/.local/lib/python3.8/site-packages/airflow/example_dags/example_branch_python_dop_operator_3.py
[2025-04-17T22:41:17.434+0000] {processor.py:830} INFO - Processing file /home/airflow/.local/lib/python3.8/site-packages/airflow/example_dags/example_branch_python_dop_operator_3.py for tasks to queue
[2025-04-17T22:41:17.437+0000] {logging_mixin.py:188} INFO - [2025-04-17T22:41:17.436+0000] {dagbag.py:538} INFO - Filling up the DagBag from /home/airflow/.local/lib/python3.8/site-packages/airflow/example_dags/example_branch_python_dop_operator_3.py
[2025-04-17T22:41:17.452+0000] {processor.py:840} INFO - DAG(s) 'example_branch_dop_operator_v3' retrieved from /home/airflow/.local/lib/python3.8/site-packages/airflow/example_dags/example_branch_python_dop_operator_3.py
[2025-04-17T22:41:17.490+0000] {logging_mixin.py:188} INFO - [2025-04-17T22:41:17.489+0000] {dag.py:3036} INFO - Sync 1 DAGs
[2025-04-17T22:41:17.533+0000] {logging_mixin.py:188} INFO - [2025-04-17T22:41:17.532+0000] {dag.py:3823} INFO - Setting next_dagrun for example_branch_dop_operator_v3 to 2025-04-17 22:40:00+00:00, run_after=2025-04-17 22:41:00+00:00
[2025-04-17T22:41:17.568+0000] {processor.py:183} INFO - Processing /home/airflow/.local/lib/python3.8/site-packages/airflow/example_dags/example_branch_python_dop_operator_3.py took 0.141 seconds
[2025-04-17T22:41:48.179+0000] {processor.py:161} INFO - Started process (PID=197) to work on /home/airflow/.local/lib/python3.8/site-packages/airflow/example_dags/example_branch_python_dop_operator_3.py
[2025-04-17T22:41:48.181+0000] {processor.py:830} INFO - Processing file /home/airflow/.local/lib/python3.8/site-packages/airflow/example_dags/example_branch_python_dop_operator_3.py for tasks to queue
[2025-04-17T22:41:48.185+0000] {logging_mixin.py:188} INFO - [2025-04-17T22:41:48.184+0000] {dagbag.py:538} INFO - Filling up the DagBag from /home/airflow/.local/lib/python3.8/site-packages/airflow/example_dags/example_branch_python_dop_operator_3.py
[2025-04-17T22:41:48.202+0000] {processor.py:840} INFO - DAG(s) 'example_branch_dop_operator_v3' retrieved from /home/airflow/.local/lib/python3.8/site-packages/airflow/example_dags/example_branch_python_dop_operator_3.py
[2025-04-17T22:41:48.243+0000] {logging_mixin.py:188} INFO - [2025-04-17T22:41:48.243+0000] {dag.py:3036} INFO - Sync 1 DAGs
[2025-04-17T22:41:48.297+0000] {logging_mixin.py:188} INFO - [2025-04-17T22:41:48.296+0000] {dag.py:3823} INFO - Setting next_dagrun for example_branch_dop_operator_v3 to 2025-04-17 22:40:00+00:00, run_after=2025-04-17 22:41:00+00:00
[2025-04-17T22:41:48.336+0000] {processor.py:183} INFO - Processing /home/airflow/.local/lib/python3.8/site-packages/airflow/example_dags/example_branch_python_dop_operator_3.py took 0.166 seconds
[2025-04-17T22:42:18.657+0000] {processor.py:161} INFO - Started process (PID=252) to work on /home/airflow/.local/lib/python3.8/site-packages/airflow/example_dags/example_branch_python_dop_operator_3.py
[2025-04-17T22:42:18.659+0000] {processor.py:830} INFO - Processing file /home/airflow/.local/lib/python3.8/site-packages/airflow/example_dags/example_branch_python_dop_operator_3.py for tasks to queue
[2025-04-17T22:42:18.662+0000] {logging_mixin.py:188} INFO - [2025-04-17T22:42:18.662+0000] {dagbag.py:538} INFO - Filling up the DagBag from /home/airflow/.local/lib/python3.8/site-packages/airflow/example_dags/example_branch_python_dop_operator_3.py
[2025-04-17T22:42:18.678+0000] {processor.py:840} INFO - DAG(s) 'example_branch_dop_operator_v3' retrieved from /home/airflow/.local/lib/python3.8/site-packages/airflow/example_dags/example_branch_python_dop_operator_3.py
[2025-04-17T22:42:18.720+0000] {logging_mixin.py:188} INFO - [2025-04-17T22:42:18.720+0000] {dag.py:3036} INFO - Sync 1 DAGs
[2025-04-17T22:42:18.786+0000] {logging_mixin.py:188} INFO - [2025-04-17T22:42:18.786+0000] {dag.py:3823} INFO - Setting next_dagrun for example_branch_dop_operator_v3 to 2025-04-17 22:41:00+00:00, run_after=2025-04-17 22:42:00+00:00
[2025-04-17T22:42:18.840+0000] {processor.py:183} INFO - Processing /home/airflow/.local/lib/python3.8/site-packages/airflow/example_dags/example_branch_python_dop_operator_3.py took 0.189 seconds
[2025-04-17T22:42:49.133+0000] {processor.py:161} INFO - Started process (PID=307) to work on /home/airflow/.local/lib/python3.8/site-packages/airflow/example_dags/example_branch_python_dop_operator_3.py
[2025-04-17T22:42:49.135+0000] {processor.py:830} INFO - Processing file /home/airflow/.local/lib/python3.8/site-packages/airflow/example_dags/example_branch_python_dop_operator_3.py for tasks to queue
[2025-04-17T22:42:49.138+0000] {logging_mixin.py:188} INFO - [2025-04-17T22:42:49.137+0000] {dagbag.py:538} INFO - Filling up the DagBag from /home/airflow/.local/lib/python3.8/site-packages/airflow/example_dags/example_branch_python_dop_operator_3.py
[2025-04-17T22:42:49.153+0000] {processor.py:840} INFO - DAG(s) 'example_branch_dop_operator_v3' retrieved from /home/airflow/.local/lib/python3.8/site-packages/airflow/example_dags/example_branch_python_dop_operator_3.py
[2025-04-17T22:42:49.187+0000] {logging_mixin.py:188} INFO - [2025-04-17T22:42:49.186+0000] {dag.py:3036} INFO - Sync 1 DAGs
[2025-04-17T22:42:49.236+0000] {logging_mixin.py:188} INFO - [2025-04-17T22:42:49.236+0000] {dag.py:3823} INFO - Setting next_dagrun for example_branch_dop_operator_v3 to 2025-04-17 22:41:00+00:00, run_after=2025-04-17 22:42:00+00:00
[2025-04-17T22:42:49.271+0000] {processor.py:183} INFO - Processing /home/airflow/.local/lib/python3.8/site-packages/airflow/example_dags/example_branch_python_dop_operator_3.py took 0.143 seconds
[2025-04-17T22:43:19.860+0000] {processor.py:161} INFO - Started process (PID=362) to work on /home/airflow/.local/lib/python3.8/site-packages/airflow/example_dags/example_branch_python_dop_operator_3.py
[2025-04-17T22:43:19.862+0000] {processor.py:830} INFO - Processing file /home/airflow/.local/lib/python3.8/site-packages/airflow/example_dags/example_branch_python_dop_operator_3.py for tasks to queue
[2025-04-17T22:43:19.865+0000] {logging_mixin.py:188} INFO - [2025-04-17T22:43:19.864+0000] {dagbag.py:538} INFO - Filling up the DagBag from /home/airflow/.local/lib/python3.8/site-packages/airflow/example_dags/example_branch_python_dop_operator_3.py
[2025-04-17T22:43:19.880+0000] {processor.py:840} INFO - DAG(s) 'example_branch_dop_operator_v3' retrieved from /home/airflow/.local/lib/python3.8/site-packages/airflow/example_dags/example_branch_python_dop_operator_3.py
[2025-04-17T22:43:19.919+0000] {logging_mixin.py:188} INFO - [2025-04-17T22:43:19.919+0000] {dag.py:3036} INFO - Sync 1 DAGs
[2025-04-17T22:43:19.963+0000] {logging_mixin.py:188} INFO - [2025-04-17T22:43:19.963+0000] {dag.py:3823} INFO - Setting next_dagrun for example_branch_dop_operator_v3 to 2025-04-17 22:42:00+00:00, run_after=2025-04-17 22:43:00+00:00
[2025-04-17T22:43:19.993+0000] {processor.py:183} INFO - Processing /home/airflow/.local/lib/python3.8/site-packages/airflow/example_dags/example_branch_python_dop_operator_3.py took 0.139 seconds
[2025-04-17T22:43:50.122+0000] {processor.py:161} INFO - Started process (PID=417) to work on /home/airflow/.local/lib/python3.8/site-packages/airflow/example_dags/example_branch_python_dop_operator_3.py
[2025-04-17T22:43:50.124+0000] {processor.py:830} INFO - Processing file /home/airflow/.local/lib/python3.8/site-packages/airflow/example_dags/example_branch_python_dop_operator_3.py for tasks to queue
[2025-04-17T22:43:50.127+0000] {logging_mixin.py:188} INFO - [2025-04-17T22:43:50.126+0000] {dagbag.py:538} INFO - Filling up the DagBag from /home/airflow/.local/lib/python3.8/site-packages/airflow/example_dags/example_branch_python_dop_operator_3.py
[2025-04-17T22:43:50.144+0000] {processor.py:840} INFO - DAG(s) 'example_branch_dop_operator_v3' retrieved from /home/airflow/.local/lib/python3.8/site-packages/airflow/example_dags/example_branch_python_dop_operator_3.py
[2025-04-17T22:43:50.189+0000] {logging_mixin.py:188} INFO - [2025-04-17T22:43:50.188+0000] {dag.py:3036} INFO - Sync 1 DAGs
[2025-04-17T22:43:50.240+0000] {logging_mixin.py:188} INFO - [2025-04-17T22:43:50.240+0000] {dag.py:3823} INFO - Setting next_dagrun for example_branch_dop_operator_v3 to 2025-04-17 22:42:00+00:00, run_after=2025-04-17 22:43:00+00:00
[2025-04-17T22:43:50.270+0000] {processor.py:183} INFO - Processing /home/airflow/.local/lib/python3.8/site-packages/airflow/example_dags/example_branch_python_dop_operator_3.py took 0.154 seconds
[2025-04-17T22:44:21.063+0000] {processor.py:161} INFO - Started process (PID=472) to work on /home/airflow/.local/lib/python3.8/site-packages/airflow/example_dags/example_branch_python_dop_operator_3.py
[2025-04-17T22:44:21.065+0000] {processor.py:830} INFO - Processing file /home/airflow/.local/lib/python3.8/site-packages/airflow/example_dags/example_branch_python_dop_operator_3.py for tasks to queue
[2025-04-17T22:44:21.068+0000] {logging_mixin.py:188} INFO - [2025-04-17T22:44:21.067+0000] {dagbag.py:538} INFO - Filling up the DagBag from /home/airflow/.local/lib/python3.8/site-packages/airflow/example_dags/example_branch_python_dop_operator_3.py
[2025-04-17T22:44:21.083+0000] {processor.py:840} INFO - DAG(s) 'example_branch_dop_operator_v3' retrieved from /home/airflow/.local/lib/python3.8/site-packages/airflow/example_dags/example_branch_python_dop_operator_3.py
[2025-04-17T22:44:21.116+0000] {logging_mixin.py:188} INFO - [2025-04-17T22:44:21.116+0000] {dag.py:3036} INFO - Sync 1 DAGs
[2025-04-17T22:44:21.159+0000] {logging_mixin.py:188} INFO - [2025-04-17T22:44:21.158+0000] {dag.py:3823} INFO - Setting next_dagrun for example_branch_dop_operator_v3 to 2025-04-17 22:43:00+00:00, run_after=2025-04-17 22:44:00+00:00
[2025-04-17T22:44:21.187+0000] {processor.py:183} INFO - Processing /home/airflow/.local/lib/python3.8/site-packages/airflow/example_dags/example_branch_python_dop_operator_3.py took 0.129 seconds
[2025-04-17T22:44:51.872+0000] {processor.py:161} INFO - Started process (PID=527) to work on /home/airflow/.local/lib/python3.8/site-packages/airflow/example_dags/example_branch_python_dop_operator_3.py
[2025-04-17T22:44:51.874+0000] {processor.py:830} INFO - Processing file /home/airflow/.local/lib/python3.8/site-packages/airflow/example_dags/example_branch_python_dop_operator_3.py for tasks to queue
[2025-04-17T22:44:51.877+0000] {logging_mixin.py:188} INFO - [2025-04-17T22:44:51.877+0000] {dagbag.py:538} INFO - Filling up the DagBag from /home/airflow/.local/lib/python3.8/site-packages/airflow/example_dags/example_branch_python_dop_operator_3.py
[2025-04-17T22:44:51.891+0000] {processor.py:840} INFO - DAG(s) 'example_branch_dop_operator_v3' retrieved from /home/airflow/.local/lib/python3.8/site-packages/airflow/example_dags/example_branch_python_dop_operator_3.py
[2025-04-17T22:44:51.929+0000] {logging_mixin.py:188} INFO - [2025-04-17T22:44:51.929+0000] {dag.py:3036} INFO - Sync 1 DAGs
[2025-04-17T22:44:51.970+0000] {logging_mixin.py:188} INFO - [2025-04-17T22:44:51.970+0000] {dag.py:3823} INFO - Setting next_dagrun for example_branch_dop_operator_v3 to 2025-04-17 22:43:00+00:00, run_after=2025-04-17 22:44:00+00:00
[2025-04-17T22:44:51.999+0000] {processor.py:183} INFO - Processing /home/airflow/.local/lib/python3.8/site-packages/airflow/example_dags/example_branch_python_dop_operator_3.py took 0.132 seconds
[2025-04-17T22:45:22.386+0000] {processor.py:161} INFO - Started process (PID=582) to work on /home/airflow/.local/lib/python3.8/site-packages/airflow/example_dags/example_branch_python_dop_operator_3.py
[2025-04-17T22:45:22.388+0000] {processor.py:830} INFO - Processing file /home/airflow/.local/lib/python3.8/site-packages/airflow/example_dags/example_branch_python_dop_operator_3.py for tasks to queue
[2025-04-17T22:45:22.391+0000] {logging_mixin.py:188} INFO - [2025-04-17T22:45:22.390+0000] {dagbag.py:538} INFO - Filling up the DagBag from /home/airflow/.local/lib/python3.8/site-packages/airflow/example_dags/example_branch_python_dop_operator_3.py
[2025-04-17T22:45:22.410+0000] {processor.py:840} INFO - DAG(s) 'example_branch_dop_operator_v3' retrieved from /home/airflow/.local/lib/python3.8/site-packages/airflow/example_dags/example_branch_python_dop_operator_3.py
[2025-04-17T22:45:22.445+0000] {logging_mixin.py:188} INFO - [2025-04-17T22:45:22.445+0000] {dag.py:3036} INFO - Sync 1 DAGs
[2025-04-17T22:45:22.488+0000] {logging_mixin.py:188} INFO - [2025-04-17T22:45:22.488+0000] {dag.py:3823} INFO - Setting next_dagrun for example_branch_dop_operator_v3 to 2025-04-17 22:44:00+00:00, run_after=2025-04-17 22:45:00+00:00
[2025-04-17T22:45:22.523+0000] {processor.py:183} INFO - Processing /home/airflow/.local/lib/python3.8/site-packages/airflow/example_dags/example_branch_python_dop_operator_3.py took 0.142 seconds
[2025-04-17T22:45:52.947+0000] {processor.py:161} INFO - Started process (PID=637) to work on /home/airflow/.local/lib/python3.8/site-packages/airflow/example_dags/example_branch_python_dop_operator_3.py
[2025-04-17T22:45:52.949+0000] {processor.py:830} INFO - Processing file /home/airflow/.local/lib/python3.8/site-packages/airflow/example_dags/example_branch_python_dop_operator_3.py for tasks to queue
[2025-04-17T22:45:52.952+0000] {logging_mixin.py:188} INFO - [2025-04-17T22:45:52.951+0000] {dagbag.py:538} INFO - Filling up the DagBag from /home/airflow/.local/lib/python3.8/site-packages/airflow/example_dags/example_branch_python_dop_operator_3.py
[2025-04-17T22:45:52.967+0000] {processor.py:840} INFO - DAG(s) 'example_branch_dop_operator_v3' retrieved from /home/airflow/.local/lib/python3.8/site-packages/airflow/example_dags/example_branch_python_dop_operator_3.py
[2025-04-17T22:45:53.004+0000] {logging_mixin.py:188} INFO - [2025-04-17T22:45:53.004+0000] {dag.py:3036} INFO - Sync 1 DAGs
[2025-04-17T22:45:53.048+0000] {logging_mixin.py:188} INFO - [2025-04-17T22:45:53.047+0000] {dag.py:3823} INFO - Setting next_dagrun for example_branch_dop_operator_v3 to 2025-04-17 22:44:00+00:00, run_after=2025-04-17 22:45:00+00:00
[2025-04-17T22:45:53.075+0000] {processor.py:183} INFO - Processing /home/airflow/.local/lib/python3.8/site-packages/airflow/example_dags/example_branch_python_dop_operator_3.py took 0.133 seconds
[2025-04-17T22:46:23.377+0000] {processor.py:161} INFO - Started process (PID=692) to work on /home/airflow/.local/lib/python3.8/site-packages/airflow/example_dags/example_branch_python_dop_operator_3.py
[2025-04-17T22:46:23.378+0000] {processor.py:830} INFO - Processing file /home/airflow/.local/lib/python3.8/site-packages/airflow/example_dags/example_branch_python_dop_operator_3.py for tasks to queue
[2025-04-17T22:46:23.381+0000] {logging_mixin.py:188} INFO - [2025-04-17T22:46:23.381+0000] {dagbag.py:538} INFO - Filling up the DagBag from /home/airflow/.local/lib/python3.8/site-packages/airflow/example_dags/example_branch_python_dop_operator_3.py
[2025-04-17T22:46:23.396+0000] {processor.py:840} INFO - DAG(s) 'example_branch_dop_operator_v3' retrieved from /home/airflow/.local/lib/python3.8/site-packages/airflow/example_dags/example_branch_python_dop_operator_3.py
[2025-04-17T22:46:23.429+0000] {logging_mixin.py:188} INFO - [2025-04-17T22:46:23.429+0000] {dag.py:3036} INFO - Sync 1 DAGs
[2025-04-17T22:46:23.471+0000] {logging_mixin.py:188} INFO - [2025-04-17T22:46:23.470+0000] {dag.py:3823} INFO - Setting next_dagrun for example_branch_dop_operator_v3 to 2025-04-17 22:45:00+00:00, run_after=2025-04-17 22:46:00+00:00
[2025-04-17T22:46:23.499+0000] {processor.py:183} INFO - Processing /home/airflow/.local/lib/python3.8/site-packages/airflow/example_dags/example_branch_python_dop_operator_3.py took 0.128 seconds
[2025-04-17T22:46:54.127+0000] {processor.py:161} INFO - Started process (PID=747) to work on /home/airflow/.local/lib/python3.8/site-packages/airflow/example_dags/example_branch_python_dop_operator_3.py
[2025-04-17T22:46:54.129+0000] {processor.py:830} INFO - Processing file /home/airflow/.local/lib/python3.8/site-packages/airflow/example_dags/example_branch_python_dop_operator_3.py for tasks to queue
[2025-04-17T22:46:54.132+0000] {logging_mixin.py:188} INFO - [2025-04-17T22:46:54.132+0000] {dagbag.py:538} INFO - Filling up the DagBag from /home/airflow/.local/lib/python3.8/site-packages/airflow/example_dags/example_branch_python_dop_operator_3.py
[2025-04-17T22:46:54.153+0000] {processor.py:840} INFO - DAG(s) 'example_branch_dop_operator_v3' retrieved from /home/airflow/.local/lib/python3.8/site-packages/airflow/example_dags/example_branch_python_dop_operator_3.py
[2025-04-17T22:46:54.189+0000] {logging_mixin.py:188} INFO - [2025-04-17T22:46:54.188+0000] {dag.py:3036} INFO - Sync 1 DAGs
[2025-04-17T22:46:54.259+0000] {logging_mixin.py:188} INFO - [2025-04-17T22:46:54.259+0000] {dag.py:3823} INFO - Setting next_dagrun for example_branch_dop_operator_v3 to 2025-04-17 22:45:00+00:00, run_after=2025-04-17 22:46:00+00:00
[2025-04-17T22:46:54.295+0000] {processor.py:183} INFO - Processing /home/airflow/.local/lib/python3.8/site-packages/airflow/example_dags/example_branch_python_dop_operator_3.py took 0.174 seconds
[2025-04-17T22:47:24.681+0000] {processor.py:161} INFO - Started process (PID=802) to work on /home/airflow/.local/lib/python3.8/site-packages/airflow/example_dags/example_branch_python_dop_operator_3.py
[2025-04-17T22:47:24.683+0000] {processor.py:830} INFO - Processing file /home/airflow/.local/lib/python3.8/site-packages/airflow/example_dags/example_branch_python_dop_operator_3.py for tasks to queue
[2025-04-17T22:47:24.686+0000] {logging_mixin.py:188} INFO - [2025-04-17T22:47:24.686+0000] {dagbag.py:538} INFO - Filling up the DagBag from /home/airflow/.local/lib/python3.8/site-packages/airflow/example_dags/example_branch_python_dop_operator_3.py
[2025-04-17T22:47:24.702+0000] {processor.py:840} INFO - DAG(s) 'example_branch_dop_operator_v3' retrieved from /home/airflow/.local/lib/python3.8/site-packages/airflow/example_dags/example_branch_python_dop_operator_3.py
[2025-04-17T22:47:24.737+0000] {logging_mixin.py:188} INFO - [2025-04-17T22:47:24.737+0000] {dag.py:3036} INFO - Sync 1 DAGs
[2025-04-17T22:47:24.796+0000] {logging_mixin.py:188} INFO - [2025-04-17T22:47:24.796+0000] {dag.py:3823} INFO - Setting next_dagrun for example_branch_dop_operator_v3 to 2025-04-17 22:46:00+00:00, run_after=2025-04-17 22:47:00+00:00
[2025-04-17T22:47:24.836+0000] {processor.py:183} INFO - Processing /home/airflow/.local/lib/python3.8/site-packages/airflow/example_dags/example_branch_python_dop_operator_3.py took 0.161 seconds
[2025-04-17T22:47:54.973+0000] {processor.py:161} INFO - Started process (PID=857) to work on /home/airflow/.local/lib/python3.8/site-packages/airflow/example_dags/example_branch_python_dop_operator_3.py
[2025-04-17T22:47:54.976+0000] {processor.py:830} INFO - Processing file /home/airflow/.local/lib/python3.8/site-packages/airflow/example_dags/example_branch_python_dop_operator_3.py for tasks to queue
[2025-04-17T22:47:54.980+0000] {logging_mixin.py:188} INFO - [2025-04-17T22:47:54.979+0000] {dagbag.py:538} INFO - Filling up the DagBag from /home/airflow/.local/lib/python3.8/site-packages/airflow/example_dags/example_branch_python_dop_operator_3.py
[2025-04-17T22:47:54.998+0000] {processor.py:840} INFO - DAG(s) 'example_branch_dop_operator_v3' retrieved from /home/airflow/.local/lib/python3.8/site-packages/airflow/example_dags/example_branch_python_dop_operator_3.py
[2025-04-17T22:47:55.020+0000] {logging_mixin.py:188} INFO - [2025-04-17T22:47:55.020+0000] {dag.py:3036} INFO - Sync 1 DAGs
[2025-04-17T22:47:55.074+0000] {logging_mixin.py:188} INFO - [2025-04-17T22:47:55.074+0000] {dag.py:3823} INFO - Setting next_dagrun for example_branch_dop_operator_v3 to 2025-04-17 22:46:00+00:00, run_after=2025-04-17 22:47:00+00:00
[2025-04-17T22:47:55.106+0000] {processor.py:183} INFO - Processing /home/airflow/.local/lib/python3.8/site-packages/airflow/example_dags/example_branch_python_dop_operator_3.py took 0.140 seconds
[2025-04-17T22:48:25.235+0000] {processor.py:161} INFO - Started process (PID=912) to work on /home/airflow/.local/lib/python3.8/site-packages/airflow/example_dags/example_branch_python_dop_operator_3.py
[2025-04-17T22:48:25.237+0000] {processor.py:830} INFO - Processing file /home/airflow/.local/lib/python3.8/site-packages/airflow/example_dags/example_branch_python_dop_operator_3.py for tasks to queue
[2025-04-17T22:48:25.240+0000] {logging_mixin.py:188} INFO - [2025-04-17T22:48:25.240+0000] {dagbag.py:538} INFO - Filling up the DagBag from /home/airflow/.local/lib/python3.8/site-packages/airflow/example_dags/example_branch_python_dop_operator_3.py
[2025-04-17T22:48:25.256+0000] {processor.py:840} INFO - DAG(s) 'example_branch_dop_operator_v3' retrieved from /home/airflow/.local/lib/python3.8/site-packages/airflow/example_dags/example_branch_python_dop_operator_3.py
[2025-04-17T22:48:25.414+0000] {logging_mixin.py:188} INFO - [2025-04-17T22:48:25.414+0000] {dag.py:3036} INFO - Sync 1 DAGs
[2025-04-17T22:48:25.456+0000] {logging_mixin.py:188} INFO - [2025-04-17T22:48:25.456+0000] {dag.py:3823} INFO - Setting next_dagrun for example_branch_dop_operator_v3 to 2025-04-17 22:47:00+00:00, run_after=2025-04-17 22:48:00+00:00
[2025-04-17T22:48:25.485+0000] {processor.py:183} INFO - Processing /home/airflow/.local/lib/python3.8/site-packages/airflow/example_dags/example_branch_python_dop_operator_3.py took 0.255 seconds
[2025-04-17T22:48:56.002+0000] {processor.py:161} INFO - Started process (PID=967) to work on /home/airflow/.local/lib/python3.8/site-packages/airflow/example_dags/example_branch_python_dop_operator_3.py
[2025-04-17T22:48:56.004+0000] {processor.py:830} INFO - Processing file /home/airflow/.local/lib/python3.8/site-packages/airflow/example_dags/example_branch_python_dop_operator_3.py for tasks to queue
[2025-04-17T22:48:56.007+0000] {logging_mixin.py:188} INFO - [2025-04-17T22:48:56.006+0000] {dagbag.py:538} INFO - Filling up the DagBag from /home/airflow/.local/lib/python3.8/site-packages/airflow/example_dags/example_branch_python_dop_operator_3.py
[2025-04-17T22:48:56.024+0000] {processor.py:840} INFO - DAG(s) 'example_branch_dop_operator_v3' retrieved from /home/airflow/.local/lib/python3.8/site-packages/airflow/example_dags/example_branch_python_dop_operator_3.py
[2025-04-17T22:48:56.058+0000] {logging_mixin.py:188} INFO - [2025-04-17T22:48:56.057+0000] {dag.py:3036} INFO - Sync 1 DAGs
[2025-04-17T22:48:56.104+0000] {logging_mixin.py:188} INFO - [2025-04-17T22:48:56.104+0000] {dag.py:3823} INFO - Setting next_dagrun for example_branch_dop_operator_v3 to 2025-04-17 22:47:00+00:00, run_after=2025-04-17 22:48:00+00:00
[2025-04-17T22:48:56.142+0000] {processor.py:183} INFO - Processing /home/airflow/.local/lib/python3.8/site-packages/airflow/example_dags/example_branch_python_dop_operator_3.py took 0.145 seconds
[2025-04-17T22:49:26.968+0000] {processor.py:161} INFO - Started process (PID=1022) to work on /home/airflow/.local/lib/python3.8/site-packages/airflow/example_dags/example_branch_python_dop_operator_3.py
[2025-04-17T22:49:26.970+0000] {processor.py:830} INFO - Processing file /home/airflow/.local/lib/python3.8/site-packages/airflow/example_dags/example_branch_python_dop_operator_3.py for tasks to queue
[2025-04-17T22:49:26.973+0000] {logging_mixin.py:188} INFO - [2025-04-17T22:49:26.972+0000] {dagbag.py:538} INFO - Filling up the DagBag from /home/airflow/.local/lib/python3.8/site-packages/airflow/example_dags/example_branch_python_dop_operator_3.py
[2025-04-17T22:49:26.987+0000] {processor.py:840} INFO - DAG(s) 'example_branch_dop_operator_v3' retrieved from /home/airflow/.local/lib/python3.8/site-packages/airflow/example_dags/example_branch_python_dop_operator_3.py
[2025-04-17T22:49:27.020+0000] {logging_mixin.py:188} INFO - [2025-04-17T22:49:27.020+0000] {dag.py:3036} INFO - Sync 1 DAGs
[2025-04-17T22:49:27.070+0000] {logging_mixin.py:188} INFO - [2025-04-17T22:49:27.070+0000] {dag.py:3823} INFO - Setting next_dagrun for example_branch_dop_operator_v3 to 2025-04-17 22:48:00+00:00, run_after=2025-04-17 22:49:00+00:00
[2025-04-17T22:49:27.102+0000] {processor.py:183} INFO - Processing /home/airflow/.local/lib/python3.8/site-packages/airflow/example_dags/example_branch_python_dop_operator_3.py took 0.140 seconds
[2025-04-17T22:49:57.261+0000] {processor.py:161} INFO - Started process (PID=1077) to work on /home/airflow/.local/lib/python3.8/site-packages/airflow/example_dags/example_branch_python_dop_operator_3.py
[2025-04-17T22:49:57.262+0000] {processor.py:830} INFO - Processing file /home/airflow/.local/lib/python3.8/site-packages/airflow/example_dags/example_branch_python_dop_operator_3.py for tasks to queue
[2025-04-17T22:49:57.266+0000] {logging_mixin.py:188} INFO - [2025-04-17T22:49:57.265+0000] {dagbag.py:538} INFO - Filling up the DagBag from /home/airflow/.local/lib/python3.8/site-packages/airflow/example_dags/example_branch_python_dop_operator_3.py
[2025-04-17T22:49:57.282+0000] {processor.py:840} INFO - DAG(s) 'example_branch_dop_operator_v3' retrieved from /home/airflow/.local/lib/python3.8/site-packages/airflow/example_dags/example_branch_python_dop_operator_3.py
[2025-04-17T22:49:57.320+0000] {logging_mixin.py:188} INFO - [2025-04-17T22:49:57.320+0000] {dag.py:3036} INFO - Sync 1 DAGs
[2025-04-17T22:49:57.369+0000] {logging_mixin.py:188} INFO - [2025-04-17T22:49:57.369+0000] {dag.py:3823} INFO - Setting next_dagrun for example_branch_dop_operator_v3 to 2025-04-17 22:48:00+00:00, run_after=2025-04-17 22:49:00+00:00
[2025-04-17T22:49:57.399+0000] {processor.py:183} INFO - Processing /home/airflow/.local/lib/python3.8/site-packages/airflow/example_dags/example_branch_python_dop_operator_3.py took 0.144 seconds
[2025-04-17T22:50:28.004+0000] {processor.py:161} INFO - Started process (PID=1132) to work on /home/airflow/.local/lib/python3.8/site-packages/airflow/example_dags/example_branch_python_dop_operator_3.py
[2025-04-17T22:50:28.006+0000] {processor.py:830} INFO - Processing file /home/airflow/.local/lib/python3.8/site-packages/airflow/example_dags/example_branch_python_dop_operator_3.py for tasks to queue
[2025-04-17T22:50:28.010+0000] {logging_mixin.py:188} INFO - [2025-04-17T22:50:28.009+0000] {dagbag.py:538} INFO - Filling up the DagBag from /home/airflow/.local/lib/python3.8/site-packages/airflow/example_dags/example_branch_python_dop_operator_3.py
[2025-04-17T22:50:28.028+0000] {processor.py:840} INFO - DAG(s) 'example_branch_dop_operator_v3' retrieved from /home/airflow/.local/lib/python3.8/site-packages/airflow/example_dags/example_branch_python_dop_operator_3.py
[2025-04-17T22:50:28.067+0000] {logging_mixin.py:188} INFO - [2025-04-17T22:50:28.067+0000] {dag.py:3036} INFO - Sync 1 DAGs
[2025-04-17T22:50:28.119+0000] {logging_mixin.py:188} INFO - [2025-04-17T22:50:28.118+0000] {dag.py:3823} INFO - Setting next_dagrun for example_branch_dop_operator_v3 to 2025-04-17 22:49:00+00:00, run_after=2025-04-17 22:50:00+00:00
[2025-04-17T22:50:28.153+0000] {processor.py:183} INFO - Processing /home/airflow/.local/lib/python3.8/site-packages/airflow/example_dags/example_branch_python_dop_operator_3.py took 0.155 seconds
[2025-04-17T22:50:58.769+0000] {processor.py:161} INFO - Started process (PID=1187) to work on /home/airflow/.local/lib/python3.8/site-packages/airflow/example_dags/example_branch_python_dop_operator_3.py
[2025-04-17T22:50:58.770+0000] {processor.py:830} INFO - Processing file /home/airflow/.local/lib/python3.8/site-packages/airflow/example_dags/example_branch_python_dop_operator_3.py for tasks to queue
[2025-04-17T22:50:58.773+0000] {logging_mixin.py:188} INFO - [2025-04-17T22:50:58.773+0000] {dagbag.py:538} INFO - Filling up the DagBag from /home/airflow/.local/lib/python3.8/site-packages/airflow/example_dags/example_branch_python_dop_operator_3.py
[2025-04-17T22:50:58.788+0000] {processor.py:840} INFO - DAG(s) 'example_branch_dop_operator_v3' retrieved from /home/airflow/.local/lib/python3.8/site-packages/airflow/example_dags/example_branch_python_dop_operator_3.py
[2025-04-17T22:50:58.821+0000] {logging_mixin.py:188} INFO - [2025-04-17T22:50:58.821+0000] {dag.py:3036} INFO - Sync 1 DAGs
[2025-04-17T22:50:58.865+0000] {logging_mixin.py:188} INFO - [2025-04-17T22:50:58.865+0000] {dag.py:3823} INFO - Setting next_dagrun for example_branch_dop_operator_v3 to 2025-04-17 22:49:00+00:00, run_after=2025-04-17 22:50:00+00:00
[2025-04-17T22:50:58.894+0000] {processor.py:183} INFO - Processing /home/airflow/.local/lib/python3.8/site-packages/airflow/example_dags/example_branch_python_dop_operator_3.py took 0.131 seconds
[2025-04-17T22:51:29.017+0000] {processor.py:161} INFO - Started process (PID=1242) to work on /home/airflow/.local/lib/python3.8/site-packages/airflow/example_dags/example_branch_python_dop_operator_3.py
[2025-04-17T22:51:29.019+0000] {processor.py:830} INFO - Processing file /home/airflow/.local/lib/python3.8/site-packages/airflow/example_dags/example_branch_python_dop_operator_3.py for tasks to queue
[2025-04-17T22:51:29.022+0000] {logging_mixin.py:188} INFO - [2025-04-17T22:51:29.021+0000] {dagbag.py:538} INFO - Filling up the DagBag from /home/airflow/.local/lib/python3.8/site-packages/airflow/example_dags/example_branch_python_dop_operator_3.py
[2025-04-17T22:51:29.038+0000] {processor.py:840} INFO - DAG(s) 'example_branch_dop_operator_v3' retrieved from /home/airflow/.local/lib/python3.8/site-packages/airflow/example_dags/example_branch_python_dop_operator_3.py
[2025-04-17T22:51:29.073+0000] {logging_mixin.py:188} INFO - [2025-04-17T22:51:29.073+0000] {dag.py:3036} INFO - Sync 1 DAGs
[2025-04-17T22:51:29.125+0000] {logging_mixin.py:188} INFO - [2025-04-17T22:51:29.125+0000] {dag.py:3823} INFO - Setting next_dagrun for example_branch_dop_operator_v3 to 2025-04-17 22:50:00+00:00, run_after=2025-04-17 22:51:00+00:00
[2025-04-17T22:51:29.156+0000] {processor.py:183} INFO - Processing /home/airflow/.local/lib/python3.8/site-packages/airflow/example_dags/example_branch_python_dop_operator_3.py took 0.145 seconds
[2025-04-17T22:51:59.645+0000] {processor.py:161} INFO - Started process (PID=1297) to work on /home/airflow/.local/lib/python3.8/site-packages/airflow/example_dags/example_branch_python_dop_operator_3.py
[2025-04-17T22:51:59.646+0000] {processor.py:830} INFO - Processing file /home/airflow/.local/lib/python3.8/site-packages/airflow/example_dags/example_branch_python_dop_operator_3.py for tasks to queue
[2025-04-17T22:51:59.649+0000] {logging_mixin.py:188} INFO - [2025-04-17T22:51:59.649+0000] {dagbag.py:538} INFO - Filling up the DagBag from /home/airflow/.local/lib/python3.8/site-packages/airflow/example_dags/example_branch_python_dop_operator_3.py
[2025-04-17T22:51:59.664+0000] {processor.py:840} INFO - DAG(s) 'example_branch_dop_operator_v3' retrieved from /home/airflow/.local/lib/python3.8/site-packages/airflow/example_dags/example_branch_python_dop_operator_3.py
[2025-04-17T22:51:59.699+0000] {logging_mixin.py:188} INFO - [2025-04-17T22:51:59.699+0000] {dag.py:3036} INFO - Sync 1 DAGs
[2025-04-17T22:51:59.747+0000] {logging_mixin.py:188} INFO - [2025-04-17T22:51:59.746+0000] {dag.py:3823} INFO - Setting next_dagrun for example_branch_dop_operator_v3 to 2025-04-17 22:50:00+00:00, run_after=2025-04-17 22:51:00+00:00
[2025-04-17T22:51:59.780+0000] {processor.py:183} INFO - Processing /home/airflow/.local/lib/python3.8/site-packages/airflow/example_dags/example_branch_python_dop_operator_3.py took 0.141 seconds
[2025-04-17T22:52:30.540+0000] {processor.py:161} INFO - Started process (PID=1352) to work on /home/airflow/.local/lib/python3.8/site-packages/airflow/example_dags/example_branch_python_dop_operator_3.py
[2025-04-17T22:52:30.544+0000] {processor.py:830} INFO - Processing file /home/airflow/.local/lib/python3.8/site-packages/airflow/example_dags/example_branch_python_dop_operator_3.py for tasks to queue
[2025-04-17T22:52:30.548+0000] {logging_mixin.py:188} INFO - [2025-04-17T22:52:30.547+0000] {dagbag.py:538} INFO - Filling up the DagBag from /home/airflow/.local/lib/python3.8/site-packages/airflow/example_dags/example_branch_python_dop_operator_3.py
[2025-04-17T22:52:30.577+0000] {processor.py:840} INFO - DAG(s) 'example_branch_dop_operator_v3' retrieved from /home/airflow/.local/lib/python3.8/site-packages/airflow/example_dags/example_branch_python_dop_operator_3.py
[2025-04-17T22:52:30.632+0000] {logging_mixin.py:188} INFO - [2025-04-17T22:52:30.631+0000] {dag.py:3036} INFO - Sync 1 DAGs
[2025-04-17T22:52:30.711+0000] {logging_mixin.py:188} INFO - [2025-04-17T22:52:30.710+0000] {dag.py:3823} INFO - Setting next_dagrun for example_branch_dop_operator_v3 to 2025-04-17 22:51:00+00:00, run_after=2025-04-17 22:52:00+00:00
[2025-04-17T22:52:30.779+0000] {processor.py:183} INFO - Processing /home/airflow/.local/lib/python3.8/site-packages/airflow/example_dags/example_branch_python_dop_operator_3.py took 0.250 seconds
[2025-04-17T22:53:00.843+0000] {processor.py:161} INFO - Started process (PID=1407) to work on /home/airflow/.local/lib/python3.8/site-packages/airflow/example_dags/example_branch_python_dop_operator_3.py
[2025-04-17T22:53:00.844+0000] {processor.py:830} INFO - Processing file /home/airflow/.local/lib/python3.8/site-packages/airflow/example_dags/example_branch_python_dop_operator_3.py for tasks to queue
[2025-04-17T22:53:00.847+0000] {logging_mixin.py:188} INFO - [2025-04-17T22:53:00.847+0000] {dagbag.py:538} INFO - Filling up the DagBag from /home/airflow/.local/lib/python3.8/site-packages/airflow/example_dags/example_branch_python_dop_operator_3.py
[2025-04-17T22:53:00.867+0000] {processor.py:840} INFO - DAG(s) 'example_branch_dop_operator_v3' retrieved from /home/airflow/.local/lib/python3.8/site-packages/airflow/example_dags/example_branch_python_dop_operator_3.py
[2025-04-17T22:53:00.905+0000] {logging_mixin.py:188} INFO - [2025-04-17T22:53:00.904+0000] {dag.py:3036} INFO - Sync 1 DAGs
[2025-04-17T22:53:00.958+0000] {logging_mixin.py:188} INFO - [2025-04-17T22:53:00.958+0000] {dag.py:3823} INFO - Setting next_dagrun for example_branch_dop_operator_v3 to 2025-04-17 22:52:00+00:00, run_after=2025-04-17 22:53:00+00:00
[2025-04-17T22:53:00.990+0000] {processor.py:183} INFO - Processing /home/airflow/.local/lib/python3.8/site-packages/airflow/example_dags/example_branch_python_dop_operator_3.py took 0.153 seconds
[2025-04-17T22:53:31.083+0000] {processor.py:161} INFO - Started process (PID=1462) to work on /home/airflow/.local/lib/python3.8/site-packages/airflow/example_dags/example_branch_python_dop_operator_3.py
[2025-04-17T22:53:31.085+0000] {processor.py:830} INFO - Processing file /home/airflow/.local/lib/python3.8/site-packages/airflow/example_dags/example_branch_python_dop_operator_3.py for tasks to queue
[2025-04-17T22:53:31.088+0000] {logging_mixin.py:188} INFO - [2025-04-17T22:53:31.087+0000] {dagbag.py:538} INFO - Filling up the DagBag from /home/airflow/.local/lib/python3.8/site-packages/airflow/example_dags/example_branch_python_dop_operator_3.py
[2025-04-17T22:53:31.104+0000] {processor.py:840} INFO - DAG(s) 'example_branch_dop_operator_v3' retrieved from /home/airflow/.local/lib/python3.8/site-packages/airflow/example_dags/example_branch_python_dop_operator_3.py
[2025-04-17T22:53:31.140+0000] {logging_mixin.py:188} INFO - [2025-04-17T22:53:31.140+0000] {dag.py:3036} INFO - Sync 1 DAGs
[2025-04-17T22:53:31.184+0000] {logging_mixin.py:188} INFO - [2025-04-17T22:53:31.183+0000] {dag.py:3823} INFO - Setting next_dagrun for example_branch_dop_operator_v3 to 2025-04-17 22:52:00+00:00, run_after=2025-04-17 22:53:00+00:00
[2025-04-17T22:53:31.213+0000] {processor.py:183} INFO - Processing /home/airflow/.local/lib/python3.8/site-packages/airflow/example_dags/example_branch_python_dop_operator_3.py took 0.136 seconds
[2025-04-17T22:54:01.300+0000] {processor.py:161} INFO - Started process (PID=1517) to work on /home/airflow/.local/lib/python3.8/site-packages/airflow/example_dags/example_branch_python_dop_operator_3.py
[2025-04-17T22:54:01.303+0000] {processor.py:830} INFO - Processing file /home/airflow/.local/lib/python3.8/site-packages/airflow/example_dags/example_branch_python_dop_operator_3.py for tasks to queue
[2025-04-17T22:54:01.306+0000] {logging_mixin.py:188} INFO - [2025-04-17T22:54:01.306+0000] {dagbag.py:538} INFO - Filling up the DagBag from /home/airflow/.local/lib/python3.8/site-packages/airflow/example_dags/example_branch_python_dop_operator_3.py
[2025-04-17T22:54:01.323+0000] {processor.py:840} INFO - DAG(s) 'example_branch_dop_operator_v3' retrieved from /home/airflow/.local/lib/python3.8/site-packages/airflow/example_dags/example_branch_python_dop_operator_3.py
[2025-04-17T22:54:01.358+0000] {logging_mixin.py:188} INFO - [2025-04-17T22:54:01.357+0000] {dag.py:3036} INFO - Sync 1 DAGs
[2025-04-17T22:54:01.402+0000] {logging_mixin.py:188} INFO - [2025-04-17T22:54:01.402+0000] {dag.py:3823} INFO - Setting next_dagrun for example_branch_dop_operator_v3 to 2025-04-17 22:53:00+00:00, run_after=2025-04-17 22:54:00+00:00
[2025-04-17T22:54:01.432+0000] {processor.py:183} INFO - Processing /home/airflow/.local/lib/python3.8/site-packages/airflow/example_dags/example_branch_python_dop_operator_3.py took 0.144 seconds
