[2025-04-17T22:40:47.761+0000] {processor.py:161} INFO - Started process (PID=93) to work on /home/airflow/.local/lib/python3.8/site-packages/airflow/example_dags/example_branch_operator.py
[2025-04-17T22:40:47.764+0000] {processor.py:830} INFO - Processing file /home/airflow/.local/lib/python3.8/site-packages/airflow/example_dags/example_branch_operator.py for tasks to queue
[2025-04-17T22:40:47.771+0000] {logging_mixin.py:188} INFO - [2025-04-17T22:40:47.769+0000] {dagbag.py:538} INFO - Filling up the DagBag from /home/airflow/.local/lib/python3.8/site-packages/airflow/example_dags/example_branch_operator.py
[2025-04-17T22:40:47.838+0000] {processor.py:840} INFO - DAG(s) 'example_branch_operator' retrieved from /home/airflow/.local/lib/python3.8/site-packages/airflow/example_dags/example_branch_operator.py
[2025-04-17T22:40:48.087+0000] {logging_mixin.py:188} INFO - [2025-04-17T22:40:48.086+0000] {dag.py:3036} INFO - Sync 1 DAGs
[2025-04-17T22:40:48.136+0000] {logging_mixin.py:188} INFO - [2025-04-17T22:40:48.136+0000] {dag.py:3823} INFO - Setting next_dagrun for example_branch_operator to 2025-04-16 00:00:00+00:00, run_after=2025-04-17 00:00:00+00:00
[2025-04-17T22:40:48.180+0000] {processor.py:183} INFO - Processing /home/airflow/.local/lib/python3.8/site-packages/airflow/example_dags/example_branch_operator.py took 0.427 seconds
[2025-04-17T22:41:18.354+0000] {processor.py:161} INFO - Started process (PID=149) to work on /home/airflow/.local/lib/python3.8/site-packages/airflow/example_dags/example_branch_operator.py
[2025-04-17T22:41:18.356+0000] {processor.py:830} INFO - Processing file /home/airflow/.local/lib/python3.8/site-packages/airflow/example_dags/example_branch_operator.py for tasks to queue
[2025-04-17T22:41:18.359+0000] {logging_mixin.py:188} INFO - [2025-04-17T22:41:18.358+0000] {dagbag.py:538} INFO - Filling up the DagBag from /home/airflow/.local/lib/python3.8/site-packages/airflow/example_dags/example_branch_operator.py
[2025-04-17T22:41:18.388+0000] {processor.py:840} INFO - DAG(s) 'example_branch_operator' retrieved from /home/airflow/.local/lib/python3.8/site-packages/airflow/example_dags/example_branch_operator.py
[2025-04-17T22:41:18.435+0000] {logging_mixin.py:188} INFO - [2025-04-17T22:41:18.434+0000] {dag.py:3036} INFO - Sync 1 DAGs
[2025-04-17T22:41:18.471+0000] {logging_mixin.py:188} INFO - [2025-04-17T22:41:18.471+0000] {dag.py:3823} INFO - Setting next_dagrun for example_branch_operator to 2025-04-16 00:00:00+00:00, run_after=2025-04-17 00:00:00+00:00
[2025-04-17T22:41:18.503+0000] {processor.py:183} INFO - Processing /home/airflow/.local/lib/python3.8/site-packages/airflow/example_dags/example_branch_operator.py took 0.154 seconds
[2025-04-17T22:41:48.932+0000] {processor.py:161} INFO - Started process (PID=204) to work on /home/airflow/.local/lib/python3.8/site-packages/airflow/example_dags/example_branch_operator.py
[2025-04-17T22:41:48.934+0000] {processor.py:830} INFO - Processing file /home/airflow/.local/lib/python3.8/site-packages/airflow/example_dags/example_branch_operator.py for tasks to queue
[2025-04-17T22:41:48.938+0000] {logging_mixin.py:188} INFO - [2025-04-17T22:41:48.937+0000] {dagbag.py:538} INFO - Filling up the DagBag from /home/airflow/.local/lib/python3.8/site-packages/airflow/example_dags/example_branch_operator.py
[2025-04-17T22:41:48.981+0000] {processor.py:840} INFO - DAG(s) 'example_branch_operator' retrieved from /home/airflow/.local/lib/python3.8/site-packages/airflow/example_dags/example_branch_operator.py
[2025-04-17T22:41:49.039+0000] {logging_mixin.py:188} INFO - [2025-04-17T22:41:49.039+0000] {dag.py:3036} INFO - Sync 1 DAGs
[2025-04-17T22:41:49.080+0000] {logging_mixin.py:188} INFO - [2025-04-17T22:41:49.080+0000] {dag.py:3823} INFO - Setting next_dagrun for example_branch_operator to 2025-04-16 00:00:00+00:00, run_after=2025-04-17 00:00:00+00:00
[2025-04-17T22:41:49.113+0000] {processor.py:183} INFO - Processing /home/airflow/.local/lib/python3.8/site-packages/airflow/example_dags/example_branch_operator.py took 0.189 seconds
[2025-04-17T22:42:19.396+0000] {processor.py:161} INFO - Started process (PID=259) to work on /home/airflow/.local/lib/python3.8/site-packages/airflow/example_dags/example_branch_operator.py
[2025-04-17T22:42:19.398+0000] {processor.py:830} INFO - Processing file /home/airflow/.local/lib/python3.8/site-packages/airflow/example_dags/example_branch_operator.py for tasks to queue
[2025-04-17T22:42:19.401+0000] {logging_mixin.py:188} INFO - [2025-04-17T22:42:19.401+0000] {dagbag.py:538} INFO - Filling up the DagBag from /home/airflow/.local/lib/python3.8/site-packages/airflow/example_dags/example_branch_operator.py
[2025-04-17T22:42:19.431+0000] {processor.py:840} INFO - DAG(s) 'example_branch_operator' retrieved from /home/airflow/.local/lib/python3.8/site-packages/airflow/example_dags/example_branch_operator.py
[2025-04-17T22:42:19.480+0000] {logging_mixin.py:188} INFO - [2025-04-17T22:42:19.480+0000] {dag.py:3036} INFO - Sync 1 DAGs
[2025-04-17T22:42:19.521+0000] {logging_mixin.py:188} INFO - [2025-04-17T22:42:19.521+0000] {dag.py:3823} INFO - Setting next_dagrun for example_branch_operator to 2025-04-16 00:00:00+00:00, run_after=2025-04-17 00:00:00+00:00
[2025-04-17T22:42:19.554+0000] {processor.py:183} INFO - Processing /home/airflow/.local/lib/python3.8/site-packages/airflow/example_dags/example_branch_operator.py took 0.164 seconds
[2025-04-17T22:42:49.792+0000] {processor.py:161} INFO - Started process (PID=314) to work on /home/airflow/.local/lib/python3.8/site-packages/airflow/example_dags/example_branch_operator.py
[2025-04-17T22:42:49.794+0000] {processor.py:830} INFO - Processing file /home/airflow/.local/lib/python3.8/site-packages/airflow/example_dags/example_branch_operator.py for tasks to queue
[2025-04-17T22:42:49.797+0000] {logging_mixin.py:188} INFO - [2025-04-17T22:42:49.796+0000] {dagbag.py:538} INFO - Filling up the DagBag from /home/airflow/.local/lib/python3.8/site-packages/airflow/example_dags/example_branch_operator.py
[2025-04-17T22:42:49.827+0000] {processor.py:840} INFO - DAG(s) 'example_branch_operator' retrieved from /home/airflow/.local/lib/python3.8/site-packages/airflow/example_dags/example_branch_operator.py
[2025-04-17T22:42:49.879+0000] {logging_mixin.py:188} INFO - [2025-04-17T22:42:49.879+0000] {dag.py:3036} INFO - Sync 1 DAGs
[2025-04-17T22:42:49.926+0000] {logging_mixin.py:188} INFO - [2025-04-17T22:42:49.926+0000] {dag.py:3823} INFO - Setting next_dagrun for example_branch_operator to 2025-04-16 00:00:00+00:00, run_after=2025-04-17 00:00:00+00:00
[2025-04-17T22:42:49.963+0000] {processor.py:183} INFO - Processing /home/airflow/.local/lib/python3.8/site-packages/airflow/example_dags/example_branch_operator.py took 0.176 seconds
[2025-04-17T22:43:20.575+0000] {processor.py:161} INFO - Started process (PID=369) to work on /home/airflow/.local/lib/python3.8/site-packages/airflow/example_dags/example_branch_operator.py
[2025-04-17T22:43:20.576+0000] {processor.py:830} INFO - Processing file /home/airflow/.local/lib/python3.8/site-packages/airflow/example_dags/example_branch_operator.py for tasks to queue
[2025-04-17T22:43:20.579+0000] {logging_mixin.py:188} INFO - [2025-04-17T22:43:20.579+0000] {dagbag.py:538} INFO - Filling up the DagBag from /home/airflow/.local/lib/python3.8/site-packages/airflow/example_dags/example_branch_operator.py
[2025-04-17T22:43:20.608+0000] {processor.py:840} INFO - DAG(s) 'example_branch_operator' retrieved from /home/airflow/.local/lib/python3.8/site-packages/airflow/example_dags/example_branch_operator.py
[2025-04-17T22:43:20.657+0000] {logging_mixin.py:188} INFO - [2025-04-17T22:43:20.656+0000] {dag.py:3036} INFO - Sync 1 DAGs
[2025-04-17T22:43:20.695+0000] {logging_mixin.py:188} INFO - [2025-04-17T22:43:20.694+0000] {dag.py:3823} INFO - Setting next_dagrun for example_branch_operator to 2025-04-16 00:00:00+00:00, run_after=2025-04-17 00:00:00+00:00
[2025-04-17T22:43:20.728+0000] {processor.py:183} INFO - Processing /home/airflow/.local/lib/python3.8/site-packages/airflow/example_dags/example_branch_operator.py took 0.159 seconds
[2025-04-17T22:43:50.775+0000] {processor.py:161} INFO - Started process (PID=424) to work on /home/airflow/.local/lib/python3.8/site-packages/airflow/example_dags/example_branch_operator.py
[2025-04-17T22:43:50.776+0000] {processor.py:830} INFO - Processing file /home/airflow/.local/lib/python3.8/site-packages/airflow/example_dags/example_branch_operator.py for tasks to queue
[2025-04-17T22:43:50.779+0000] {logging_mixin.py:188} INFO - [2025-04-17T22:43:50.779+0000] {dagbag.py:538} INFO - Filling up the DagBag from /home/airflow/.local/lib/python3.8/site-packages/airflow/example_dags/example_branch_operator.py
[2025-04-17T22:43:50.809+0000] {processor.py:840} INFO - DAG(s) 'example_branch_operator' retrieved from /home/airflow/.local/lib/python3.8/site-packages/airflow/example_dags/example_branch_operator.py
[2025-04-17T22:43:50.858+0000] {logging_mixin.py:188} INFO - [2025-04-17T22:43:50.858+0000] {dag.py:3036} INFO - Sync 1 DAGs
[2025-04-17T22:43:50.898+0000] {logging_mixin.py:188} INFO - [2025-04-17T22:43:50.897+0000] {dag.py:3823} INFO - Setting next_dagrun for example_branch_operator to 2025-04-16 00:00:00+00:00, run_after=2025-04-17 00:00:00+00:00
[2025-04-17T22:43:50.925+0000] {processor.py:183} INFO - Processing /home/airflow/.local/lib/python3.8/site-packages/airflow/example_dags/example_branch_operator.py took 0.156 seconds
[2025-04-17T22:44:21.706+0000] {processor.py:161} INFO - Started process (PID=479) to work on /home/airflow/.local/lib/python3.8/site-packages/airflow/example_dags/example_branch_operator.py
[2025-04-17T22:44:21.708+0000] {processor.py:830} INFO - Processing file /home/airflow/.local/lib/python3.8/site-packages/airflow/example_dags/example_branch_operator.py for tasks to queue
[2025-04-17T22:44:21.712+0000] {logging_mixin.py:188} INFO - [2025-04-17T22:44:21.711+0000] {dagbag.py:538} INFO - Filling up the DagBag from /home/airflow/.local/lib/python3.8/site-packages/airflow/example_dags/example_branch_operator.py
[2025-04-17T22:44:21.746+0000] {processor.py:840} INFO - DAG(s) 'example_branch_operator' retrieved from /home/airflow/.local/lib/python3.8/site-packages/airflow/example_dags/example_branch_operator.py
[2025-04-17T22:44:21.801+0000] {logging_mixin.py:188} INFO - [2025-04-17T22:44:21.800+0000] {dag.py:3036} INFO - Sync 1 DAGs
[2025-04-17T22:44:21.837+0000] {logging_mixin.py:188} INFO - [2025-04-17T22:44:21.837+0000] {dag.py:3823} INFO - Setting next_dagrun for example_branch_operator to 2025-04-16 00:00:00+00:00, run_after=2025-04-17 00:00:00+00:00
[2025-04-17T22:44:21.871+0000] {processor.py:183} INFO - Processing /home/airflow/.local/lib/python3.8/site-packages/airflow/example_dags/example_branch_operator.py took 0.172 seconds
[2025-04-17T22:44:52.501+0000] {processor.py:161} INFO - Started process (PID=534) to work on /home/airflow/.local/lib/python3.8/site-packages/airflow/example_dags/example_branch_operator.py
[2025-04-17T22:44:52.503+0000] {processor.py:830} INFO - Processing file /home/airflow/.local/lib/python3.8/site-packages/airflow/example_dags/example_branch_operator.py for tasks to queue
[2025-04-17T22:44:52.506+0000] {logging_mixin.py:188} INFO - [2025-04-17T22:44:52.505+0000] {dagbag.py:538} INFO - Filling up the DagBag from /home/airflow/.local/lib/python3.8/site-packages/airflow/example_dags/example_branch_operator.py
[2025-04-17T22:44:52.534+0000] {processor.py:840} INFO - DAG(s) 'example_branch_operator' retrieved from /home/airflow/.local/lib/python3.8/site-packages/airflow/example_dags/example_branch_operator.py
[2025-04-17T22:44:52.580+0000] {logging_mixin.py:188} INFO - [2025-04-17T22:44:52.580+0000] {dag.py:3036} INFO - Sync 1 DAGs
[2025-04-17T22:44:52.621+0000] {logging_mixin.py:188} INFO - [2025-04-17T22:44:52.621+0000] {dag.py:3823} INFO - Setting next_dagrun for example_branch_operator to 2025-04-16 00:00:00+00:00, run_after=2025-04-17 00:00:00+00:00
[2025-04-17T22:44:52.649+0000] {processor.py:183} INFO - Processing /home/airflow/.local/lib/python3.8/site-packages/airflow/example_dags/example_branch_operator.py took 0.153 seconds
[2025-04-17T22:45:23.077+0000] {processor.py:161} INFO - Started process (PID=589) to work on /home/airflow/.local/lib/python3.8/site-packages/airflow/example_dags/example_branch_operator.py
[2025-04-17T22:45:23.079+0000] {processor.py:830} INFO - Processing file /home/airflow/.local/lib/python3.8/site-packages/airflow/example_dags/example_branch_operator.py for tasks to queue
[2025-04-17T22:45:23.082+0000] {logging_mixin.py:188} INFO - [2025-04-17T22:45:23.082+0000] {dagbag.py:538} INFO - Filling up the DagBag from /home/airflow/.local/lib/python3.8/site-packages/airflow/example_dags/example_branch_operator.py
[2025-04-17T22:45:23.111+0000] {processor.py:840} INFO - DAG(s) 'example_branch_operator' retrieved from /home/airflow/.local/lib/python3.8/site-packages/airflow/example_dags/example_branch_operator.py
[2025-04-17T22:45:23.158+0000] {logging_mixin.py:188} INFO - [2025-04-17T22:45:23.158+0000] {dag.py:3036} INFO - Sync 1 DAGs
[2025-04-17T22:45:23.195+0000] {logging_mixin.py:188} INFO - [2025-04-17T22:45:23.195+0000] {dag.py:3823} INFO - Setting next_dagrun for example_branch_operator to 2025-04-16 00:00:00+00:00, run_after=2025-04-17 00:00:00+00:00
[2025-04-17T22:45:23.224+0000] {processor.py:183} INFO - Processing /home/airflow/.local/lib/python3.8/site-packages/airflow/example_dags/example_branch_operator.py took 0.152 seconds
[2025-04-17T22:45:53.612+0000] {processor.py:161} INFO - Started process (PID=644) to work on /home/airflow/.local/lib/python3.8/site-packages/airflow/example_dags/example_branch_operator.py
[2025-04-17T22:45:53.614+0000] {processor.py:830} INFO - Processing file /home/airflow/.local/lib/python3.8/site-packages/airflow/example_dags/example_branch_operator.py for tasks to queue
[2025-04-17T22:45:53.616+0000] {logging_mixin.py:188} INFO - [2025-04-17T22:45:53.616+0000] {dagbag.py:538} INFO - Filling up the DagBag from /home/airflow/.local/lib/python3.8/site-packages/airflow/example_dags/example_branch_operator.py
[2025-04-17T22:45:53.645+0000] {processor.py:840} INFO - DAG(s) 'example_branch_operator' retrieved from /home/airflow/.local/lib/python3.8/site-packages/airflow/example_dags/example_branch_operator.py
[2025-04-17T22:45:53.692+0000] {logging_mixin.py:188} INFO - [2025-04-17T22:45:53.692+0000] {dag.py:3036} INFO - Sync 1 DAGs
[2025-04-17T22:45:53.728+0000] {logging_mixin.py:188} INFO - [2025-04-17T22:45:53.728+0000] {dag.py:3823} INFO - Setting next_dagrun for example_branch_operator to 2025-04-16 00:00:00+00:00, run_after=2025-04-17 00:00:00+00:00
[2025-04-17T22:45:53.756+0000] {processor.py:183} INFO - Processing /home/airflow/.local/lib/python3.8/site-packages/airflow/example_dags/example_branch_operator.py took 0.150 seconds
[2025-04-17T22:46:23.970+0000] {processor.py:161} INFO - Started process (PID=699) to work on /home/airflow/.local/lib/python3.8/site-packages/airflow/example_dags/example_branch_operator.py
[2025-04-17T22:46:23.972+0000] {processor.py:830} INFO - Processing file /home/airflow/.local/lib/python3.8/site-packages/airflow/example_dags/example_branch_operator.py for tasks to queue
[2025-04-17T22:46:23.975+0000] {logging_mixin.py:188} INFO - [2025-04-17T22:46:23.974+0000] {dagbag.py:538} INFO - Filling up the DagBag from /home/airflow/.local/lib/python3.8/site-packages/airflow/example_dags/example_branch_operator.py
[2025-04-17T22:46:24.005+0000] {processor.py:840} INFO - DAG(s) 'example_branch_operator' retrieved from /home/airflow/.local/lib/python3.8/site-packages/airflow/example_dags/example_branch_operator.py
[2025-04-17T22:46:24.050+0000] {logging_mixin.py:188} INFO - [2025-04-17T22:46:24.049+0000] {dag.py:3036} INFO - Sync 1 DAGs
[2025-04-17T22:46:24.086+0000] {logging_mixin.py:188} INFO - [2025-04-17T22:46:24.085+0000] {dag.py:3823} INFO - Setting next_dagrun for example_branch_operator to 2025-04-16 00:00:00+00:00, run_after=2025-04-17 00:00:00+00:00
[2025-04-17T22:46:24.113+0000] {processor.py:183} INFO - Processing /home/airflow/.local/lib/python3.8/site-packages/airflow/example_dags/example_branch_operator.py took 0.148 seconds
[2025-04-17T22:46:54.827+0000] {processor.py:161} INFO - Started process (PID=754) to work on /home/airflow/.local/lib/python3.8/site-packages/airflow/example_dags/example_branch_operator.py
[2025-04-17T22:46:54.830+0000] {processor.py:830} INFO - Processing file /home/airflow/.local/lib/python3.8/site-packages/airflow/example_dags/example_branch_operator.py for tasks to queue
[2025-04-17T22:46:54.833+0000] {logging_mixin.py:188} INFO - [2025-04-17T22:46:54.833+0000] {dagbag.py:538} INFO - Filling up the DagBag from /home/airflow/.local/lib/python3.8/site-packages/airflow/example_dags/example_branch_operator.py
[2025-04-17T22:46:54.873+0000] {processor.py:840} INFO - DAG(s) 'example_branch_operator' retrieved from /home/airflow/.local/lib/python3.8/site-packages/airflow/example_dags/example_branch_operator.py
[2025-04-17T22:46:54.930+0000] {logging_mixin.py:188} INFO - [2025-04-17T22:46:54.929+0000] {dag.py:3036} INFO - Sync 1 DAGs
[2025-04-17T22:46:54.976+0000] {logging_mixin.py:188} INFO - [2025-04-17T22:46:54.976+0000] {dag.py:3823} INFO - Setting next_dagrun for example_branch_operator to 2025-04-16 00:00:00+00:00, run_after=2025-04-17 00:00:00+00:00
[2025-04-17T22:46:55.032+0000] {processor.py:183} INFO - Processing /home/airflow/.local/lib/python3.8/site-packages/airflow/example_dags/example_branch_operator.py took 0.213 seconds
[2025-04-17T22:47:25.313+0000] {processor.py:161} INFO - Started process (PID=809) to work on /home/airflow/.local/lib/python3.8/site-packages/airflow/example_dags/example_branch_operator.py
[2025-04-17T22:47:25.315+0000] {processor.py:830} INFO - Processing file /home/airflow/.local/lib/python3.8/site-packages/airflow/example_dags/example_branch_operator.py for tasks to queue
[2025-04-17T22:47:25.319+0000] {logging_mixin.py:188} INFO - [2025-04-17T22:47:25.318+0000] {dagbag.py:538} INFO - Filling up the DagBag from /home/airflow/.local/lib/python3.8/site-packages/airflow/example_dags/example_branch_operator.py
[2025-04-17T22:47:25.349+0000] {processor.py:840} INFO - DAG(s) 'example_branch_operator' retrieved from /home/airflow/.local/lib/python3.8/site-packages/airflow/example_dags/example_branch_operator.py
[2025-04-17T22:47:25.397+0000] {logging_mixin.py:188} INFO - [2025-04-17T22:47:25.397+0000] {dag.py:3036} INFO - Sync 1 DAGs
[2025-04-17T22:47:25.437+0000] {logging_mixin.py:188} INFO - [2025-04-17T22:47:25.437+0000] {dag.py:3823} INFO - Setting next_dagrun for example_branch_operator to 2025-04-16 00:00:00+00:00, run_after=2025-04-17 00:00:00+00:00
[2025-04-17T22:47:25.472+0000] {processor.py:183} INFO - Processing /home/airflow/.local/lib/python3.8/site-packages/airflow/example_dags/example_branch_operator.py took 0.164 seconds
[2025-04-17T22:47:55.718+0000] {processor.py:161} INFO - Started process (PID=864) to work on /home/airflow/.local/lib/python3.8/site-packages/airflow/example_dags/example_branch_operator.py
[2025-04-17T22:47:55.720+0000] {processor.py:830} INFO - Processing file /home/airflow/.local/lib/python3.8/site-packages/airflow/example_dags/example_branch_operator.py for tasks to queue
[2025-04-17T22:47:55.723+0000] {logging_mixin.py:188} INFO - [2025-04-17T22:47:55.722+0000] {dagbag.py:538} INFO - Filling up the DagBag from /home/airflow/.local/lib/python3.8/site-packages/airflow/example_dags/example_branch_operator.py
[2025-04-17T22:47:55.752+0000] {processor.py:840} INFO - DAG(s) 'example_branch_operator' retrieved from /home/airflow/.local/lib/python3.8/site-packages/airflow/example_dags/example_branch_operator.py
[2025-04-17T22:47:55.830+0000] {logging_mixin.py:188} INFO - [2025-04-17T22:47:55.829+0000] {dag.py:3036} INFO - Sync 1 DAGs
[2025-04-17T22:47:55.870+0000] {logging_mixin.py:188} INFO - [2025-04-17T22:47:55.869+0000] {dag.py:3823} INFO - Setting next_dagrun for example_branch_operator to 2025-04-16 00:00:00+00:00, run_after=2025-04-17 00:00:00+00:00
[2025-04-17T22:47:55.906+0000] {processor.py:183} INFO - Processing /home/airflow/.local/lib/python3.8/site-packages/airflow/example_dags/example_branch_operator.py took 0.193 seconds
[2025-04-17T22:48:26.336+0000] {processor.py:161} INFO - Started process (PID=919) to work on /home/airflow/.local/lib/python3.8/site-packages/airflow/example_dags/example_branch_operator.py
[2025-04-17T22:48:26.339+0000] {processor.py:830} INFO - Processing file /home/airflow/.local/lib/python3.8/site-packages/airflow/example_dags/example_branch_operator.py for tasks to queue
[2025-04-17T22:48:26.342+0000] {logging_mixin.py:188} INFO - [2025-04-17T22:48:26.341+0000] {dagbag.py:538} INFO - Filling up the DagBag from /home/airflow/.local/lib/python3.8/site-packages/airflow/example_dags/example_branch_operator.py
[2025-04-17T22:48:26.371+0000] {processor.py:840} INFO - DAG(s) 'example_branch_operator' retrieved from /home/airflow/.local/lib/python3.8/site-packages/airflow/example_dags/example_branch_operator.py
[2025-04-17T22:48:26.544+0000] {logging_mixin.py:188} INFO - [2025-04-17T22:48:26.544+0000] {dag.py:3036} INFO - Sync 1 DAGs
[2025-04-17T22:48:26.577+0000] {logging_mixin.py:188} INFO - [2025-04-17T22:48:26.576+0000] {dag.py:3823} INFO - Setting next_dagrun for example_branch_operator to 2025-04-16 00:00:00+00:00, run_after=2025-04-17 00:00:00+00:00
[2025-04-17T22:48:26.606+0000] {processor.py:183} INFO - Processing /home/airflow/.local/lib/python3.8/site-packages/airflow/example_dags/example_branch_operator.py took 0.275 seconds
[2025-04-17T22:48:56.676+0000] {processor.py:161} INFO - Started process (PID=974) to work on /home/airflow/.local/lib/python3.8/site-packages/airflow/example_dags/example_branch_operator.py
[2025-04-17T22:48:56.677+0000] {processor.py:830} INFO - Processing file /home/airflow/.local/lib/python3.8/site-packages/airflow/example_dags/example_branch_operator.py for tasks to queue
[2025-04-17T22:48:56.680+0000] {logging_mixin.py:188} INFO - [2025-04-17T22:48:56.679+0000] {dagbag.py:538} INFO - Filling up the DagBag from /home/airflow/.local/lib/python3.8/site-packages/airflow/example_dags/example_branch_operator.py
[2025-04-17T22:48:56.710+0000] {processor.py:840} INFO - DAG(s) 'example_branch_operator' retrieved from /home/airflow/.local/lib/python3.8/site-packages/airflow/example_dags/example_branch_operator.py
[2025-04-17T22:48:56.758+0000] {logging_mixin.py:188} INFO - [2025-04-17T22:48:56.757+0000] {dag.py:3036} INFO - Sync 1 DAGs
[2025-04-17T22:48:56.794+0000] {logging_mixin.py:188} INFO - [2025-04-17T22:48:56.794+0000] {dag.py:3823} INFO - Setting next_dagrun for example_branch_operator to 2025-04-16 00:00:00+00:00, run_after=2025-04-17 00:00:00+00:00
[2025-04-17T22:48:56.823+0000] {processor.py:183} INFO - Processing /home/airflow/.local/lib/python3.8/site-packages/airflow/example_dags/example_branch_operator.py took 0.153 seconds
[2025-04-17T22:49:27.578+0000] {processor.py:161} INFO - Started process (PID=1029) to work on /home/airflow/.local/lib/python3.8/site-packages/airflow/example_dags/example_branch_operator.py
[2025-04-17T22:49:27.580+0000] {processor.py:830} INFO - Processing file /home/airflow/.local/lib/python3.8/site-packages/airflow/example_dags/example_branch_operator.py for tasks to queue
[2025-04-17T22:49:27.583+0000] {logging_mixin.py:188} INFO - [2025-04-17T22:49:27.583+0000] {dagbag.py:538} INFO - Filling up the DagBag from /home/airflow/.local/lib/python3.8/site-packages/airflow/example_dags/example_branch_operator.py
[2025-04-17T22:49:27.613+0000] {processor.py:840} INFO - DAG(s) 'example_branch_operator' retrieved from /home/airflow/.local/lib/python3.8/site-packages/airflow/example_dags/example_branch_operator.py
[2025-04-17T22:49:27.660+0000] {logging_mixin.py:188} INFO - [2025-04-17T22:49:27.660+0000] {dag.py:3036} INFO - Sync 1 DAGs
[2025-04-17T22:49:27.702+0000] {logging_mixin.py:188} INFO - [2025-04-17T22:49:27.701+0000] {dag.py:3823} INFO - Setting next_dagrun for example_branch_operator to 2025-04-16 00:00:00+00:00, run_after=2025-04-17 00:00:00+00:00
[2025-04-17T22:49:27.731+0000] {processor.py:183} INFO - Processing /home/airflow/.local/lib/python3.8/site-packages/airflow/example_dags/example_branch_operator.py took 0.159 seconds
[2025-04-17T22:49:57.838+0000] {processor.py:161} INFO - Started process (PID=1084) to work on /home/airflow/.local/lib/python3.8/site-packages/airflow/example_dags/example_branch_operator.py
[2025-04-17T22:49:57.840+0000] {processor.py:830} INFO - Processing file /home/airflow/.local/lib/python3.8/site-packages/airflow/example_dags/example_branch_operator.py for tasks to queue
[2025-04-17T22:49:57.843+0000] {logging_mixin.py:188} INFO - [2025-04-17T22:49:57.842+0000] {dagbag.py:538} INFO - Filling up the DagBag from /home/airflow/.local/lib/python3.8/site-packages/airflow/example_dags/example_branch_operator.py
[2025-04-17T22:49:57.872+0000] {processor.py:840} INFO - DAG(s) 'example_branch_operator' retrieved from /home/airflow/.local/lib/python3.8/site-packages/airflow/example_dags/example_branch_operator.py
[2025-04-17T22:49:57.921+0000] {logging_mixin.py:188} INFO - [2025-04-17T22:49:57.921+0000] {dag.py:3036} INFO - Sync 1 DAGs
[2025-04-17T22:49:57.968+0000] {logging_mixin.py:188} INFO - [2025-04-17T22:49:57.968+0000] {dag.py:3823} INFO - Setting next_dagrun for example_branch_operator to 2025-04-16 00:00:00+00:00, run_after=2025-04-17 00:00:00+00:00
[2025-04-17T22:49:58.000+0000] {processor.py:183} INFO - Processing /home/airflow/.local/lib/python3.8/site-packages/airflow/example_dags/example_branch_operator.py took 0.168 seconds
[2025-04-17T22:50:28.626+0000] {processor.py:161} INFO - Started process (PID=1139) to work on /home/airflow/.local/lib/python3.8/site-packages/airflow/example_dags/example_branch_operator.py
[2025-04-17T22:50:28.628+0000] {processor.py:830} INFO - Processing file /home/airflow/.local/lib/python3.8/site-packages/airflow/example_dags/example_branch_operator.py for tasks to queue
[2025-04-17T22:50:28.631+0000] {logging_mixin.py:188} INFO - [2025-04-17T22:50:28.630+0000] {dagbag.py:538} INFO - Filling up the DagBag from /home/airflow/.local/lib/python3.8/site-packages/airflow/example_dags/example_branch_operator.py
[2025-04-17T22:50:28.664+0000] {processor.py:840} INFO - DAG(s) 'example_branch_operator' retrieved from /home/airflow/.local/lib/python3.8/site-packages/airflow/example_dags/example_branch_operator.py
[2025-04-17T22:50:28.712+0000] {logging_mixin.py:188} INFO - [2025-04-17T22:50:28.711+0000] {dag.py:3036} INFO - Sync 1 DAGs
[2025-04-17T22:50:28.749+0000] {logging_mixin.py:188} INFO - [2025-04-17T22:50:28.748+0000] {dag.py:3823} INFO - Setting next_dagrun for example_branch_operator to 2025-04-16 00:00:00+00:00, run_after=2025-04-17 00:00:00+00:00
[2025-04-17T22:50:28.778+0000] {processor.py:183} INFO - Processing /home/airflow/.local/lib/python3.8/site-packages/airflow/example_dags/example_branch_operator.py took 0.158 seconds
[2025-04-17T22:50:59.329+0000] {processor.py:161} INFO - Started process (PID=1194) to work on /home/airflow/.local/lib/python3.8/site-packages/airflow/example_dags/example_branch_operator.py
[2025-04-17T22:50:59.331+0000] {processor.py:830} INFO - Processing file /home/airflow/.local/lib/python3.8/site-packages/airflow/example_dags/example_branch_operator.py for tasks to queue
[2025-04-17T22:50:59.334+0000] {logging_mixin.py:188} INFO - [2025-04-17T22:50:59.333+0000] {dagbag.py:538} INFO - Filling up the DagBag from /home/airflow/.local/lib/python3.8/site-packages/airflow/example_dags/example_branch_operator.py
[2025-04-17T22:50:59.363+0000] {processor.py:840} INFO - DAG(s) 'example_branch_operator' retrieved from /home/airflow/.local/lib/python3.8/site-packages/airflow/example_dags/example_branch_operator.py
[2025-04-17T22:50:59.409+0000] {logging_mixin.py:188} INFO - [2025-04-17T22:50:59.409+0000] {dag.py:3036} INFO - Sync 1 DAGs
[2025-04-17T22:50:59.446+0000] {logging_mixin.py:188} INFO - [2025-04-17T22:50:59.446+0000] {dag.py:3823} INFO - Setting next_dagrun for example_branch_operator to 2025-04-16 00:00:00+00:00, run_after=2025-04-17 00:00:00+00:00
[2025-04-17T22:50:59.480+0000] {processor.py:183} INFO - Processing /home/airflow/.local/lib/python3.8/site-packages/airflow/example_dags/example_branch_operator.py took 0.157 seconds
[2025-04-17T22:51:29.613+0000] {processor.py:161} INFO - Started process (PID=1249) to work on /home/airflow/.local/lib/python3.8/site-packages/airflow/example_dags/example_branch_operator.py
[2025-04-17T22:51:29.615+0000] {processor.py:830} INFO - Processing file /home/airflow/.local/lib/python3.8/site-packages/airflow/example_dags/example_branch_operator.py for tasks to queue
[2025-04-17T22:51:29.617+0000] {logging_mixin.py:188} INFO - [2025-04-17T22:51:29.617+0000] {dagbag.py:538} INFO - Filling up the DagBag from /home/airflow/.local/lib/python3.8/site-packages/airflow/example_dags/example_branch_operator.py
[2025-04-17T22:51:29.648+0000] {processor.py:840} INFO - DAG(s) 'example_branch_operator' retrieved from /home/airflow/.local/lib/python3.8/site-packages/airflow/example_dags/example_branch_operator.py
[2025-04-17T22:51:29.698+0000] {logging_mixin.py:188} INFO - [2025-04-17T22:51:29.698+0000] {dag.py:3036} INFO - Sync 1 DAGs
[2025-04-17T22:51:29.744+0000] {logging_mixin.py:188} INFO - [2025-04-17T22:51:29.744+0000] {dag.py:3823} INFO - Setting next_dagrun for example_branch_operator to 2025-04-16 00:00:00+00:00, run_after=2025-04-17 00:00:00+00:00
[2025-04-17T22:51:29.777+0000] {processor.py:183} INFO - Processing /home/airflow/.local/lib/python3.8/site-packages/airflow/example_dags/example_branch_operator.py took 0.170 seconds
[2025-04-17T22:52:00.231+0000] {processor.py:161} INFO - Started process (PID=1304) to work on /home/airflow/.local/lib/python3.8/site-packages/airflow/example_dags/example_branch_operator.py
[2025-04-17T22:52:00.232+0000] {processor.py:830} INFO - Processing file /home/airflow/.local/lib/python3.8/site-packages/airflow/example_dags/example_branch_operator.py for tasks to queue
[2025-04-17T22:52:00.235+0000] {logging_mixin.py:188} INFO - [2025-04-17T22:52:00.235+0000] {dagbag.py:538} INFO - Filling up the DagBag from /home/airflow/.local/lib/python3.8/site-packages/airflow/example_dags/example_branch_operator.py
[2025-04-17T22:52:00.265+0000] {processor.py:840} INFO - DAG(s) 'example_branch_operator' retrieved from /home/airflow/.local/lib/python3.8/site-packages/airflow/example_dags/example_branch_operator.py
[2025-04-17T22:52:00.316+0000] {logging_mixin.py:188} INFO - [2025-04-17T22:52:00.316+0000] {dag.py:3036} INFO - Sync 1 DAGs
[2025-04-17T22:52:00.354+0000] {logging_mixin.py:188} INFO - [2025-04-17T22:52:00.354+0000] {dag.py:3823} INFO - Setting next_dagrun for example_branch_operator to 2025-04-16 00:00:00+00:00, run_after=2025-04-17 00:00:00+00:00
[2025-04-17T22:52:00.386+0000] {processor.py:183} INFO - Processing /home/airflow/.local/lib/python3.8/site-packages/airflow/example_dags/example_branch_operator.py took 0.160 seconds
[2025-04-17T22:52:31.697+0000] {processor.py:161} INFO - Started process (PID=1359) to work on /home/airflow/.local/lib/python3.8/site-packages/airflow/example_dags/example_branch_operator.py
[2025-04-17T22:52:31.699+0000] {processor.py:830} INFO - Processing file /home/airflow/.local/lib/python3.8/site-packages/airflow/example_dags/example_branch_operator.py for tasks to queue
[2025-04-17T22:52:31.705+0000] {logging_mixin.py:188} INFO - [2025-04-17T22:52:31.704+0000] {dagbag.py:538} INFO - Filling up the DagBag from /home/airflow/.local/lib/python3.8/site-packages/airflow/example_dags/example_branch_operator.py
[2025-04-17T22:52:31.758+0000] {processor.py:840} INFO - DAG(s) 'example_branch_operator' retrieved from /home/airflow/.local/lib/python3.8/site-packages/airflow/example_dags/example_branch_operator.py
[2025-04-17T22:52:31.841+0000] {logging_mixin.py:188} INFO - [2025-04-17T22:52:31.840+0000] {dag.py:3036} INFO - Sync 1 DAGs
[2025-04-17T22:52:31.907+0000] {logging_mixin.py:188} INFO - [2025-04-17T22:52:31.907+0000] {dag.py:3823} INFO - Setting next_dagrun for example_branch_operator to 2025-04-16 00:00:00+00:00, run_after=2025-04-17 00:00:00+00:00
[2025-04-17T22:52:31.954+0000] {processor.py:183} INFO - Processing /home/airflow/.local/lib/python3.8/site-packages/airflow/example_dags/example_branch_operator.py took 0.265 seconds
[2025-04-17T22:53:02.806+0000] {processor.py:161} INFO - Started process (PID=1414) to work on /home/airflow/.local/lib/python3.8/site-packages/airflow/example_dags/example_branch_operator.py
[2025-04-17T22:53:02.809+0000] {processor.py:830} INFO - Processing file /home/airflow/.local/lib/python3.8/site-packages/airflow/example_dags/example_branch_operator.py for tasks to queue
[2025-04-17T22:53:02.814+0000] {logging_mixin.py:188} INFO - [2025-04-17T22:53:02.813+0000] {dagbag.py:538} INFO - Filling up the DagBag from /home/airflow/.local/lib/python3.8/site-packages/airflow/example_dags/example_branch_operator.py
[2025-04-17T22:53:02.869+0000] {processor.py:840} INFO - DAG(s) 'example_branch_operator' retrieved from /home/airflow/.local/lib/python3.8/site-packages/airflow/example_dags/example_branch_operator.py
[2025-04-17T22:53:02.938+0000] {logging_mixin.py:188} INFO - [2025-04-17T22:53:02.938+0000] {dag.py:3036} INFO - Sync 1 DAGs
[2025-04-17T22:53:02.990+0000] {logging_mixin.py:188} INFO - [2025-04-17T22:53:02.989+0000] {dag.py:3823} INFO - Setting next_dagrun for example_branch_operator to 2025-04-16 00:00:00+00:00, run_after=2025-04-17 00:00:00+00:00
[2025-04-17T22:53:03.025+0000] {processor.py:183} INFO - Processing /home/airflow/.local/lib/python3.8/site-packages/airflow/example_dags/example_branch_operator.py took 0.226 seconds
[2025-04-17T22:53:33.725+0000] {processor.py:161} INFO - Started process (PID=1469) to work on /home/airflow/.local/lib/python3.8/site-packages/airflow/example_dags/example_branch_operator.py
[2025-04-17T22:53:33.727+0000] {processor.py:830} INFO - Processing file /home/airflow/.local/lib/python3.8/site-packages/airflow/example_dags/example_branch_operator.py for tasks to queue
[2025-04-17T22:53:33.730+0000] {logging_mixin.py:188} INFO - [2025-04-17T22:53:33.729+0000] {dagbag.py:538} INFO - Filling up the DagBag from /home/airflow/.local/lib/python3.8/site-packages/airflow/example_dags/example_branch_operator.py
[2025-04-17T22:53:33.762+0000] {processor.py:840} INFO - DAG(s) 'example_branch_operator' retrieved from /home/airflow/.local/lib/python3.8/site-packages/airflow/example_dags/example_branch_operator.py
[2025-04-17T22:53:33.810+0000] {logging_mixin.py:188} INFO - [2025-04-17T22:53:33.810+0000] {dag.py:3036} INFO - Sync 1 DAGs
[2025-04-17T22:53:33.850+0000] {logging_mixin.py:188} INFO - [2025-04-17T22:53:33.850+0000] {dag.py:3823} INFO - Setting next_dagrun for example_branch_operator to 2025-04-16 00:00:00+00:00, run_after=2025-04-17 00:00:00+00:00
[2025-04-17T22:53:33.883+0000] {processor.py:183} INFO - Processing /home/airflow/.local/lib/python3.8/site-packages/airflow/example_dags/example_branch_operator.py took 0.163 seconds
[2025-04-17T22:54:03.949+0000] {processor.py:161} INFO - Started process (PID=1524) to work on /home/airflow/.local/lib/python3.8/site-packages/airflow/example_dags/example_branch_operator.py
[2025-04-17T22:54:03.950+0000] {processor.py:830} INFO - Processing file /home/airflow/.local/lib/python3.8/site-packages/airflow/example_dags/example_branch_operator.py for tasks to queue
[2025-04-17T22:54:03.953+0000] {logging_mixin.py:188} INFO - [2025-04-17T22:54:03.953+0000] {dagbag.py:538} INFO - Filling up the DagBag from /home/airflow/.local/lib/python3.8/site-packages/airflow/example_dags/example_branch_operator.py
[2025-04-17T22:54:03.983+0000] {processor.py:840} INFO - DAG(s) 'example_branch_operator' retrieved from /home/airflow/.local/lib/python3.8/site-packages/airflow/example_dags/example_branch_operator.py
[2025-04-17T22:54:04.029+0000] {logging_mixin.py:188} INFO - [2025-04-17T22:54:04.029+0000] {dag.py:3036} INFO - Sync 1 DAGs
[2025-04-17T22:54:04.066+0000] {logging_mixin.py:188} INFO - [2025-04-17T22:54:04.066+0000] {dag.py:3823} INFO - Setting next_dagrun for example_branch_operator to 2025-04-16 00:00:00+00:00, run_after=2025-04-17 00:00:00+00:00
[2025-04-17T22:54:04.096+0000] {processor.py:183} INFO - Processing /home/airflow/.local/lib/python3.8/site-packages/airflow/example_dags/example_branch_operator.py took 0.153 seconds
