[2025-04-17T22:40:49.250+0000] {processor.py:161} INFO - Started process (PID=102) to work on /home/airflow/.local/lib/python3.8/site-packages/airflow/example_dags/example_nested_branch_dag.py
[2025-04-17T22:40:49.252+0000] {processor.py:830} INFO - Processing file /home/airflow/.local/lib/python3.8/site-packages/airflow/example_dags/example_nested_branch_dag.py for tasks to queue
[2025-04-17T22:40:49.256+0000] {logging_mixin.py:188} INFO - [2025-04-17T22:40:49.256+0000] {dagbag.py:538} INFO - Filling up the DagBag from /home/airflow/.local/lib/python3.8/site-packages/airflow/example_dags/example_nested_branch_dag.py
[2025-04-17T22:40:49.283+0000] {processor.py:840} INFO - DAG(s) 'example_nested_branch_dag' retrieved from /home/airflow/.local/lib/python3.8/site-packages/airflow/example_dags/example_nested_branch_dag.py
[2025-04-17T22:40:49.473+0000] {logging_mixin.py:188} INFO - [2025-04-17T22:40:49.473+0000] {dag.py:3036} INFO - Sync 1 DAGs
[2025-04-17T22:40:49.519+0000] {logging_mixin.py:188} INFO - [2025-04-17T22:40:49.518+0000] {dag.py:3823} INFO - Setting next_dagrun for example_nested_branch_dag to 2025-04-16 00:00:00+00:00, run_after=2025-04-17 00:00:00+00:00
[2025-04-17T22:40:49.552+0000] {processor.py:183} INFO - Processing /home/airflow/.local/lib/python3.8/site-packages/airflow/example_dags/example_nested_branch_dag.py took 0.311 seconds
[2025-04-17T22:41:20.279+0000] {processor.py:161} INFO - Started process (PID=157) to work on /home/airflow/.local/lib/python3.8/site-packages/airflow/example_dags/example_nested_branch_dag.py
[2025-04-17T22:41:20.281+0000] {processor.py:830} INFO - Processing file /home/airflow/.local/lib/python3.8/site-packages/airflow/example_dags/example_nested_branch_dag.py for tasks to queue
[2025-04-17T22:41:20.284+0000] {logging_mixin.py:188} INFO - [2025-04-17T22:41:20.283+0000] {dagbag.py:538} INFO - Filling up the DagBag from /home/airflow/.local/lib/python3.8/site-packages/airflow/example_dags/example_nested_branch_dag.py
[2025-04-17T22:41:20.300+0000] {processor.py:840} INFO - DAG(s) 'example_nested_branch_dag' retrieved from /home/airflow/.local/lib/python3.8/site-packages/airflow/example_dags/example_nested_branch_dag.py
[2025-04-17T22:41:20.338+0000] {logging_mixin.py:188} INFO - [2025-04-17T22:41:20.337+0000] {dag.py:3036} INFO - Sync 1 DAGs
[2025-04-17T22:41:20.374+0000] {logging_mixin.py:188} INFO - [2025-04-17T22:41:20.374+0000] {dag.py:3823} INFO - Setting next_dagrun for example_nested_branch_dag to 2025-04-16 00:00:00+00:00, run_after=2025-04-17 00:00:00+00:00
[2025-04-17T22:41:20.404+0000] {processor.py:183} INFO - Processing /home/airflow/.local/lib/python3.8/site-packages/airflow/example_dags/example_nested_branch_dag.py took 0.131 seconds
[2025-04-17T22:41:50.808+0000] {processor.py:161} INFO - Started process (PID=213) to work on /home/airflow/.local/lib/python3.8/site-packages/airflow/example_dags/example_nested_branch_dag.py
[2025-04-17T22:41:50.810+0000] {processor.py:830} INFO - Processing file /home/airflow/.local/lib/python3.8/site-packages/airflow/example_dags/example_nested_branch_dag.py for tasks to queue
[2025-04-17T22:41:50.813+0000] {logging_mixin.py:188} INFO - [2025-04-17T22:41:50.813+0000] {dagbag.py:538} INFO - Filling up the DagBag from /home/airflow/.local/lib/python3.8/site-packages/airflow/example_dags/example_nested_branch_dag.py
[2025-04-17T22:41:50.831+0000] {processor.py:840} INFO - DAG(s) 'example_nested_branch_dag' retrieved from /home/airflow/.local/lib/python3.8/site-packages/airflow/example_dags/example_nested_branch_dag.py
[2025-04-17T22:41:50.867+0000] {logging_mixin.py:188} INFO - [2025-04-17T22:41:50.867+0000] {dag.py:3036} INFO - Sync 1 DAGs
[2025-04-17T22:41:50.902+0000] {logging_mixin.py:188} INFO - [2025-04-17T22:41:50.902+0000] {dag.py:3823} INFO - Setting next_dagrun for example_nested_branch_dag to 2025-04-16 00:00:00+00:00, run_after=2025-04-17 00:00:00+00:00
[2025-04-17T22:41:50.931+0000] {processor.py:183} INFO - Processing /home/airflow/.local/lib/python3.8/site-packages/airflow/example_dags/example_nested_branch_dag.py took 0.128 seconds
[2025-04-17T22:42:21.221+0000] {processor.py:161} INFO - Started process (PID=268) to work on /home/airflow/.local/lib/python3.8/site-packages/airflow/example_dags/example_nested_branch_dag.py
[2025-04-17T22:42:21.223+0000] {processor.py:830} INFO - Processing file /home/airflow/.local/lib/python3.8/site-packages/airflow/example_dags/example_nested_branch_dag.py for tasks to queue
[2025-04-17T22:42:21.227+0000] {logging_mixin.py:188} INFO - [2025-04-17T22:42:21.226+0000] {dagbag.py:538} INFO - Filling up the DagBag from /home/airflow/.local/lib/python3.8/site-packages/airflow/example_dags/example_nested_branch_dag.py
[2025-04-17T22:42:21.245+0000] {processor.py:840} INFO - DAG(s) 'example_nested_branch_dag' retrieved from /home/airflow/.local/lib/python3.8/site-packages/airflow/example_dags/example_nested_branch_dag.py
[2025-04-17T22:42:21.287+0000] {logging_mixin.py:188} INFO - [2025-04-17T22:42:21.286+0000] {dag.py:3036} INFO - Sync 1 DAGs
[2025-04-17T22:42:21.335+0000] {logging_mixin.py:188} INFO - [2025-04-17T22:42:21.335+0000] {dag.py:3823} INFO - Setting next_dagrun for example_nested_branch_dag to 2025-04-16 00:00:00+00:00, run_after=2025-04-17 00:00:00+00:00
[2025-04-17T22:42:21.373+0000] {processor.py:183} INFO - Processing /home/airflow/.local/lib/python3.8/site-packages/airflow/example_dags/example_nested_branch_dag.py took 0.158 seconds
[2025-04-17T22:42:51.656+0000] {processor.py:161} INFO - Started process (PID=323) to work on /home/airflow/.local/lib/python3.8/site-packages/airflow/example_dags/example_nested_branch_dag.py
[2025-04-17T22:42:51.657+0000] {processor.py:830} INFO - Processing file /home/airflow/.local/lib/python3.8/site-packages/airflow/example_dags/example_nested_branch_dag.py for tasks to queue
[2025-04-17T22:42:51.660+0000] {logging_mixin.py:188} INFO - [2025-04-17T22:42:51.660+0000] {dagbag.py:538} INFO - Filling up the DagBag from /home/airflow/.local/lib/python3.8/site-packages/airflow/example_dags/example_nested_branch_dag.py
[2025-04-17T22:42:51.677+0000] {processor.py:840} INFO - DAG(s) 'example_nested_branch_dag' retrieved from /home/airflow/.local/lib/python3.8/site-packages/airflow/example_dags/example_nested_branch_dag.py
[2025-04-17T22:42:51.717+0000] {logging_mixin.py:188} INFO - [2025-04-17T22:42:51.716+0000] {dag.py:3036} INFO - Sync 1 DAGs
[2025-04-17T22:42:51.760+0000] {logging_mixin.py:188} INFO - [2025-04-17T22:42:51.760+0000] {dag.py:3823} INFO - Setting next_dagrun for example_nested_branch_dag to 2025-04-16 00:00:00+00:00, run_after=2025-04-17 00:00:00+00:00
[2025-04-17T22:42:51.799+0000] {processor.py:183} INFO - Processing /home/airflow/.local/lib/python3.8/site-packages/airflow/example_dags/example_nested_branch_dag.py took 0.149 seconds
[2025-04-17T22:43:22.407+0000] {processor.py:161} INFO - Started process (PID=378) to work on /home/airflow/.local/lib/python3.8/site-packages/airflow/example_dags/example_nested_branch_dag.py
[2025-04-17T22:43:22.409+0000] {processor.py:830} INFO - Processing file /home/airflow/.local/lib/python3.8/site-packages/airflow/example_dags/example_nested_branch_dag.py for tasks to queue
[2025-04-17T22:43:22.412+0000] {logging_mixin.py:188} INFO - [2025-04-17T22:43:22.411+0000] {dagbag.py:538} INFO - Filling up the DagBag from /home/airflow/.local/lib/python3.8/site-packages/airflow/example_dags/example_nested_branch_dag.py
[2025-04-17T22:43:22.428+0000] {processor.py:840} INFO - DAG(s) 'example_nested_branch_dag' retrieved from /home/airflow/.local/lib/python3.8/site-packages/airflow/example_dags/example_nested_branch_dag.py
[2025-04-17T22:43:22.469+0000] {logging_mixin.py:188} INFO - [2025-04-17T22:43:22.469+0000] {dag.py:3036} INFO - Sync 1 DAGs
[2025-04-17T22:43:22.505+0000] {logging_mixin.py:188} INFO - [2025-04-17T22:43:22.505+0000] {dag.py:3823} INFO - Setting next_dagrun for example_nested_branch_dag to 2025-04-16 00:00:00+00:00, run_after=2025-04-17 00:00:00+00:00
[2025-04-17T22:43:22.537+0000] {processor.py:183} INFO - Processing /home/airflow/.local/lib/python3.8/site-packages/airflow/example_dags/example_nested_branch_dag.py took 0.135 seconds
[2025-04-17T22:43:52.755+0000] {processor.py:161} INFO - Started process (PID=433) to work on /home/airflow/.local/lib/python3.8/site-packages/airflow/example_dags/example_nested_branch_dag.py
[2025-04-17T22:43:52.757+0000] {processor.py:830} INFO - Processing file /home/airflow/.local/lib/python3.8/site-packages/airflow/example_dags/example_nested_branch_dag.py for tasks to queue
[2025-04-17T22:43:52.761+0000] {logging_mixin.py:188} INFO - [2025-04-17T22:43:52.760+0000] {dagbag.py:538} INFO - Filling up the DagBag from /home/airflow/.local/lib/python3.8/site-packages/airflow/example_dags/example_nested_branch_dag.py
[2025-04-17T22:43:52.786+0000] {processor.py:840} INFO - DAG(s) 'example_nested_branch_dag' retrieved from /home/airflow/.local/lib/python3.8/site-packages/airflow/example_dags/example_nested_branch_dag.py
[2025-04-17T22:43:52.842+0000] {logging_mixin.py:188} INFO - [2025-04-17T22:43:52.841+0000] {dag.py:3036} INFO - Sync 1 DAGs
[2025-04-17T22:43:52.898+0000] {logging_mixin.py:188} INFO - [2025-04-17T22:43:52.898+0000] {dag.py:3823} INFO - Setting next_dagrun for example_nested_branch_dag to 2025-04-16 00:00:00+00:00, run_after=2025-04-17 00:00:00+00:00
[2025-04-17T22:43:52.940+0000] {processor.py:183} INFO - Processing /home/airflow/.local/lib/python3.8/site-packages/airflow/example_dags/example_nested_branch_dag.py took 0.194 seconds
[2025-04-17T22:44:23.714+0000] {processor.py:161} INFO - Started process (PID=488) to work on /home/airflow/.local/lib/python3.8/site-packages/airflow/example_dags/example_nested_branch_dag.py
[2025-04-17T22:44:23.717+0000] {processor.py:830} INFO - Processing file /home/airflow/.local/lib/python3.8/site-packages/airflow/example_dags/example_nested_branch_dag.py for tasks to queue
[2025-04-17T22:44:23.721+0000] {logging_mixin.py:188} INFO - [2025-04-17T22:44:23.720+0000] {dagbag.py:538} INFO - Filling up the DagBag from /home/airflow/.local/lib/python3.8/site-packages/airflow/example_dags/example_nested_branch_dag.py
[2025-04-17T22:44:23.752+0000] {processor.py:840} INFO - DAG(s) 'example_nested_branch_dag' retrieved from /home/airflow/.local/lib/python3.8/site-packages/airflow/example_dags/example_nested_branch_dag.py
[2025-04-17T22:44:23.830+0000] {logging_mixin.py:188} INFO - [2025-04-17T22:44:23.829+0000] {dag.py:3036} INFO - Sync 1 DAGs
[2025-04-17T22:44:23.912+0000] {logging_mixin.py:188} INFO - [2025-04-17T22:44:23.911+0000] {dag.py:3823} INFO - Setting next_dagrun for example_nested_branch_dag to 2025-04-16 00:00:00+00:00, run_after=2025-04-17 00:00:00+00:00
[2025-04-17T22:44:23.974+0000] {processor.py:183} INFO - Processing /home/airflow/.local/lib/python3.8/site-packages/airflow/example_dags/example_nested_branch_dag.py took 0.270 seconds
[2025-04-17T22:44:54.291+0000] {processor.py:161} INFO - Started process (PID=543) to work on /home/airflow/.local/lib/python3.8/site-packages/airflow/example_dags/example_nested_branch_dag.py
[2025-04-17T22:44:54.293+0000] {processor.py:830} INFO - Processing file /home/airflow/.local/lib/python3.8/site-packages/airflow/example_dags/example_nested_branch_dag.py for tasks to queue
[2025-04-17T22:44:54.296+0000] {logging_mixin.py:188} INFO - [2025-04-17T22:44:54.295+0000] {dagbag.py:538} INFO - Filling up the DagBag from /home/airflow/.local/lib/python3.8/site-packages/airflow/example_dags/example_nested_branch_dag.py
[2025-04-17T22:44:54.316+0000] {processor.py:840} INFO - DAG(s) 'example_nested_branch_dag' retrieved from /home/airflow/.local/lib/python3.8/site-packages/airflow/example_dags/example_nested_branch_dag.py
[2025-04-17T22:44:54.355+0000] {logging_mixin.py:188} INFO - [2025-04-17T22:44:54.354+0000] {dag.py:3036} INFO - Sync 1 DAGs
[2025-04-17T22:44:54.390+0000] {logging_mixin.py:188} INFO - [2025-04-17T22:44:54.389+0000] {dag.py:3823} INFO - Setting next_dagrun for example_nested_branch_dag to 2025-04-16 00:00:00+00:00, run_after=2025-04-17 00:00:00+00:00
[2025-04-17T22:44:54.419+0000] {processor.py:183} INFO - Processing /home/airflow/.local/lib/python3.8/site-packages/airflow/example_dags/example_nested_branch_dag.py took 0.133 seconds
[2025-04-17T22:45:24.836+0000] {processor.py:161} INFO - Started process (PID=598) to work on /home/airflow/.local/lib/python3.8/site-packages/airflow/example_dags/example_nested_branch_dag.py
[2025-04-17T22:45:24.838+0000] {processor.py:830} INFO - Processing file /home/airflow/.local/lib/python3.8/site-packages/airflow/example_dags/example_nested_branch_dag.py for tasks to queue
[2025-04-17T22:45:24.840+0000] {logging_mixin.py:188} INFO - [2025-04-17T22:45:24.840+0000] {dagbag.py:538} INFO - Filling up the DagBag from /home/airflow/.local/lib/python3.8/site-packages/airflow/example_dags/example_nested_branch_dag.py
[2025-04-17T22:45:24.856+0000] {processor.py:840} INFO - DAG(s) 'example_nested_branch_dag' retrieved from /home/airflow/.local/lib/python3.8/site-packages/airflow/example_dags/example_nested_branch_dag.py
[2025-04-17T22:45:24.892+0000] {logging_mixin.py:188} INFO - [2025-04-17T22:45:24.892+0000] {dag.py:3036} INFO - Sync 1 DAGs
[2025-04-17T22:45:24.928+0000] {logging_mixin.py:188} INFO - [2025-04-17T22:45:24.928+0000] {dag.py:3823} INFO - Setting next_dagrun for example_nested_branch_dag to 2025-04-16 00:00:00+00:00, run_after=2025-04-17 00:00:00+00:00
[2025-04-17T22:45:24.959+0000] {processor.py:183} INFO - Processing /home/airflow/.local/lib/python3.8/site-packages/airflow/example_dags/example_nested_branch_dag.py took 0.128 seconds
[2025-04-17T22:45:55.214+0000] {processor.py:161} INFO - Started process (PID=653) to work on /home/airflow/.local/lib/python3.8/site-packages/airflow/example_dags/example_nested_branch_dag.py
[2025-04-17T22:45:55.216+0000] {processor.py:830} INFO - Processing file /home/airflow/.local/lib/python3.8/site-packages/airflow/example_dags/example_nested_branch_dag.py for tasks to queue
[2025-04-17T22:45:55.218+0000] {logging_mixin.py:188} INFO - [2025-04-17T22:45:55.218+0000] {dagbag.py:538} INFO - Filling up the DagBag from /home/airflow/.local/lib/python3.8/site-packages/airflow/example_dags/example_nested_branch_dag.py
[2025-04-17T22:45:55.234+0000] {processor.py:840} INFO - DAG(s) 'example_nested_branch_dag' retrieved from /home/airflow/.local/lib/python3.8/site-packages/airflow/example_dags/example_nested_branch_dag.py
[2025-04-17T22:45:55.274+0000] {logging_mixin.py:188} INFO - [2025-04-17T22:45:55.274+0000] {dag.py:3036} INFO - Sync 1 DAGs
[2025-04-17T22:45:55.309+0000] {logging_mixin.py:188} INFO - [2025-04-17T22:45:55.309+0000] {dag.py:3823} INFO - Setting next_dagrun for example_nested_branch_dag to 2025-04-16 00:00:00+00:00, run_after=2025-04-17 00:00:00+00:00
[2025-04-17T22:45:55.342+0000] {processor.py:183} INFO - Processing /home/airflow/.local/lib/python3.8/site-packages/airflow/example_dags/example_nested_branch_dag.py took 0.134 seconds
[2025-04-17T22:46:25.733+0000] {processor.py:161} INFO - Started process (PID=708) to work on /home/airflow/.local/lib/python3.8/site-packages/airflow/example_dags/example_nested_branch_dag.py
[2025-04-17T22:46:25.735+0000] {processor.py:830} INFO - Processing file /home/airflow/.local/lib/python3.8/site-packages/airflow/example_dags/example_nested_branch_dag.py for tasks to queue
[2025-04-17T22:46:25.738+0000] {logging_mixin.py:188} INFO - [2025-04-17T22:46:25.738+0000] {dagbag.py:538} INFO - Filling up the DagBag from /home/airflow/.local/lib/python3.8/site-packages/airflow/example_dags/example_nested_branch_dag.py
[2025-04-17T22:46:25.756+0000] {processor.py:840} INFO - DAG(s) 'example_nested_branch_dag' retrieved from /home/airflow/.local/lib/python3.8/site-packages/airflow/example_dags/example_nested_branch_dag.py
[2025-04-17T22:46:25.837+0000] {logging_mixin.py:188} INFO - [2025-04-17T22:46:25.837+0000] {dag.py:3036} INFO - Sync 1 DAGs
[2025-04-17T22:46:25.874+0000] {logging_mixin.py:188} INFO - [2025-04-17T22:46:25.874+0000] {dag.py:3823} INFO - Setting next_dagrun for example_nested_branch_dag to 2025-04-16 00:00:00+00:00, run_after=2025-04-17 00:00:00+00:00
[2025-04-17T22:46:25.902+0000] {processor.py:183} INFO - Processing /home/airflow/.local/lib/python3.8/site-packages/airflow/example_dags/example_nested_branch_dag.py took 0.175 seconds
[2025-04-17T22:46:56.699+0000] {processor.py:161} INFO - Started process (PID=763) to work on /home/airflow/.local/lib/python3.8/site-packages/airflow/example_dags/example_nested_branch_dag.py
[2025-04-17T22:46:56.701+0000] {processor.py:830} INFO - Processing file /home/airflow/.local/lib/python3.8/site-packages/airflow/example_dags/example_nested_branch_dag.py for tasks to queue
[2025-04-17T22:46:56.703+0000] {logging_mixin.py:188} INFO - [2025-04-17T22:46:56.703+0000] {dagbag.py:538} INFO - Filling up the DagBag from /home/airflow/.local/lib/python3.8/site-packages/airflow/example_dags/example_nested_branch_dag.py
[2025-04-17T22:46:56.721+0000] {processor.py:840} INFO - DAG(s) 'example_nested_branch_dag' retrieved from /home/airflow/.local/lib/python3.8/site-packages/airflow/example_dags/example_nested_branch_dag.py
[2025-04-17T22:46:56.759+0000] {logging_mixin.py:188} INFO - [2025-04-17T22:46:56.759+0000] {dag.py:3036} INFO - Sync 1 DAGs
[2025-04-17T22:46:56.797+0000] {logging_mixin.py:188} INFO - [2025-04-17T22:46:56.797+0000] {dag.py:3823} INFO - Setting next_dagrun for example_nested_branch_dag to 2025-04-16 00:00:00+00:00, run_after=2025-04-17 00:00:00+00:00
[2025-04-17T22:46:56.826+0000] {processor.py:183} INFO - Processing /home/airflow/.local/lib/python3.8/site-packages/airflow/example_dags/example_nested_branch_dag.py took 0.133 seconds
[2025-04-17T22:47:27.160+0000] {processor.py:161} INFO - Started process (PID=818) to work on /home/airflow/.local/lib/python3.8/site-packages/airflow/example_dags/example_nested_branch_dag.py
[2025-04-17T22:47:27.161+0000] {processor.py:830} INFO - Processing file /home/airflow/.local/lib/python3.8/site-packages/airflow/example_dags/example_nested_branch_dag.py for tasks to queue
[2025-04-17T22:47:27.165+0000] {logging_mixin.py:188} INFO - [2025-04-17T22:47:27.165+0000] {dagbag.py:538} INFO - Filling up the DagBag from /home/airflow/.local/lib/python3.8/site-packages/airflow/example_dags/example_nested_branch_dag.py
[2025-04-17T22:47:27.186+0000] {processor.py:840} INFO - DAG(s) 'example_nested_branch_dag' retrieved from /home/airflow/.local/lib/python3.8/site-packages/airflow/example_dags/example_nested_branch_dag.py
[2025-04-17T22:47:27.230+0000] {logging_mixin.py:188} INFO - [2025-04-17T22:47:27.229+0000] {dag.py:3036} INFO - Sync 1 DAGs
[2025-04-17T22:47:27.276+0000] {logging_mixin.py:188} INFO - [2025-04-17T22:47:27.275+0000] {dag.py:3823} INFO - Setting next_dagrun for example_nested_branch_dag to 2025-04-16 00:00:00+00:00, run_after=2025-04-17 00:00:00+00:00
[2025-04-17T22:47:27.318+0000] {processor.py:183} INFO - Processing /home/airflow/.local/lib/python3.8/site-packages/airflow/example_dags/example_nested_branch_dag.py took 0.164 seconds
[2025-04-17T22:47:57.457+0000] {processor.py:161} INFO - Started process (PID=873) to work on /home/airflow/.local/lib/python3.8/site-packages/airflow/example_dags/example_nested_branch_dag.py
[2025-04-17T22:47:57.459+0000] {processor.py:830} INFO - Processing file /home/airflow/.local/lib/python3.8/site-packages/airflow/example_dags/example_nested_branch_dag.py for tasks to queue
[2025-04-17T22:47:57.463+0000] {logging_mixin.py:188} INFO - [2025-04-17T22:47:57.462+0000] {dagbag.py:538} INFO - Filling up the DagBag from /home/airflow/.local/lib/python3.8/site-packages/airflow/example_dags/example_nested_branch_dag.py
[2025-04-17T22:47:57.483+0000] {processor.py:840} INFO - DAG(s) 'example_nested_branch_dag' retrieved from /home/airflow/.local/lib/python3.8/site-packages/airflow/example_dags/example_nested_branch_dag.py
[2025-04-17T22:47:57.502+0000] {logging_mixin.py:188} INFO - [2025-04-17T22:47:57.502+0000] {dag.py:3036} INFO - Sync 1 DAGs
[2025-04-17T22:47:57.540+0000] {logging_mixin.py:188} INFO - [2025-04-17T22:47:57.539+0000] {dag.py:3823} INFO - Setting next_dagrun for example_nested_branch_dag to 2025-04-16 00:00:00+00:00, run_after=2025-04-17 00:00:00+00:00
[2025-04-17T22:47:57.569+0000] {processor.py:183} INFO - Processing /home/airflow/.local/lib/python3.8/site-packages/airflow/example_dags/example_nested_branch_dag.py took 0.118 seconds
[2025-04-17T22:48:28.773+0000] {processor.py:161} INFO - Started process (PID=928) to work on /home/airflow/.local/lib/python3.8/site-packages/airflow/example_dags/example_nested_branch_dag.py
[2025-04-17T22:48:28.774+0000] {processor.py:830} INFO - Processing file /home/airflow/.local/lib/python3.8/site-packages/airflow/example_dags/example_nested_branch_dag.py for tasks to queue
[2025-04-17T22:48:28.778+0000] {logging_mixin.py:188} INFO - [2025-04-17T22:48:28.777+0000] {dagbag.py:538} INFO - Filling up the DagBag from /home/airflow/.local/lib/python3.8/site-packages/airflow/example_dags/example_nested_branch_dag.py
[2025-04-17T22:48:28.795+0000] {processor.py:840} INFO - DAG(s) 'example_nested_branch_dag' retrieved from /home/airflow/.local/lib/python3.8/site-packages/airflow/example_dags/example_nested_branch_dag.py
[2025-04-17T22:48:28.958+0000] {logging_mixin.py:188} INFO - [2025-04-17T22:48:28.958+0000] {dag.py:3036} INFO - Sync 1 DAGs
[2025-04-17T22:48:28.991+0000] {logging_mixin.py:188} INFO - [2025-04-17T22:48:28.991+0000] {dag.py:3823} INFO - Setting next_dagrun for example_nested_branch_dag to 2025-04-16 00:00:00+00:00, run_after=2025-04-17 00:00:00+00:00
[2025-04-17T22:48:29.023+0000] {processor.py:183} INFO - Processing /home/airflow/.local/lib/python3.8/site-packages/airflow/example_dags/example_nested_branch_dag.py took 0.256 seconds
[2025-04-17T22:48:59.673+0000] {processor.py:161} INFO - Started process (PID=983) to work on /home/airflow/.local/lib/python3.8/site-packages/airflow/example_dags/example_nested_branch_dag.py
[2025-04-17T22:48:59.675+0000] {processor.py:830} INFO - Processing file /home/airflow/.local/lib/python3.8/site-packages/airflow/example_dags/example_nested_branch_dag.py for tasks to queue
[2025-04-17T22:48:59.678+0000] {logging_mixin.py:188} INFO - [2025-04-17T22:48:59.677+0000] {dagbag.py:538} INFO - Filling up the DagBag from /home/airflow/.local/lib/python3.8/site-packages/airflow/example_dags/example_nested_branch_dag.py
[2025-04-17T22:48:59.694+0000] {processor.py:840} INFO - DAG(s) 'example_nested_branch_dag' retrieved from /home/airflow/.local/lib/python3.8/site-packages/airflow/example_dags/example_nested_branch_dag.py
[2025-04-17T22:48:59.731+0000] {logging_mixin.py:188} INFO - [2025-04-17T22:48:59.730+0000] {dag.py:3036} INFO - Sync 1 DAGs
[2025-04-17T22:48:59.768+0000] {logging_mixin.py:188} INFO - [2025-04-17T22:48:59.767+0000] {dag.py:3823} INFO - Setting next_dagrun for example_nested_branch_dag to 2025-04-16 00:00:00+00:00, run_after=2025-04-17 00:00:00+00:00
[2025-04-17T22:48:59.797+0000] {processor.py:183} INFO - Processing /home/airflow/.local/lib/python3.8/site-packages/airflow/example_dags/example_nested_branch_dag.py took 0.129 seconds
[2025-04-17T22:49:30.363+0000] {processor.py:161} INFO - Started process (PID=1038) to work on /home/airflow/.local/lib/python3.8/site-packages/airflow/example_dags/example_nested_branch_dag.py
[2025-04-17T22:49:30.365+0000] {processor.py:830} INFO - Processing file /home/airflow/.local/lib/python3.8/site-packages/airflow/example_dags/example_nested_branch_dag.py for tasks to queue
[2025-04-17T22:49:30.368+0000] {logging_mixin.py:188} INFO - [2025-04-17T22:49:30.367+0000] {dagbag.py:538} INFO - Filling up the DagBag from /home/airflow/.local/lib/python3.8/site-packages/airflow/example_dags/example_nested_branch_dag.py
[2025-04-17T22:49:30.384+0000] {processor.py:840} INFO - DAG(s) 'example_nested_branch_dag' retrieved from /home/airflow/.local/lib/python3.8/site-packages/airflow/example_dags/example_nested_branch_dag.py
[2025-04-17T22:49:30.420+0000] {logging_mixin.py:188} INFO - [2025-04-17T22:49:30.419+0000] {dag.py:3036} INFO - Sync 1 DAGs
[2025-04-17T22:49:30.461+0000] {logging_mixin.py:188} INFO - [2025-04-17T22:49:30.461+0000] {dag.py:3823} INFO - Setting next_dagrun for example_nested_branch_dag to 2025-04-16 00:00:00+00:00, run_after=2025-04-17 00:00:00+00:00
[2025-04-17T22:49:30.489+0000] {processor.py:183} INFO - Processing /home/airflow/.local/lib/python3.8/site-packages/airflow/example_dags/example_nested_branch_dag.py took 0.131 seconds
[2025-04-17T22:50:00.683+0000] {processor.py:161} INFO - Started process (PID=1093) to work on /home/airflow/.local/lib/python3.8/site-packages/airflow/example_dags/example_nested_branch_dag.py
[2025-04-17T22:50:00.684+0000] {processor.py:830} INFO - Processing file /home/airflow/.local/lib/python3.8/site-packages/airflow/example_dags/example_nested_branch_dag.py for tasks to queue
[2025-04-17T22:50:00.687+0000] {logging_mixin.py:188} INFO - [2025-04-17T22:50:00.687+0000] {dagbag.py:538} INFO - Filling up the DagBag from /home/airflow/.local/lib/python3.8/site-packages/airflow/example_dags/example_nested_branch_dag.py
[2025-04-17T22:50:00.704+0000] {processor.py:840} INFO - DAG(s) 'example_nested_branch_dag' retrieved from /home/airflow/.local/lib/python3.8/site-packages/airflow/example_dags/example_nested_branch_dag.py
[2025-04-17T22:50:00.741+0000] {logging_mixin.py:188} INFO - [2025-04-17T22:50:00.741+0000] {dag.py:3036} INFO - Sync 1 DAGs
[2025-04-17T22:50:00.785+0000] {logging_mixin.py:188} INFO - [2025-04-17T22:50:00.785+0000] {dag.py:3823} INFO - Setting next_dagrun for example_nested_branch_dag to 2025-04-16 00:00:00+00:00, run_after=2025-04-17 00:00:00+00:00
[2025-04-17T22:50:00.816+0000] {processor.py:183} INFO - Processing /home/airflow/.local/lib/python3.8/site-packages/airflow/example_dags/example_nested_branch_dag.py took 0.139 seconds
[2025-04-17T22:50:31.433+0000] {processor.py:161} INFO - Started process (PID=1148) to work on /home/airflow/.local/lib/python3.8/site-packages/airflow/example_dags/example_nested_branch_dag.py
[2025-04-17T22:50:31.435+0000] {processor.py:830} INFO - Processing file /home/airflow/.local/lib/python3.8/site-packages/airflow/example_dags/example_nested_branch_dag.py for tasks to queue
[2025-04-17T22:50:31.439+0000] {logging_mixin.py:188} INFO - [2025-04-17T22:50:31.438+0000] {dagbag.py:538} INFO - Filling up the DagBag from /home/airflow/.local/lib/python3.8/site-packages/airflow/example_dags/example_nested_branch_dag.py
[2025-04-17T22:50:31.456+0000] {processor.py:840} INFO - DAG(s) 'example_nested_branch_dag' retrieved from /home/airflow/.local/lib/python3.8/site-packages/airflow/example_dags/example_nested_branch_dag.py
[2025-04-17T22:50:31.494+0000] {logging_mixin.py:188} INFO - [2025-04-17T22:50:31.493+0000] {dag.py:3036} INFO - Sync 1 DAGs
[2025-04-17T22:50:31.531+0000] {logging_mixin.py:188} INFO - [2025-04-17T22:50:31.531+0000] {dag.py:3823} INFO - Setting next_dagrun for example_nested_branch_dag to 2025-04-16 00:00:00+00:00, run_after=2025-04-17 00:00:00+00:00
[2025-04-17T22:50:31.563+0000] {processor.py:183} INFO - Processing /home/airflow/.local/lib/python3.8/site-packages/airflow/example_dags/example_nested_branch_dag.py took 0.136 seconds
[2025-04-17T22:51:02.121+0000] {processor.py:161} INFO - Started process (PID=1203) to work on /home/airflow/.local/lib/python3.8/site-packages/airflow/example_dags/example_nested_branch_dag.py
[2025-04-17T22:51:02.122+0000] {processor.py:830} INFO - Processing file /home/airflow/.local/lib/python3.8/site-packages/airflow/example_dags/example_nested_branch_dag.py for tasks to queue
[2025-04-17T22:51:02.125+0000] {logging_mixin.py:188} INFO - [2025-04-17T22:51:02.125+0000] {dagbag.py:538} INFO - Filling up the DagBag from /home/airflow/.local/lib/python3.8/site-packages/airflow/example_dags/example_nested_branch_dag.py
[2025-04-17T22:51:02.141+0000] {processor.py:840} INFO - DAG(s) 'example_nested_branch_dag' retrieved from /home/airflow/.local/lib/python3.8/site-packages/airflow/example_dags/example_nested_branch_dag.py
[2025-04-17T22:51:02.178+0000] {logging_mixin.py:188} INFO - [2025-04-17T22:51:02.178+0000] {dag.py:3036} INFO - Sync 1 DAGs
[2025-04-17T22:51:02.213+0000] {logging_mixin.py:188} INFO - [2025-04-17T22:51:02.213+0000] {dag.py:3823} INFO - Setting next_dagrun for example_nested_branch_dag to 2025-04-16 00:00:00+00:00, run_after=2025-04-17 00:00:00+00:00
[2025-04-17T22:51:02.241+0000] {processor.py:183} INFO - Processing /home/airflow/.local/lib/python3.8/site-packages/airflow/example_dags/example_nested_branch_dag.py took 0.126 seconds
[2025-04-17T22:51:32.443+0000] {processor.py:161} INFO - Started process (PID=1258) to work on /home/airflow/.local/lib/python3.8/site-packages/airflow/example_dags/example_nested_branch_dag.py
[2025-04-17T22:51:32.445+0000] {processor.py:830} INFO - Processing file /home/airflow/.local/lib/python3.8/site-packages/airflow/example_dags/example_nested_branch_dag.py for tasks to queue
[2025-04-17T22:51:32.447+0000] {logging_mixin.py:188} INFO - [2025-04-17T22:51:32.447+0000] {dagbag.py:538} INFO - Filling up the DagBag from /home/airflow/.local/lib/python3.8/site-packages/airflow/example_dags/example_nested_branch_dag.py
[2025-04-17T22:51:32.464+0000] {processor.py:840} INFO - DAG(s) 'example_nested_branch_dag' retrieved from /home/airflow/.local/lib/python3.8/site-packages/airflow/example_dags/example_nested_branch_dag.py
[2025-04-17T22:51:32.500+0000] {logging_mixin.py:188} INFO - [2025-04-17T22:51:32.500+0000] {dag.py:3036} INFO - Sync 1 DAGs
[2025-04-17T22:51:32.544+0000] {logging_mixin.py:188} INFO - [2025-04-17T22:51:32.544+0000] {dag.py:3823} INFO - Setting next_dagrun for example_nested_branch_dag to 2025-04-16 00:00:00+00:00, run_after=2025-04-17 00:00:00+00:00
[2025-04-17T22:51:32.585+0000] {processor.py:183} INFO - Processing /home/airflow/.local/lib/python3.8/site-packages/airflow/example_dags/example_nested_branch_dag.py took 0.147 seconds
[2025-04-17T22:52:03.025+0000] {processor.py:161} INFO - Started process (PID=1313) to work on /home/airflow/.local/lib/python3.8/site-packages/airflow/example_dags/example_nested_branch_dag.py
[2025-04-17T22:52:03.027+0000] {processor.py:830} INFO - Processing file /home/airflow/.local/lib/python3.8/site-packages/airflow/example_dags/example_nested_branch_dag.py for tasks to queue
[2025-04-17T22:52:03.030+0000] {logging_mixin.py:188} INFO - [2025-04-17T22:52:03.030+0000] {dagbag.py:538} INFO - Filling up the DagBag from /home/airflow/.local/lib/python3.8/site-packages/airflow/example_dags/example_nested_branch_dag.py
[2025-04-17T22:52:03.046+0000] {processor.py:840} INFO - DAG(s) 'example_nested_branch_dag' retrieved from /home/airflow/.local/lib/python3.8/site-packages/airflow/example_dags/example_nested_branch_dag.py
[2025-04-17T22:52:03.083+0000] {logging_mixin.py:188} INFO - [2025-04-17T22:52:03.083+0000] {dag.py:3036} INFO - Sync 1 DAGs
[2025-04-17T22:52:03.118+0000] {logging_mixin.py:188} INFO - [2025-04-17T22:52:03.117+0000] {dag.py:3823} INFO - Setting next_dagrun for example_nested_branch_dag to 2025-04-16 00:00:00+00:00, run_after=2025-04-17 00:00:00+00:00
[2025-04-17T22:52:03.147+0000] {processor.py:183} INFO - Processing /home/airflow/.local/lib/python3.8/site-packages/airflow/example_dags/example_nested_branch_dag.py took 0.127 seconds
[2025-04-17T22:52:33.713+0000] {processor.py:161} INFO - Started process (PID=1368) to work on /home/airflow/.local/lib/python3.8/site-packages/airflow/example_dags/example_nested_branch_dag.py
[2025-04-17T22:52:33.715+0000] {processor.py:830} INFO - Processing file /home/airflow/.local/lib/python3.8/site-packages/airflow/example_dags/example_nested_branch_dag.py for tasks to queue
[2025-04-17T22:52:33.718+0000] {logging_mixin.py:188} INFO - [2025-04-17T22:52:33.717+0000] {dagbag.py:538} INFO - Filling up the DagBag from /home/airflow/.local/lib/python3.8/site-packages/airflow/example_dags/example_nested_branch_dag.py
[2025-04-17T22:52:33.736+0000] {processor.py:840} INFO - DAG(s) 'example_nested_branch_dag' retrieved from /home/airflow/.local/lib/python3.8/site-packages/airflow/example_dags/example_nested_branch_dag.py
[2025-04-17T22:52:33.778+0000] {logging_mixin.py:188} INFO - [2025-04-17T22:52:33.777+0000] {dag.py:3036} INFO - Sync 1 DAGs
[2025-04-17T22:52:33.828+0000] {logging_mixin.py:188} INFO - [2025-04-17T22:52:33.828+0000] {dag.py:3823} INFO - Setting next_dagrun for example_nested_branch_dag to 2025-04-16 00:00:00+00:00, run_after=2025-04-17 00:00:00+00:00
[2025-04-17T22:52:33.867+0000] {processor.py:183} INFO - Processing /home/airflow/.local/lib/python3.8/site-packages/airflow/example_dags/example_nested_branch_dag.py took 0.160 seconds
[2025-04-17T22:53:04.824+0000] {processor.py:161} INFO - Started process (PID=1423) to work on /home/airflow/.local/lib/python3.8/site-packages/airflow/example_dags/example_nested_branch_dag.py
[2025-04-17T22:53:04.825+0000] {processor.py:830} INFO - Processing file /home/airflow/.local/lib/python3.8/site-packages/airflow/example_dags/example_nested_branch_dag.py for tasks to queue
[2025-04-17T22:53:04.828+0000] {logging_mixin.py:188} INFO - [2025-04-17T22:53:04.828+0000] {dagbag.py:538} INFO - Filling up the DagBag from /home/airflow/.local/lib/python3.8/site-packages/airflow/example_dags/example_nested_branch_dag.py
[2025-04-17T22:53:04.846+0000] {processor.py:840} INFO - DAG(s) 'example_nested_branch_dag' retrieved from /home/airflow/.local/lib/python3.8/site-packages/airflow/example_dags/example_nested_branch_dag.py
[2025-04-17T22:53:04.888+0000] {logging_mixin.py:188} INFO - [2025-04-17T22:53:04.887+0000] {dag.py:3036} INFO - Sync 1 DAGs
[2025-04-17T22:53:04.926+0000] {logging_mixin.py:188} INFO - [2025-04-17T22:53:04.926+0000] {dag.py:3823} INFO - Setting next_dagrun for example_nested_branch_dag to 2025-04-16 00:00:00+00:00, run_after=2025-04-17 00:00:00+00:00
[2025-04-17T22:53:04.963+0000] {processor.py:183} INFO - Processing /home/airflow/.local/lib/python3.8/site-packages/airflow/example_dags/example_nested_branch_dag.py took 0.147 seconds
[2025-04-17T22:53:35.642+0000] {processor.py:161} INFO - Started process (PID=1478) to work on /home/airflow/.local/lib/python3.8/site-packages/airflow/example_dags/example_nested_branch_dag.py
[2025-04-17T22:53:35.671+0000] {processor.py:830} INFO - Processing file /home/airflow/.local/lib/python3.8/site-packages/airflow/example_dags/example_nested_branch_dag.py for tasks to queue
[2025-04-17T22:53:35.674+0000] {logging_mixin.py:188} INFO - [2025-04-17T22:53:35.674+0000] {dagbag.py:538} INFO - Filling up the DagBag from /home/airflow/.local/lib/python3.8/site-packages/airflow/example_dags/example_nested_branch_dag.py
[2025-04-17T22:53:35.694+0000] {processor.py:840} INFO - DAG(s) 'example_nested_branch_dag' retrieved from /home/airflow/.local/lib/python3.8/site-packages/airflow/example_dags/example_nested_branch_dag.py
[2025-04-17T22:53:35.749+0000] {logging_mixin.py:188} INFO - [2025-04-17T22:53:35.749+0000] {dag.py:3036} INFO - Sync 1 DAGs
[2025-04-17T22:53:35.808+0000] {logging_mixin.py:188} INFO - [2025-04-17T22:53:35.808+0000] {dag.py:3823} INFO - Setting next_dagrun for example_nested_branch_dag to 2025-04-16 00:00:00+00:00, run_after=2025-04-17 00:00:00+00:00
[2025-04-17T22:53:35.848+0000] {processor.py:183} INFO - Processing /home/airflow/.local/lib/python3.8/site-packages/airflow/example_dags/example_nested_branch_dag.py took 0.213 seconds
[2025-04-17T22:54:06.628+0000] {processor.py:161} INFO - Started process (PID=1533) to work on /home/airflow/.local/lib/python3.8/site-packages/airflow/example_dags/example_nested_branch_dag.py
[2025-04-17T22:54:06.629+0000] {processor.py:830} INFO - Processing file /home/airflow/.local/lib/python3.8/site-packages/airflow/example_dags/example_nested_branch_dag.py for tasks to queue
[2025-04-17T22:54:06.632+0000] {logging_mixin.py:188} INFO - [2025-04-17T22:54:06.632+0000] {dagbag.py:538} INFO - Filling up the DagBag from /home/airflow/.local/lib/python3.8/site-packages/airflow/example_dags/example_nested_branch_dag.py
[2025-04-17T22:54:06.650+0000] {processor.py:840} INFO - DAG(s) 'example_nested_branch_dag' retrieved from /home/airflow/.local/lib/python3.8/site-packages/airflow/example_dags/example_nested_branch_dag.py
[2025-04-17T22:54:06.689+0000] {logging_mixin.py:188} INFO - [2025-04-17T22:54:06.689+0000] {dag.py:3036} INFO - Sync 1 DAGs
[2025-04-17T22:54:06.728+0000] {logging_mixin.py:188} INFO - [2025-04-17T22:54:06.727+0000] {dag.py:3823} INFO - Setting next_dagrun for example_nested_branch_dag to 2025-04-16 00:00:00+00:00, run_after=2025-04-17 00:00:00+00:00
[2025-04-17T22:54:06.763+0000] {processor.py:183} INFO - Processing /home/airflow/.local/lib/python3.8/site-packages/airflow/example_dags/example_nested_branch_dag.py took 0.141 seconds
