[2025-04-17T22:40:48.230+0000] {processor.py:161} INFO - Started process (PID=96) to work on /home/airflow/.local/lib/python3.8/site-packages/airflow/example_dags/example_external_task_marker_dag.py
[2025-04-17T22:40:48.233+0000] {processor.py:830} INFO - Processing file /home/airflow/.local/lib/python3.8/site-packages/airflow/example_dags/example_external_task_marker_dag.py for tasks to queue
[2025-04-17T22:40:48.240+0000] {logging_mixin.py:188} INFO - [2025-04-17T22:40:48.240+0000] {dagbag.py:538} INFO - Filling up the DagBag from /home/airflow/.local/lib/python3.8/site-packages/airflow/example_dags/example_external_task_marker_dag.py
[2025-04-17T22:40:48.253+0000] {processor.py:840} INFO - DAG(s) 'example_external_task_marker_parent', 'example_external_task_marker_child' retrieved from /home/airflow/.local/lib/python3.8/site-packages/airflow/example_dags/example_external_task_marker_dag.py
[2025-04-17T22:40:48.455+0000] {logging_mixin.py:188} INFO - [2025-04-17T22:40:48.455+0000] {dag.py:3036} INFO - Sync 2 DAGs
[2025-04-17T22:40:48.485+0000] {logging_mixin.py:188} INFO - [2025-04-17T22:40:48.485+0000] {dag.py:3823} INFO - Setting next_dagrun for example_external_task_marker_child to None, run_after=None
[2025-04-17T22:40:48.491+0000] {logging_mixin.py:188} INFO - [2025-04-17T22:40:48.491+0000] {dag.py:3823} INFO - Setting next_dagrun for example_external_task_marker_parent to None, run_after=None
[2025-04-17T22:40:48.526+0000] {processor.py:183} INFO - Processing /home/airflow/.local/lib/python3.8/site-packages/airflow/example_dags/example_external_task_marker_dag.py took 0.302 seconds
[2025-04-17T22:41:18.672+0000] {processor.py:161} INFO - Started process (PID=151) to work on /home/airflow/.local/lib/python3.8/site-packages/airflow/example_dags/example_external_task_marker_dag.py
[2025-04-17T22:41:18.674+0000] {processor.py:830} INFO - Processing file /home/airflow/.local/lib/python3.8/site-packages/airflow/example_dags/example_external_task_marker_dag.py for tasks to queue
[2025-04-17T22:41:18.677+0000] {logging_mixin.py:188} INFO - [2025-04-17T22:41:18.676+0000] {dagbag.py:538} INFO - Filling up the DagBag from /home/airflow/.local/lib/python3.8/site-packages/airflow/example_dags/example_external_task_marker_dag.py
[2025-04-17T22:41:18.687+0000] {processor.py:840} INFO - DAG(s) 'example_external_task_marker_child', 'example_external_task_marker_parent' retrieved from /home/airflow/.local/lib/python3.8/site-packages/airflow/example_dags/example_external_task_marker_dag.py
[2025-04-17T22:41:18.732+0000] {logging_mixin.py:188} INFO - [2025-04-17T22:41:18.731+0000] {dag.py:3036} INFO - Sync 2 DAGs
[2025-04-17T22:41:18.752+0000] {logging_mixin.py:188} INFO - [2025-04-17T22:41:18.752+0000] {dag.py:3823} INFO - Setting next_dagrun for example_external_task_marker_child to None, run_after=None
[2025-04-17T22:41:18.758+0000] {logging_mixin.py:188} INFO - [2025-04-17T22:41:18.757+0000] {dag.py:3823} INFO - Setting next_dagrun for example_external_task_marker_parent to None, run_after=None
[2025-04-17T22:41:18.788+0000] {processor.py:183} INFO - Processing /home/airflow/.local/lib/python3.8/site-packages/airflow/example_dags/example_external_task_marker_dag.py took 0.122 seconds
[2025-04-17T22:41:49.188+0000] {processor.py:161} INFO - Started process (PID=207) to work on /home/airflow/.local/lib/python3.8/site-packages/airflow/example_dags/example_external_task_marker_dag.py
[2025-04-17T22:41:49.189+0000] {processor.py:830} INFO - Processing file /home/airflow/.local/lib/python3.8/site-packages/airflow/example_dags/example_external_task_marker_dag.py for tasks to queue
[2025-04-17T22:41:49.192+0000] {logging_mixin.py:188} INFO - [2025-04-17T22:41:49.192+0000] {dagbag.py:538} INFO - Filling up the DagBag from /home/airflow/.local/lib/python3.8/site-packages/airflow/example_dags/example_external_task_marker_dag.py
[2025-04-17T22:41:49.202+0000] {processor.py:840} INFO - DAG(s) 'example_external_task_marker_parent', 'example_external_task_marker_child' retrieved from /home/airflow/.local/lib/python3.8/site-packages/airflow/example_dags/example_external_task_marker_dag.py
[2025-04-17T22:41:49.253+0000] {logging_mixin.py:188} INFO - [2025-04-17T22:41:49.253+0000] {dag.py:3036} INFO - Sync 2 DAGs
[2025-04-17T22:41:49.275+0000] {logging_mixin.py:188} INFO - [2025-04-17T22:41:49.275+0000] {dag.py:3823} INFO - Setting next_dagrun for example_external_task_marker_child to None, run_after=None
[2025-04-17T22:41:49.281+0000] {logging_mixin.py:188} INFO - [2025-04-17T22:41:49.281+0000] {dag.py:3823} INFO - Setting next_dagrun for example_external_task_marker_parent to None, run_after=None
[2025-04-17T22:41:49.310+0000] {processor.py:183} INFO - Processing /home/airflow/.local/lib/python3.8/site-packages/airflow/example_dags/example_external_task_marker_dag.py took 0.128 seconds
[2025-04-17T22:42:19.623+0000] {processor.py:161} INFO - Started process (PID=262) to work on /home/airflow/.local/lib/python3.8/site-packages/airflow/example_dags/example_external_task_marker_dag.py
[2025-04-17T22:42:19.625+0000] {processor.py:830} INFO - Processing file /home/airflow/.local/lib/python3.8/site-packages/airflow/example_dags/example_external_task_marker_dag.py for tasks to queue
[2025-04-17T22:42:19.627+0000] {logging_mixin.py:188} INFO - [2025-04-17T22:42:19.627+0000] {dagbag.py:538} INFO - Filling up the DagBag from /home/airflow/.local/lib/python3.8/site-packages/airflow/example_dags/example_external_task_marker_dag.py
[2025-04-17T22:42:19.637+0000] {processor.py:840} INFO - DAG(s) 'example_external_task_marker_parent', 'example_external_task_marker_child' retrieved from /home/airflow/.local/lib/python3.8/site-packages/airflow/example_dags/example_external_task_marker_dag.py
[2025-04-17T22:42:19.685+0000] {logging_mixin.py:188} INFO - [2025-04-17T22:42:19.685+0000] {dag.py:3036} INFO - Sync 2 DAGs
[2025-04-17T22:42:19.710+0000] {logging_mixin.py:188} INFO - [2025-04-17T22:42:19.710+0000] {dag.py:3823} INFO - Setting next_dagrun for example_external_task_marker_child to None, run_after=None
[2025-04-17T22:42:19.717+0000] {logging_mixin.py:188} INFO - [2025-04-17T22:42:19.717+0000] {dag.py:3823} INFO - Setting next_dagrun for example_external_task_marker_parent to None, run_after=None
[2025-04-17T22:42:19.745+0000] {processor.py:183} INFO - Processing /home/airflow/.local/lib/python3.8/site-packages/airflow/example_dags/example_external_task_marker_dag.py took 0.128 seconds
[2025-04-17T22:42:50.035+0000] {processor.py:161} INFO - Started process (PID=317) to work on /home/airflow/.local/lib/python3.8/site-packages/airflow/example_dags/example_external_task_marker_dag.py
[2025-04-17T22:42:50.037+0000] {processor.py:830} INFO - Processing file /home/airflow/.local/lib/python3.8/site-packages/airflow/example_dags/example_external_task_marker_dag.py for tasks to queue
[2025-04-17T22:42:50.048+0000] {logging_mixin.py:188} INFO - [2025-04-17T22:42:50.047+0000] {dagbag.py:538} INFO - Filling up the DagBag from /home/airflow/.local/lib/python3.8/site-packages/airflow/example_dags/example_external_task_marker_dag.py
[2025-04-17T22:42:50.058+0000] {processor.py:840} INFO - DAG(s) 'example_external_task_marker_parent', 'example_external_task_marker_child' retrieved from /home/airflow/.local/lib/python3.8/site-packages/airflow/example_dags/example_external_task_marker_dag.py
[2025-04-17T22:42:50.103+0000] {logging_mixin.py:188} INFO - [2025-04-17T22:42:50.103+0000] {dag.py:3036} INFO - Sync 2 DAGs
[2025-04-17T22:42:50.126+0000] {logging_mixin.py:188} INFO - [2025-04-17T22:42:50.125+0000] {dag.py:3823} INFO - Setting next_dagrun for example_external_task_marker_child to None, run_after=None
[2025-04-17T22:42:50.133+0000] {logging_mixin.py:188} INFO - [2025-04-17T22:42:50.132+0000] {dag.py:3823} INFO - Setting next_dagrun for example_external_task_marker_parent to None, run_after=None
[2025-04-17T22:42:50.165+0000] {processor.py:183} INFO - Processing /home/airflow/.local/lib/python3.8/site-packages/airflow/example_dags/example_external_task_marker_dag.py took 0.136 seconds
[2025-04-17T22:43:20.887+0000] {processor.py:161} INFO - Started process (PID=372) to work on /home/airflow/.local/lib/python3.8/site-packages/airflow/example_dags/example_external_task_marker_dag.py
[2025-04-17T22:43:20.889+0000] {processor.py:830} INFO - Processing file /home/airflow/.local/lib/python3.8/site-packages/airflow/example_dags/example_external_task_marker_dag.py for tasks to queue
[2025-04-17T22:43:20.892+0000] {logging_mixin.py:188} INFO - [2025-04-17T22:43:20.891+0000] {dagbag.py:538} INFO - Filling up the DagBag from /home/airflow/.local/lib/python3.8/site-packages/airflow/example_dags/example_external_task_marker_dag.py
[2025-04-17T22:43:20.902+0000] {processor.py:840} INFO - DAG(s) 'example_external_task_marker_child', 'example_external_task_marker_parent' retrieved from /home/airflow/.local/lib/python3.8/site-packages/airflow/example_dags/example_external_task_marker_dag.py
[2025-04-17T22:43:20.957+0000] {logging_mixin.py:188} INFO - [2025-04-17T22:43:20.956+0000] {dag.py:3036} INFO - Sync 2 DAGs
[2025-04-17T22:43:20.979+0000] {logging_mixin.py:188} INFO - [2025-04-17T22:43:20.979+0000] {dag.py:3823} INFO - Setting next_dagrun for example_external_task_marker_child to None, run_after=None
[2025-04-17T22:43:20.985+0000] {logging_mixin.py:188} INFO - [2025-04-17T22:43:20.985+0000] {dag.py:3823} INFO - Setting next_dagrun for example_external_task_marker_parent to None, run_after=None
[2025-04-17T22:43:21.017+0000] {processor.py:183} INFO - Processing /home/airflow/.local/lib/python3.8/site-packages/airflow/example_dags/example_external_task_marker_dag.py took 0.136 seconds
[2025-04-17T22:43:51.086+0000] {processor.py:161} INFO - Started process (PID=427) to work on /home/airflow/.local/lib/python3.8/site-packages/airflow/example_dags/example_external_task_marker_dag.py
[2025-04-17T22:43:51.088+0000] {processor.py:830} INFO - Processing file /home/airflow/.local/lib/python3.8/site-packages/airflow/example_dags/example_external_task_marker_dag.py for tasks to queue
[2025-04-17T22:43:51.091+0000] {logging_mixin.py:188} INFO - [2025-04-17T22:43:51.090+0000] {dagbag.py:538} INFO - Filling up the DagBag from /home/airflow/.local/lib/python3.8/site-packages/airflow/example_dags/example_external_task_marker_dag.py
[2025-04-17T22:43:51.106+0000] {processor.py:840} INFO - DAG(s) 'example_external_task_marker_child', 'example_external_task_marker_parent' retrieved from /home/airflow/.local/lib/python3.8/site-packages/airflow/example_dags/example_external_task_marker_dag.py
[2025-04-17T22:43:51.169+0000] {logging_mixin.py:188} INFO - [2025-04-17T22:43:51.168+0000] {dag.py:3036} INFO - Sync 2 DAGs
[2025-04-17T22:43:51.203+0000] {logging_mixin.py:188} INFO - [2025-04-17T22:43:51.202+0000] {dag.py:3823} INFO - Setting next_dagrun for example_external_task_marker_child to None, run_after=None
[2025-04-17T22:43:51.212+0000] {logging_mixin.py:188} INFO - [2025-04-17T22:43:51.212+0000] {dag.py:3823} INFO - Setting next_dagrun for example_external_task_marker_parent to None, run_after=None
[2025-04-17T22:43:51.253+0000] {processor.py:183} INFO - Processing /home/airflow/.local/lib/python3.8/site-packages/airflow/example_dags/example_external_task_marker_dag.py took 0.173 seconds
[2025-04-17T22:44:21.944+0000] {processor.py:161} INFO - Started process (PID=482) to work on /home/airflow/.local/lib/python3.8/site-packages/airflow/example_dags/example_external_task_marker_dag.py
[2025-04-17T22:44:21.946+0000] {processor.py:830} INFO - Processing file /home/airflow/.local/lib/python3.8/site-packages/airflow/example_dags/example_external_task_marker_dag.py for tasks to queue
[2025-04-17T22:44:21.949+0000] {logging_mixin.py:188} INFO - [2025-04-17T22:44:21.948+0000] {dagbag.py:538} INFO - Filling up the DagBag from /home/airflow/.local/lib/python3.8/site-packages/airflow/example_dags/example_external_task_marker_dag.py
[2025-04-17T22:44:21.959+0000] {processor.py:840} INFO - DAG(s) 'example_external_task_marker_child', 'example_external_task_marker_parent' retrieved from /home/airflow/.local/lib/python3.8/site-packages/airflow/example_dags/example_external_task_marker_dag.py
[2025-04-17T22:44:22.001+0000] {logging_mixin.py:188} INFO - [2025-04-17T22:44:22.001+0000] {dag.py:3036} INFO - Sync 2 DAGs
[2025-04-17T22:44:22.024+0000] {logging_mixin.py:188} INFO - [2025-04-17T22:44:22.024+0000] {dag.py:3823} INFO - Setting next_dagrun for example_external_task_marker_child to None, run_after=None
[2025-04-17T22:44:22.033+0000] {logging_mixin.py:188} INFO - [2025-04-17T22:44:22.032+0000] {dag.py:3823} INFO - Setting next_dagrun for example_external_task_marker_parent to None, run_after=None
[2025-04-17T22:44:22.065+0000] {processor.py:183} INFO - Processing /home/airflow/.local/lib/python3.8/site-packages/airflow/example_dags/example_external_task_marker_dag.py took 0.127 seconds
[2025-04-17T22:44:52.719+0000] {processor.py:161} INFO - Started process (PID=537) to work on /home/airflow/.local/lib/python3.8/site-packages/airflow/example_dags/example_external_task_marker_dag.py
[2025-04-17T22:44:52.721+0000] {processor.py:830} INFO - Processing file /home/airflow/.local/lib/python3.8/site-packages/airflow/example_dags/example_external_task_marker_dag.py for tasks to queue
[2025-04-17T22:44:52.724+0000] {logging_mixin.py:188} INFO - [2025-04-17T22:44:52.723+0000] {dagbag.py:538} INFO - Filling up the DagBag from /home/airflow/.local/lib/python3.8/site-packages/airflow/example_dags/example_external_task_marker_dag.py
[2025-04-17T22:44:52.735+0000] {processor.py:840} INFO - DAG(s) 'example_external_task_marker_parent', 'example_external_task_marker_child' retrieved from /home/airflow/.local/lib/python3.8/site-packages/airflow/example_dags/example_external_task_marker_dag.py
[2025-04-17T22:44:52.781+0000] {logging_mixin.py:188} INFO - [2025-04-17T22:44:52.780+0000] {dag.py:3036} INFO - Sync 2 DAGs
[2025-04-17T22:44:52.802+0000] {logging_mixin.py:188} INFO - [2025-04-17T22:44:52.802+0000] {dag.py:3823} INFO - Setting next_dagrun for example_external_task_marker_child to None, run_after=None
[2025-04-17T22:44:52.808+0000] {logging_mixin.py:188} INFO - [2025-04-17T22:44:52.807+0000] {dag.py:3823} INFO - Setting next_dagrun for example_external_task_marker_parent to None, run_after=None
[2025-04-17T22:44:52.833+0000] {processor.py:183} INFO - Processing /home/airflow/.local/lib/python3.8/site-packages/airflow/example_dags/example_external_task_marker_dag.py took 0.118 seconds
[2025-04-17T22:45:23.313+0000] {processor.py:161} INFO - Started process (PID=592) to work on /home/airflow/.local/lib/python3.8/site-packages/airflow/example_dags/example_external_task_marker_dag.py
[2025-04-17T22:45:23.315+0000] {processor.py:830} INFO - Processing file /home/airflow/.local/lib/python3.8/site-packages/airflow/example_dags/example_external_task_marker_dag.py for tasks to queue
[2025-04-17T22:45:23.317+0000] {logging_mixin.py:188} INFO - [2025-04-17T22:45:23.317+0000] {dagbag.py:538} INFO - Filling up the DagBag from /home/airflow/.local/lib/python3.8/site-packages/airflow/example_dags/example_external_task_marker_dag.py
[2025-04-17T22:45:23.327+0000] {processor.py:840} INFO - DAG(s) 'example_external_task_marker_child', 'example_external_task_marker_parent' retrieved from /home/airflow/.local/lib/python3.8/site-packages/airflow/example_dags/example_external_task_marker_dag.py
[2025-04-17T22:45:23.366+0000] {logging_mixin.py:188} INFO - [2025-04-17T22:45:23.366+0000] {dag.py:3036} INFO - Sync 2 DAGs
[2025-04-17T22:45:23.387+0000] {logging_mixin.py:188} INFO - [2025-04-17T22:45:23.387+0000] {dag.py:3823} INFO - Setting next_dagrun for example_external_task_marker_child to None, run_after=None
[2025-04-17T22:45:23.393+0000] {logging_mixin.py:188} INFO - [2025-04-17T22:45:23.392+0000] {dag.py:3823} INFO - Setting next_dagrun for example_external_task_marker_parent to None, run_after=None
[2025-04-17T22:45:23.419+0000] {processor.py:183} INFO - Processing /home/airflow/.local/lib/python3.8/site-packages/airflow/example_dags/example_external_task_marker_dag.py took 0.112 seconds
[2025-04-17T22:45:53.856+0000] {processor.py:161} INFO - Started process (PID=647) to work on /home/airflow/.local/lib/python3.8/site-packages/airflow/example_dags/example_external_task_marker_dag.py
[2025-04-17T22:45:53.858+0000] {processor.py:830} INFO - Processing file /home/airflow/.local/lib/python3.8/site-packages/airflow/example_dags/example_external_task_marker_dag.py for tasks to queue
[2025-04-17T22:45:53.861+0000] {logging_mixin.py:188} INFO - [2025-04-17T22:45:53.860+0000] {dagbag.py:538} INFO - Filling up the DagBag from /home/airflow/.local/lib/python3.8/site-packages/airflow/example_dags/example_external_task_marker_dag.py
[2025-04-17T22:45:53.871+0000] {processor.py:840} INFO - DAG(s) 'example_external_task_marker_child', 'example_external_task_marker_parent' retrieved from /home/airflow/.local/lib/python3.8/site-packages/airflow/example_dags/example_external_task_marker_dag.py
[2025-04-17T22:45:53.909+0000] {logging_mixin.py:188} INFO - [2025-04-17T22:45:53.909+0000] {dag.py:3036} INFO - Sync 2 DAGs
[2025-04-17T22:45:53.929+0000] {logging_mixin.py:188} INFO - [2025-04-17T22:45:53.929+0000] {dag.py:3823} INFO - Setting next_dagrun for example_external_task_marker_child to None, run_after=None
[2025-04-17T22:45:53.935+0000] {logging_mixin.py:188} INFO - [2025-04-17T22:45:53.935+0000] {dag.py:3823} INFO - Setting next_dagrun for example_external_task_marker_parent to None, run_after=None
[2025-04-17T22:45:53.960+0000] {processor.py:183} INFO - Processing /home/airflow/.local/lib/python3.8/site-packages/airflow/example_dags/example_external_task_marker_dag.py took 0.109 seconds
[2025-04-17T22:46:24.175+0000] {processor.py:161} INFO - Started process (PID=702) to work on /home/airflow/.local/lib/python3.8/site-packages/airflow/example_dags/example_external_task_marker_dag.py
[2025-04-17T22:46:24.177+0000] {processor.py:830} INFO - Processing file /home/airflow/.local/lib/python3.8/site-packages/airflow/example_dags/example_external_task_marker_dag.py for tasks to queue
[2025-04-17T22:46:24.180+0000] {logging_mixin.py:188} INFO - [2025-04-17T22:46:24.179+0000] {dagbag.py:538} INFO - Filling up the DagBag from /home/airflow/.local/lib/python3.8/site-packages/airflow/example_dags/example_external_task_marker_dag.py
[2025-04-17T22:46:24.189+0000] {processor.py:840} INFO - DAG(s) 'example_external_task_marker_parent', 'example_external_task_marker_child' retrieved from /home/airflow/.local/lib/python3.8/site-packages/airflow/example_dags/example_external_task_marker_dag.py
[2025-04-17T22:46:24.233+0000] {logging_mixin.py:188} INFO - [2025-04-17T22:46:24.232+0000] {dag.py:3036} INFO - Sync 2 DAGs
[2025-04-17T22:46:24.258+0000] {logging_mixin.py:188} INFO - [2025-04-17T22:46:24.258+0000] {dag.py:3823} INFO - Setting next_dagrun for example_external_task_marker_child to None, run_after=None
[2025-04-17T22:46:24.264+0000] {logging_mixin.py:188} INFO - [2025-04-17T22:46:24.264+0000] {dag.py:3823} INFO - Setting next_dagrun for example_external_task_marker_parent to None, run_after=None
[2025-04-17T22:46:24.290+0000] {processor.py:183} INFO - Processing /home/airflow/.local/lib/python3.8/site-packages/airflow/example_dags/example_external_task_marker_dag.py took 0.120 seconds
[2025-04-17T22:46:55.132+0000] {processor.py:161} INFO - Started process (PID=757) to work on /home/airflow/.local/lib/python3.8/site-packages/airflow/example_dags/example_external_task_marker_dag.py
[2025-04-17T22:46:55.135+0000] {processor.py:830} INFO - Processing file /home/airflow/.local/lib/python3.8/site-packages/airflow/example_dags/example_external_task_marker_dag.py for tasks to queue
[2025-04-17T22:46:55.138+0000] {logging_mixin.py:188} INFO - [2025-04-17T22:46:55.138+0000] {dagbag.py:538} INFO - Filling up the DagBag from /home/airflow/.local/lib/python3.8/site-packages/airflow/example_dags/example_external_task_marker_dag.py
[2025-04-17T22:46:55.148+0000] {processor.py:840} INFO - DAG(s) 'example_external_task_marker_child', 'example_external_task_marker_parent' retrieved from /home/airflow/.local/lib/python3.8/site-packages/airflow/example_dags/example_external_task_marker_dag.py
[2025-04-17T22:46:55.187+0000] {logging_mixin.py:188} INFO - [2025-04-17T22:46:55.187+0000] {dag.py:3036} INFO - Sync 2 DAGs
[2025-04-17T22:46:55.207+0000] {logging_mixin.py:188} INFO - [2025-04-17T22:46:55.207+0000] {dag.py:3823} INFO - Setting next_dagrun for example_external_task_marker_child to None, run_after=None
[2025-04-17T22:46:55.213+0000] {logging_mixin.py:188} INFO - [2025-04-17T22:46:55.213+0000] {dag.py:3823} INFO - Setting next_dagrun for example_external_task_marker_parent to None, run_after=None
[2025-04-17T22:46:55.241+0000] {processor.py:183} INFO - Processing /home/airflow/.local/lib/python3.8/site-packages/airflow/example_dags/example_external_task_marker_dag.py took 0.114 seconds
[2025-04-17T22:47:25.610+0000] {processor.py:161} INFO - Started process (PID=812) to work on /home/airflow/.local/lib/python3.8/site-packages/airflow/example_dags/example_external_task_marker_dag.py
[2025-04-17T22:47:25.612+0000] {processor.py:830} INFO - Processing file /home/airflow/.local/lib/python3.8/site-packages/airflow/example_dags/example_external_task_marker_dag.py for tasks to queue
[2025-04-17T22:47:25.615+0000] {logging_mixin.py:188} INFO - [2025-04-17T22:47:25.615+0000] {dagbag.py:538} INFO - Filling up the DagBag from /home/airflow/.local/lib/python3.8/site-packages/airflow/example_dags/example_external_task_marker_dag.py
[2025-04-17T22:47:25.626+0000] {processor.py:840} INFO - DAG(s) 'example_external_task_marker_child', 'example_external_task_marker_parent' retrieved from /home/airflow/.local/lib/python3.8/site-packages/airflow/example_dags/example_external_task_marker_dag.py
[2025-04-17T22:47:25.669+0000] {logging_mixin.py:188} INFO - [2025-04-17T22:47:25.669+0000] {dag.py:3036} INFO - Sync 2 DAGs
[2025-04-17T22:47:25.693+0000] {logging_mixin.py:188} INFO - [2025-04-17T22:47:25.692+0000] {dag.py:3823} INFO - Setting next_dagrun for example_external_task_marker_child to None, run_after=None
[2025-04-17T22:47:25.699+0000] {logging_mixin.py:188} INFO - [2025-04-17T22:47:25.699+0000] {dag.py:3823} INFO - Setting next_dagrun for example_external_task_marker_parent to None, run_after=None
[2025-04-17T22:47:25.729+0000] {processor.py:183} INFO - Processing /home/airflow/.local/lib/python3.8/site-packages/airflow/example_dags/example_external_task_marker_dag.py took 0.125 seconds
[2025-04-17T22:47:55.941+0000] {processor.py:161} INFO - Started process (PID=867) to work on /home/airflow/.local/lib/python3.8/site-packages/airflow/example_dags/example_external_task_marker_dag.py
[2025-04-17T22:47:55.942+0000] {processor.py:830} INFO - Processing file /home/airflow/.local/lib/python3.8/site-packages/airflow/example_dags/example_external_task_marker_dag.py for tasks to queue
[2025-04-17T22:47:55.945+0000] {logging_mixin.py:188} INFO - [2025-04-17T22:47:55.945+0000] {dagbag.py:538} INFO - Filling up the DagBag from /home/airflow/.local/lib/python3.8/site-packages/airflow/example_dags/example_external_task_marker_dag.py
[2025-04-17T22:47:55.956+0000] {processor.py:840} INFO - DAG(s) 'example_external_task_marker_child', 'example_external_task_marker_parent' retrieved from /home/airflow/.local/lib/python3.8/site-packages/airflow/example_dags/example_external_task_marker_dag.py
[2025-04-17T22:47:55.977+0000] {logging_mixin.py:188} INFO - [2025-04-17T22:47:55.977+0000] {dag.py:3036} INFO - Sync 2 DAGs
[2025-04-17T22:47:56.002+0000] {logging_mixin.py:188} INFO - [2025-04-17T22:47:56.001+0000] {dag.py:3823} INFO - Setting next_dagrun for example_external_task_marker_child to None, run_after=None
[2025-04-17T22:47:56.008+0000] {logging_mixin.py:188} INFO - [2025-04-17T22:47:56.008+0000] {dag.py:3823} INFO - Setting next_dagrun for example_external_task_marker_parent to None, run_after=None
[2025-04-17T22:47:56.057+0000] {processor.py:183} INFO - Processing /home/airflow/.local/lib/python3.8/site-packages/airflow/example_dags/example_external_task_marker_dag.py took 0.122 seconds
[2025-04-17T22:48:26.726+0000] {processor.py:161} INFO - Started process (PID=922) to work on /home/airflow/.local/lib/python3.8/site-packages/airflow/example_dags/example_external_task_marker_dag.py
[2025-04-17T22:48:26.728+0000] {processor.py:830} INFO - Processing file /home/airflow/.local/lib/python3.8/site-packages/airflow/example_dags/example_external_task_marker_dag.py for tasks to queue
[2025-04-17T22:48:26.731+0000] {logging_mixin.py:188} INFO - [2025-04-17T22:48:26.731+0000] {dagbag.py:538} INFO - Filling up the DagBag from /home/airflow/.local/lib/python3.8/site-packages/airflow/example_dags/example_external_task_marker_dag.py
[2025-04-17T22:48:26.741+0000] {processor.py:840} INFO - DAG(s) 'example_external_task_marker_parent', 'example_external_task_marker_child' retrieved from /home/airflow/.local/lib/python3.8/site-packages/airflow/example_dags/example_external_task_marker_dag.py
[2025-04-17T22:48:26.924+0000] {logging_mixin.py:188} INFO - [2025-04-17T22:48:26.923+0000] {dag.py:3036} INFO - Sync 2 DAGs
[2025-04-17T22:48:26.941+0000] {logging_mixin.py:188} INFO - [2025-04-17T22:48:26.941+0000] {dag.py:3823} INFO - Setting next_dagrun for example_external_task_marker_child to None, run_after=None
[2025-04-17T22:48:26.946+0000] {logging_mixin.py:188} INFO - [2025-04-17T22:48:26.946+0000] {dag.py:3823} INFO - Setting next_dagrun for example_external_task_marker_parent to None, run_after=None
[2025-04-17T22:48:26.973+0000] {processor.py:183} INFO - Processing /home/airflow/.local/lib/python3.8/site-packages/airflow/example_dags/example_external_task_marker_dag.py took 0.252 seconds
[2025-04-17T22:48:57.054+0000] {processor.py:161} INFO - Started process (PID=977) to work on /home/airflow/.local/lib/python3.8/site-packages/airflow/example_dags/example_external_task_marker_dag.py
[2025-04-17T22:48:57.055+0000] {processor.py:830} INFO - Processing file /home/airflow/.local/lib/python3.8/site-packages/airflow/example_dags/example_external_task_marker_dag.py for tasks to queue
[2025-04-17T22:48:57.058+0000] {logging_mixin.py:188} INFO - [2025-04-17T22:48:57.058+0000] {dagbag.py:538} INFO - Filling up the DagBag from /home/airflow/.local/lib/python3.8/site-packages/airflow/example_dags/example_external_task_marker_dag.py
[2025-04-17T22:48:57.068+0000] {processor.py:840} INFO - DAG(s) 'example_external_task_marker_parent', 'example_external_task_marker_child' retrieved from /home/airflow/.local/lib/python3.8/site-packages/airflow/example_dags/example_external_task_marker_dag.py
[2025-04-17T22:48:57.105+0000] {logging_mixin.py:188} INFO - [2025-04-17T22:48:57.105+0000] {dag.py:3036} INFO - Sync 2 DAGs
[2025-04-17T22:48:57.125+0000] {logging_mixin.py:188} INFO - [2025-04-17T22:48:57.125+0000] {dag.py:3823} INFO - Setting next_dagrun for example_external_task_marker_child to None, run_after=None
[2025-04-17T22:48:57.130+0000] {logging_mixin.py:188} INFO - [2025-04-17T22:48:57.130+0000] {dag.py:3823} INFO - Setting next_dagrun for example_external_task_marker_parent to None, run_after=None
[2025-04-17T22:48:57.156+0000] {processor.py:183} INFO - Processing /home/airflow/.local/lib/python3.8/site-packages/airflow/example_dags/example_external_task_marker_dag.py took 0.107 seconds
[2025-04-17T22:49:27.842+0000] {processor.py:161} INFO - Started process (PID=1032) to work on /home/airflow/.local/lib/python3.8/site-packages/airflow/example_dags/example_external_task_marker_dag.py
[2025-04-17T22:49:27.844+0000] {processor.py:830} INFO - Processing file /home/airflow/.local/lib/python3.8/site-packages/airflow/example_dags/example_external_task_marker_dag.py for tasks to queue
[2025-04-17T22:49:27.847+0000] {logging_mixin.py:188} INFO - [2025-04-17T22:49:27.847+0000] {dagbag.py:538} INFO - Filling up the DagBag from /home/airflow/.local/lib/python3.8/site-packages/airflow/example_dags/example_external_task_marker_dag.py
[2025-04-17T22:49:27.857+0000] {processor.py:840} INFO - DAG(s) 'example_external_task_marker_parent', 'example_external_task_marker_child' retrieved from /home/airflow/.local/lib/python3.8/site-packages/airflow/example_dags/example_external_task_marker_dag.py
[2025-04-17T22:49:27.900+0000] {logging_mixin.py:188} INFO - [2025-04-17T22:49:27.900+0000] {dag.py:3036} INFO - Sync 2 DAGs
[2025-04-17T22:49:27.921+0000] {logging_mixin.py:188} INFO - [2025-04-17T22:49:27.920+0000] {dag.py:3823} INFO - Setting next_dagrun for example_external_task_marker_child to None, run_after=None
[2025-04-17T22:49:27.926+0000] {logging_mixin.py:188} INFO - [2025-04-17T22:49:27.926+0000] {dag.py:3823} INFO - Setting next_dagrun for example_external_task_marker_parent to None, run_after=None
[2025-04-17T22:49:27.952+0000] {processor.py:183} INFO - Processing /home/airflow/.local/lib/python3.8/site-packages/airflow/example_dags/example_external_task_marker_dag.py took 0.115 seconds
[2025-04-17T22:49:58.133+0000] {processor.py:161} INFO - Started process (PID=1087) to work on /home/airflow/.local/lib/python3.8/site-packages/airflow/example_dags/example_external_task_marker_dag.py
[2025-04-17T22:49:58.134+0000] {processor.py:830} INFO - Processing file /home/airflow/.local/lib/python3.8/site-packages/airflow/example_dags/example_external_task_marker_dag.py for tasks to queue
[2025-04-17T22:49:58.137+0000] {logging_mixin.py:188} INFO - [2025-04-17T22:49:58.137+0000] {dagbag.py:538} INFO - Filling up the DagBag from /home/airflow/.local/lib/python3.8/site-packages/airflow/example_dags/example_external_task_marker_dag.py
[2025-04-17T22:49:58.151+0000] {processor.py:840} INFO - DAG(s) 'example_external_task_marker_parent', 'example_external_task_marker_child' retrieved from /home/airflow/.local/lib/python3.8/site-packages/airflow/example_dags/example_external_task_marker_dag.py
[2025-04-17T22:49:58.190+0000] {logging_mixin.py:188} INFO - [2025-04-17T22:49:58.190+0000] {dag.py:3036} INFO - Sync 2 DAGs
[2025-04-17T22:49:58.210+0000] {logging_mixin.py:188} INFO - [2025-04-17T22:49:58.210+0000] {dag.py:3823} INFO - Setting next_dagrun for example_external_task_marker_child to None, run_after=None
[2025-04-17T22:49:58.216+0000] {logging_mixin.py:188} INFO - [2025-04-17T22:49:58.216+0000] {dag.py:3823} INFO - Setting next_dagrun for example_external_task_marker_parent to None, run_after=None
[2025-04-17T22:49:58.244+0000] {processor.py:183} INFO - Processing /home/airflow/.local/lib/python3.8/site-packages/airflow/example_dags/example_external_task_marker_dag.py took 0.118 seconds
[2025-04-17T22:50:28.889+0000] {processor.py:161} INFO - Started process (PID=1142) to work on /home/airflow/.local/lib/python3.8/site-packages/airflow/example_dags/example_external_task_marker_dag.py
[2025-04-17T22:50:28.891+0000] {processor.py:830} INFO - Processing file /home/airflow/.local/lib/python3.8/site-packages/airflow/example_dags/example_external_task_marker_dag.py for tasks to queue
[2025-04-17T22:50:28.894+0000] {logging_mixin.py:188} INFO - [2025-04-17T22:50:28.894+0000] {dagbag.py:538} INFO - Filling up the DagBag from /home/airflow/.local/lib/python3.8/site-packages/airflow/example_dags/example_external_task_marker_dag.py
[2025-04-17T22:50:28.905+0000] {processor.py:840} INFO - DAG(s) 'example_external_task_marker_child', 'example_external_task_marker_parent' retrieved from /home/airflow/.local/lib/python3.8/site-packages/airflow/example_dags/example_external_task_marker_dag.py
[2025-04-17T22:50:28.950+0000] {logging_mixin.py:188} INFO - [2025-04-17T22:50:28.950+0000] {dag.py:3036} INFO - Sync 2 DAGs
[2025-04-17T22:50:28.972+0000] {logging_mixin.py:188} INFO - [2025-04-17T22:50:28.972+0000] {dag.py:3823} INFO - Setting next_dagrun for example_external_task_marker_child to None, run_after=None
[2025-04-17T22:50:28.979+0000] {logging_mixin.py:188} INFO - [2025-04-17T22:50:28.979+0000] {dag.py:3823} INFO - Setting next_dagrun for example_external_task_marker_parent to None, run_after=None
[2025-04-17T22:50:29.007+0000] {processor.py:183} INFO - Processing /home/airflow/.local/lib/python3.8/site-packages/airflow/example_dags/example_external_task_marker_dag.py took 0.123 seconds
[2025-04-17T22:50:59.601+0000] {processor.py:161} INFO - Started process (PID=1197) to work on /home/airflow/.local/lib/python3.8/site-packages/airflow/example_dags/example_external_task_marker_dag.py
[2025-04-17T22:50:59.603+0000] {processor.py:830} INFO - Processing file /home/airflow/.local/lib/python3.8/site-packages/airflow/example_dags/example_external_task_marker_dag.py for tasks to queue
[2025-04-17T22:50:59.606+0000] {logging_mixin.py:188} INFO - [2025-04-17T22:50:59.605+0000] {dagbag.py:538} INFO - Filling up the DagBag from /home/airflow/.local/lib/python3.8/site-packages/airflow/example_dags/example_external_task_marker_dag.py
[2025-04-17T22:50:59.616+0000] {processor.py:840} INFO - DAG(s) 'example_external_task_marker_child', 'example_external_task_marker_parent' retrieved from /home/airflow/.local/lib/python3.8/site-packages/airflow/example_dags/example_external_task_marker_dag.py
[2025-04-17T22:50:59.657+0000] {logging_mixin.py:188} INFO - [2025-04-17T22:50:59.657+0000] {dag.py:3036} INFO - Sync 2 DAGs
[2025-04-17T22:50:59.678+0000] {logging_mixin.py:188} INFO - [2025-04-17T22:50:59.678+0000] {dag.py:3823} INFO - Setting next_dagrun for example_external_task_marker_child to None, run_after=None
[2025-04-17T22:50:59.685+0000] {logging_mixin.py:188} INFO - [2025-04-17T22:50:59.685+0000] {dag.py:3823} INFO - Setting next_dagrun for example_external_task_marker_parent to None, run_after=None
[2025-04-17T22:50:59.710+0000] {processor.py:183} INFO - Processing /home/airflow/.local/lib/python3.8/site-packages/airflow/example_dags/example_external_task_marker_dag.py took 0.114 seconds
[2025-04-17T22:51:29.897+0000] {processor.py:161} INFO - Started process (PID=1252) to work on /home/airflow/.local/lib/python3.8/site-packages/airflow/example_dags/example_external_task_marker_dag.py
[2025-04-17T22:51:29.898+0000] {processor.py:830} INFO - Processing file /home/airflow/.local/lib/python3.8/site-packages/airflow/example_dags/example_external_task_marker_dag.py for tasks to queue
[2025-04-17T22:51:29.901+0000] {logging_mixin.py:188} INFO - [2025-04-17T22:51:29.901+0000] {dagbag.py:538} INFO - Filling up the DagBag from /home/airflow/.local/lib/python3.8/site-packages/airflow/example_dags/example_external_task_marker_dag.py
[2025-04-17T22:51:29.913+0000] {processor.py:840} INFO - DAG(s) 'example_external_task_marker_parent', 'example_external_task_marker_child' retrieved from /home/airflow/.local/lib/python3.8/site-packages/airflow/example_dags/example_external_task_marker_dag.py
[2025-04-17T22:51:29.954+0000] {logging_mixin.py:188} INFO - [2025-04-17T22:51:29.954+0000] {dag.py:3036} INFO - Sync 2 DAGs
[2025-04-17T22:51:29.976+0000] {logging_mixin.py:188} INFO - [2025-04-17T22:51:29.975+0000] {dag.py:3823} INFO - Setting next_dagrun for example_external_task_marker_child to None, run_after=None
[2025-04-17T22:51:29.982+0000] {logging_mixin.py:188} INFO - [2025-04-17T22:51:29.981+0000] {dag.py:3823} INFO - Setting next_dagrun for example_external_task_marker_parent to None, run_after=None
[2025-04-17T22:51:30.010+0000] {processor.py:183} INFO - Processing /home/airflow/.local/lib/python3.8/site-packages/airflow/example_dags/example_external_task_marker_dag.py took 0.119 seconds
[2025-04-17T22:52:00.500+0000] {processor.py:161} INFO - Started process (PID=1307) to work on /home/airflow/.local/lib/python3.8/site-packages/airflow/example_dags/example_external_task_marker_dag.py
[2025-04-17T22:52:00.501+0000] {processor.py:830} INFO - Processing file /home/airflow/.local/lib/python3.8/site-packages/airflow/example_dags/example_external_task_marker_dag.py for tasks to queue
[2025-04-17T22:52:00.504+0000] {logging_mixin.py:188} INFO - [2025-04-17T22:52:00.504+0000] {dagbag.py:538} INFO - Filling up the DagBag from /home/airflow/.local/lib/python3.8/site-packages/airflow/example_dags/example_external_task_marker_dag.py
[2025-04-17T22:52:00.514+0000] {processor.py:840} INFO - DAG(s) 'example_external_task_marker_child', 'example_external_task_marker_parent' retrieved from /home/airflow/.local/lib/python3.8/site-packages/airflow/example_dags/example_external_task_marker_dag.py
[2025-04-17T22:52:00.554+0000] {logging_mixin.py:188} INFO - [2025-04-17T22:52:00.553+0000] {dag.py:3036} INFO - Sync 2 DAGs
[2025-04-17T22:52:00.576+0000] {logging_mixin.py:188} INFO - [2025-04-17T22:52:00.575+0000] {dag.py:3823} INFO - Setting next_dagrun for example_external_task_marker_child to None, run_after=None
[2025-04-17T22:52:00.582+0000] {logging_mixin.py:188} INFO - [2025-04-17T22:52:00.582+0000] {dag.py:3823} INFO - Setting next_dagrun for example_external_task_marker_parent to None, run_after=None
[2025-04-17T22:52:00.609+0000] {processor.py:183} INFO - Processing /home/airflow/.local/lib/python3.8/site-packages/airflow/example_dags/example_external_task_marker_dag.py took 0.115 seconds
[2025-04-17T22:52:32.266+0000] {processor.py:161} INFO - Started process (PID=1362) to work on /home/airflow/.local/lib/python3.8/site-packages/airflow/example_dags/example_external_task_marker_dag.py
[2025-04-17T22:52:32.269+0000] {processor.py:830} INFO - Processing file /home/airflow/.local/lib/python3.8/site-packages/airflow/example_dags/example_external_task_marker_dag.py for tasks to queue
[2025-04-17T22:52:32.275+0000] {logging_mixin.py:188} INFO - [2025-04-17T22:52:32.274+0000] {dagbag.py:538} INFO - Filling up the DagBag from /home/airflow/.local/lib/python3.8/site-packages/airflow/example_dags/example_external_task_marker_dag.py
[2025-04-17T22:52:32.294+0000] {processor.py:840} INFO - DAG(s) 'example_external_task_marker_parent', 'example_external_task_marker_child' retrieved from /home/airflow/.local/lib/python3.8/site-packages/airflow/example_dags/example_external_task_marker_dag.py
[2025-04-17T22:52:32.367+0000] {logging_mixin.py:188} INFO - [2025-04-17T22:52:32.367+0000] {dag.py:3036} INFO - Sync 2 DAGs
[2025-04-17T22:52:32.394+0000] {logging_mixin.py:188} INFO - [2025-04-17T22:52:32.393+0000] {dag.py:3823} INFO - Setting next_dagrun for example_external_task_marker_child to None, run_after=None
[2025-04-17T22:52:32.400+0000] {logging_mixin.py:188} INFO - [2025-04-17T22:52:32.400+0000] {dag.py:3823} INFO - Setting next_dagrun for example_external_task_marker_parent to None, run_after=None
[2025-04-17T22:52:32.428+0000] {processor.py:183} INFO - Processing /home/airflow/.local/lib/python3.8/site-packages/airflow/example_dags/example_external_task_marker_dag.py took 0.170 seconds
[2025-04-17T22:53:03.107+0000] {processor.py:161} INFO - Started process (PID=1417) to work on /home/airflow/.local/lib/python3.8/site-packages/airflow/example_dags/example_external_task_marker_dag.py
[2025-04-17T22:53:03.109+0000] {processor.py:830} INFO - Processing file /home/airflow/.local/lib/python3.8/site-packages/airflow/example_dags/example_external_task_marker_dag.py for tasks to queue
[2025-04-17T22:53:03.114+0000] {logging_mixin.py:188} INFO - [2025-04-17T22:53:03.113+0000] {dagbag.py:538} INFO - Filling up the DagBag from /home/airflow/.local/lib/python3.8/site-packages/airflow/example_dags/example_external_task_marker_dag.py
[2025-04-17T22:53:03.126+0000] {processor.py:840} INFO - DAG(s) 'example_external_task_marker_child', 'example_external_task_marker_parent' retrieved from /home/airflow/.local/lib/python3.8/site-packages/airflow/example_dags/example_external_task_marker_dag.py
[2025-04-17T22:53:03.175+0000] {logging_mixin.py:188} INFO - [2025-04-17T22:53:03.174+0000] {dag.py:3036} INFO - Sync 2 DAGs
[2025-04-17T22:53:03.213+0000] {logging_mixin.py:188} INFO - [2025-04-17T22:53:03.212+0000] {dag.py:3823} INFO - Setting next_dagrun for example_external_task_marker_child to None, run_after=None
[2025-04-17T22:53:03.225+0000] {logging_mixin.py:188} INFO - [2025-04-17T22:53:03.224+0000] {dag.py:3823} INFO - Setting next_dagrun for example_external_task_marker_parent to None, run_after=None
[2025-04-17T22:53:03.276+0000] {processor.py:183} INFO - Processing /home/airflow/.local/lib/python3.8/site-packages/airflow/example_dags/example_external_task_marker_dag.py took 0.176 seconds
[2025-04-17T22:53:33.956+0000] {processor.py:161} INFO - Started process (PID=1472) to work on /home/airflow/.local/lib/python3.8/site-packages/airflow/example_dags/example_external_task_marker_dag.py
[2025-04-17T22:53:33.958+0000] {processor.py:830} INFO - Processing file /home/airflow/.local/lib/python3.8/site-packages/airflow/example_dags/example_external_task_marker_dag.py for tasks to queue
[2025-04-17T22:53:33.961+0000] {logging_mixin.py:188} INFO - [2025-04-17T22:53:33.960+0000] {dagbag.py:538} INFO - Filling up the DagBag from /home/airflow/.local/lib/python3.8/site-packages/airflow/example_dags/example_external_task_marker_dag.py
[2025-04-17T22:53:33.972+0000] {processor.py:840} INFO - DAG(s) 'example_external_task_marker_parent', 'example_external_task_marker_child' retrieved from /home/airflow/.local/lib/python3.8/site-packages/airflow/example_dags/example_external_task_marker_dag.py
[2025-04-17T22:53:34.014+0000] {logging_mixin.py:188} INFO - [2025-04-17T22:53:34.013+0000] {dag.py:3036} INFO - Sync 2 DAGs
[2025-04-17T22:53:34.040+0000] {logging_mixin.py:188} INFO - [2025-04-17T22:53:34.039+0000] {dag.py:3823} INFO - Setting next_dagrun for example_external_task_marker_child to None, run_after=None
[2025-04-17T22:53:34.046+0000] {logging_mixin.py:188} INFO - [2025-04-17T22:53:34.046+0000] {dag.py:3823} INFO - Setting next_dagrun for example_external_task_marker_parent to None, run_after=None
[2025-04-17T22:53:34.072+0000] {processor.py:183} INFO - Processing /home/airflow/.local/lib/python3.8/site-packages/airflow/example_dags/example_external_task_marker_dag.py took 0.122 seconds
[2025-04-17T22:54:04.216+0000] {processor.py:161} INFO - Started process (PID=1527) to work on /home/airflow/.local/lib/python3.8/site-packages/airflow/example_dags/example_external_task_marker_dag.py
[2025-04-17T22:54:04.217+0000] {processor.py:830} INFO - Processing file /home/airflow/.local/lib/python3.8/site-packages/airflow/example_dags/example_external_task_marker_dag.py for tasks to queue
[2025-04-17T22:54:04.220+0000] {logging_mixin.py:188} INFO - [2025-04-17T22:54:04.219+0000] {dagbag.py:538} INFO - Filling up the DagBag from /home/airflow/.local/lib/python3.8/site-packages/airflow/example_dags/example_external_task_marker_dag.py
[2025-04-17T22:54:04.230+0000] {processor.py:840} INFO - DAG(s) 'example_external_task_marker_child', 'example_external_task_marker_parent' retrieved from /home/airflow/.local/lib/python3.8/site-packages/airflow/example_dags/example_external_task_marker_dag.py
[2025-04-17T22:54:04.272+0000] {logging_mixin.py:188} INFO - [2025-04-17T22:54:04.271+0000] {dag.py:3036} INFO - Sync 2 DAGs
[2025-04-17T22:54:04.294+0000] {logging_mixin.py:188} INFO - [2025-04-17T22:54:04.294+0000] {dag.py:3823} INFO - Setting next_dagrun for example_external_task_marker_child to None, run_after=None
[2025-04-17T22:54:04.301+0000] {logging_mixin.py:188} INFO - [2025-04-17T22:54:04.301+0000] {dag.py:3823} INFO - Setting next_dagrun for example_external_task_marker_parent to None, run_after=None
[2025-04-17T22:54:04.337+0000] {processor.py:183} INFO - Processing /home/airflow/.local/lib/python3.8/site-packages/airflow/example_dags/example_external_task_marker_dag.py took 0.127 seconds
