[2025-04-17T22:40:51.399+0000] {processor.py:161} INFO - Started process (PID=114) to work on /home/airflow/.local/lib/python3.8/site-packages/airflow/example_dags/example_task_group_decorator.py
[2025-04-17T22:40:51.401+0000] {processor.py:830} INFO - Processing file /home/airflow/.local/lib/python3.8/site-packages/airflow/example_dags/example_task_group_decorator.py for tasks to queue
[2025-04-17T22:40:51.404+0000] {logging_mixin.py:188} INFO - [2025-04-17T22:40:51.404+0000] {dagbag.py:538} INFO - Filling up the DagBag from /home/airflow/.local/lib/python3.8/site-packages/airflow/example_dags/example_task_group_decorator.py
[2025-04-17T22:40:51.433+0000] {processor.py:840} INFO - DAG(s) 'example_task_group_decorator' retrieved from /home/airflow/.local/lib/python3.8/site-packages/airflow/example_dags/example_task_group_decorator.py
[2025-04-17T22:40:51.627+0000] {logging_mixin.py:188} INFO - [2025-04-17T22:40:51.626+0000] {dag.py:3036} INFO - Sync 1 DAGs
[2025-04-17T22:40:51.659+0000] {logging_mixin.py:188} INFO - [2025-04-17T22:40:51.659+0000] {dag.py:3823} INFO - Setting next_dagrun for example_task_group_decorator to 2025-04-16 00:00:00+00:00, run_after=2025-04-17 00:00:00+00:00
[2025-04-17T22:40:51.691+0000] {processor.py:183} INFO - Processing /home/airflow/.local/lib/python3.8/site-packages/airflow/example_dags/example_task_group_decorator.py took 0.298 seconds
[2025-04-17T22:41:22.369+0000] {processor.py:161} INFO - Started process (PID=169) to work on /home/airflow/.local/lib/python3.8/site-packages/airflow/example_dags/example_task_group_decorator.py
[2025-04-17T22:41:22.371+0000] {processor.py:830} INFO - Processing file /home/airflow/.local/lib/python3.8/site-packages/airflow/example_dags/example_task_group_decorator.py for tasks to queue
[2025-04-17T22:41:22.374+0000] {logging_mixin.py:188} INFO - [2025-04-17T22:41:22.374+0000] {dagbag.py:538} INFO - Filling up the DagBag from /home/airflow/.local/lib/python3.8/site-packages/airflow/example_dags/example_task_group_decorator.py
[2025-04-17T22:41:22.399+0000] {processor.py:840} INFO - DAG(s) 'example_task_group_decorator' retrieved from /home/airflow/.local/lib/python3.8/site-packages/airflow/example_dags/example_task_group_decorator.py
[2025-04-17T22:41:22.441+0000] {logging_mixin.py:188} INFO - [2025-04-17T22:41:22.440+0000] {dag.py:3036} INFO - Sync 1 DAGs
[2025-04-17T22:41:22.482+0000] {logging_mixin.py:188} INFO - [2025-04-17T22:41:22.481+0000] {dag.py:3823} INFO - Setting next_dagrun for example_task_group_decorator to 2025-04-16 00:00:00+00:00, run_after=2025-04-17 00:00:00+00:00
[2025-04-17T22:41:22.513+0000] {processor.py:183} INFO - Processing /home/airflow/.local/lib/python3.8/site-packages/airflow/example_dags/example_task_group_decorator.py took 0.149 seconds
[2025-04-17T22:41:53.005+0000] {processor.py:161} INFO - Started process (PID=225) to work on /home/airflow/.local/lib/python3.8/site-packages/airflow/example_dags/example_task_group_decorator.py
[2025-04-17T22:41:53.006+0000] {processor.py:830} INFO - Processing file /home/airflow/.local/lib/python3.8/site-packages/airflow/example_dags/example_task_group_decorator.py for tasks to queue
[2025-04-17T22:41:53.010+0000] {logging_mixin.py:188} INFO - [2025-04-17T22:41:53.009+0000] {dagbag.py:538} INFO - Filling up the DagBag from /home/airflow/.local/lib/python3.8/site-packages/airflow/example_dags/example_task_group_decorator.py
[2025-04-17T22:41:53.037+0000] {processor.py:840} INFO - DAG(s) 'example_task_group_decorator' retrieved from /home/airflow/.local/lib/python3.8/site-packages/airflow/example_dags/example_task_group_decorator.py
[2025-04-17T22:41:53.097+0000] {logging_mixin.py:188} INFO - [2025-04-17T22:41:53.096+0000] {dag.py:3036} INFO - Sync 1 DAGs
[2025-04-17T22:41:53.142+0000] {logging_mixin.py:188} INFO - [2025-04-17T22:41:53.142+0000] {dag.py:3823} INFO - Setting next_dagrun for example_task_group_decorator to 2025-04-16 00:00:00+00:00, run_after=2025-04-17 00:00:00+00:00
[2025-04-17T22:41:53.183+0000] {processor.py:183} INFO - Processing /home/airflow/.local/lib/python3.8/site-packages/airflow/example_dags/example_task_group_decorator.py took 0.183 seconds
[2025-04-17T22:42:23.324+0000] {processor.py:161} INFO - Started process (PID=280) to work on /home/airflow/.local/lib/python3.8/site-packages/airflow/example_dags/example_task_group_decorator.py
[2025-04-17T22:42:23.325+0000] {processor.py:830} INFO - Processing file /home/airflow/.local/lib/python3.8/site-packages/airflow/example_dags/example_task_group_decorator.py for tasks to queue
[2025-04-17T22:42:23.329+0000] {logging_mixin.py:188} INFO - [2025-04-17T22:42:23.328+0000] {dagbag.py:538} INFO - Filling up the DagBag from /home/airflow/.local/lib/python3.8/site-packages/airflow/example_dags/example_task_group_decorator.py
[2025-04-17T22:42:23.353+0000] {processor.py:840} INFO - DAG(s) 'example_task_group_decorator' retrieved from /home/airflow/.local/lib/python3.8/site-packages/airflow/example_dags/example_task_group_decorator.py
[2025-04-17T22:42:23.401+0000] {logging_mixin.py:188} INFO - [2025-04-17T22:42:23.401+0000] {dag.py:3036} INFO - Sync 1 DAGs
[2025-04-17T22:42:23.437+0000] {logging_mixin.py:188} INFO - [2025-04-17T22:42:23.437+0000] {dag.py:3823} INFO - Setting next_dagrun for example_task_group_decorator to 2025-04-16 00:00:00+00:00, run_after=2025-04-17 00:00:00+00:00
[2025-04-17T22:42:23.472+0000] {processor.py:183} INFO - Processing /home/airflow/.local/lib/python3.8/site-packages/airflow/example_dags/example_task_group_decorator.py took 0.153 seconds
[2025-04-17T22:42:53.774+0000] {processor.py:161} INFO - Started process (PID=335) to work on /home/airflow/.local/lib/python3.8/site-packages/airflow/example_dags/example_task_group_decorator.py
[2025-04-17T22:42:53.775+0000] {processor.py:830} INFO - Processing file /home/airflow/.local/lib/python3.8/site-packages/airflow/example_dags/example_task_group_decorator.py for tasks to queue
[2025-04-17T22:42:53.779+0000] {logging_mixin.py:188} INFO - [2025-04-17T22:42:53.778+0000] {dagbag.py:538} INFO - Filling up the DagBag from /home/airflow/.local/lib/python3.8/site-packages/airflow/example_dags/example_task_group_decorator.py
[2025-04-17T22:42:53.805+0000] {processor.py:840} INFO - DAG(s) 'example_task_group_decorator' retrieved from /home/airflow/.local/lib/python3.8/site-packages/airflow/example_dags/example_task_group_decorator.py
[2025-04-17T22:42:53.848+0000] {logging_mixin.py:188} INFO - [2025-04-17T22:42:53.848+0000] {dag.py:3036} INFO - Sync 1 DAGs
[2025-04-17T22:42:53.885+0000] {logging_mixin.py:188} INFO - [2025-04-17T22:42:53.885+0000] {dag.py:3823} INFO - Setting next_dagrun for example_task_group_decorator to 2025-04-16 00:00:00+00:00, run_after=2025-04-17 00:00:00+00:00
[2025-04-17T22:42:53.916+0000] {processor.py:183} INFO - Processing /home/airflow/.local/lib/python3.8/site-packages/airflow/example_dags/example_task_group_decorator.py took 0.149 seconds
[2025-04-17T22:43:24.237+0000] {processor.py:161} INFO - Started process (PID=389) to work on /home/airflow/.local/lib/python3.8/site-packages/airflow/example_dags/example_task_group_decorator.py
[2025-04-17T22:43:24.239+0000] {processor.py:830} INFO - Processing file /home/airflow/.local/lib/python3.8/site-packages/airflow/example_dags/example_task_group_decorator.py for tasks to queue
[2025-04-17T22:43:24.242+0000] {logging_mixin.py:188} INFO - [2025-04-17T22:43:24.241+0000] {dagbag.py:538} INFO - Filling up the DagBag from /home/airflow/.local/lib/python3.8/site-packages/airflow/example_dags/example_task_group_decorator.py
[2025-04-17T22:43:24.267+0000] {processor.py:840} INFO - DAG(s) 'example_task_group_decorator' retrieved from /home/airflow/.local/lib/python3.8/site-packages/airflow/example_dags/example_task_group_decorator.py
[2025-04-17T22:43:24.325+0000] {logging_mixin.py:188} INFO - [2025-04-17T22:43:24.325+0000] {dag.py:3036} INFO - Sync 1 DAGs
[2025-04-17T22:43:24.366+0000] {logging_mixin.py:188} INFO - [2025-04-17T22:43:24.366+0000] {dag.py:3823} INFO - Setting next_dagrun for example_task_group_decorator to 2025-04-16 00:00:00+00:00, run_after=2025-04-17 00:00:00+00:00
[2025-04-17T22:43:24.398+0000] {processor.py:183} INFO - Processing /home/airflow/.local/lib/python3.8/site-packages/airflow/example_dags/example_task_group_decorator.py took 0.166 seconds
[2025-04-17T22:43:54.868+0000] {processor.py:161} INFO - Started process (PID=444) to work on /home/airflow/.local/lib/python3.8/site-packages/airflow/example_dags/example_task_group_decorator.py
[2025-04-17T22:43:54.869+0000] {processor.py:830} INFO - Processing file /home/airflow/.local/lib/python3.8/site-packages/airflow/example_dags/example_task_group_decorator.py for tasks to queue
[2025-04-17T22:43:54.873+0000] {logging_mixin.py:188} INFO - [2025-04-17T22:43:54.873+0000] {dagbag.py:538} INFO - Filling up the DagBag from /home/airflow/.local/lib/python3.8/site-packages/airflow/example_dags/example_task_group_decorator.py
[2025-04-17T22:43:54.898+0000] {processor.py:840} INFO - DAG(s) 'example_task_group_decorator' retrieved from /home/airflow/.local/lib/python3.8/site-packages/airflow/example_dags/example_task_group_decorator.py
[2025-04-17T22:43:54.941+0000] {logging_mixin.py:188} INFO - [2025-04-17T22:43:54.940+0000] {dag.py:3036} INFO - Sync 1 DAGs
[2025-04-17T22:43:54.985+0000] {logging_mixin.py:188} INFO - [2025-04-17T22:43:54.985+0000] {dag.py:3823} INFO - Setting next_dagrun for example_task_group_decorator to 2025-04-16 00:00:00+00:00, run_after=2025-04-17 00:00:00+00:00
[2025-04-17T22:43:55.026+0000] {processor.py:183} INFO - Processing /home/airflow/.local/lib/python3.8/site-packages/airflow/example_dags/example_task_group_decorator.py took 0.164 seconds
[2025-04-17T22:44:26.211+0000] {processor.py:161} INFO - Started process (PID=500) to work on /home/airflow/.local/lib/python3.8/site-packages/airflow/example_dags/example_task_group_decorator.py
[2025-04-17T22:44:26.213+0000] {processor.py:830} INFO - Processing file /home/airflow/.local/lib/python3.8/site-packages/airflow/example_dags/example_task_group_decorator.py for tasks to queue
[2025-04-17T22:44:26.216+0000] {logging_mixin.py:188} INFO - [2025-04-17T22:44:26.215+0000] {dagbag.py:538} INFO - Filling up the DagBag from /home/airflow/.local/lib/python3.8/site-packages/airflow/example_dags/example_task_group_decorator.py
[2025-04-17T22:44:26.240+0000] {processor.py:840} INFO - DAG(s) 'example_task_group_decorator' retrieved from /home/airflow/.local/lib/python3.8/site-packages/airflow/example_dags/example_task_group_decorator.py
[2025-04-17T22:44:26.281+0000] {logging_mixin.py:188} INFO - [2025-04-17T22:44:26.281+0000] {dag.py:3036} INFO - Sync 1 DAGs
[2025-04-17T22:44:26.326+0000] {logging_mixin.py:188} INFO - [2025-04-17T22:44:26.325+0000] {dag.py:3823} INFO - Setting next_dagrun for example_task_group_decorator to 2025-04-16 00:00:00+00:00, run_after=2025-04-17 00:00:00+00:00
[2025-04-17T22:44:26.359+0000] {processor.py:183} INFO - Processing /home/airflow/.local/lib/python3.8/site-packages/airflow/example_dags/example_task_group_decorator.py took 0.153 seconds
[2025-04-17T22:44:57.278+0000] {processor.py:161} INFO - Started process (PID=555) to work on /home/airflow/.local/lib/python3.8/site-packages/airflow/example_dags/example_task_group_decorator.py
[2025-04-17T22:44:57.280+0000] {processor.py:830} INFO - Processing file /home/airflow/.local/lib/python3.8/site-packages/airflow/example_dags/example_task_group_decorator.py for tasks to queue
[2025-04-17T22:44:57.284+0000] {logging_mixin.py:188} INFO - [2025-04-17T22:44:57.283+0000] {dagbag.py:538} INFO - Filling up the DagBag from /home/airflow/.local/lib/python3.8/site-packages/airflow/example_dags/example_task_group_decorator.py
[2025-04-17T22:44:57.309+0000] {processor.py:840} INFO - DAG(s) 'example_task_group_decorator' retrieved from /home/airflow/.local/lib/python3.8/site-packages/airflow/example_dags/example_task_group_decorator.py
[2025-04-17T22:44:57.370+0000] {logging_mixin.py:188} INFO - [2025-04-17T22:44:57.369+0000] {dag.py:3036} INFO - Sync 1 DAGs
[2025-04-17T22:44:57.415+0000] {logging_mixin.py:188} INFO - [2025-04-17T22:44:57.415+0000] {dag.py:3823} INFO - Setting next_dagrun for example_task_group_decorator to 2025-04-16 00:00:00+00:00, run_after=2025-04-17 00:00:00+00:00
[2025-04-17T22:44:57.446+0000] {processor.py:183} INFO - Processing /home/airflow/.local/lib/python3.8/site-packages/airflow/example_dags/example_task_group_decorator.py took 0.173 seconds
[2025-04-17T22:45:27.840+0000] {processor.py:161} INFO - Started process (PID=610) to work on /home/airflow/.local/lib/python3.8/site-packages/airflow/example_dags/example_task_group_decorator.py
[2025-04-17T22:45:27.841+0000] {processor.py:830} INFO - Processing file /home/airflow/.local/lib/python3.8/site-packages/airflow/example_dags/example_task_group_decorator.py for tasks to queue
[2025-04-17T22:45:27.845+0000] {logging_mixin.py:188} INFO - [2025-04-17T22:45:27.845+0000] {dagbag.py:538} INFO - Filling up the DagBag from /home/airflow/.local/lib/python3.8/site-packages/airflow/example_dags/example_task_group_decorator.py
[2025-04-17T22:45:27.868+0000] {processor.py:840} INFO - DAG(s) 'example_task_group_decorator' retrieved from /home/airflow/.local/lib/python3.8/site-packages/airflow/example_dags/example_task_group_decorator.py
[2025-04-17T22:45:27.911+0000] {logging_mixin.py:188} INFO - [2025-04-17T22:45:27.910+0000] {dag.py:3036} INFO - Sync 1 DAGs
[2025-04-17T22:45:27.946+0000] {logging_mixin.py:188} INFO - [2025-04-17T22:45:27.946+0000] {dag.py:3823} INFO - Setting next_dagrun for example_task_group_decorator to 2025-04-16 00:00:00+00:00, run_after=2025-04-17 00:00:00+00:00
[2025-04-17T22:45:27.974+0000] {processor.py:183} INFO - Processing /home/airflow/.local/lib/python3.8/site-packages/airflow/example_dags/example_task_group_decorator.py took 0.140 seconds
[2025-04-17T22:45:58.283+0000] {processor.py:161} INFO - Started process (PID=665) to work on /home/airflow/.local/lib/python3.8/site-packages/airflow/example_dags/example_task_group_decorator.py
[2025-04-17T22:45:58.285+0000] {processor.py:830} INFO - Processing file /home/airflow/.local/lib/python3.8/site-packages/airflow/example_dags/example_task_group_decorator.py for tasks to queue
[2025-04-17T22:45:58.289+0000] {logging_mixin.py:188} INFO - [2025-04-17T22:45:58.288+0000] {dagbag.py:538} INFO - Filling up the DagBag from /home/airflow/.local/lib/python3.8/site-packages/airflow/example_dags/example_task_group_decorator.py
[2025-04-17T22:45:58.312+0000] {processor.py:840} INFO - DAG(s) 'example_task_group_decorator' retrieved from /home/airflow/.local/lib/python3.8/site-packages/airflow/example_dags/example_task_group_decorator.py
[2025-04-17T22:45:58.353+0000] {logging_mixin.py:188} INFO - [2025-04-17T22:45:58.353+0000] {dag.py:3036} INFO - Sync 1 DAGs
[2025-04-17T22:45:58.388+0000] {logging_mixin.py:188} INFO - [2025-04-17T22:45:58.388+0000] {dag.py:3823} INFO - Setting next_dagrun for example_task_group_decorator to 2025-04-16 00:00:00+00:00, run_after=2025-04-17 00:00:00+00:00
[2025-04-17T22:45:58.416+0000] {processor.py:183} INFO - Processing /home/airflow/.local/lib/python3.8/site-packages/airflow/example_dags/example_task_group_decorator.py took 0.138 seconds
[2025-04-17T22:46:28.779+0000] {processor.py:161} INFO - Started process (PID=720) to work on /home/airflow/.local/lib/python3.8/site-packages/airflow/example_dags/example_task_group_decorator.py
[2025-04-17T22:46:28.781+0000] {processor.py:830} INFO - Processing file /home/airflow/.local/lib/python3.8/site-packages/airflow/example_dags/example_task_group_decorator.py for tasks to queue
[2025-04-17T22:46:28.784+0000] {logging_mixin.py:188} INFO - [2025-04-17T22:46:28.784+0000] {dagbag.py:538} INFO - Filling up the DagBag from /home/airflow/.local/lib/python3.8/site-packages/airflow/example_dags/example_task_group_decorator.py
[2025-04-17T22:46:28.808+0000] {processor.py:840} INFO - DAG(s) 'example_task_group_decorator' retrieved from /home/airflow/.local/lib/python3.8/site-packages/airflow/example_dags/example_task_group_decorator.py
[2025-04-17T22:46:28.848+0000] {logging_mixin.py:188} INFO - [2025-04-17T22:46:28.848+0000] {dag.py:3036} INFO - Sync 1 DAGs
[2025-04-17T22:46:28.881+0000] {logging_mixin.py:188} INFO - [2025-04-17T22:46:28.880+0000] {dag.py:3823} INFO - Setting next_dagrun for example_task_group_decorator to 2025-04-16 00:00:00+00:00, run_after=2025-04-17 00:00:00+00:00
[2025-04-17T22:46:28.911+0000] {processor.py:183} INFO - Processing /home/airflow/.local/lib/python3.8/site-packages/airflow/example_dags/example_task_group_decorator.py took 0.137 seconds
[2025-04-17T22:46:59.718+0000] {processor.py:161} INFO - Started process (PID=775) to work on /home/airflow/.local/lib/python3.8/site-packages/airflow/example_dags/example_task_group_decorator.py
[2025-04-17T22:46:59.720+0000] {processor.py:830} INFO - Processing file /home/airflow/.local/lib/python3.8/site-packages/airflow/example_dags/example_task_group_decorator.py for tasks to queue
[2025-04-17T22:46:59.723+0000] {logging_mixin.py:188} INFO - [2025-04-17T22:46:59.723+0000] {dagbag.py:538} INFO - Filling up the DagBag from /home/airflow/.local/lib/python3.8/site-packages/airflow/example_dags/example_task_group_decorator.py
[2025-04-17T22:46:59.747+0000] {processor.py:840} INFO - DAG(s) 'example_task_group_decorator' retrieved from /home/airflow/.local/lib/python3.8/site-packages/airflow/example_dags/example_task_group_decorator.py
[2025-04-17T22:46:59.788+0000] {logging_mixin.py:188} INFO - [2025-04-17T22:46:59.788+0000] {dag.py:3036} INFO - Sync 1 DAGs
[2025-04-17T22:46:59.823+0000] {logging_mixin.py:188} INFO - [2025-04-17T22:46:59.823+0000] {dag.py:3823} INFO - Setting next_dagrun for example_task_group_decorator to 2025-04-16 00:00:00+00:00, run_after=2025-04-17 00:00:00+00:00
[2025-04-17T22:46:59.853+0000] {processor.py:183} INFO - Processing /home/airflow/.local/lib/python3.8/site-packages/airflow/example_dags/example_task_group_decorator.py took 0.140 seconds
[2025-04-17T22:47:30.309+0000] {processor.py:161} INFO - Started process (PID=830) to work on /home/airflow/.local/lib/python3.8/site-packages/airflow/example_dags/example_task_group_decorator.py
[2025-04-17T22:47:30.310+0000] {processor.py:830} INFO - Processing file /home/airflow/.local/lib/python3.8/site-packages/airflow/example_dags/example_task_group_decorator.py for tasks to queue
[2025-04-17T22:47:30.314+0000] {logging_mixin.py:188} INFO - [2025-04-17T22:47:30.314+0000] {dagbag.py:538} INFO - Filling up the DagBag from /home/airflow/.local/lib/python3.8/site-packages/airflow/example_dags/example_task_group_decorator.py
[2025-04-17T22:47:30.338+0000] {processor.py:840} INFO - DAG(s) 'example_task_group_decorator' retrieved from /home/airflow/.local/lib/python3.8/site-packages/airflow/example_dags/example_task_group_decorator.py
[2025-04-17T22:47:30.384+0000] {logging_mixin.py:188} INFO - [2025-04-17T22:47:30.383+0000] {dag.py:3036} INFO - Sync 1 DAGs
[2025-04-17T22:47:30.419+0000] {logging_mixin.py:188} INFO - [2025-04-17T22:47:30.419+0000] {dag.py:3823} INFO - Setting next_dagrun for example_task_group_decorator to 2025-04-16 00:00:00+00:00, run_after=2025-04-17 00:00:00+00:00
[2025-04-17T22:47:30.450+0000] {processor.py:183} INFO - Processing /home/airflow/.local/lib/python3.8/site-packages/airflow/example_dags/example_task_group_decorator.py took 0.147 seconds
[2025-04-17T22:48:00.482+0000] {processor.py:161} INFO - Started process (PID=884) to work on /home/airflow/.local/lib/python3.8/site-packages/airflow/example_dags/example_task_group_decorator.py
[2025-04-17T22:48:00.483+0000] {processor.py:830} INFO - Processing file /home/airflow/.local/lib/python3.8/site-packages/airflow/example_dags/example_task_group_decorator.py for tasks to queue
[2025-04-17T22:48:00.486+0000] {logging_mixin.py:188} INFO - [2025-04-17T22:48:00.486+0000] {dagbag.py:538} INFO - Filling up the DagBag from /home/airflow/.local/lib/python3.8/site-packages/airflow/example_dags/example_task_group_decorator.py
[2025-04-17T22:48:00.510+0000] {processor.py:840} INFO - DAG(s) 'example_task_group_decorator' retrieved from /home/airflow/.local/lib/python3.8/site-packages/airflow/example_dags/example_task_group_decorator.py
[2025-04-17T22:48:00.529+0000] {logging_mixin.py:188} INFO - [2025-04-17T22:48:00.529+0000] {dag.py:3036} INFO - Sync 1 DAGs
[2025-04-17T22:48:00.564+0000] {logging_mixin.py:188} INFO - [2025-04-17T22:48:00.563+0000] {dag.py:3823} INFO - Setting next_dagrun for example_task_group_decorator to 2025-04-16 00:00:00+00:00, run_after=2025-04-17 00:00:00+00:00
[2025-04-17T22:48:00.594+0000] {processor.py:183} INFO - Processing /home/airflow/.local/lib/python3.8/site-packages/airflow/example_dags/example_task_group_decorator.py took 0.117 seconds
[2025-04-17T22:48:31.212+0000] {processor.py:161} INFO - Started process (PID=939) to work on /home/airflow/.local/lib/python3.8/site-packages/airflow/example_dags/example_task_group_decorator.py
[2025-04-17T22:48:31.214+0000] {processor.py:830} INFO - Processing file /home/airflow/.local/lib/python3.8/site-packages/airflow/example_dags/example_task_group_decorator.py for tasks to queue
[2025-04-17T22:48:31.218+0000] {logging_mixin.py:188} INFO - [2025-04-17T22:48:31.217+0000] {dagbag.py:538} INFO - Filling up the DagBag from /home/airflow/.local/lib/python3.8/site-packages/airflow/example_dags/example_task_group_decorator.py
[2025-04-17T22:48:31.243+0000] {processor.py:840} INFO - DAG(s) 'example_task_group_decorator' retrieved from /home/airflow/.local/lib/python3.8/site-packages/airflow/example_dags/example_task_group_decorator.py
[2025-04-17T22:48:31.420+0000] {logging_mixin.py:188} INFO - [2025-04-17T22:48:31.420+0000] {dag.py:3036} INFO - Sync 1 DAGs
[2025-04-17T22:48:31.451+0000] {logging_mixin.py:188} INFO - [2025-04-17T22:48:31.450+0000] {dag.py:3823} INFO - Setting next_dagrun for example_task_group_decorator to 2025-04-16 00:00:00+00:00, run_after=2025-04-17 00:00:00+00:00
[2025-04-17T22:48:31.481+0000] {processor.py:183} INFO - Processing /home/airflow/.local/lib/python3.8/site-packages/airflow/example_dags/example_task_group_decorator.py took 0.274 seconds
[2025-04-17T22:49:01.528+0000] {processor.py:161} INFO - Started process (PID=994) to work on /home/airflow/.local/lib/python3.8/site-packages/airflow/example_dags/example_task_group_decorator.py
[2025-04-17T22:49:01.530+0000] {processor.py:830} INFO - Processing file /home/airflow/.local/lib/python3.8/site-packages/airflow/example_dags/example_task_group_decorator.py for tasks to queue
[2025-04-17T22:49:01.535+0000] {logging_mixin.py:188} INFO - [2025-04-17T22:49:01.534+0000] {dagbag.py:538} INFO - Filling up the DagBag from /home/airflow/.local/lib/python3.8/site-packages/airflow/example_dags/example_task_group_decorator.py
[2025-04-17T22:49:01.562+0000] {processor.py:840} INFO - DAG(s) 'example_task_group_decorator' retrieved from /home/airflow/.local/lib/python3.8/site-packages/airflow/example_dags/example_task_group_decorator.py
[2025-04-17T22:49:01.604+0000] {logging_mixin.py:188} INFO - [2025-04-17T22:49:01.604+0000] {dag.py:3036} INFO - Sync 1 DAGs
[2025-04-17T22:49:01.638+0000] {logging_mixin.py:188} INFO - [2025-04-17T22:49:01.637+0000] {dag.py:3823} INFO - Setting next_dagrun for example_task_group_decorator to 2025-04-16 00:00:00+00:00, run_after=2025-04-17 00:00:00+00:00
[2025-04-17T22:49:01.674+0000] {processor.py:183} INFO - Processing /home/airflow/.local/lib/python3.8/site-packages/airflow/example_dags/example_task_group_decorator.py took 0.151 seconds
[2025-04-17T22:49:32.272+0000] {processor.py:161} INFO - Started process (PID=1049) to work on /home/airflow/.local/lib/python3.8/site-packages/airflow/example_dags/example_task_group_decorator.py
[2025-04-17T22:49:32.273+0000] {processor.py:830} INFO - Processing file /home/airflow/.local/lib/python3.8/site-packages/airflow/example_dags/example_task_group_decorator.py for tasks to queue
[2025-04-17T22:49:32.276+0000] {logging_mixin.py:188} INFO - [2025-04-17T22:49:32.276+0000] {dagbag.py:538} INFO - Filling up the DagBag from /home/airflow/.local/lib/python3.8/site-packages/airflow/example_dags/example_task_group_decorator.py
[2025-04-17T22:49:32.303+0000] {processor.py:840} INFO - DAG(s) 'example_task_group_decorator' retrieved from /home/airflow/.local/lib/python3.8/site-packages/airflow/example_dags/example_task_group_decorator.py
[2025-04-17T22:49:32.370+0000] {logging_mixin.py:188} INFO - [2025-04-17T22:49:32.369+0000] {dag.py:3036} INFO - Sync 1 DAGs
[2025-04-17T22:49:32.431+0000] {logging_mixin.py:188} INFO - [2025-04-17T22:49:32.431+0000] {dag.py:3823} INFO - Setting next_dagrun for example_task_group_decorator to 2025-04-16 00:00:00+00:00, run_after=2025-04-17 00:00:00+00:00
[2025-04-17T22:49:32.460+0000] {processor.py:183} INFO - Processing /home/airflow/.local/lib/python3.8/site-packages/airflow/example_dags/example_task_group_decorator.py took 0.194 seconds
[2025-04-17T22:50:02.530+0000] {processor.py:161} INFO - Started process (PID=1104) to work on /home/airflow/.local/lib/python3.8/site-packages/airflow/example_dags/example_task_group_decorator.py
[2025-04-17T22:50:02.532+0000] {processor.py:830} INFO - Processing file /home/airflow/.local/lib/python3.8/site-packages/airflow/example_dags/example_task_group_decorator.py for tasks to queue
[2025-04-17T22:50:02.534+0000] {logging_mixin.py:188} INFO - [2025-04-17T22:50:02.534+0000] {dagbag.py:538} INFO - Filling up the DagBag from /home/airflow/.local/lib/python3.8/site-packages/airflow/example_dags/example_task_group_decorator.py
[2025-04-17T22:50:02.566+0000] {processor.py:840} INFO - DAG(s) 'example_task_group_decorator' retrieved from /home/airflow/.local/lib/python3.8/site-packages/airflow/example_dags/example_task_group_decorator.py
[2025-04-17T22:50:02.609+0000] {logging_mixin.py:188} INFO - [2025-04-17T22:50:02.608+0000] {dag.py:3036} INFO - Sync 1 DAGs
[2025-04-17T22:50:02.647+0000] {logging_mixin.py:188} INFO - [2025-04-17T22:50:02.647+0000] {dag.py:3823} INFO - Setting next_dagrun for example_task_group_decorator to 2025-04-16 00:00:00+00:00, run_after=2025-04-17 00:00:00+00:00
[2025-04-17T22:50:02.682+0000] {processor.py:183} INFO - Processing /home/airflow/.local/lib/python3.8/site-packages/airflow/example_dags/example_task_group_decorator.py took 0.157 seconds
[2025-04-17T22:50:33.386+0000] {processor.py:161} INFO - Started process (PID=1159) to work on /home/airflow/.local/lib/python3.8/site-packages/airflow/example_dags/example_task_group_decorator.py
[2025-04-17T22:50:33.388+0000] {processor.py:830} INFO - Processing file /home/airflow/.local/lib/python3.8/site-packages/airflow/example_dags/example_task_group_decorator.py for tasks to queue
[2025-04-17T22:50:33.391+0000] {logging_mixin.py:188} INFO - [2025-04-17T22:50:33.391+0000] {dagbag.py:538} INFO - Filling up the DagBag from /home/airflow/.local/lib/python3.8/site-packages/airflow/example_dags/example_task_group_decorator.py
[2025-04-17T22:50:33.417+0000] {processor.py:840} INFO - DAG(s) 'example_task_group_decorator' retrieved from /home/airflow/.local/lib/python3.8/site-packages/airflow/example_dags/example_task_group_decorator.py
[2025-04-17T22:50:33.460+0000] {logging_mixin.py:188} INFO - [2025-04-17T22:50:33.460+0000] {dag.py:3036} INFO - Sync 1 DAGs
[2025-04-17T22:50:33.495+0000] {logging_mixin.py:188} INFO - [2025-04-17T22:50:33.495+0000] {dag.py:3823} INFO - Setting next_dagrun for example_task_group_decorator to 2025-04-16 00:00:00+00:00, run_after=2025-04-17 00:00:00+00:00
[2025-04-17T22:50:33.528+0000] {processor.py:183} INFO - Processing /home/airflow/.local/lib/python3.8/site-packages/airflow/example_dags/example_task_group_decorator.py took 0.148 seconds
[2025-04-17T22:51:03.960+0000] {processor.py:161} INFO - Started process (PID=1214) to work on /home/airflow/.local/lib/python3.8/site-packages/airflow/example_dags/example_task_group_decorator.py
[2025-04-17T22:51:03.962+0000] {processor.py:830} INFO - Processing file /home/airflow/.local/lib/python3.8/site-packages/airflow/example_dags/example_task_group_decorator.py for tasks to queue
[2025-04-17T22:51:03.965+0000] {logging_mixin.py:188} INFO - [2025-04-17T22:51:03.965+0000] {dagbag.py:538} INFO - Filling up the DagBag from /home/airflow/.local/lib/python3.8/site-packages/airflow/example_dags/example_task_group_decorator.py
[2025-04-17T22:51:03.990+0000] {processor.py:840} INFO - DAG(s) 'example_task_group_decorator' retrieved from /home/airflow/.local/lib/python3.8/site-packages/airflow/example_dags/example_task_group_decorator.py
[2025-04-17T22:51:04.035+0000] {logging_mixin.py:188} INFO - [2025-04-17T22:51:04.035+0000] {dag.py:3036} INFO - Sync 1 DAGs
[2025-04-17T22:51:04.071+0000] {logging_mixin.py:188} INFO - [2025-04-17T22:51:04.070+0000] {dag.py:3823} INFO - Setting next_dagrun for example_task_group_decorator to 2025-04-16 00:00:00+00:00, run_after=2025-04-17 00:00:00+00:00
[2025-04-17T22:51:04.106+0000] {processor.py:183} INFO - Processing /home/airflow/.local/lib/python3.8/site-packages/airflow/example_dags/example_task_group_decorator.py took 0.150 seconds
[2025-04-17T22:51:34.390+0000] {processor.py:161} INFO - Started process (PID=1269) to work on /home/airflow/.local/lib/python3.8/site-packages/airflow/example_dags/example_task_group_decorator.py
[2025-04-17T22:51:34.392+0000] {processor.py:830} INFO - Processing file /home/airflow/.local/lib/python3.8/site-packages/airflow/example_dags/example_task_group_decorator.py for tasks to queue
[2025-04-17T22:51:34.395+0000] {logging_mixin.py:188} INFO - [2025-04-17T22:51:34.394+0000] {dagbag.py:538} INFO - Filling up the DagBag from /home/airflow/.local/lib/python3.8/site-packages/airflow/example_dags/example_task_group_decorator.py
[2025-04-17T22:51:34.419+0000] {processor.py:840} INFO - DAG(s) 'example_task_group_decorator' retrieved from /home/airflow/.local/lib/python3.8/site-packages/airflow/example_dags/example_task_group_decorator.py
[2025-04-17T22:51:34.462+0000] {logging_mixin.py:188} INFO - [2025-04-17T22:51:34.462+0000] {dag.py:3036} INFO - Sync 1 DAGs
[2025-04-17T22:51:34.497+0000] {logging_mixin.py:188} INFO - [2025-04-17T22:51:34.497+0000] {dag.py:3823} INFO - Setting next_dagrun for example_task_group_decorator to 2025-04-16 00:00:00+00:00, run_after=2025-04-17 00:00:00+00:00
[2025-04-17T22:51:34.538+0000] {processor.py:183} INFO - Processing /home/airflow/.local/lib/python3.8/site-packages/airflow/example_dags/example_task_group_decorator.py took 0.161 seconds
[2025-04-17T22:52:04.895+0000] {processor.py:161} INFO - Started process (PID=1324) to work on /home/airflow/.local/lib/python3.8/site-packages/airflow/example_dags/example_task_group_decorator.py
[2025-04-17T22:52:04.897+0000] {processor.py:830} INFO - Processing file /home/airflow/.local/lib/python3.8/site-packages/airflow/example_dags/example_task_group_decorator.py for tasks to queue
[2025-04-17T22:52:04.900+0000] {logging_mixin.py:188} INFO - [2025-04-17T22:52:04.900+0000] {dagbag.py:538} INFO - Filling up the DagBag from /home/airflow/.local/lib/python3.8/site-packages/airflow/example_dags/example_task_group_decorator.py
[2025-04-17T22:52:04.925+0000] {processor.py:840} INFO - DAG(s) 'example_task_group_decorator' retrieved from /home/airflow/.local/lib/python3.8/site-packages/airflow/example_dags/example_task_group_decorator.py
[2025-04-17T22:52:04.966+0000] {logging_mixin.py:188} INFO - [2025-04-17T22:52:04.966+0000] {dag.py:3036} INFO - Sync 1 DAGs
[2025-04-17T22:52:05.005+0000] {logging_mixin.py:188} INFO - [2025-04-17T22:52:05.005+0000] {dag.py:3823} INFO - Setting next_dagrun for example_task_group_decorator to 2025-04-16 00:00:00+00:00, run_after=2025-04-17 00:00:00+00:00
[2025-04-17T22:52:05.040+0000] {processor.py:183} INFO - Processing /home/airflow/.local/lib/python3.8/site-packages/airflow/example_dags/example_task_group_decorator.py took 0.150 seconds
[2025-04-17T22:52:35.928+0000] {processor.py:161} INFO - Started process (PID=1379) to work on /home/airflow/.local/lib/python3.8/site-packages/airflow/example_dags/example_task_group_decorator.py
[2025-04-17T22:52:35.930+0000] {processor.py:830} INFO - Processing file /home/airflow/.local/lib/python3.8/site-packages/airflow/example_dags/example_task_group_decorator.py for tasks to queue
[2025-04-17T22:52:35.933+0000] {logging_mixin.py:188} INFO - [2025-04-17T22:52:35.932+0000] {dagbag.py:538} INFO - Filling up the DagBag from /home/airflow/.local/lib/python3.8/site-packages/airflow/example_dags/example_task_group_decorator.py
[2025-04-17T22:52:35.957+0000] {processor.py:840} INFO - DAG(s) 'example_task_group_decorator' retrieved from /home/airflow/.local/lib/python3.8/site-packages/airflow/example_dags/example_task_group_decorator.py
[2025-04-17T22:52:35.997+0000] {logging_mixin.py:188} INFO - [2025-04-17T22:52:35.996+0000] {dag.py:3036} INFO - Sync 1 DAGs
[2025-04-17T22:52:36.031+0000] {logging_mixin.py:188} INFO - [2025-04-17T22:52:36.030+0000] {dag.py:3823} INFO - Setting next_dagrun for example_task_group_decorator to 2025-04-16 00:00:00+00:00, run_after=2025-04-17 00:00:00+00:00
[2025-04-17T22:52:36.059+0000] {processor.py:183} INFO - Processing /home/airflow/.local/lib/python3.8/site-packages/airflow/example_dags/example_task_group_decorator.py took 0.137 seconds
[2025-04-17T22:53:06.854+0000] {processor.py:161} INFO - Started process (PID=1434) to work on /home/airflow/.local/lib/python3.8/site-packages/airflow/example_dags/example_task_group_decorator.py
[2025-04-17T22:53:06.856+0000] {processor.py:830} INFO - Processing file /home/airflow/.local/lib/python3.8/site-packages/airflow/example_dags/example_task_group_decorator.py for tasks to queue
[2025-04-17T22:53:06.859+0000] {logging_mixin.py:188} INFO - [2025-04-17T22:53:06.859+0000] {dagbag.py:538} INFO - Filling up the DagBag from /home/airflow/.local/lib/python3.8/site-packages/airflow/example_dags/example_task_group_decorator.py
[2025-04-17T22:53:06.884+0000] {processor.py:840} INFO - DAG(s) 'example_task_group_decorator' retrieved from /home/airflow/.local/lib/python3.8/site-packages/airflow/example_dags/example_task_group_decorator.py
[2025-04-17T22:53:06.926+0000] {logging_mixin.py:188} INFO - [2025-04-17T22:53:06.925+0000] {dag.py:3036} INFO - Sync 1 DAGs
[2025-04-17T22:53:06.960+0000] {logging_mixin.py:188} INFO - [2025-04-17T22:53:06.959+0000] {dag.py:3823} INFO - Setting next_dagrun for example_task_group_decorator to 2025-04-16 00:00:00+00:00, run_after=2025-04-17 00:00:00+00:00
[2025-04-17T22:53:07.004+0000] {processor.py:183} INFO - Processing /home/airflow/.local/lib/python3.8/site-packages/airflow/example_dags/example_task_group_decorator.py took 0.157 seconds
[2025-04-17T22:53:37.754+0000] {processor.py:161} INFO - Started process (PID=1489) to work on /home/airflow/.local/lib/python3.8/site-packages/airflow/example_dags/example_task_group_decorator.py
[2025-04-17T22:53:37.756+0000] {processor.py:830} INFO - Processing file /home/airflow/.local/lib/python3.8/site-packages/airflow/example_dags/example_task_group_decorator.py for tasks to queue
[2025-04-17T22:53:37.761+0000] {logging_mixin.py:188} INFO - [2025-04-17T22:53:37.760+0000] {dagbag.py:538} INFO - Filling up the DagBag from /home/airflow/.local/lib/python3.8/site-packages/airflow/example_dags/example_task_group_decorator.py
[2025-04-17T22:53:37.800+0000] {processor.py:840} INFO - DAG(s) 'example_task_group_decorator' retrieved from /home/airflow/.local/lib/python3.8/site-packages/airflow/example_dags/example_task_group_decorator.py
[2025-04-17T22:53:37.868+0000] {logging_mixin.py:188} INFO - [2025-04-17T22:53:37.868+0000] {dag.py:3036} INFO - Sync 1 DAGs
[2025-04-17T22:53:37.927+0000] {logging_mixin.py:188} INFO - [2025-04-17T22:53:37.927+0000] {dag.py:3823} INFO - Setting next_dagrun for example_task_group_decorator to 2025-04-16 00:00:00+00:00, run_after=2025-04-17 00:00:00+00:00
[2025-04-17T22:53:37.969+0000] {processor.py:183} INFO - Processing /home/airflow/.local/lib/python3.8/site-packages/airflow/example_dags/example_task_group_decorator.py took 0.223 seconds
[2025-04-17T22:54:08.496+0000] {processor.py:161} INFO - Started process (PID=1544) to work on /home/airflow/.local/lib/python3.8/site-packages/airflow/example_dags/example_task_group_decorator.py
[2025-04-17T22:54:08.498+0000] {processor.py:830} INFO - Processing file /home/airflow/.local/lib/python3.8/site-packages/airflow/example_dags/example_task_group_decorator.py for tasks to queue
[2025-04-17T22:54:08.502+0000] {logging_mixin.py:188} INFO - [2025-04-17T22:54:08.502+0000] {dagbag.py:538} INFO - Filling up the DagBag from /home/airflow/.local/lib/python3.8/site-packages/airflow/example_dags/example_task_group_decorator.py
[2025-04-17T22:54:08.527+0000] {processor.py:840} INFO - DAG(s) 'example_task_group_decorator' retrieved from /home/airflow/.local/lib/python3.8/site-packages/airflow/example_dags/example_task_group_decorator.py
[2025-04-17T22:54:08.572+0000] {logging_mixin.py:188} INFO - [2025-04-17T22:54:08.571+0000] {dag.py:3036} INFO - Sync 1 DAGs
[2025-04-17T22:54:08.615+0000] {logging_mixin.py:188} INFO - [2025-04-17T22:54:08.615+0000] {dag.py:3823} INFO - Setting next_dagrun for example_task_group_decorator to 2025-04-16 00:00:00+00:00, run_after=2025-04-17 00:00:00+00:00
[2025-04-17T22:54:08.648+0000] {processor.py:183} INFO - Processing /home/airflow/.local/lib/python3.8/site-packages/airflow/example_dags/example_task_group_decorator.py took 0.158 seconds
