[2025-04-17T22:40:46.660+0000] {processor.py:161} INFO - Started process (PID=88) to work on /home/airflow/.local/lib/python3.8/site-packages/airflow/example_dags/example_short_circuit_operator.py
[2025-04-17T22:40:46.662+0000] {processor.py:830} INFO - Processing file /home/airflow/.local/lib/python3.8/site-packages/airflow/example_dags/example_short_circuit_operator.py for tasks to queue
[2025-04-17T22:40:46.665+0000] {logging_mixin.py:188} INFO - [2025-04-17T22:40:46.665+0000] {dagbag.py:538} INFO - Filling up the DagBag from /home/airflow/.local/lib/python3.8/site-packages/airflow/example_dags/example_short_circuit_operator.py
[2025-04-17T22:40:46.678+0000] {processor.py:840} INFO - DAG(s) 'example_short_circuit_operator' retrieved from /home/airflow/.local/lib/python3.8/site-packages/airflow/example_dags/example_short_circuit_operator.py
[2025-04-17T22:40:46.900+0000] {logging_mixin.py:188} INFO - [2025-04-17T22:40:46.900+0000] {dag.py:3036} INFO - Sync 1 DAGs
[2025-04-17T22:40:46.947+0000] {logging_mixin.py:188} INFO - [2025-04-17T22:40:46.947+0000] {dag.py:3823} INFO - Setting next_dagrun for example_short_circuit_operator to 2025-04-16 00:00:00+00:00, run_after=2025-04-17 00:00:00+00:00
[2025-04-17T22:40:46.992+0000] {processor.py:183} INFO - Processing /home/airflow/.local/lib/python3.8/site-packages/airflow/example_dags/example_short_circuit_operator.py took 0.339 seconds
[2025-04-17T22:41:17.587+0000] {processor.py:161} INFO - Started process (PID=143) to work on /home/airflow/.local/lib/python3.8/site-packages/airflow/example_dags/example_short_circuit_operator.py
[2025-04-17T22:41:17.589+0000] {processor.py:830} INFO - Processing file /home/airflow/.local/lib/python3.8/site-packages/airflow/example_dags/example_short_circuit_operator.py for tasks to queue
[2025-04-17T22:41:17.592+0000] {logging_mixin.py:188} INFO - [2025-04-17T22:41:17.591+0000] {dagbag.py:538} INFO - Filling up the DagBag from /home/airflow/.local/lib/python3.8/site-packages/airflow/example_dags/example_short_circuit_operator.py
[2025-04-17T22:41:17.605+0000] {processor.py:840} INFO - DAG(s) 'example_short_circuit_operator' retrieved from /home/airflow/.local/lib/python3.8/site-packages/airflow/example_dags/example_short_circuit_operator.py
[2025-04-17T22:41:17.644+0000] {logging_mixin.py:188} INFO - [2025-04-17T22:41:17.644+0000] {dag.py:3036} INFO - Sync 1 DAGs
[2025-04-17T22:41:17.679+0000] {logging_mixin.py:188} INFO - [2025-04-17T22:41:17.678+0000] {dag.py:3823} INFO - Setting next_dagrun for example_short_circuit_operator to 2025-04-16 00:00:00+00:00, run_after=2025-04-17 00:00:00+00:00
[2025-04-17T22:41:17.707+0000] {processor.py:183} INFO - Processing /home/airflow/.local/lib/python3.8/site-packages/airflow/example_dags/example_short_circuit_operator.py took 0.125 seconds
[2025-04-17T22:41:48.368+0000] {processor.py:161} INFO - Started process (PID=199) to work on /home/airflow/.local/lib/python3.8/site-packages/airflow/example_dags/example_short_circuit_operator.py
[2025-04-17T22:41:48.370+0000] {processor.py:830} INFO - Processing file /home/airflow/.local/lib/python3.8/site-packages/airflow/example_dags/example_short_circuit_operator.py for tasks to queue
[2025-04-17T22:41:48.373+0000] {logging_mixin.py:188} INFO - [2025-04-17T22:41:48.372+0000] {dagbag.py:538} INFO - Filling up the DagBag from /home/airflow/.local/lib/python3.8/site-packages/airflow/example_dags/example_short_circuit_operator.py
[2025-04-17T22:41:48.388+0000] {processor.py:840} INFO - DAG(s) 'example_short_circuit_operator' retrieved from /home/airflow/.local/lib/python3.8/site-packages/airflow/example_dags/example_short_circuit_operator.py
[2025-04-17T22:41:48.432+0000] {logging_mixin.py:188} INFO - [2025-04-17T22:41:48.431+0000] {dag.py:3036} INFO - Sync 1 DAGs
[2025-04-17T22:41:48.471+0000] {logging_mixin.py:188} INFO - [2025-04-17T22:41:48.471+0000] {dag.py:3823} INFO - Setting next_dagrun for example_short_circuit_operator to 2025-04-16 00:00:00+00:00, run_after=2025-04-17 00:00:00+00:00
[2025-04-17T22:41:48.507+0000] {processor.py:183} INFO - Processing /home/airflow/.local/lib/python3.8/site-packages/airflow/example_dags/example_short_circuit_operator.py took 0.145 seconds
[2025-04-17T22:42:18.863+0000] {processor.py:161} INFO - Started process (PID=254) to work on /home/airflow/.local/lib/python3.8/site-packages/airflow/example_dags/example_short_circuit_operator.py
[2025-04-17T22:42:18.864+0000] {processor.py:830} INFO - Processing file /home/airflow/.local/lib/python3.8/site-packages/airflow/example_dags/example_short_circuit_operator.py for tasks to queue
[2025-04-17T22:42:18.868+0000] {logging_mixin.py:188} INFO - [2025-04-17T22:42:18.867+0000] {dagbag.py:538} INFO - Filling up the DagBag from /home/airflow/.local/lib/python3.8/site-packages/airflow/example_dags/example_short_circuit_operator.py
[2025-04-17T22:42:18.882+0000] {processor.py:840} INFO - DAG(s) 'example_short_circuit_operator' retrieved from /home/airflow/.local/lib/python3.8/site-packages/airflow/example_dags/example_short_circuit_operator.py
[2025-04-17T22:42:18.922+0000] {logging_mixin.py:188} INFO - [2025-04-17T22:42:18.922+0000] {dag.py:3036} INFO - Sync 1 DAGs
[2025-04-17T22:42:18.957+0000] {logging_mixin.py:188} INFO - [2025-04-17T22:42:18.957+0000] {dag.py:3823} INFO - Setting next_dagrun for example_short_circuit_operator to 2025-04-16 00:00:00+00:00, run_after=2025-04-17 00:00:00+00:00
[2025-04-17T22:42:18.996+0000] {processor.py:183} INFO - Processing /home/airflow/.local/lib/python3.8/site-packages/airflow/example_dags/example_short_circuit_operator.py took 0.140 seconds
[2025-04-17T22:42:49.300+0000] {processor.py:161} INFO - Started process (PID=309) to work on /home/airflow/.local/lib/python3.8/site-packages/airflow/example_dags/example_short_circuit_operator.py
[2025-04-17T22:42:49.302+0000] {processor.py:830} INFO - Processing file /home/airflow/.local/lib/python3.8/site-packages/airflow/example_dags/example_short_circuit_operator.py for tasks to queue
[2025-04-17T22:42:49.305+0000] {logging_mixin.py:188} INFO - [2025-04-17T22:42:49.304+0000] {dagbag.py:538} INFO - Filling up the DagBag from /home/airflow/.local/lib/python3.8/site-packages/airflow/example_dags/example_short_circuit_operator.py
[2025-04-17T22:42:49.317+0000] {processor.py:840} INFO - DAG(s) 'example_short_circuit_operator' retrieved from /home/airflow/.local/lib/python3.8/site-packages/airflow/example_dags/example_short_circuit_operator.py
[2025-04-17T22:42:49.357+0000] {logging_mixin.py:188} INFO - [2025-04-17T22:42:49.357+0000] {dag.py:3036} INFO - Sync 1 DAGs
[2025-04-17T22:42:49.399+0000] {logging_mixin.py:188} INFO - [2025-04-17T22:42:49.398+0000] {dag.py:3823} INFO - Setting next_dagrun for example_short_circuit_operator to 2025-04-16 00:00:00+00:00, run_after=2025-04-17 00:00:00+00:00
[2025-04-17T22:42:49.427+0000] {processor.py:183} INFO - Processing /home/airflow/.local/lib/python3.8/site-packages/airflow/example_dags/example_short_circuit_operator.py took 0.132 seconds
[2025-04-17T22:43:20.025+0000] {processor.py:161} INFO - Started process (PID=364) to work on /home/airflow/.local/lib/python3.8/site-packages/airflow/example_dags/example_short_circuit_operator.py
[2025-04-17T22:43:20.027+0000] {processor.py:830} INFO - Processing file /home/airflow/.local/lib/python3.8/site-packages/airflow/example_dags/example_short_circuit_operator.py for tasks to queue
[2025-04-17T22:43:20.030+0000] {logging_mixin.py:188} INFO - [2025-04-17T22:43:20.029+0000] {dagbag.py:538} INFO - Filling up the DagBag from /home/airflow/.local/lib/python3.8/site-packages/airflow/example_dags/example_short_circuit_operator.py
[2025-04-17T22:43:20.042+0000] {processor.py:840} INFO - DAG(s) 'example_short_circuit_operator' retrieved from /home/airflow/.local/lib/python3.8/site-packages/airflow/example_dags/example_short_circuit_operator.py
[2025-04-17T22:43:20.089+0000] {logging_mixin.py:188} INFO - [2025-04-17T22:43:20.088+0000] {dag.py:3036} INFO - Sync 1 DAGs
[2025-04-17T22:43:20.129+0000] {logging_mixin.py:188} INFO - [2025-04-17T22:43:20.128+0000] {dag.py:3823} INFO - Setting next_dagrun for example_short_circuit_operator to 2025-04-16 00:00:00+00:00, run_after=2025-04-17 00:00:00+00:00
[2025-04-17T22:43:20.163+0000] {processor.py:183} INFO - Processing /home/airflow/.local/lib/python3.8/site-packages/airflow/example_dags/example_short_circuit_operator.py took 0.143 seconds
[2025-04-17T22:43:50.296+0000] {processor.py:161} INFO - Started process (PID=419) to work on /home/airflow/.local/lib/python3.8/site-packages/airflow/example_dags/example_short_circuit_operator.py
[2025-04-17T22:43:50.298+0000] {processor.py:830} INFO - Processing file /home/airflow/.local/lib/python3.8/site-packages/airflow/example_dags/example_short_circuit_operator.py for tasks to queue
[2025-04-17T22:43:50.301+0000] {logging_mixin.py:188} INFO - [2025-04-17T22:43:50.300+0000] {dagbag.py:538} INFO - Filling up the DagBag from /home/airflow/.local/lib/python3.8/site-packages/airflow/example_dags/example_short_circuit_operator.py
[2025-04-17T22:43:50.313+0000] {processor.py:840} INFO - DAG(s) 'example_short_circuit_operator' retrieved from /home/airflow/.local/lib/python3.8/site-packages/airflow/example_dags/example_short_circuit_operator.py
[2025-04-17T22:43:50.351+0000] {logging_mixin.py:188} INFO - [2025-04-17T22:43:50.351+0000] {dag.py:3036} INFO - Sync 1 DAGs
[2025-04-17T22:43:50.386+0000] {logging_mixin.py:188} INFO - [2025-04-17T22:43:50.386+0000] {dag.py:3823} INFO - Setting next_dagrun for example_short_circuit_operator to 2025-04-16 00:00:00+00:00, run_after=2025-04-17 00:00:00+00:00
[2025-04-17T22:43:50.415+0000] {processor.py:183} INFO - Processing /home/airflow/.local/lib/python3.8/site-packages/airflow/example_dags/example_short_circuit_operator.py took 0.124 seconds
[2025-04-17T22:44:21.213+0000] {processor.py:161} INFO - Started process (PID=474) to work on /home/airflow/.local/lib/python3.8/site-packages/airflow/example_dags/example_short_circuit_operator.py
[2025-04-17T22:44:21.215+0000] {processor.py:830} INFO - Processing file /home/airflow/.local/lib/python3.8/site-packages/airflow/example_dags/example_short_circuit_operator.py for tasks to queue
[2025-04-17T22:44:21.217+0000] {logging_mixin.py:188} INFO - [2025-04-17T22:44:21.217+0000] {dagbag.py:538} INFO - Filling up the DagBag from /home/airflow/.local/lib/python3.8/site-packages/airflow/example_dags/example_short_circuit_operator.py
[2025-04-17T22:44:21.229+0000] {processor.py:840} INFO - DAG(s) 'example_short_circuit_operator' retrieved from /home/airflow/.local/lib/python3.8/site-packages/airflow/example_dags/example_short_circuit_operator.py
[2025-04-17T22:44:21.268+0000] {logging_mixin.py:188} INFO - [2025-04-17T22:44:21.267+0000] {dag.py:3036} INFO - Sync 1 DAGs
[2025-04-17T22:44:21.300+0000] {logging_mixin.py:188} INFO - [2025-04-17T22:44:21.300+0000] {dag.py:3823} INFO - Setting next_dagrun for example_short_circuit_operator to 2025-04-16 00:00:00+00:00, run_after=2025-04-17 00:00:00+00:00
[2025-04-17T22:44:21.328+0000] {processor.py:183} INFO - Processing /home/airflow/.local/lib/python3.8/site-packages/airflow/example_dags/example_short_circuit_operator.py took 0.120 seconds
[2025-04-17T22:44:52.018+0000] {processor.py:161} INFO - Started process (PID=529) to work on /home/airflow/.local/lib/python3.8/site-packages/airflow/example_dags/example_short_circuit_operator.py
[2025-04-17T22:44:52.020+0000] {processor.py:830} INFO - Processing file /home/airflow/.local/lib/python3.8/site-packages/airflow/example_dags/example_short_circuit_operator.py for tasks to queue
[2025-04-17T22:44:52.022+0000] {logging_mixin.py:188} INFO - [2025-04-17T22:44:52.022+0000] {dagbag.py:538} INFO - Filling up the DagBag from /home/airflow/.local/lib/python3.8/site-packages/airflow/example_dags/example_short_circuit_operator.py
[2025-04-17T22:44:52.035+0000] {processor.py:840} INFO - DAG(s) 'example_short_circuit_operator' retrieved from /home/airflow/.local/lib/python3.8/site-packages/airflow/example_dags/example_short_circuit_operator.py
[2025-04-17T22:44:52.074+0000] {logging_mixin.py:188} INFO - [2025-04-17T22:44:52.074+0000] {dag.py:3036} INFO - Sync 1 DAGs
[2025-04-17T22:44:52.107+0000] {logging_mixin.py:188} INFO - [2025-04-17T22:44:52.106+0000] {dag.py:3823} INFO - Setting next_dagrun for example_short_circuit_operator to 2025-04-16 00:00:00+00:00, run_after=2025-04-17 00:00:00+00:00
[2025-04-17T22:44:52.134+0000] {processor.py:183} INFO - Processing /home/airflow/.local/lib/python3.8/site-packages/airflow/example_dags/example_short_circuit_operator.py took 0.121 seconds
[2025-04-17T22:45:22.550+0000] {processor.py:161} INFO - Started process (PID=584) to work on /home/airflow/.local/lib/python3.8/site-packages/airflow/example_dags/example_short_circuit_operator.py
[2025-04-17T22:45:22.552+0000] {processor.py:830} INFO - Processing file /home/airflow/.local/lib/python3.8/site-packages/airflow/example_dags/example_short_circuit_operator.py for tasks to queue
[2025-04-17T22:45:22.555+0000] {logging_mixin.py:188} INFO - [2025-04-17T22:45:22.554+0000] {dagbag.py:538} INFO - Filling up the DagBag from /home/airflow/.local/lib/python3.8/site-packages/airflow/example_dags/example_short_circuit_operator.py
[2025-04-17T22:45:22.567+0000] {processor.py:840} INFO - DAG(s) 'example_short_circuit_operator' retrieved from /home/airflow/.local/lib/python3.8/site-packages/airflow/example_dags/example_short_circuit_operator.py
[2025-04-17T22:45:22.606+0000] {logging_mixin.py:188} INFO - [2025-04-17T22:45:22.606+0000] {dag.py:3036} INFO - Sync 1 DAGs
[2025-04-17T22:45:22.644+0000] {logging_mixin.py:188} INFO - [2025-04-17T22:45:22.643+0000] {dag.py:3823} INFO - Setting next_dagrun for example_short_circuit_operator to 2025-04-16 00:00:00+00:00, run_after=2025-04-17 00:00:00+00:00
[2025-04-17T22:45:22.672+0000] {processor.py:183} INFO - Processing /home/airflow/.local/lib/python3.8/site-packages/airflow/example_dags/example_short_circuit_operator.py took 0.128 seconds
[2025-04-17T22:45:53.100+0000] {processor.py:161} INFO - Started process (PID=639) to work on /home/airflow/.local/lib/python3.8/site-packages/airflow/example_dags/example_short_circuit_operator.py
[2025-04-17T22:45:53.102+0000] {processor.py:830} INFO - Processing file /home/airflow/.local/lib/python3.8/site-packages/airflow/example_dags/example_short_circuit_operator.py for tasks to queue
[2025-04-17T22:45:53.104+0000] {logging_mixin.py:188} INFO - [2025-04-17T22:45:53.104+0000] {dagbag.py:538} INFO - Filling up the DagBag from /home/airflow/.local/lib/python3.8/site-packages/airflow/example_dags/example_short_circuit_operator.py
[2025-04-17T22:45:53.117+0000] {processor.py:840} INFO - DAG(s) 'example_short_circuit_operator' retrieved from /home/airflow/.local/lib/python3.8/site-packages/airflow/example_dags/example_short_circuit_operator.py
[2025-04-17T22:45:53.155+0000] {logging_mixin.py:188} INFO - [2025-04-17T22:45:53.155+0000] {dag.py:3036} INFO - Sync 1 DAGs
[2025-04-17T22:45:53.188+0000] {logging_mixin.py:188} INFO - [2025-04-17T22:45:53.188+0000] {dag.py:3823} INFO - Setting next_dagrun for example_short_circuit_operator to 2025-04-16 00:00:00+00:00, run_after=2025-04-17 00:00:00+00:00
[2025-04-17T22:45:53.215+0000] {processor.py:183} INFO - Processing /home/airflow/.local/lib/python3.8/site-packages/airflow/example_dags/example_short_circuit_operator.py took 0.121 seconds
[2025-04-17T22:46:23.522+0000] {processor.py:161} INFO - Started process (PID=694) to work on /home/airflow/.local/lib/python3.8/site-packages/airflow/example_dags/example_short_circuit_operator.py
[2025-04-17T22:46:23.523+0000] {processor.py:830} INFO - Processing file /home/airflow/.local/lib/python3.8/site-packages/airflow/example_dags/example_short_circuit_operator.py for tasks to queue
[2025-04-17T22:46:23.526+0000] {logging_mixin.py:188} INFO - [2025-04-17T22:46:23.526+0000] {dagbag.py:538} INFO - Filling up the DagBag from /home/airflow/.local/lib/python3.8/site-packages/airflow/example_dags/example_short_circuit_operator.py
[2025-04-17T22:46:23.538+0000] {processor.py:840} INFO - DAG(s) 'example_short_circuit_operator' retrieved from /home/airflow/.local/lib/python3.8/site-packages/airflow/example_dags/example_short_circuit_operator.py
[2025-04-17T22:46:23.576+0000] {logging_mixin.py:188} INFO - [2025-04-17T22:46:23.576+0000] {dag.py:3036} INFO - Sync 1 DAGs
[2025-04-17T22:46:23.609+0000] {logging_mixin.py:188} INFO - [2025-04-17T22:46:23.609+0000] {dag.py:3823} INFO - Setting next_dagrun for example_short_circuit_operator to 2025-04-16 00:00:00+00:00, run_after=2025-04-17 00:00:00+00:00
[2025-04-17T22:46:23.637+0000] {processor.py:183} INFO - Processing /home/airflow/.local/lib/python3.8/site-packages/airflow/example_dags/example_short_circuit_operator.py took 0.121 seconds
[2025-04-17T22:46:54.340+0000] {processor.py:161} INFO - Started process (PID=749) to work on /home/airflow/.local/lib/python3.8/site-packages/airflow/example_dags/example_short_circuit_operator.py
[2025-04-17T22:46:54.343+0000] {processor.py:830} INFO - Processing file /home/airflow/.local/lib/python3.8/site-packages/airflow/example_dags/example_short_circuit_operator.py for tasks to queue
[2025-04-17T22:46:54.348+0000] {logging_mixin.py:188} INFO - [2025-04-17T22:46:54.347+0000] {dagbag.py:538} INFO - Filling up the DagBag from /home/airflow/.local/lib/python3.8/site-packages/airflow/example_dags/example_short_circuit_operator.py
[2025-04-17T22:46:54.361+0000] {processor.py:840} INFO - DAG(s) 'example_short_circuit_operator' retrieved from /home/airflow/.local/lib/python3.8/site-packages/airflow/example_dags/example_short_circuit_operator.py
[2025-04-17T22:46:54.401+0000] {logging_mixin.py:188} INFO - [2025-04-17T22:46:54.400+0000] {dag.py:3036} INFO - Sync 1 DAGs
[2025-04-17T22:46:54.437+0000] {logging_mixin.py:188} INFO - [2025-04-17T22:46:54.436+0000] {dag.py:3823} INFO - Setting next_dagrun for example_short_circuit_operator to 2025-04-16 00:00:00+00:00, run_after=2025-04-17 00:00:00+00:00
[2025-04-17T22:46:54.465+0000] {processor.py:183} INFO - Processing /home/airflow/.local/lib/python3.8/site-packages/airflow/example_dags/example_short_circuit_operator.py took 0.131 seconds
[2025-04-17T22:47:24.869+0000] {processor.py:161} INFO - Started process (PID=804) to work on /home/airflow/.local/lib/python3.8/site-packages/airflow/example_dags/example_short_circuit_operator.py
[2025-04-17T22:47:24.870+0000] {processor.py:830} INFO - Processing file /home/airflow/.local/lib/python3.8/site-packages/airflow/example_dags/example_short_circuit_operator.py for tasks to queue
[2025-04-17T22:47:24.873+0000] {logging_mixin.py:188} INFO - [2025-04-17T22:47:24.872+0000] {dagbag.py:538} INFO - Filling up the DagBag from /home/airflow/.local/lib/python3.8/site-packages/airflow/example_dags/example_short_circuit_operator.py
[2025-04-17T22:47:24.886+0000] {processor.py:840} INFO - DAG(s) 'example_short_circuit_operator' retrieved from /home/airflow/.local/lib/python3.8/site-packages/airflow/example_dags/example_short_circuit_operator.py
[2025-04-17T22:47:24.932+0000] {logging_mixin.py:188} INFO - [2025-04-17T22:47:24.932+0000] {dag.py:3036} INFO - Sync 1 DAGs
[2025-04-17T22:47:24.973+0000] {logging_mixin.py:188} INFO - [2025-04-17T22:47:24.973+0000] {dag.py:3823} INFO - Setting next_dagrun for example_short_circuit_operator to 2025-04-16 00:00:00+00:00, run_after=2025-04-17 00:00:00+00:00
[2025-04-17T22:47:25.006+0000] {processor.py:183} INFO - Processing /home/airflow/.local/lib/python3.8/site-packages/airflow/example_dags/example_short_circuit_operator.py took 0.142 seconds
[2025-04-17T22:47:55.137+0000] {processor.py:161} INFO - Started process (PID=859) to work on /home/airflow/.local/lib/python3.8/site-packages/airflow/example_dags/example_short_circuit_operator.py
[2025-04-17T22:47:55.139+0000] {processor.py:830} INFO - Processing file /home/airflow/.local/lib/python3.8/site-packages/airflow/example_dags/example_short_circuit_operator.py for tasks to queue
[2025-04-17T22:47:55.142+0000] {logging_mixin.py:188} INFO - [2025-04-17T22:47:55.142+0000] {dagbag.py:538} INFO - Filling up the DagBag from /home/airflow/.local/lib/python3.8/site-packages/airflow/example_dags/example_short_circuit_operator.py
[2025-04-17T22:47:55.157+0000] {processor.py:840} INFO - DAG(s) 'example_short_circuit_operator' retrieved from /home/airflow/.local/lib/python3.8/site-packages/airflow/example_dags/example_short_circuit_operator.py
[2025-04-17T22:47:55.180+0000] {logging_mixin.py:188} INFO - [2025-04-17T22:47:55.179+0000] {dag.py:3036} INFO - Sync 1 DAGs
[2025-04-17T22:47:55.224+0000] {logging_mixin.py:188} INFO - [2025-04-17T22:47:55.224+0000] {dag.py:3823} INFO - Setting next_dagrun for example_short_circuit_operator to 2025-04-16 00:00:00+00:00, run_after=2025-04-17 00:00:00+00:00
[2025-04-17T22:47:55.257+0000] {processor.py:183} INFO - Processing /home/airflow/.local/lib/python3.8/site-packages/airflow/example_dags/example_short_circuit_operator.py took 0.125 seconds
[2025-04-17T22:48:25.518+0000] {processor.py:161} INFO - Started process (PID=914) to work on /home/airflow/.local/lib/python3.8/site-packages/airflow/example_dags/example_short_circuit_operator.py
[2025-04-17T22:48:25.519+0000] {processor.py:830} INFO - Processing file /home/airflow/.local/lib/python3.8/site-packages/airflow/example_dags/example_short_circuit_operator.py for tasks to queue
[2025-04-17T22:48:25.523+0000] {logging_mixin.py:188} INFO - [2025-04-17T22:48:25.522+0000] {dagbag.py:538} INFO - Filling up the DagBag from /home/airflow/.local/lib/python3.8/site-packages/airflow/example_dags/example_short_circuit_operator.py
[2025-04-17T22:48:25.536+0000] {processor.py:840} INFO - DAG(s) 'example_short_circuit_operator' retrieved from /home/airflow/.local/lib/python3.8/site-packages/airflow/example_dags/example_short_circuit_operator.py
[2025-04-17T22:48:25.717+0000] {logging_mixin.py:188} INFO - [2025-04-17T22:48:25.717+0000] {dag.py:3036} INFO - Sync 1 DAGs
[2025-04-17T22:48:25.753+0000] {logging_mixin.py:188} INFO - [2025-04-17T22:48:25.752+0000] {dag.py:3823} INFO - Setting next_dagrun for example_short_circuit_operator to 2025-04-16 00:00:00+00:00, run_after=2025-04-17 00:00:00+00:00
[2025-04-17T22:48:25.782+0000] {processor.py:183} INFO - Processing /home/airflow/.local/lib/python3.8/site-packages/airflow/example_dags/example_short_circuit_operator.py took 0.271 seconds
[2025-04-17T22:48:56.180+0000] {processor.py:161} INFO - Started process (PID=969) to work on /home/airflow/.local/lib/python3.8/site-packages/airflow/example_dags/example_short_circuit_operator.py
[2025-04-17T22:48:56.190+0000] {processor.py:830} INFO - Processing file /home/airflow/.local/lib/python3.8/site-packages/airflow/example_dags/example_short_circuit_operator.py for tasks to queue
[2025-04-17T22:48:56.194+0000] {logging_mixin.py:188} INFO - [2025-04-17T22:48:56.194+0000] {dagbag.py:538} INFO - Filling up the DagBag from /home/airflow/.local/lib/python3.8/site-packages/airflow/example_dags/example_short_circuit_operator.py
[2025-04-17T22:48:56.213+0000] {processor.py:840} INFO - DAG(s) 'example_short_circuit_operator' retrieved from /home/airflow/.local/lib/python3.8/site-packages/airflow/example_dags/example_short_circuit_operator.py
[2025-04-17T22:48:56.301+0000] {logging_mixin.py:188} INFO - [2025-04-17T22:48:56.301+0000] {dag.py:3036} INFO - Sync 1 DAGs
[2025-04-17T22:48:56.347+0000] {logging_mixin.py:188} INFO - [2025-04-17T22:48:56.346+0000] {dag.py:3823} INFO - Setting next_dagrun for example_short_circuit_operator to 2025-04-16 00:00:00+00:00, run_after=2025-04-17 00:00:00+00:00
[2025-04-17T22:48:56.376+0000] {processor.py:183} INFO - Processing /home/airflow/.local/lib/python3.8/site-packages/airflow/example_dags/example_short_circuit_operator.py took 0.205 seconds
[2025-04-17T22:49:27.134+0000] {processor.py:161} INFO - Started process (PID=1024) to work on /home/airflow/.local/lib/python3.8/site-packages/airflow/example_dags/example_short_circuit_operator.py
[2025-04-17T22:49:27.135+0000] {processor.py:830} INFO - Processing file /home/airflow/.local/lib/python3.8/site-packages/airflow/example_dags/example_short_circuit_operator.py for tasks to queue
[2025-04-17T22:49:27.138+0000] {logging_mixin.py:188} INFO - [2025-04-17T22:49:27.138+0000] {dagbag.py:538} INFO - Filling up the DagBag from /home/airflow/.local/lib/python3.8/site-packages/airflow/example_dags/example_short_circuit_operator.py
[2025-04-17T22:49:27.152+0000] {processor.py:840} INFO - DAG(s) 'example_short_circuit_operator' retrieved from /home/airflow/.local/lib/python3.8/site-packages/airflow/example_dags/example_short_circuit_operator.py
[2025-04-17T22:49:27.199+0000] {logging_mixin.py:188} INFO - [2025-04-17T22:49:27.198+0000] {dag.py:3036} INFO - Sync 1 DAGs
[2025-04-17T22:49:27.241+0000] {logging_mixin.py:188} INFO - [2025-04-17T22:49:27.241+0000] {dag.py:3823} INFO - Setting next_dagrun for example_short_circuit_operator to 2025-04-16 00:00:00+00:00, run_after=2025-04-17 00:00:00+00:00
[2025-04-17T22:49:27.282+0000] {processor.py:183} INFO - Processing /home/airflow/.local/lib/python3.8/site-packages/airflow/example_dags/example_short_circuit_operator.py took 0.154 seconds
[2025-04-17T22:49:57.434+0000] {processor.py:161} INFO - Started process (PID=1079) to work on /home/airflow/.local/lib/python3.8/site-packages/airflow/example_dags/example_short_circuit_operator.py
[2025-04-17T22:49:57.436+0000] {processor.py:830} INFO - Processing file /home/airflow/.local/lib/python3.8/site-packages/airflow/example_dags/example_short_circuit_operator.py for tasks to queue
[2025-04-17T22:49:57.439+0000] {logging_mixin.py:188} INFO - [2025-04-17T22:49:57.438+0000] {dagbag.py:538} INFO - Filling up the DagBag from /home/airflow/.local/lib/python3.8/site-packages/airflow/example_dags/example_short_circuit_operator.py
[2025-04-17T22:49:57.452+0000] {processor.py:840} INFO - DAG(s) 'example_short_circuit_operator' retrieved from /home/airflow/.local/lib/python3.8/site-packages/airflow/example_dags/example_short_circuit_operator.py
[2025-04-17T22:49:57.494+0000] {logging_mixin.py:188} INFO - [2025-04-17T22:49:57.493+0000] {dag.py:3036} INFO - Sync 1 DAGs
[2025-04-17T22:49:57.530+0000] {logging_mixin.py:188} INFO - [2025-04-17T22:49:57.530+0000] {dag.py:3823} INFO - Setting next_dagrun for example_short_circuit_operator to 2025-04-16 00:00:00+00:00, run_after=2025-04-17 00:00:00+00:00
[2025-04-17T22:49:57.560+0000] {processor.py:183} INFO - Processing /home/airflow/.local/lib/python3.8/site-packages/airflow/example_dags/example_short_circuit_operator.py took 0.131 seconds
[2025-04-17T22:50:28.184+0000] {processor.py:161} INFO - Started process (PID=1134) to work on /home/airflow/.local/lib/python3.8/site-packages/airflow/example_dags/example_short_circuit_operator.py
[2025-04-17T22:50:28.185+0000] {processor.py:830} INFO - Processing file /home/airflow/.local/lib/python3.8/site-packages/airflow/example_dags/example_short_circuit_operator.py for tasks to queue
[2025-04-17T22:50:28.188+0000] {logging_mixin.py:188} INFO - [2025-04-17T22:50:28.188+0000] {dagbag.py:538} INFO - Filling up the DagBag from /home/airflow/.local/lib/python3.8/site-packages/airflow/example_dags/example_short_circuit_operator.py
[2025-04-17T22:50:28.201+0000] {processor.py:840} INFO - DAG(s) 'example_short_circuit_operator' retrieved from /home/airflow/.local/lib/python3.8/site-packages/airflow/example_dags/example_short_circuit_operator.py
[2025-04-17T22:50:28.247+0000] {logging_mixin.py:188} INFO - [2025-04-17T22:50:28.246+0000] {dag.py:3036} INFO - Sync 1 DAGs
[2025-04-17T22:50:28.299+0000] {logging_mixin.py:188} INFO - [2025-04-17T22:50:28.299+0000] {dag.py:3823} INFO - Setting next_dagrun for example_short_circuit_operator to 2025-04-16 00:00:00+00:00, run_after=2025-04-17 00:00:00+00:00
[2025-04-17T22:50:28.332+0000] {processor.py:183} INFO - Processing /home/airflow/.local/lib/python3.8/site-packages/airflow/example_dags/example_short_circuit_operator.py took 0.153 seconds
[2025-04-17T22:50:58.925+0000] {processor.py:161} INFO - Started process (PID=1189) to work on /home/airflow/.local/lib/python3.8/site-packages/airflow/example_dags/example_short_circuit_operator.py
[2025-04-17T22:50:58.926+0000] {processor.py:830} INFO - Processing file /home/airflow/.local/lib/python3.8/site-packages/airflow/example_dags/example_short_circuit_operator.py for tasks to queue
[2025-04-17T22:50:58.929+0000] {logging_mixin.py:188} INFO - [2025-04-17T22:50:58.929+0000] {dagbag.py:538} INFO - Filling up the DagBag from /home/airflow/.local/lib/python3.8/site-packages/airflow/example_dags/example_short_circuit_operator.py
[2025-04-17T22:50:58.942+0000] {processor.py:840} INFO - DAG(s) 'example_short_circuit_operator' retrieved from /home/airflow/.local/lib/python3.8/site-packages/airflow/example_dags/example_short_circuit_operator.py
[2025-04-17T22:50:58.982+0000] {logging_mixin.py:188} INFO - [2025-04-17T22:50:58.981+0000] {dag.py:3036} INFO - Sync 1 DAGs
[2025-04-17T22:50:59.017+0000] {logging_mixin.py:188} INFO - [2025-04-17T22:50:59.017+0000] {dag.py:3823} INFO - Setting next_dagrun for example_short_circuit_operator to 2025-04-16 00:00:00+00:00, run_after=2025-04-17 00:00:00+00:00
[2025-04-17T22:50:59.045+0000] {processor.py:183} INFO - Processing /home/airflow/.local/lib/python3.8/site-packages/airflow/example_dags/example_short_circuit_operator.py took 0.126 seconds
[2025-04-17T22:51:29.191+0000] {processor.py:161} INFO - Started process (PID=1244) to work on /home/airflow/.local/lib/python3.8/site-packages/airflow/example_dags/example_short_circuit_operator.py
[2025-04-17T22:51:29.193+0000] {processor.py:830} INFO - Processing file /home/airflow/.local/lib/python3.8/site-packages/airflow/example_dags/example_short_circuit_operator.py for tasks to queue
[2025-04-17T22:51:29.196+0000] {logging_mixin.py:188} INFO - [2025-04-17T22:51:29.195+0000] {dagbag.py:538} INFO - Filling up the DagBag from /home/airflow/.local/lib/python3.8/site-packages/airflow/example_dags/example_short_circuit_operator.py
[2025-04-17T22:51:29.209+0000] {processor.py:840} INFO - DAG(s) 'example_short_circuit_operator' retrieved from /home/airflow/.local/lib/python3.8/site-packages/airflow/example_dags/example_short_circuit_operator.py
[2025-04-17T22:51:29.251+0000] {logging_mixin.py:188} INFO - [2025-04-17T22:51:29.251+0000] {dag.py:3036} INFO - Sync 1 DAGs
[2025-04-17T22:51:29.288+0000] {logging_mixin.py:188} INFO - [2025-04-17T22:51:29.288+0000] {dag.py:3823} INFO - Setting next_dagrun for example_short_circuit_operator to 2025-04-16 00:00:00+00:00, run_after=2025-04-17 00:00:00+00:00
[2025-04-17T22:51:29.317+0000] {processor.py:183} INFO - Processing /home/airflow/.local/lib/python3.8/site-packages/airflow/example_dags/example_short_circuit_operator.py took 0.132 seconds
[2025-04-17T22:51:59.816+0000] {processor.py:161} INFO - Started process (PID=1299) to work on /home/airflow/.local/lib/python3.8/site-packages/airflow/example_dags/example_short_circuit_operator.py
[2025-04-17T22:51:59.818+0000] {processor.py:830} INFO - Processing file /home/airflow/.local/lib/python3.8/site-packages/airflow/example_dags/example_short_circuit_operator.py for tasks to queue
[2025-04-17T22:51:59.821+0000] {logging_mixin.py:188} INFO - [2025-04-17T22:51:59.820+0000] {dagbag.py:538} INFO - Filling up the DagBag from /home/airflow/.local/lib/python3.8/site-packages/airflow/example_dags/example_short_circuit_operator.py
[2025-04-17T22:51:59.834+0000] {processor.py:840} INFO - DAG(s) 'example_short_circuit_operator' retrieved from /home/airflow/.local/lib/python3.8/site-packages/airflow/example_dags/example_short_circuit_operator.py
[2025-04-17T22:51:59.874+0000] {logging_mixin.py:188} INFO - [2025-04-17T22:51:59.873+0000] {dag.py:3036} INFO - Sync 1 DAGs
[2025-04-17T22:51:59.910+0000] {logging_mixin.py:188} INFO - [2025-04-17T22:51:59.909+0000] {dag.py:3823} INFO - Setting next_dagrun for example_short_circuit_operator to 2025-04-16 00:00:00+00:00, run_after=2025-04-17 00:00:00+00:00
[2025-04-17T22:51:59.937+0000] {processor.py:183} INFO - Processing /home/airflow/.local/lib/python3.8/site-packages/airflow/example_dags/example_short_circuit_operator.py took 0.127 seconds
[2025-04-17T22:52:30.832+0000] {processor.py:161} INFO - Started process (PID=1354) to work on /home/airflow/.local/lib/python3.8/site-packages/airflow/example_dags/example_short_circuit_operator.py
[2025-04-17T22:52:30.834+0000] {processor.py:830} INFO - Processing file /home/airflow/.local/lib/python3.8/site-packages/airflow/example_dags/example_short_circuit_operator.py for tasks to queue
[2025-04-17T22:52:30.839+0000] {logging_mixin.py:188} INFO - [2025-04-17T22:52:30.837+0000] {dagbag.py:538} INFO - Filling up the DagBag from /home/airflow/.local/lib/python3.8/site-packages/airflow/example_dags/example_short_circuit_operator.py
[2025-04-17T22:52:30.860+0000] {processor.py:840} INFO - DAG(s) 'example_short_circuit_operator' retrieved from /home/airflow/.local/lib/python3.8/site-packages/airflow/example_dags/example_short_circuit_operator.py
[2025-04-17T22:52:30.957+0000] {logging_mixin.py:188} INFO - [2025-04-17T22:52:30.956+0000] {dag.py:3036} INFO - Sync 1 DAGs
[2025-04-17T22:52:31.030+0000] {logging_mixin.py:188} INFO - [2025-04-17T22:52:31.029+0000] {dag.py:3823} INFO - Setting next_dagrun for example_short_circuit_operator to 2025-04-16 00:00:00+00:00, run_after=2025-04-17 00:00:00+00:00
[2025-04-17T22:52:31.069+0000] {processor.py:183} INFO - Processing /home/airflow/.local/lib/python3.8/site-packages/airflow/example_dags/example_short_circuit_operator.py took 0.244 seconds
[2025-04-17T22:53:01.187+0000] {processor.py:161} INFO - Started process (PID=1409) to work on /home/airflow/.local/lib/python3.8/site-packages/airflow/example_dags/example_short_circuit_operator.py
[2025-04-17T22:53:01.189+0000] {processor.py:830} INFO - Processing file /home/airflow/.local/lib/python3.8/site-packages/airflow/example_dags/example_short_circuit_operator.py for tasks to queue
[2025-04-17T22:53:01.192+0000] {logging_mixin.py:188} INFO - [2025-04-17T22:53:01.192+0000] {dagbag.py:538} INFO - Filling up the DagBag from /home/airflow/.local/lib/python3.8/site-packages/airflow/example_dags/example_short_circuit_operator.py
[2025-04-17T22:53:01.207+0000] {processor.py:840} INFO - DAG(s) 'example_short_circuit_operator' retrieved from /home/airflow/.local/lib/python3.8/site-packages/airflow/example_dags/example_short_circuit_operator.py
[2025-04-17T22:53:01.250+0000] {logging_mixin.py:188} INFO - [2025-04-17T22:53:01.250+0000] {dag.py:3036} INFO - Sync 1 DAGs
[2025-04-17T22:53:01.288+0000] {logging_mixin.py:188} INFO - [2025-04-17T22:53:01.288+0000] {dag.py:3823} INFO - Setting next_dagrun for example_short_circuit_operator to 2025-04-16 00:00:00+00:00, run_after=2025-04-17 00:00:00+00:00
[2025-04-17T22:53:01.321+0000] {processor.py:183} INFO - Processing /home/airflow/.local/lib/python3.8/site-packages/airflow/example_dags/example_short_circuit_operator.py took 0.140 seconds
[2025-04-17T22:53:31.371+0000] {processor.py:161} INFO - Started process (PID=1464) to work on /home/airflow/.local/lib/python3.8/site-packages/airflow/example_dags/example_short_circuit_operator.py
[2025-04-17T22:53:31.372+0000] {processor.py:830} INFO - Processing file /home/airflow/.local/lib/python3.8/site-packages/airflow/example_dags/example_short_circuit_operator.py for tasks to queue
[2025-04-17T22:53:31.375+0000] {logging_mixin.py:188} INFO - [2025-04-17T22:53:31.375+0000] {dagbag.py:538} INFO - Filling up the DagBag from /home/airflow/.local/lib/python3.8/site-packages/airflow/example_dags/example_short_circuit_operator.py
[2025-04-17T22:53:31.387+0000] {processor.py:840} INFO - DAG(s) 'example_short_circuit_operator' retrieved from /home/airflow/.local/lib/python3.8/site-packages/airflow/example_dags/example_short_circuit_operator.py
[2025-04-17T22:53:31.426+0000] {logging_mixin.py:188} INFO - [2025-04-17T22:53:31.425+0000] {dag.py:3036} INFO - Sync 1 DAGs
[2025-04-17T22:53:31.461+0000] {logging_mixin.py:188} INFO - [2025-04-17T22:53:31.461+0000] {dag.py:3823} INFO - Setting next_dagrun for example_short_circuit_operator to 2025-04-16 00:00:00+00:00, run_after=2025-04-17 00:00:00+00:00
[2025-04-17T22:53:31.488+0000] {processor.py:183} INFO - Processing /home/airflow/.local/lib/python3.8/site-packages/airflow/example_dags/example_short_circuit_operator.py took 0.123 seconds
[2025-04-17T22:54:01.552+0000] {processor.py:161} INFO - Started process (PID=1519) to work on /home/airflow/.local/lib/python3.8/site-packages/airflow/example_dags/example_short_circuit_operator.py
[2025-04-17T22:54:01.553+0000] {processor.py:830} INFO - Processing file /home/airflow/.local/lib/python3.8/site-packages/airflow/example_dags/example_short_circuit_operator.py for tasks to queue
[2025-04-17T22:54:01.556+0000] {logging_mixin.py:188} INFO - [2025-04-17T22:54:01.556+0000] {dagbag.py:538} INFO - Filling up the DagBag from /home/airflow/.local/lib/python3.8/site-packages/airflow/example_dags/example_short_circuit_operator.py
[2025-04-17T22:54:01.569+0000] {processor.py:840} INFO - DAG(s) 'example_short_circuit_operator' retrieved from /home/airflow/.local/lib/python3.8/site-packages/airflow/example_dags/example_short_circuit_operator.py
[2025-04-17T22:54:01.607+0000] {logging_mixin.py:188} INFO - [2025-04-17T22:54:01.607+0000] {dag.py:3036} INFO - Sync 1 DAGs
[2025-04-17T22:54:01.640+0000] {logging_mixin.py:188} INFO - [2025-04-17T22:54:01.640+0000] {dag.py:3823} INFO - Setting next_dagrun for example_short_circuit_operator to 2025-04-16 00:00:00+00:00, run_after=2025-04-17 00:00:00+00:00
[2025-04-17T22:54:01.671+0000] {processor.py:183} INFO - Processing /home/airflow/.local/lib/python3.8/site-packages/airflow/example_dags/example_short_circuit_operator.py took 0.125 seconds
