[2025-04-17T22:40:44.917+0000] {processor.py:161} INFO - Started process (PID=82) to work on /home/airflow/.local/lib/python3.8/site-packages/airflow/example_dags/tutorial_objectstorage.py
[2025-04-17T22:40:44.918+0000] {processor.py:830} INFO - Processing file /home/airflow/.local/lib/python3.8/site-packages/airflow/example_dags/tutorial_objectstorage.py for tasks to queue
[2025-04-17T22:40:44.922+0000] {logging_mixin.py:188} INFO - [2025-04-17T22:40:44.921+0000] {dagbag.py:538} INFO - Filling up the DagBag from /home/airflow/.local/lib/python3.8/site-packages/airflow/example_dags/tutorial_objectstorage.py
[2025-04-17T22:40:44.934+0000] {processor.py:840} INFO - DAG(s) 'tutorial_objectstorage' retrieved from /home/airflow/.local/lib/python3.8/site-packages/airflow/example_dags/tutorial_objectstorage.py
[2025-04-17T22:40:45.133+0000] {logging_mixin.py:188} INFO - [2025-04-17T22:40:45.133+0000] {dag.py:3036} INFO - Sync 1 DAGs
[2025-04-17T22:40:45.154+0000] {logging_mixin.py:188} INFO - [2025-04-17T22:40:45.154+0000] {dag.py:3823} INFO - Setting next_dagrun for tutorial_objectstorage to None, run_after=None
[2025-04-17T22:40:45.199+0000] {processor.py:183} INFO - Processing /home/airflow/.local/lib/python3.8/site-packages/airflow/example_dags/tutorial_objectstorage.py took 0.288 seconds
[2025-04-17T22:41:16.050+0000] {processor.py:161} INFO - Started process (PID=137) to work on /home/airflow/.local/lib/python3.8/site-packages/airflow/example_dags/tutorial_objectstorage.py
[2025-04-17T22:41:16.052+0000] {processor.py:830} INFO - Processing file /home/airflow/.local/lib/python3.8/site-packages/airflow/example_dags/tutorial_objectstorage.py for tasks to queue
[2025-04-17T22:41:16.054+0000] {logging_mixin.py:188} INFO - [2025-04-17T22:41:16.054+0000] {dagbag.py:538} INFO - Filling up the DagBag from /home/airflow/.local/lib/python3.8/site-packages/airflow/example_dags/tutorial_objectstorage.py
[2025-04-17T22:41:16.065+0000] {processor.py:840} INFO - DAG(s) 'tutorial_objectstorage' retrieved from /home/airflow/.local/lib/python3.8/site-packages/airflow/example_dags/tutorial_objectstorage.py
[2025-04-17T22:41:16.100+0000] {logging_mixin.py:188} INFO - [2025-04-17T22:41:16.100+0000] {dag.py:3036} INFO - Sync 1 DAGs
[2025-04-17T22:41:16.123+0000] {logging_mixin.py:188} INFO - [2025-04-17T22:41:16.122+0000] {dag.py:3823} INFO - Setting next_dagrun for tutorial_objectstorage to None, run_after=None
[2025-04-17T22:41:16.157+0000] {processor.py:183} INFO - Processing /home/airflow/.local/lib/python3.8/site-packages/airflow/example_dags/tutorial_objectstorage.py took 0.112 seconds
[2025-04-17T22:41:46.851+0000] {processor.py:161} INFO - Started process (PID=193) to work on /home/airflow/.local/lib/python3.8/site-packages/airflow/example_dags/tutorial_objectstorage.py
[2025-04-17T22:41:46.852+0000] {processor.py:830} INFO - Processing file /home/airflow/.local/lib/python3.8/site-packages/airflow/example_dags/tutorial_objectstorage.py for tasks to queue
[2025-04-17T22:41:46.855+0000] {logging_mixin.py:188} INFO - [2025-04-17T22:41:46.855+0000] {dagbag.py:538} INFO - Filling up the DagBag from /home/airflow/.local/lib/python3.8/site-packages/airflow/example_dags/tutorial_objectstorage.py
[2025-04-17T22:41:46.873+0000] {processor.py:840} INFO - DAG(s) 'tutorial_objectstorage' retrieved from /home/airflow/.local/lib/python3.8/site-packages/airflow/example_dags/tutorial_objectstorage.py
[2025-04-17T22:41:46.905+0000] {logging_mixin.py:188} INFO - [2025-04-17T22:41:46.905+0000] {dag.py:3036} INFO - Sync 1 DAGs
[2025-04-17T22:41:46.928+0000] {logging_mixin.py:188} INFO - [2025-04-17T22:41:46.928+0000] {dag.py:3823} INFO - Setting next_dagrun for tutorial_objectstorage to None, run_after=None
[2025-04-17T22:41:46.961+0000] {processor.py:183} INFO - Processing /home/airflow/.local/lib/python3.8/site-packages/airflow/example_dags/tutorial_objectstorage.py took 0.120 seconds
[2025-04-17T22:42:17.329+0000] {processor.py:161} INFO - Started process (PID=248) to work on /home/airflow/.local/lib/python3.8/site-packages/airflow/example_dags/tutorial_objectstorage.py
[2025-04-17T22:42:17.331+0000] {processor.py:830} INFO - Processing file /home/airflow/.local/lib/python3.8/site-packages/airflow/example_dags/tutorial_objectstorage.py for tasks to queue
[2025-04-17T22:42:17.334+0000] {logging_mixin.py:188} INFO - [2025-04-17T22:42:17.333+0000] {dagbag.py:538} INFO - Filling up the DagBag from /home/airflow/.local/lib/python3.8/site-packages/airflow/example_dags/tutorial_objectstorage.py
[2025-04-17T22:42:17.345+0000] {processor.py:840} INFO - DAG(s) 'tutorial_objectstorage' retrieved from /home/airflow/.local/lib/python3.8/site-packages/airflow/example_dags/tutorial_objectstorage.py
[2025-04-17T22:42:17.383+0000] {logging_mixin.py:188} INFO - [2025-04-17T22:42:17.383+0000] {dag.py:3036} INFO - Sync 1 DAGs
[2025-04-17T22:42:17.405+0000] {logging_mixin.py:188} INFO - [2025-04-17T22:42:17.405+0000] {dag.py:3823} INFO - Setting next_dagrun for tutorial_objectstorage to None, run_after=None
[2025-04-17T22:42:17.449+0000] {processor.py:183} INFO - Processing /home/airflow/.local/lib/python3.8/site-packages/airflow/example_dags/tutorial_objectstorage.py took 0.126 seconds
[2025-04-17T22:42:47.792+0000] {processor.py:161} INFO - Started process (PID=303) to work on /home/airflow/.local/lib/python3.8/site-packages/airflow/example_dags/tutorial_objectstorage.py
[2025-04-17T22:42:47.794+0000] {processor.py:830} INFO - Processing file /home/airflow/.local/lib/python3.8/site-packages/airflow/example_dags/tutorial_objectstorage.py for tasks to queue
[2025-04-17T22:42:47.797+0000] {logging_mixin.py:188} INFO - [2025-04-17T22:42:47.797+0000] {dagbag.py:538} INFO - Filling up the DagBag from /home/airflow/.local/lib/python3.8/site-packages/airflow/example_dags/tutorial_objectstorage.py
[2025-04-17T22:42:47.808+0000] {processor.py:840} INFO - DAG(s) 'tutorial_objectstorage' retrieved from /home/airflow/.local/lib/python3.8/site-packages/airflow/example_dags/tutorial_objectstorage.py
[2025-04-17T22:42:47.849+0000] {logging_mixin.py:188} INFO - [2025-04-17T22:42:47.848+0000] {dag.py:3036} INFO - Sync 1 DAGs
[2025-04-17T22:42:47.876+0000] {logging_mixin.py:188} INFO - [2025-04-17T22:42:47.876+0000] {dag.py:3823} INFO - Setting next_dagrun for tutorial_objectstorage to None, run_after=None
[2025-04-17T22:42:47.914+0000] {processor.py:183} INFO - Processing /home/airflow/.local/lib/python3.8/site-packages/airflow/example_dags/tutorial_objectstorage.py took 0.128 seconds
[2025-04-17T22:43:18.547+0000] {processor.py:161} INFO - Started process (PID=358) to work on /home/airflow/.local/lib/python3.8/site-packages/airflow/example_dags/tutorial_objectstorage.py
[2025-04-17T22:43:18.548+0000] {processor.py:830} INFO - Processing file /home/airflow/.local/lib/python3.8/site-packages/airflow/example_dags/tutorial_objectstorage.py for tasks to queue
[2025-04-17T22:43:18.551+0000] {logging_mixin.py:188} INFO - [2025-04-17T22:43:18.550+0000] {dagbag.py:538} INFO - Filling up the DagBag from /home/airflow/.local/lib/python3.8/site-packages/airflow/example_dags/tutorial_objectstorage.py
[2025-04-17T22:43:18.562+0000] {processor.py:840} INFO - DAG(s) 'tutorial_objectstorage' retrieved from /home/airflow/.local/lib/python3.8/site-packages/airflow/example_dags/tutorial_objectstorage.py
[2025-04-17T22:43:18.610+0000] {logging_mixin.py:188} INFO - [2025-04-17T22:43:18.610+0000] {dag.py:3036} INFO - Sync 1 DAGs
[2025-04-17T22:43:18.632+0000] {logging_mixin.py:188} INFO - [2025-04-17T22:43:18.632+0000] {dag.py:3823} INFO - Setting next_dagrun for tutorial_objectstorage to None, run_after=None
[2025-04-17T22:43:18.664+0000] {processor.py:183} INFO - Processing /home/airflow/.local/lib/python3.8/site-packages/airflow/example_dags/tutorial_objectstorage.py took 0.123 seconds
[2025-04-17T22:43:48.808+0000] {processor.py:161} INFO - Started process (PID=413) to work on /home/airflow/.local/lib/python3.8/site-packages/airflow/example_dags/tutorial_objectstorage.py
[2025-04-17T22:43:48.809+0000] {processor.py:830} INFO - Processing file /home/airflow/.local/lib/python3.8/site-packages/airflow/example_dags/tutorial_objectstorage.py for tasks to queue
[2025-04-17T22:43:48.813+0000] {logging_mixin.py:188} INFO - [2025-04-17T22:43:48.812+0000] {dagbag.py:538} INFO - Filling up the DagBag from /home/airflow/.local/lib/python3.8/site-packages/airflow/example_dags/tutorial_objectstorage.py
[2025-04-17T22:43:48.827+0000] {processor.py:840} INFO - DAG(s) 'tutorial_objectstorage' retrieved from /home/airflow/.local/lib/python3.8/site-packages/airflow/example_dags/tutorial_objectstorage.py
[2025-04-17T22:43:48.860+0000] {logging_mixin.py:188} INFO - [2025-04-17T22:43:48.860+0000] {dag.py:3036} INFO - Sync 1 DAGs
[2025-04-17T22:43:48.881+0000] {logging_mixin.py:188} INFO - [2025-04-17T22:43:48.881+0000] {dag.py:3823} INFO - Setting next_dagrun for tutorial_objectstorage to None, run_after=None
[2025-04-17T22:43:48.909+0000] {processor.py:183} INFO - Processing /home/airflow/.local/lib/python3.8/site-packages/airflow/example_dags/tutorial_objectstorage.py took 0.107 seconds
[2025-04-17T22:44:19.684+0000] {processor.py:161} INFO - Started process (PID=468) to work on /home/airflow/.local/lib/python3.8/site-packages/airflow/example_dags/tutorial_objectstorage.py
[2025-04-17T22:44:19.685+0000] {processor.py:830} INFO - Processing file /home/airflow/.local/lib/python3.8/site-packages/airflow/example_dags/tutorial_objectstorage.py for tasks to queue
[2025-04-17T22:44:19.688+0000] {logging_mixin.py:188} INFO - [2025-04-17T22:44:19.688+0000] {dagbag.py:538} INFO - Filling up the DagBag from /home/airflow/.local/lib/python3.8/site-packages/airflow/example_dags/tutorial_objectstorage.py
[2025-04-17T22:44:19.699+0000] {processor.py:840} INFO - DAG(s) 'tutorial_objectstorage' retrieved from /home/airflow/.local/lib/python3.8/site-packages/airflow/example_dags/tutorial_objectstorage.py
[2025-04-17T22:44:19.734+0000] {logging_mixin.py:188} INFO - [2025-04-17T22:44:19.734+0000] {dag.py:3036} INFO - Sync 1 DAGs
[2025-04-17T22:44:19.758+0000] {logging_mixin.py:188} INFO - [2025-04-17T22:44:19.757+0000] {dag.py:3823} INFO - Setting next_dagrun for tutorial_objectstorage to None, run_after=None
[2025-04-17T22:44:19.785+0000] {processor.py:183} INFO - Processing /home/airflow/.local/lib/python3.8/site-packages/airflow/example_dags/tutorial_objectstorage.py took 0.107 seconds
[2025-04-17T22:44:50.509+0000] {processor.py:161} INFO - Started process (PID=523) to work on /home/airflow/.local/lib/python3.8/site-packages/airflow/example_dags/tutorial_objectstorage.py
[2025-04-17T22:44:50.511+0000] {processor.py:830} INFO - Processing file /home/airflow/.local/lib/python3.8/site-packages/airflow/example_dags/tutorial_objectstorage.py for tasks to queue
[2025-04-17T22:44:50.514+0000] {logging_mixin.py:188} INFO - [2025-04-17T22:44:50.513+0000] {dagbag.py:538} INFO - Filling up the DagBag from /home/airflow/.local/lib/python3.8/site-packages/airflow/example_dags/tutorial_objectstorage.py
[2025-04-17T22:44:50.526+0000] {processor.py:840} INFO - DAG(s) 'tutorial_objectstorage' retrieved from /home/airflow/.local/lib/python3.8/site-packages/airflow/example_dags/tutorial_objectstorage.py
[2025-04-17T22:44:50.560+0000] {logging_mixin.py:188} INFO - [2025-04-17T22:44:50.560+0000] {dag.py:3036} INFO - Sync 1 DAGs
[2025-04-17T22:44:50.581+0000] {logging_mixin.py:188} INFO - [2025-04-17T22:44:50.580+0000] {dag.py:3823} INFO - Setting next_dagrun for tutorial_objectstorage to None, run_after=None
[2025-04-17T22:44:50.609+0000] {processor.py:183} INFO - Processing /home/airflow/.local/lib/python3.8/site-packages/airflow/example_dags/tutorial_objectstorage.py took 0.106 seconds
[2025-04-17T22:45:21.159+0000] {processor.py:161} INFO - Started process (PID=578) to work on /home/airflow/.local/lib/python3.8/site-packages/airflow/example_dags/tutorial_objectstorage.py
[2025-04-17T22:45:21.160+0000] {processor.py:830} INFO - Processing file /home/airflow/.local/lib/python3.8/site-packages/airflow/example_dags/tutorial_objectstorage.py for tasks to queue
[2025-04-17T22:45:21.163+0000] {logging_mixin.py:188} INFO - [2025-04-17T22:45:21.163+0000] {dagbag.py:538} INFO - Filling up the DagBag from /home/airflow/.local/lib/python3.8/site-packages/airflow/example_dags/tutorial_objectstorage.py
[2025-04-17T22:45:21.174+0000] {processor.py:840} INFO - DAG(s) 'tutorial_objectstorage' retrieved from /home/airflow/.local/lib/python3.8/site-packages/airflow/example_dags/tutorial_objectstorage.py
[2025-04-17T22:45:21.209+0000] {logging_mixin.py:188} INFO - [2025-04-17T22:45:21.208+0000] {dag.py:3036} INFO - Sync 1 DAGs
[2025-04-17T22:45:21.230+0000] {logging_mixin.py:188} INFO - [2025-04-17T22:45:21.230+0000] {dag.py:3823} INFO - Setting next_dagrun for tutorial_objectstorage to None, run_after=None
[2025-04-17T22:45:21.261+0000] {processor.py:183} INFO - Processing /home/airflow/.local/lib/python3.8/site-packages/airflow/example_dags/tutorial_objectstorage.py took 0.107 seconds
[2025-04-17T22:45:51.672+0000] {processor.py:161} INFO - Started process (PID=633) to work on /home/airflow/.local/lib/python3.8/site-packages/airflow/example_dags/tutorial_objectstorage.py
[2025-04-17T22:45:51.673+0000] {processor.py:830} INFO - Processing file /home/airflow/.local/lib/python3.8/site-packages/airflow/example_dags/tutorial_objectstorage.py for tasks to queue
[2025-04-17T22:45:51.676+0000] {logging_mixin.py:188} INFO - [2025-04-17T22:45:51.676+0000] {dagbag.py:538} INFO - Filling up the DagBag from /home/airflow/.local/lib/python3.8/site-packages/airflow/example_dags/tutorial_objectstorage.py
[2025-04-17T22:45:51.687+0000] {processor.py:840} INFO - DAG(s) 'tutorial_objectstorage' retrieved from /home/airflow/.local/lib/python3.8/site-packages/airflow/example_dags/tutorial_objectstorage.py
[2025-04-17T22:45:51.718+0000] {logging_mixin.py:188} INFO - [2025-04-17T22:45:51.718+0000] {dag.py:3036} INFO - Sync 1 DAGs
[2025-04-17T22:45:51.738+0000] {logging_mixin.py:188} INFO - [2025-04-17T22:45:51.738+0000] {dag.py:3823} INFO - Setting next_dagrun for tutorial_objectstorage to None, run_after=None
[2025-04-17T22:45:51.767+0000] {processor.py:183} INFO - Processing /home/airflow/.local/lib/python3.8/site-packages/airflow/example_dags/tutorial_objectstorage.py took 0.101 seconds
[2025-04-17T22:46:22.103+0000] {processor.py:161} INFO - Started process (PID=688) to work on /home/airflow/.local/lib/python3.8/site-packages/airflow/example_dags/tutorial_objectstorage.py
[2025-04-17T22:46:22.104+0000] {processor.py:830} INFO - Processing file /home/airflow/.local/lib/python3.8/site-packages/airflow/example_dags/tutorial_objectstorage.py for tasks to queue
[2025-04-17T22:46:22.107+0000] {logging_mixin.py:188} INFO - [2025-04-17T22:46:22.107+0000] {dagbag.py:538} INFO - Filling up the DagBag from /home/airflow/.local/lib/python3.8/site-packages/airflow/example_dags/tutorial_objectstorage.py
[2025-04-17T22:46:22.118+0000] {processor.py:840} INFO - DAG(s) 'tutorial_objectstorage' retrieved from /home/airflow/.local/lib/python3.8/site-packages/airflow/example_dags/tutorial_objectstorage.py
[2025-04-17T22:46:22.148+0000] {logging_mixin.py:188} INFO - [2025-04-17T22:46:22.148+0000] {dag.py:3036} INFO - Sync 1 DAGs
[2025-04-17T22:46:22.167+0000] {logging_mixin.py:188} INFO - [2025-04-17T22:46:22.166+0000] {dag.py:3823} INFO - Setting next_dagrun for tutorial_objectstorage to None, run_after=None
[2025-04-17T22:46:22.194+0000] {processor.py:183} INFO - Processing /home/airflow/.local/lib/python3.8/site-packages/airflow/example_dags/tutorial_objectstorage.py took 0.096 seconds
[2025-04-17T22:46:52.817+0000] {processor.py:161} INFO - Started process (PID=743) to work on /home/airflow/.local/lib/python3.8/site-packages/airflow/example_dags/tutorial_objectstorage.py
[2025-04-17T22:46:52.819+0000] {processor.py:830} INFO - Processing file /home/airflow/.local/lib/python3.8/site-packages/airflow/example_dags/tutorial_objectstorage.py for tasks to queue
[2025-04-17T22:46:52.823+0000] {logging_mixin.py:188} INFO - [2025-04-17T22:46:52.822+0000] {dagbag.py:538} INFO - Filling up the DagBag from /home/airflow/.local/lib/python3.8/site-packages/airflow/example_dags/tutorial_objectstorage.py
[2025-04-17T22:46:52.840+0000] {processor.py:840} INFO - DAG(s) 'tutorial_objectstorage' retrieved from /home/airflow/.local/lib/python3.8/site-packages/airflow/example_dags/tutorial_objectstorage.py
[2025-04-17T22:46:52.882+0000] {logging_mixin.py:188} INFO - [2025-04-17T22:46:52.881+0000] {dag.py:3036} INFO - Sync 1 DAGs
[2025-04-17T22:46:52.930+0000] {logging_mixin.py:188} INFO - [2025-04-17T22:46:52.927+0000] {dag.py:3823} INFO - Setting next_dagrun for tutorial_objectstorage to None, run_after=None
[2025-04-17T22:46:53.216+0000] {processor.py:183} INFO - Processing /home/airflow/.local/lib/python3.8/site-packages/airflow/example_dags/tutorial_objectstorage.py took 0.406 seconds
[2025-04-17T22:47:23.390+0000] {processor.py:161} INFO - Started process (PID=798) to work on /home/airflow/.local/lib/python3.8/site-packages/airflow/example_dags/tutorial_objectstorage.py
[2025-04-17T22:47:23.392+0000] {processor.py:830} INFO - Processing file /home/airflow/.local/lib/python3.8/site-packages/airflow/example_dags/tutorial_objectstorage.py for tasks to queue
[2025-04-17T22:47:23.395+0000] {logging_mixin.py:188} INFO - [2025-04-17T22:47:23.394+0000] {dagbag.py:538} INFO - Filling up the DagBag from /home/airflow/.local/lib/python3.8/site-packages/airflow/example_dags/tutorial_objectstorage.py
[2025-04-17T22:47:23.407+0000] {processor.py:840} INFO - DAG(s) 'tutorial_objectstorage' retrieved from /home/airflow/.local/lib/python3.8/site-packages/airflow/example_dags/tutorial_objectstorage.py
[2025-04-17T22:47:23.441+0000] {logging_mixin.py:188} INFO - [2025-04-17T22:47:23.440+0000] {dag.py:3036} INFO - Sync 1 DAGs
[2025-04-17T22:47:23.463+0000] {logging_mixin.py:188} INFO - [2025-04-17T22:47:23.463+0000] {dag.py:3823} INFO - Setting next_dagrun for tutorial_objectstorage to None, run_after=None
[2025-04-17T22:47:23.495+0000] {processor.py:183} INFO - Processing /home/airflow/.local/lib/python3.8/site-packages/airflow/example_dags/tutorial_objectstorage.py took 0.113 seconds
[2025-04-17T22:47:53.539+0000] {processor.py:161} INFO - Started process (PID=853) to work on /home/airflow/.local/lib/python3.8/site-packages/airflow/example_dags/tutorial_objectstorage.py
[2025-04-17T22:47:53.540+0000] {processor.py:830} INFO - Processing file /home/airflow/.local/lib/python3.8/site-packages/airflow/example_dags/tutorial_objectstorage.py for tasks to queue
[2025-04-17T22:47:53.543+0000] {logging_mixin.py:188} INFO - [2025-04-17T22:47:53.543+0000] {dagbag.py:538} INFO - Filling up the DagBag from /home/airflow/.local/lib/python3.8/site-packages/airflow/example_dags/tutorial_objectstorage.py
[2025-04-17T22:47:53.555+0000] {processor.py:840} INFO - DAG(s) 'tutorial_objectstorage' retrieved from /home/airflow/.local/lib/python3.8/site-packages/airflow/example_dags/tutorial_objectstorage.py
[2025-04-17T22:47:53.576+0000] {logging_mixin.py:188} INFO - [2025-04-17T22:47:53.576+0000] {dag.py:3036} INFO - Sync 1 DAGs
[2025-04-17T22:47:53.607+0000] {logging_mixin.py:188} INFO - [2025-04-17T22:47:53.606+0000] {dag.py:3823} INFO - Setting next_dagrun for tutorial_objectstorage to None, run_after=None
[2025-04-17T22:47:53.645+0000] {processor.py:183} INFO - Processing /home/airflow/.local/lib/python3.8/site-packages/airflow/example_dags/tutorial_objectstorage.py took 0.112 seconds
[2025-04-17T22:48:23.894+0000] {processor.py:161} INFO - Started process (PID=908) to work on /home/airflow/.local/lib/python3.8/site-packages/airflow/example_dags/tutorial_objectstorage.py
[2025-04-17T22:48:23.895+0000] {processor.py:830} INFO - Processing file /home/airflow/.local/lib/python3.8/site-packages/airflow/example_dags/tutorial_objectstorage.py for tasks to queue
[2025-04-17T22:48:23.898+0000] {logging_mixin.py:188} INFO - [2025-04-17T22:48:23.898+0000] {dagbag.py:538} INFO - Filling up the DagBag from /home/airflow/.local/lib/python3.8/site-packages/airflow/example_dags/tutorial_objectstorage.py
[2025-04-17T22:48:23.909+0000] {processor.py:840} INFO - DAG(s) 'tutorial_objectstorage' retrieved from /home/airflow/.local/lib/python3.8/site-packages/airflow/example_dags/tutorial_objectstorage.py
[2025-04-17T22:48:24.064+0000] {logging_mixin.py:188} INFO - [2025-04-17T22:48:24.064+0000] {dag.py:3036} INFO - Sync 1 DAGs
[2025-04-17T22:48:24.082+0000] {logging_mixin.py:188} INFO - [2025-04-17T22:48:24.082+0000] {dag.py:3823} INFO - Setting next_dagrun for tutorial_objectstorage to None, run_after=None
[2025-04-17T22:48:24.115+0000] {processor.py:183} INFO - Processing /home/airflow/.local/lib/python3.8/site-packages/airflow/example_dags/tutorial_objectstorage.py took 0.226 seconds
[2025-04-17T22:48:54.731+0000] {processor.py:161} INFO - Started process (PID=963) to work on /home/airflow/.local/lib/python3.8/site-packages/airflow/example_dags/tutorial_objectstorage.py
[2025-04-17T22:48:54.733+0000] {processor.py:830} INFO - Processing file /home/airflow/.local/lib/python3.8/site-packages/airflow/example_dags/tutorial_objectstorage.py for tasks to queue
[2025-04-17T22:48:54.736+0000] {logging_mixin.py:188} INFO - [2025-04-17T22:48:54.736+0000] {dagbag.py:538} INFO - Filling up the DagBag from /home/airflow/.local/lib/python3.8/site-packages/airflow/example_dags/tutorial_objectstorage.py
[2025-04-17T22:48:54.748+0000] {processor.py:840} INFO - DAG(s) 'tutorial_objectstorage' retrieved from /home/airflow/.local/lib/python3.8/site-packages/airflow/example_dags/tutorial_objectstorage.py
[2025-04-17T22:48:54.781+0000] {logging_mixin.py:188} INFO - [2025-04-17T22:48:54.781+0000] {dag.py:3036} INFO - Sync 1 DAGs
[2025-04-17T22:48:54.802+0000] {logging_mixin.py:188} INFO - [2025-04-17T22:48:54.802+0000] {dag.py:3823} INFO - Setting next_dagrun for tutorial_objectstorage to None, run_after=None
[2025-04-17T22:48:54.833+0000] {processor.py:183} INFO - Processing /home/airflow/.local/lib/python3.8/site-packages/airflow/example_dags/tutorial_objectstorage.py took 0.107 seconds
[2025-04-17T22:49:25.665+0000] {processor.py:161} INFO - Started process (PID=1018) to work on /home/airflow/.local/lib/python3.8/site-packages/airflow/example_dags/tutorial_objectstorage.py
[2025-04-17T22:49:25.670+0000] {processor.py:830} INFO - Processing file /home/airflow/.local/lib/python3.8/site-packages/airflow/example_dags/tutorial_objectstorage.py for tasks to queue
[2025-04-17T22:49:25.679+0000] {logging_mixin.py:188} INFO - [2025-04-17T22:49:25.677+0000] {dagbag.py:538} INFO - Filling up the DagBag from /home/airflow/.local/lib/python3.8/site-packages/airflow/example_dags/tutorial_objectstorage.py
[2025-04-17T22:49:25.704+0000] {processor.py:840} INFO - DAG(s) 'tutorial_objectstorage' retrieved from /home/airflow/.local/lib/python3.8/site-packages/airflow/example_dags/tutorial_objectstorage.py
[2025-04-17T22:49:25.752+0000] {logging_mixin.py:188} INFO - [2025-04-17T22:49:25.752+0000] {dag.py:3036} INFO - Sync 1 DAGs
[2025-04-17T22:49:25.777+0000] {logging_mixin.py:188} INFO - [2025-04-17T22:49:25.776+0000] {dag.py:3823} INFO - Setting next_dagrun for tutorial_objectstorage to None, run_after=None
[2025-04-17T22:49:25.810+0000] {processor.py:183} INFO - Processing /home/airflow/.local/lib/python3.8/site-packages/airflow/example_dags/tutorial_objectstorage.py took 0.154 seconds
[2025-04-17T22:49:55.991+0000] {processor.py:161} INFO - Started process (PID=1073) to work on /home/airflow/.local/lib/python3.8/site-packages/airflow/example_dags/tutorial_objectstorage.py
[2025-04-17T22:49:55.993+0000] {processor.py:830} INFO - Processing file /home/airflow/.local/lib/python3.8/site-packages/airflow/example_dags/tutorial_objectstorage.py for tasks to queue
[2025-04-17T22:49:55.996+0000] {logging_mixin.py:188} INFO - [2025-04-17T22:49:55.995+0000] {dagbag.py:538} INFO - Filling up the DagBag from /home/airflow/.local/lib/python3.8/site-packages/airflow/example_dags/tutorial_objectstorage.py
[2025-04-17T22:49:56.008+0000] {processor.py:840} INFO - DAG(s) 'tutorial_objectstorage' retrieved from /home/airflow/.local/lib/python3.8/site-packages/airflow/example_dags/tutorial_objectstorage.py
[2025-04-17T22:49:56.039+0000] {logging_mixin.py:188} INFO - [2025-04-17T22:49:56.039+0000] {dag.py:3036} INFO - Sync 1 DAGs
[2025-04-17T22:49:56.059+0000] {logging_mixin.py:188} INFO - [2025-04-17T22:49:56.058+0000] {dag.py:3823} INFO - Setting next_dagrun for tutorial_objectstorage to None, run_after=None
[2025-04-17T22:49:56.087+0000] {processor.py:183} INFO - Processing /home/airflow/.local/lib/python3.8/site-packages/airflow/example_dags/tutorial_objectstorage.py took 0.101 seconds
[2025-04-17T22:50:26.695+0000] {processor.py:161} INFO - Started process (PID=1128) to work on /home/airflow/.local/lib/python3.8/site-packages/airflow/example_dags/tutorial_objectstorage.py
[2025-04-17T22:50:26.697+0000] {processor.py:830} INFO - Processing file /home/airflow/.local/lib/python3.8/site-packages/airflow/example_dags/tutorial_objectstorage.py for tasks to queue
[2025-04-17T22:50:26.700+0000] {logging_mixin.py:188} INFO - [2025-04-17T22:50:26.700+0000] {dagbag.py:538} INFO - Filling up the DagBag from /home/airflow/.local/lib/python3.8/site-packages/airflow/example_dags/tutorial_objectstorage.py
[2025-04-17T22:50:26.713+0000] {processor.py:840} INFO - DAG(s) 'tutorial_objectstorage' retrieved from /home/airflow/.local/lib/python3.8/site-packages/airflow/example_dags/tutorial_objectstorage.py
[2025-04-17T22:50:26.755+0000] {logging_mixin.py:188} INFO - [2025-04-17T22:50:26.754+0000] {dag.py:3036} INFO - Sync 1 DAGs
[2025-04-17T22:50:26.776+0000] {logging_mixin.py:188} INFO - [2025-04-17T22:50:26.776+0000] {dag.py:3823} INFO - Setting next_dagrun for tutorial_objectstorage to None, run_after=None
[2025-04-17T22:50:26.806+0000] {processor.py:183} INFO - Processing /home/airflow/.local/lib/python3.8/site-packages/airflow/example_dags/tutorial_objectstorage.py took 0.117 seconds
[2025-04-17T22:50:57.504+0000] {processor.py:161} INFO - Started process (PID=1183) to work on /home/airflow/.local/lib/python3.8/site-packages/airflow/example_dags/tutorial_objectstorage.py
[2025-04-17T22:50:57.505+0000] {processor.py:830} INFO - Processing file /home/airflow/.local/lib/python3.8/site-packages/airflow/example_dags/tutorial_objectstorage.py for tasks to queue
[2025-04-17T22:50:57.508+0000] {logging_mixin.py:188} INFO - [2025-04-17T22:50:57.508+0000] {dagbag.py:538} INFO - Filling up the DagBag from /home/airflow/.local/lib/python3.8/site-packages/airflow/example_dags/tutorial_objectstorage.py
[2025-04-17T22:50:57.520+0000] {processor.py:840} INFO - DAG(s) 'tutorial_objectstorage' retrieved from /home/airflow/.local/lib/python3.8/site-packages/airflow/example_dags/tutorial_objectstorage.py
[2025-04-17T22:50:57.551+0000] {logging_mixin.py:188} INFO - [2025-04-17T22:50:57.551+0000] {dag.py:3036} INFO - Sync 1 DAGs
[2025-04-17T22:50:57.570+0000] {logging_mixin.py:188} INFO - [2025-04-17T22:50:57.569+0000] {dag.py:3823} INFO - Setting next_dagrun for tutorial_objectstorage to None, run_after=None
[2025-04-17T22:50:57.597+0000] {processor.py:183} INFO - Processing /home/airflow/.local/lib/python3.8/site-packages/airflow/example_dags/tutorial_objectstorage.py took 0.099 seconds
[2025-04-17T22:51:27.730+0000] {processor.py:161} INFO - Started process (PID=1238) to work on /home/airflow/.local/lib/python3.8/site-packages/airflow/example_dags/tutorial_objectstorage.py
[2025-04-17T22:51:27.732+0000] {processor.py:830} INFO - Processing file /home/airflow/.local/lib/python3.8/site-packages/airflow/example_dags/tutorial_objectstorage.py for tasks to queue
[2025-04-17T22:51:27.735+0000] {logging_mixin.py:188} INFO - [2025-04-17T22:51:27.735+0000] {dagbag.py:538} INFO - Filling up the DagBag from /home/airflow/.local/lib/python3.8/site-packages/airflow/example_dags/tutorial_objectstorage.py
[2025-04-17T22:51:27.746+0000] {processor.py:840} INFO - DAG(s) 'tutorial_objectstorage' retrieved from /home/airflow/.local/lib/python3.8/site-packages/airflow/example_dags/tutorial_objectstorage.py
[2025-04-17T22:51:27.782+0000] {logging_mixin.py:188} INFO - [2025-04-17T22:51:27.781+0000] {dag.py:3036} INFO - Sync 1 DAGs
[2025-04-17T22:51:27.804+0000] {logging_mixin.py:188} INFO - [2025-04-17T22:51:27.803+0000] {dag.py:3823} INFO - Setting next_dagrun for tutorial_objectstorage to None, run_after=None
[2025-04-17T22:51:27.835+0000] {processor.py:183} INFO - Processing /home/airflow/.local/lib/python3.8/site-packages/airflow/example_dags/tutorial_objectstorage.py took 0.111 seconds
[2025-04-17T22:51:58.378+0000] {processor.py:161} INFO - Started process (PID=1293) to work on /home/airflow/.local/lib/python3.8/site-packages/airflow/example_dags/tutorial_objectstorage.py
[2025-04-17T22:51:58.380+0000] {processor.py:830} INFO - Processing file /home/airflow/.local/lib/python3.8/site-packages/airflow/example_dags/tutorial_objectstorage.py for tasks to queue
[2025-04-17T22:51:58.383+0000] {logging_mixin.py:188} INFO - [2025-04-17T22:51:58.382+0000] {dagbag.py:538} INFO - Filling up the DagBag from /home/airflow/.local/lib/python3.8/site-packages/airflow/example_dags/tutorial_objectstorage.py
[2025-04-17T22:51:58.395+0000] {processor.py:840} INFO - DAG(s) 'tutorial_objectstorage' retrieved from /home/airflow/.local/lib/python3.8/site-packages/airflow/example_dags/tutorial_objectstorage.py
[2025-04-17T22:51:58.426+0000] {logging_mixin.py:188} INFO - [2025-04-17T22:51:58.426+0000] {dag.py:3036} INFO - Sync 1 DAGs
[2025-04-17T22:51:58.445+0000] {logging_mixin.py:188} INFO - [2025-04-17T22:51:58.445+0000] {dag.py:3823} INFO - Setting next_dagrun for tutorial_objectstorage to None, run_after=None
[2025-04-17T22:51:58.475+0000] {processor.py:183} INFO - Processing /home/airflow/.local/lib/python3.8/site-packages/airflow/example_dags/tutorial_objectstorage.py took 0.103 seconds
[2025-04-17T22:52:28.920+0000] {processor.py:161} INFO - Started process (PID=1348) to work on /home/airflow/.local/lib/python3.8/site-packages/airflow/example_dags/tutorial_objectstorage.py
[2025-04-17T22:52:28.922+0000] {processor.py:830} INFO - Processing file /home/airflow/.local/lib/python3.8/site-packages/airflow/example_dags/tutorial_objectstorage.py for tasks to queue
[2025-04-17T22:52:28.928+0000] {logging_mixin.py:188} INFO - [2025-04-17T22:52:28.928+0000] {dagbag.py:538} INFO - Filling up the DagBag from /home/airflow/.local/lib/python3.8/site-packages/airflow/example_dags/tutorial_objectstorage.py
[2025-04-17T22:52:28.943+0000] {processor.py:840} INFO - DAG(s) 'tutorial_objectstorage' retrieved from /home/airflow/.local/lib/python3.8/site-packages/airflow/example_dags/tutorial_objectstorage.py
[2025-04-17T22:52:28.984+0000] {logging_mixin.py:188} INFO - [2025-04-17T22:52:28.983+0000] {dag.py:3036} INFO - Sync 1 DAGs
[2025-04-17T22:52:29.008+0000] {logging_mixin.py:188} INFO - [2025-04-17T22:52:29.007+0000] {dag.py:3823} INFO - Setting next_dagrun for tutorial_objectstorage to None, run_after=None
[2025-04-17T22:52:29.049+0000] {processor.py:183} INFO - Processing /home/airflow/.local/lib/python3.8/site-packages/airflow/example_dags/tutorial_objectstorage.py took 0.136 seconds
[2025-04-17T22:52:59.513+0000] {processor.py:161} INFO - Started process (PID=1403) to work on /home/airflow/.local/lib/python3.8/site-packages/airflow/example_dags/tutorial_objectstorage.py
[2025-04-17T22:52:59.516+0000] {processor.py:830} INFO - Processing file /home/airflow/.local/lib/python3.8/site-packages/airflow/example_dags/tutorial_objectstorage.py for tasks to queue
[2025-04-17T22:52:59.521+0000] {logging_mixin.py:188} INFO - [2025-04-17T22:52:59.520+0000] {dagbag.py:538} INFO - Filling up the DagBag from /home/airflow/.local/lib/python3.8/site-packages/airflow/example_dags/tutorial_objectstorage.py
[2025-04-17T22:52:59.550+0000] {processor.py:840} INFO - DAG(s) 'tutorial_objectstorage' retrieved from /home/airflow/.local/lib/python3.8/site-packages/airflow/example_dags/tutorial_objectstorage.py
[2025-04-17T22:52:59.628+0000] {logging_mixin.py:188} INFO - [2025-04-17T22:52:59.628+0000] {dag.py:3036} INFO - Sync 1 DAGs
[2025-04-17T22:52:59.684+0000] {logging_mixin.py:188} INFO - [2025-04-17T22:52:59.683+0000] {dag.py:3823} INFO - Setting next_dagrun for tutorial_objectstorage to None, run_after=None
[2025-04-17T22:52:59.720+0000] {processor.py:183} INFO - Processing /home/airflow/.local/lib/python3.8/site-packages/airflow/example_dags/tutorial_objectstorage.py took 0.215 seconds
[2025-04-17T22:53:29.748+0000] {processor.py:161} INFO - Started process (PID=1458) to work on /home/airflow/.local/lib/python3.8/site-packages/airflow/example_dags/tutorial_objectstorage.py
[2025-04-17T22:53:29.750+0000] {processor.py:830} INFO - Processing file /home/airflow/.local/lib/python3.8/site-packages/airflow/example_dags/tutorial_objectstorage.py for tasks to queue
[2025-04-17T22:53:29.753+0000] {logging_mixin.py:188} INFO - [2025-04-17T22:53:29.753+0000] {dagbag.py:538} INFO - Filling up the DagBag from /home/airflow/.local/lib/python3.8/site-packages/airflow/example_dags/tutorial_objectstorage.py
[2025-04-17T22:53:29.766+0000] {processor.py:840} INFO - DAG(s) 'tutorial_objectstorage' retrieved from /home/airflow/.local/lib/python3.8/site-packages/airflow/example_dags/tutorial_objectstorage.py
[2025-04-17T22:53:29.797+0000] {logging_mixin.py:188} INFO - [2025-04-17T22:53:29.796+0000] {dag.py:3036} INFO - Sync 1 DAGs
[2025-04-17T22:53:29.815+0000] {logging_mixin.py:188} INFO - [2025-04-17T22:53:29.815+0000] {dag.py:3823} INFO - Setting next_dagrun for tutorial_objectstorage to None, run_after=None
[2025-04-17T22:53:29.847+0000] {processor.py:183} INFO - Processing /home/airflow/.local/lib/python3.8/site-packages/airflow/example_dags/tutorial_objectstorage.py took 0.104 seconds
[2025-04-17T22:54:00.023+0000] {processor.py:161} INFO - Started process (PID=1513) to work on /home/airflow/.local/lib/python3.8/site-packages/airflow/example_dags/tutorial_objectstorage.py
[2025-04-17T22:54:00.025+0000] {processor.py:830} INFO - Processing file /home/airflow/.local/lib/python3.8/site-packages/airflow/example_dags/tutorial_objectstorage.py for tasks to queue
[2025-04-17T22:54:00.028+0000] {logging_mixin.py:188} INFO - [2025-04-17T22:54:00.027+0000] {dagbag.py:538} INFO - Filling up the DagBag from /home/airflow/.local/lib/python3.8/site-packages/airflow/example_dags/tutorial_objectstorage.py
[2025-04-17T22:54:00.040+0000] {processor.py:840} INFO - DAG(s) 'tutorial_objectstorage' retrieved from /home/airflow/.local/lib/python3.8/site-packages/airflow/example_dags/tutorial_objectstorage.py
[2025-04-17T22:54:00.072+0000] {logging_mixin.py:188} INFO - [2025-04-17T22:54:00.072+0000] {dag.py:3036} INFO - Sync 1 DAGs
[2025-04-17T22:54:00.091+0000] {logging_mixin.py:188} INFO - [2025-04-17T22:54:00.091+0000] {dag.py:3823} INFO - Setting next_dagrun for tutorial_objectstorage to None, run_after=None
[2025-04-17T22:54:00.119+0000] {processor.py:183} INFO - Processing /home/airflow/.local/lib/python3.8/site-packages/airflow/example_dags/tutorial_objectstorage.py took 0.102 seconds
