[2025-04-17T22:40:48.182+0000] {processor.py:161} INFO - Started process (PID=95) to work on /home/airflow/.local/lib/python3.8/site-packages/airflow/example_dags/tutorial_taskflow_api.py
[2025-04-17T22:40:48.184+0000] {processor.py:830} INFO - Processing file /home/airflow/.local/lib/python3.8/site-packages/airflow/example_dags/tutorial_taskflow_api.py for tasks to queue
[2025-04-17T22:40:48.187+0000] {logging_mixin.py:188} INFO - [2025-04-17T22:40:48.187+0000] {dagbag.py:538} INFO - Filling up the DagBag from /home/airflow/.local/lib/python3.8/site-packages/airflow/example_dags/tutorial_taskflow_api.py
[2025-04-17T22:40:48.200+0000] {processor.py:840} INFO - DAG(s) 'tutorial_taskflow_api' retrieved from /home/airflow/.local/lib/python3.8/site-packages/airflow/example_dags/tutorial_taskflow_api.py
[2025-04-17T22:40:48.394+0000] {logging_mixin.py:188} INFO - [2025-04-17T22:40:48.393+0000] {dag.py:3036} INFO - Sync 1 DAGs
[2025-04-17T22:40:48.413+0000] {logging_mixin.py:188} INFO - [2025-04-17T22:40:48.412+0000] {dag.py:3823} INFO - Setting next_dagrun for tutorial_taskflow_api to None, run_after=None
[2025-04-17T22:40:48.448+0000] {processor.py:183} INFO - Processing /home/airflow/.local/lib/python3.8/site-packages/airflow/example_dags/tutorial_taskflow_api.py took 0.274 seconds
[2025-04-17T22:41:18.537+0000] {processor.py:161} INFO - Started process (PID=150) to work on /home/airflow/.local/lib/python3.8/site-packages/airflow/example_dags/tutorial_taskflow_api.py
[2025-04-17T22:41:18.539+0000] {processor.py:830} INFO - Processing file /home/airflow/.local/lib/python3.8/site-packages/airflow/example_dags/tutorial_taskflow_api.py for tasks to queue
[2025-04-17T22:41:18.543+0000] {logging_mixin.py:188} INFO - [2025-04-17T22:41:18.542+0000] {dagbag.py:538} INFO - Filling up the DagBag from /home/airflow/.local/lib/python3.8/site-packages/airflow/example_dags/tutorial_taskflow_api.py
[2025-04-17T22:41:18.559+0000] {processor.py:840} INFO - DAG(s) 'tutorial_taskflow_api' retrieved from /home/airflow/.local/lib/python3.8/site-packages/airflow/example_dags/tutorial_taskflow_api.py
[2025-04-17T22:41:18.596+0000] {logging_mixin.py:188} INFO - [2025-04-17T22:41:18.595+0000] {dag.py:3036} INFO - Sync 1 DAGs
[2025-04-17T22:41:18.615+0000] {logging_mixin.py:188} INFO - [2025-04-17T22:41:18.615+0000] {dag.py:3823} INFO - Setting next_dagrun for tutorial_taskflow_api to None, run_after=None
[2025-04-17T22:41:18.643+0000] {processor.py:183} INFO - Processing /home/airflow/.local/lib/python3.8/site-packages/airflow/example_dags/tutorial_taskflow_api.py took 0.112 seconds
[2025-04-17T22:41:49.143+0000] {processor.py:161} INFO - Started process (PID=206) to work on /home/airflow/.local/lib/python3.8/site-packages/airflow/example_dags/tutorial_taskflow_api.py
[2025-04-17T22:41:49.144+0000] {processor.py:830} INFO - Processing file /home/airflow/.local/lib/python3.8/site-packages/airflow/example_dags/tutorial_taskflow_api.py for tasks to queue
[2025-04-17T22:41:49.148+0000] {logging_mixin.py:188} INFO - [2025-04-17T22:41:49.147+0000] {dagbag.py:538} INFO - Filling up the DagBag from /home/airflow/.local/lib/python3.8/site-packages/airflow/example_dags/tutorial_taskflow_api.py
[2025-04-17T22:41:49.158+0000] {processor.py:840} INFO - DAG(s) 'tutorial_taskflow_api' retrieved from /home/airflow/.local/lib/python3.8/site-packages/airflow/example_dags/tutorial_taskflow_api.py
[2025-04-17T22:41:49.191+0000] {logging_mixin.py:188} INFO - [2025-04-17T22:41:49.191+0000] {dag.py:3036} INFO - Sync 1 DAGs
[2025-04-17T22:41:49.212+0000] {logging_mixin.py:188} INFO - [2025-04-17T22:41:49.212+0000] {dag.py:3823} INFO - Setting next_dagrun for tutorial_taskflow_api to None, run_after=None
[2025-04-17T22:41:49.249+0000] {processor.py:183} INFO - Processing /home/airflow/.local/lib/python3.8/site-packages/airflow/example_dags/tutorial_taskflow_api.py took 0.111 seconds
[2025-04-17T22:42:19.587+0000] {processor.py:161} INFO - Started process (PID=261) to work on /home/airflow/.local/lib/python3.8/site-packages/airflow/example_dags/tutorial_taskflow_api.py
[2025-04-17T22:42:19.588+0000] {processor.py:830} INFO - Processing file /home/airflow/.local/lib/python3.8/site-packages/airflow/example_dags/tutorial_taskflow_api.py for tasks to queue
[2025-04-17T22:42:19.591+0000] {logging_mixin.py:188} INFO - [2025-04-17T22:42:19.591+0000] {dagbag.py:538} INFO - Filling up the DagBag from /home/airflow/.local/lib/python3.8/site-packages/airflow/example_dags/tutorial_taskflow_api.py
[2025-04-17T22:42:19.602+0000] {processor.py:840} INFO - DAG(s) 'tutorial_taskflow_api' retrieved from /home/airflow/.local/lib/python3.8/site-packages/airflow/example_dags/tutorial_taskflow_api.py
[2025-04-17T22:42:19.634+0000] {logging_mixin.py:188} INFO - [2025-04-17T22:42:19.634+0000] {dag.py:3036} INFO - Sync 1 DAGs
[2025-04-17T22:42:19.655+0000] {logging_mixin.py:188} INFO - [2025-04-17T22:42:19.655+0000] {dag.py:3823} INFO - Setting next_dagrun for tutorial_taskflow_api to None, run_after=None
[2025-04-17T22:42:19.693+0000] {processor.py:183} INFO - Processing /home/airflow/.local/lib/python3.8/site-packages/airflow/example_dags/tutorial_taskflow_api.py took 0.112 seconds
[2025-04-17T22:42:49.998+0000] {processor.py:161} INFO - Started process (PID=316) to work on /home/airflow/.local/lib/python3.8/site-packages/airflow/example_dags/tutorial_taskflow_api.py
[2025-04-17T22:42:49.999+0000] {processor.py:830} INFO - Processing file /home/airflow/.local/lib/python3.8/site-packages/airflow/example_dags/tutorial_taskflow_api.py for tasks to queue
[2025-04-17T22:42:50.003+0000] {logging_mixin.py:188} INFO - [2025-04-17T22:42:50.002+0000] {dagbag.py:538} INFO - Filling up the DagBag from /home/airflow/.local/lib/python3.8/site-packages/airflow/example_dags/tutorial_taskflow_api.py
[2025-04-17T22:42:50.014+0000] {processor.py:840} INFO - DAG(s) 'tutorial_taskflow_api' retrieved from /home/airflow/.local/lib/python3.8/site-packages/airflow/example_dags/tutorial_taskflow_api.py
[2025-04-17T22:42:50.048+0000] {logging_mixin.py:188} INFO - [2025-04-17T22:42:50.048+0000] {dag.py:3036} INFO - Sync 1 DAGs
[2025-04-17T22:42:50.069+0000] {logging_mixin.py:188} INFO - [2025-04-17T22:42:50.068+0000] {dag.py:3823} INFO - Setting next_dagrun for tutorial_taskflow_api to None, run_after=None
[2025-04-17T22:42:50.110+0000] {processor.py:183} INFO - Processing /home/airflow/.local/lib/python3.8/site-packages/airflow/example_dags/tutorial_taskflow_api.py took 0.119 seconds
[2025-04-17T22:43:20.747+0000] {processor.py:161} INFO - Started process (PID=371) to work on /home/airflow/.local/lib/python3.8/site-packages/airflow/example_dags/tutorial_taskflow_api.py
[2025-04-17T22:43:20.748+0000] {processor.py:830} INFO - Processing file /home/airflow/.local/lib/python3.8/site-packages/airflow/example_dags/tutorial_taskflow_api.py for tasks to queue
[2025-04-17T22:43:20.751+0000] {logging_mixin.py:188} INFO - [2025-04-17T22:43:20.751+0000] {dagbag.py:538} INFO - Filling up the DagBag from /home/airflow/.local/lib/python3.8/site-packages/airflow/example_dags/tutorial_taskflow_api.py
[2025-04-17T22:43:20.762+0000] {processor.py:840} INFO - DAG(s) 'tutorial_taskflow_api' retrieved from /home/airflow/.local/lib/python3.8/site-packages/airflow/example_dags/tutorial_taskflow_api.py
[2025-04-17T22:43:20.804+0000] {logging_mixin.py:188} INFO - [2025-04-17T22:43:20.804+0000] {dag.py:3036} INFO - Sync 1 DAGs
[2025-04-17T22:43:20.826+0000] {logging_mixin.py:188} INFO - [2025-04-17T22:43:20.825+0000] {dag.py:3823} INFO - Setting next_dagrun for tutorial_taskflow_api to None, run_after=None
[2025-04-17T22:43:20.857+0000] {processor.py:183} INFO - Processing /home/airflow/.local/lib/python3.8/site-packages/airflow/example_dags/tutorial_taskflow_api.py took 0.115 seconds
[2025-04-17T22:43:50.958+0000] {processor.py:161} INFO - Started process (PID=426) to work on /home/airflow/.local/lib/python3.8/site-packages/airflow/example_dags/tutorial_taskflow_api.py
[2025-04-17T22:43:50.960+0000] {processor.py:830} INFO - Processing file /home/airflow/.local/lib/python3.8/site-packages/airflow/example_dags/tutorial_taskflow_api.py for tasks to queue
[2025-04-17T22:43:50.964+0000] {logging_mixin.py:188} INFO - [2025-04-17T22:43:50.964+0000] {dagbag.py:538} INFO - Filling up the DagBag from /home/airflow/.local/lib/python3.8/site-packages/airflow/example_dags/tutorial_taskflow_api.py
[2025-04-17T22:43:50.975+0000] {processor.py:840} INFO - DAG(s) 'tutorial_taskflow_api' retrieved from /home/airflow/.local/lib/python3.8/site-packages/airflow/example_dags/tutorial_taskflow_api.py
[2025-04-17T22:43:51.006+0000] {logging_mixin.py:188} INFO - [2025-04-17T22:43:51.006+0000] {dag.py:3036} INFO - Sync 1 DAGs
[2025-04-17T22:43:51.025+0000] {logging_mixin.py:188} INFO - [2025-04-17T22:43:51.025+0000] {dag.py:3823} INFO - Setting next_dagrun for tutorial_taskflow_api to None, run_after=None
[2025-04-17T22:43:51.055+0000] {processor.py:183} INFO - Processing /home/airflow/.local/lib/python3.8/site-packages/airflow/example_dags/tutorial_taskflow_api.py took 0.102 seconds
[2025-04-17T22:44:21.904+0000] {processor.py:161} INFO - Started process (PID=481) to work on /home/airflow/.local/lib/python3.8/site-packages/airflow/example_dags/tutorial_taskflow_api.py
[2025-04-17T22:44:21.906+0000] {processor.py:830} INFO - Processing file /home/airflow/.local/lib/python3.8/site-packages/airflow/example_dags/tutorial_taskflow_api.py for tasks to queue
[2025-04-17T22:44:21.909+0000] {logging_mixin.py:188} INFO - [2025-04-17T22:44:21.908+0000] {dagbag.py:538} INFO - Filling up the DagBag from /home/airflow/.local/lib/python3.8/site-packages/airflow/example_dags/tutorial_taskflow_api.py
[2025-04-17T22:44:21.921+0000] {processor.py:840} INFO - DAG(s) 'tutorial_taskflow_api' retrieved from /home/airflow/.local/lib/python3.8/site-packages/airflow/example_dags/tutorial_taskflow_api.py
[2025-04-17T22:44:21.952+0000] {logging_mixin.py:188} INFO - [2025-04-17T22:44:21.952+0000] {dag.py:3036} INFO - Sync 1 DAGs
[2025-04-17T22:44:21.973+0000] {logging_mixin.py:188} INFO - [2025-04-17T22:44:21.973+0000] {dag.py:3823} INFO - Setting next_dagrun for tutorial_taskflow_api to None, run_after=None
[2025-04-17T22:44:22.009+0000] {processor.py:183} INFO - Processing /home/airflow/.local/lib/python3.8/site-packages/airflow/example_dags/tutorial_taskflow_api.py took 0.110 seconds
[2025-04-17T22:44:52.680+0000] {processor.py:161} INFO - Started process (PID=536) to work on /home/airflow/.local/lib/python3.8/site-packages/airflow/example_dags/tutorial_taskflow_api.py
[2025-04-17T22:44:52.682+0000] {processor.py:830} INFO - Processing file /home/airflow/.local/lib/python3.8/site-packages/airflow/example_dags/tutorial_taskflow_api.py for tasks to queue
[2025-04-17T22:44:52.685+0000] {logging_mixin.py:188} INFO - [2025-04-17T22:44:52.685+0000] {dagbag.py:538} INFO - Filling up the DagBag from /home/airflow/.local/lib/python3.8/site-packages/airflow/example_dags/tutorial_taskflow_api.py
[2025-04-17T22:44:52.696+0000] {processor.py:840} INFO - DAG(s) 'tutorial_taskflow_api' retrieved from /home/airflow/.local/lib/python3.8/site-packages/airflow/example_dags/tutorial_taskflow_api.py
[2025-04-17T22:44:52.729+0000] {logging_mixin.py:188} INFO - [2025-04-17T22:44:52.729+0000] {dag.py:3036} INFO - Sync 1 DAGs
[2025-04-17T22:44:52.748+0000] {logging_mixin.py:188} INFO - [2025-04-17T22:44:52.748+0000] {dag.py:3823} INFO - Setting next_dagrun for tutorial_taskflow_api to None, run_after=None
[2025-04-17T22:44:52.780+0000] {processor.py:183} INFO - Processing /home/airflow/.local/lib/python3.8/site-packages/airflow/example_dags/tutorial_taskflow_api.py took 0.105 seconds
[2025-04-17T22:45:23.254+0000] {processor.py:161} INFO - Started process (PID=591) to work on /home/airflow/.local/lib/python3.8/site-packages/airflow/example_dags/tutorial_taskflow_api.py
[2025-04-17T22:45:23.256+0000] {processor.py:830} INFO - Processing file /home/airflow/.local/lib/python3.8/site-packages/airflow/example_dags/tutorial_taskflow_api.py for tasks to queue
[2025-04-17T22:45:23.259+0000] {logging_mixin.py:188} INFO - [2025-04-17T22:45:23.258+0000] {dagbag.py:538} INFO - Filling up the DagBag from /home/airflow/.local/lib/python3.8/site-packages/airflow/example_dags/tutorial_taskflow_api.py
[2025-04-17T22:45:23.270+0000] {processor.py:840} INFO - DAG(s) 'tutorial_taskflow_api' retrieved from /home/airflow/.local/lib/python3.8/site-packages/airflow/example_dags/tutorial_taskflow_api.py
[2025-04-17T22:45:23.304+0000] {logging_mixin.py:188} INFO - [2025-04-17T22:45:23.303+0000] {dag.py:3036} INFO - Sync 1 DAGs
[2025-04-17T22:45:23.323+0000] {logging_mixin.py:188} INFO - [2025-04-17T22:45:23.322+0000] {dag.py:3823} INFO - Setting next_dagrun for tutorial_taskflow_api to None, run_after=None
[2025-04-17T22:45:23.351+0000] {processor.py:183} INFO - Processing /home/airflow/.local/lib/python3.8/site-packages/airflow/example_dags/tutorial_taskflow_api.py took 0.102 seconds
[2025-04-17T22:45:53.787+0000] {processor.py:161} INFO - Started process (PID=646) to work on /home/airflow/.local/lib/python3.8/site-packages/airflow/example_dags/tutorial_taskflow_api.py
[2025-04-17T22:45:53.788+0000] {processor.py:830} INFO - Processing file /home/airflow/.local/lib/python3.8/site-packages/airflow/example_dags/tutorial_taskflow_api.py for tasks to queue
[2025-04-17T22:45:53.791+0000] {logging_mixin.py:188} INFO - [2025-04-17T22:45:53.791+0000] {dagbag.py:538} INFO - Filling up the DagBag from /home/airflow/.local/lib/python3.8/site-packages/airflow/example_dags/tutorial_taskflow_api.py
[2025-04-17T22:45:53.801+0000] {processor.py:840} INFO - DAG(s) 'tutorial_taskflow_api' retrieved from /home/airflow/.local/lib/python3.8/site-packages/airflow/example_dags/tutorial_taskflow_api.py
[2025-04-17T22:45:53.835+0000] {logging_mixin.py:188} INFO - [2025-04-17T22:45:53.835+0000] {dag.py:3036} INFO - Sync 1 DAGs
[2025-04-17T22:45:53.856+0000] {logging_mixin.py:188} INFO - [2025-04-17T22:45:53.855+0000] {dag.py:3823} INFO - Setting next_dagrun for tutorial_taskflow_api to None, run_after=None
[2025-04-17T22:45:53.883+0000] {processor.py:183} INFO - Processing /home/airflow/.local/lib/python3.8/site-packages/airflow/example_dags/tutorial_taskflow_api.py took 0.102 seconds
[2025-04-17T22:46:24.143+0000] {processor.py:161} INFO - Started process (PID=701) to work on /home/airflow/.local/lib/python3.8/site-packages/airflow/example_dags/tutorial_taskflow_api.py
[2025-04-17T22:46:24.145+0000] {processor.py:830} INFO - Processing file /home/airflow/.local/lib/python3.8/site-packages/airflow/example_dags/tutorial_taskflow_api.py for tasks to queue
[2025-04-17T22:46:24.148+0000] {logging_mixin.py:188} INFO - [2025-04-17T22:46:24.147+0000] {dagbag.py:538} INFO - Filling up the DagBag from /home/airflow/.local/lib/python3.8/site-packages/airflow/example_dags/tutorial_taskflow_api.py
[2025-04-17T22:46:24.158+0000] {processor.py:840} INFO - DAG(s) 'tutorial_taskflow_api' retrieved from /home/airflow/.local/lib/python3.8/site-packages/airflow/example_dags/tutorial_taskflow_api.py
[2025-04-17T22:46:24.189+0000] {logging_mixin.py:188} INFO - [2025-04-17T22:46:24.188+0000] {dag.py:3036} INFO - Sync 1 DAGs
[2025-04-17T22:46:24.209+0000] {logging_mixin.py:188} INFO - [2025-04-17T22:46:24.208+0000] {dag.py:3823} INFO - Setting next_dagrun for tutorial_taskflow_api to None, run_after=None
[2025-04-17T22:46:24.248+0000] {processor.py:183} INFO - Processing /home/airflow/.local/lib/python3.8/site-packages/airflow/example_dags/tutorial_taskflow_api.py took 0.110 seconds
[2025-04-17T22:46:55.068+0000] {processor.py:161} INFO - Started process (PID=756) to work on /home/airflow/.local/lib/python3.8/site-packages/airflow/example_dags/tutorial_taskflow_api.py
[2025-04-17T22:46:55.069+0000] {processor.py:830} INFO - Processing file /home/airflow/.local/lib/python3.8/site-packages/airflow/example_dags/tutorial_taskflow_api.py for tasks to queue
[2025-04-17T22:46:55.072+0000] {logging_mixin.py:188} INFO - [2025-04-17T22:46:55.072+0000] {dagbag.py:538} INFO - Filling up the DagBag from /home/airflow/.local/lib/python3.8/site-packages/airflow/example_dags/tutorial_taskflow_api.py
[2025-04-17T22:46:55.082+0000] {processor.py:840} INFO - DAG(s) 'tutorial_taskflow_api' retrieved from /home/airflow/.local/lib/python3.8/site-packages/airflow/example_dags/tutorial_taskflow_api.py
[2025-04-17T22:46:55.115+0000] {logging_mixin.py:188} INFO - [2025-04-17T22:46:55.114+0000] {dag.py:3036} INFO - Sync 1 DAGs
[2025-04-17T22:46:55.136+0000] {logging_mixin.py:188} INFO - [2025-04-17T22:46:55.135+0000] {dag.py:3823} INFO - Setting next_dagrun for tutorial_taskflow_api to None, run_after=None
[2025-04-17T22:46:55.164+0000] {processor.py:183} INFO - Processing /home/airflow/.local/lib/python3.8/site-packages/airflow/example_dags/tutorial_taskflow_api.py took 0.102 seconds
[2025-04-17T22:47:25.508+0000] {processor.py:161} INFO - Started process (PID=811) to work on /home/airflow/.local/lib/python3.8/site-packages/airflow/example_dags/tutorial_taskflow_api.py
[2025-04-17T22:47:25.510+0000] {processor.py:830} INFO - Processing file /home/airflow/.local/lib/python3.8/site-packages/airflow/example_dags/tutorial_taskflow_api.py for tasks to queue
[2025-04-17T22:47:25.513+0000] {logging_mixin.py:188} INFO - [2025-04-17T22:47:25.513+0000] {dagbag.py:538} INFO - Filling up the DagBag from /home/airflow/.local/lib/python3.8/site-packages/airflow/example_dags/tutorial_taskflow_api.py
[2025-04-17T22:47:25.524+0000] {processor.py:840} INFO - DAG(s) 'tutorial_taskflow_api' retrieved from /home/airflow/.local/lib/python3.8/site-packages/airflow/example_dags/tutorial_taskflow_api.py
[2025-04-17T22:47:25.558+0000] {logging_mixin.py:188} INFO - [2025-04-17T22:47:25.558+0000] {dag.py:3036} INFO - Sync 1 DAGs
[2025-04-17T22:47:25.580+0000] {logging_mixin.py:188} INFO - [2025-04-17T22:47:25.580+0000] {dag.py:3823} INFO - Setting next_dagrun for tutorial_taskflow_api to None, run_after=None
[2025-04-17T22:47:25.613+0000] {processor.py:183} INFO - Processing /home/airflow/.local/lib/python3.8/site-packages/airflow/example_dags/tutorial_taskflow_api.py took 0.111 seconds
[2025-04-17T22:47:55.904+0000] {processor.py:161} INFO - Started process (PID=866) to work on /home/airflow/.local/lib/python3.8/site-packages/airflow/example_dags/tutorial_taskflow_api.py
[2025-04-17T22:47:55.906+0000] {processor.py:830} INFO - Processing file /home/airflow/.local/lib/python3.8/site-packages/airflow/example_dags/tutorial_taskflow_api.py for tasks to queue
[2025-04-17T22:47:55.909+0000] {logging_mixin.py:188} INFO - [2025-04-17T22:47:55.909+0000] {dagbag.py:538} INFO - Filling up the DagBag from /home/airflow/.local/lib/python3.8/site-packages/airflow/example_dags/tutorial_taskflow_api.py
[2025-04-17T22:47:55.920+0000] {processor.py:840} INFO - DAG(s) 'tutorial_taskflow_api' retrieved from /home/airflow/.local/lib/python3.8/site-packages/airflow/example_dags/tutorial_taskflow_api.py
[2025-04-17T22:47:55.940+0000] {logging_mixin.py:188} INFO - [2025-04-17T22:47:55.940+0000] {dag.py:3036} INFO - Sync 1 DAGs
[2025-04-17T22:47:55.962+0000] {logging_mixin.py:188} INFO - [2025-04-17T22:47:55.962+0000] {dag.py:3823} INFO - Setting next_dagrun for tutorial_taskflow_api to None, run_after=None
[2025-04-17T22:47:55.992+0000] {processor.py:183} INFO - Processing /home/airflow/.local/lib/python3.8/site-packages/airflow/example_dags/tutorial_taskflow_api.py took 0.094 seconds
[2025-04-17T22:48:26.637+0000] {processor.py:161} INFO - Started process (PID=921) to work on /home/airflow/.local/lib/python3.8/site-packages/airflow/example_dags/tutorial_taskflow_api.py
[2025-04-17T22:48:26.638+0000] {processor.py:830} INFO - Processing file /home/airflow/.local/lib/python3.8/site-packages/airflow/example_dags/tutorial_taskflow_api.py for tasks to queue
[2025-04-17T22:48:26.641+0000] {logging_mixin.py:188} INFO - [2025-04-17T22:48:26.640+0000] {dagbag.py:538} INFO - Filling up the DagBag from /home/airflow/.local/lib/python3.8/site-packages/airflow/example_dags/tutorial_taskflow_api.py
[2025-04-17T22:48:26.651+0000] {processor.py:840} INFO - DAG(s) 'tutorial_taskflow_api' retrieved from /home/airflow/.local/lib/python3.8/site-packages/airflow/example_dags/tutorial_taskflow_api.py
[2025-04-17T22:48:26.811+0000] {logging_mixin.py:188} INFO - [2025-04-17T22:48:26.811+0000] {dag.py:3036} INFO - Sync 1 DAGs
[2025-04-17T22:48:26.828+0000] {logging_mixin.py:188} INFO - [2025-04-17T22:48:26.827+0000] {dag.py:3823} INFO - Setting next_dagrun for tutorial_taskflow_api to None, run_after=None
[2025-04-17T22:48:26.858+0000] {processor.py:183} INFO - Processing /home/airflow/.local/lib/python3.8/site-packages/airflow/example_dags/tutorial_taskflow_api.py took 0.227 seconds
[2025-04-17T22:48:56.931+0000] {processor.py:161} INFO - Started process (PID=976) to work on /home/airflow/.local/lib/python3.8/site-packages/airflow/example_dags/tutorial_taskflow_api.py
[2025-04-17T22:48:56.932+0000] {processor.py:830} INFO - Processing file /home/airflow/.local/lib/python3.8/site-packages/airflow/example_dags/tutorial_taskflow_api.py for tasks to queue
[2025-04-17T22:48:56.935+0000] {logging_mixin.py:188} INFO - [2025-04-17T22:48:56.935+0000] {dagbag.py:538} INFO - Filling up the DagBag from /home/airflow/.local/lib/python3.8/site-packages/airflow/example_dags/tutorial_taskflow_api.py
[2025-04-17T22:48:56.946+0000] {processor.py:840} INFO - DAG(s) 'tutorial_taskflow_api' retrieved from /home/airflow/.local/lib/python3.8/site-packages/airflow/example_dags/tutorial_taskflow_api.py
[2025-04-17T22:48:56.978+0000] {logging_mixin.py:188} INFO - [2025-04-17T22:48:56.978+0000] {dag.py:3036} INFO - Sync 1 DAGs
[2025-04-17T22:48:56.997+0000] {logging_mixin.py:188} INFO - [2025-04-17T22:48:56.997+0000] {dag.py:3823} INFO - Setting next_dagrun for tutorial_taskflow_api to None, run_after=None
[2025-04-17T22:48:57.025+0000] {processor.py:183} INFO - Processing /home/airflow/.local/lib/python3.8/site-packages/airflow/example_dags/tutorial_taskflow_api.py took 0.100 seconds
[2025-04-17T22:49:27.762+0000] {processor.py:161} INFO - Started process (PID=1031) to work on /home/airflow/.local/lib/python3.8/site-packages/airflow/example_dags/tutorial_taskflow_api.py
[2025-04-17T22:49:27.764+0000] {processor.py:830} INFO - Processing file /home/airflow/.local/lib/python3.8/site-packages/airflow/example_dags/tutorial_taskflow_api.py for tasks to queue
[2025-04-17T22:49:27.767+0000] {logging_mixin.py:188} INFO - [2025-04-17T22:49:27.766+0000] {dagbag.py:538} INFO - Filling up the DagBag from /home/airflow/.local/lib/python3.8/site-packages/airflow/example_dags/tutorial_taskflow_api.py
[2025-04-17T22:49:27.777+0000] {processor.py:840} INFO - DAG(s) 'tutorial_taskflow_api' retrieved from /home/airflow/.local/lib/python3.8/site-packages/airflow/example_dags/tutorial_taskflow_api.py
[2025-04-17T22:49:27.811+0000] {logging_mixin.py:188} INFO - [2025-04-17T22:49:27.810+0000] {dag.py:3036} INFO - Sync 1 DAGs
[2025-04-17T22:49:27.831+0000] {logging_mixin.py:188} INFO - [2025-04-17T22:49:27.831+0000] {dag.py:3823} INFO - Setting next_dagrun for tutorial_taskflow_api to None, run_after=None
[2025-04-17T22:49:27.861+0000] {processor.py:183} INFO - Processing /home/airflow/.local/lib/python3.8/site-packages/airflow/example_dags/tutorial_taskflow_api.py took 0.104 seconds
[2025-04-17T22:49:58.036+0000] {processor.py:161} INFO - Started process (PID=1086) to work on /home/airflow/.local/lib/python3.8/site-packages/airflow/example_dags/tutorial_taskflow_api.py
[2025-04-17T22:49:58.038+0000] {processor.py:830} INFO - Processing file /home/airflow/.local/lib/python3.8/site-packages/airflow/example_dags/tutorial_taskflow_api.py for tasks to queue
[2025-04-17T22:49:58.041+0000] {logging_mixin.py:188} INFO - [2025-04-17T22:49:58.041+0000] {dagbag.py:538} INFO - Filling up the DagBag from /home/airflow/.local/lib/python3.8/site-packages/airflow/example_dags/tutorial_taskflow_api.py
[2025-04-17T22:49:58.052+0000] {processor.py:840} INFO - DAG(s) 'tutorial_taskflow_api' retrieved from /home/airflow/.local/lib/python3.8/site-packages/airflow/example_dags/tutorial_taskflow_api.py
[2025-04-17T22:49:58.086+0000] {logging_mixin.py:188} INFO - [2025-04-17T22:49:58.085+0000] {dag.py:3036} INFO - Sync 1 DAGs
[2025-04-17T22:49:58.106+0000] {logging_mixin.py:188} INFO - [2025-04-17T22:49:58.106+0000] {dag.py:3823} INFO - Setting next_dagrun for tutorial_taskflow_api to None, run_after=None
[2025-04-17T22:49:58.136+0000] {processor.py:183} INFO - Processing /home/airflow/.local/lib/python3.8/site-packages/airflow/example_dags/tutorial_taskflow_api.py took 0.106 seconds
[2025-04-17T22:50:28.809+0000] {processor.py:161} INFO - Started process (PID=1141) to work on /home/airflow/.local/lib/python3.8/site-packages/airflow/example_dags/tutorial_taskflow_api.py
[2025-04-17T22:50:28.811+0000] {processor.py:830} INFO - Processing file /home/airflow/.local/lib/python3.8/site-packages/airflow/example_dags/tutorial_taskflow_api.py for tasks to queue
[2025-04-17T22:50:28.814+0000] {logging_mixin.py:188} INFO - [2025-04-17T22:50:28.813+0000] {dagbag.py:538} INFO - Filling up the DagBag from /home/airflow/.local/lib/python3.8/site-packages/airflow/example_dags/tutorial_taskflow_api.py
[2025-04-17T22:50:28.824+0000] {processor.py:840} INFO - DAG(s) 'tutorial_taskflow_api' retrieved from /home/airflow/.local/lib/python3.8/site-packages/airflow/example_dags/tutorial_taskflow_api.py
[2025-04-17T22:50:28.859+0000] {logging_mixin.py:188} INFO - [2025-04-17T22:50:28.859+0000] {dag.py:3036} INFO - Sync 1 DAGs
[2025-04-17T22:50:28.880+0000] {logging_mixin.py:188} INFO - [2025-04-17T22:50:28.880+0000] {dag.py:3823} INFO - Setting next_dagrun for tutorial_taskflow_api to None, run_after=None
[2025-04-17T22:50:28.911+0000] {processor.py:183} INFO - Processing /home/airflow/.local/lib/python3.8/site-packages/airflow/example_dags/tutorial_taskflow_api.py took 0.108 seconds
[2025-04-17T22:50:59.510+0000] {processor.py:161} INFO - Started process (PID=1196) to work on /home/airflow/.local/lib/python3.8/site-packages/airflow/example_dags/tutorial_taskflow_api.py
[2025-04-17T22:50:59.511+0000] {processor.py:830} INFO - Processing file /home/airflow/.local/lib/python3.8/site-packages/airflow/example_dags/tutorial_taskflow_api.py for tasks to queue
[2025-04-17T22:50:59.514+0000] {logging_mixin.py:188} INFO - [2025-04-17T22:50:59.514+0000] {dagbag.py:538} INFO - Filling up the DagBag from /home/airflow/.local/lib/python3.8/site-packages/airflow/example_dags/tutorial_taskflow_api.py
[2025-04-17T22:50:59.525+0000] {processor.py:840} INFO - DAG(s) 'tutorial_taskflow_api' retrieved from /home/airflow/.local/lib/python3.8/site-packages/airflow/example_dags/tutorial_taskflow_api.py
[2025-04-17T22:50:59.557+0000] {logging_mixin.py:188} INFO - [2025-04-17T22:50:59.556+0000] {dag.py:3036} INFO - Sync 1 DAGs
[2025-04-17T22:50:59.577+0000] {logging_mixin.py:188} INFO - [2025-04-17T22:50:59.577+0000] {dag.py:3823} INFO - Setting next_dagrun for tutorial_taskflow_api to None, run_after=None
[2025-04-17T22:50:59.606+0000] {processor.py:183} INFO - Processing /home/airflow/.local/lib/python3.8/site-packages/airflow/example_dags/tutorial_taskflow_api.py took 0.102 seconds
[2025-04-17T22:51:29.809+0000] {processor.py:161} INFO - Started process (PID=1251) to work on /home/airflow/.local/lib/python3.8/site-packages/airflow/example_dags/tutorial_taskflow_api.py
[2025-04-17T22:51:29.810+0000] {processor.py:830} INFO - Processing file /home/airflow/.local/lib/python3.8/site-packages/airflow/example_dags/tutorial_taskflow_api.py for tasks to queue
[2025-04-17T22:51:29.813+0000] {logging_mixin.py:188} INFO - [2025-04-17T22:51:29.813+0000] {dagbag.py:538} INFO - Filling up the DagBag from /home/airflow/.local/lib/python3.8/site-packages/airflow/example_dags/tutorial_taskflow_api.py
[2025-04-17T22:51:29.824+0000] {processor.py:840} INFO - DAG(s) 'tutorial_taskflow_api' retrieved from /home/airflow/.local/lib/python3.8/site-packages/airflow/example_dags/tutorial_taskflow_api.py
[2025-04-17T22:51:29.856+0000] {logging_mixin.py:188} INFO - [2025-04-17T22:51:29.856+0000] {dag.py:3036} INFO - Sync 1 DAGs
[2025-04-17T22:51:29.877+0000] {logging_mixin.py:188} INFO - [2025-04-17T22:51:29.876+0000] {dag.py:3823} INFO - Setting next_dagrun for tutorial_taskflow_api to None, run_after=None
[2025-04-17T22:51:29.912+0000] {processor.py:183} INFO - Processing /home/airflow/.local/lib/python3.8/site-packages/airflow/example_dags/tutorial_taskflow_api.py took 0.109 seconds
[2025-04-17T22:52:00.418+0000] {processor.py:161} INFO - Started process (PID=1306) to work on /home/airflow/.local/lib/python3.8/site-packages/airflow/example_dags/tutorial_taskflow_api.py
[2025-04-17T22:52:00.419+0000] {processor.py:830} INFO - Processing file /home/airflow/.local/lib/python3.8/site-packages/airflow/example_dags/tutorial_taskflow_api.py for tasks to queue
[2025-04-17T22:52:00.423+0000] {logging_mixin.py:188} INFO - [2025-04-17T22:52:00.422+0000] {dagbag.py:538} INFO - Filling up the DagBag from /home/airflow/.local/lib/python3.8/site-packages/airflow/example_dags/tutorial_taskflow_api.py
[2025-04-17T22:52:00.433+0000] {processor.py:840} INFO - DAG(s) 'tutorial_taskflow_api' retrieved from /home/airflow/.local/lib/python3.8/site-packages/airflow/example_dags/tutorial_taskflow_api.py
[2025-04-17T22:52:00.468+0000] {logging_mixin.py:188} INFO - [2025-04-17T22:52:00.468+0000] {dag.py:3036} INFO - Sync 1 DAGs
[2025-04-17T22:52:00.491+0000] {logging_mixin.py:188} INFO - [2025-04-17T22:52:00.490+0000] {dag.py:3823} INFO - Setting next_dagrun for tutorial_taskflow_api to None, run_after=None
[2025-04-17T22:52:00.519+0000] {processor.py:183} INFO - Processing /home/airflow/.local/lib/python3.8/site-packages/airflow/example_dags/tutorial_taskflow_api.py took 0.107 seconds
[2025-04-17T22:52:32.090+0000] {processor.py:161} INFO - Started process (PID=1361) to work on /home/airflow/.local/lib/python3.8/site-packages/airflow/example_dags/tutorial_taskflow_api.py
[2025-04-17T22:52:32.092+0000] {processor.py:830} INFO - Processing file /home/airflow/.local/lib/python3.8/site-packages/airflow/example_dags/tutorial_taskflow_api.py for tasks to queue
[2025-04-17T22:52:32.099+0000] {logging_mixin.py:188} INFO - [2025-04-17T22:52:32.098+0000] {dagbag.py:538} INFO - Filling up the DagBag from /home/airflow/.local/lib/python3.8/site-packages/airflow/example_dags/tutorial_taskflow_api.py
[2025-04-17T22:52:32.121+0000] {processor.py:840} INFO - DAG(s) 'tutorial_taskflow_api' retrieved from /home/airflow/.local/lib/python3.8/site-packages/airflow/example_dags/tutorial_taskflow_api.py
[2025-04-17T22:52:32.205+0000] {logging_mixin.py:188} INFO - [2025-04-17T22:52:32.204+0000] {dag.py:3036} INFO - Sync 1 DAGs
[2025-04-17T22:52:32.246+0000] {logging_mixin.py:188} INFO - [2025-04-17T22:52:32.246+0000] {dag.py:3823} INFO - Setting next_dagrun for tutorial_taskflow_api to None, run_after=None
[2025-04-17T22:52:32.307+0000] {processor.py:183} INFO - Processing /home/airflow/.local/lib/python3.8/site-packages/airflow/example_dags/tutorial_taskflow_api.py took 0.231 seconds
[2025-04-17T22:53:03.060+0000] {processor.py:161} INFO - Started process (PID=1416) to work on /home/airflow/.local/lib/python3.8/site-packages/airflow/example_dags/tutorial_taskflow_api.py
[2025-04-17T22:53:03.062+0000] {processor.py:830} INFO - Processing file /home/airflow/.local/lib/python3.8/site-packages/airflow/example_dags/tutorial_taskflow_api.py for tasks to queue
[2025-04-17T22:53:03.066+0000] {logging_mixin.py:188} INFO - [2025-04-17T22:53:03.065+0000] {dagbag.py:538} INFO - Filling up the DagBag from /home/airflow/.local/lib/python3.8/site-packages/airflow/example_dags/tutorial_taskflow_api.py
[2025-04-17T22:53:03.079+0000] {processor.py:840} INFO - DAG(s) 'tutorial_taskflow_api' retrieved from /home/airflow/.local/lib/python3.8/site-packages/airflow/example_dags/tutorial_taskflow_api.py
[2025-04-17T22:53:03.117+0000] {logging_mixin.py:188} INFO - [2025-04-17T22:53:03.117+0000] {dag.py:3036} INFO - Sync 1 DAGs
[2025-04-17T22:53:03.143+0000] {logging_mixin.py:188} INFO - [2025-04-17T22:53:03.143+0000] {dag.py:3823} INFO - Setting next_dagrun for tutorial_taskflow_api to None, run_after=None
[2025-04-17T22:53:03.184+0000] {processor.py:183} INFO - Processing /home/airflow/.local/lib/python3.8/site-packages/airflow/example_dags/tutorial_taskflow_api.py took 0.130 seconds
[2025-04-17T22:53:33.914+0000] {processor.py:161} INFO - Started process (PID=1471) to work on /home/airflow/.local/lib/python3.8/site-packages/airflow/example_dags/tutorial_taskflow_api.py
[2025-04-17T22:53:33.916+0000] {processor.py:830} INFO - Processing file /home/airflow/.local/lib/python3.8/site-packages/airflow/example_dags/tutorial_taskflow_api.py for tasks to queue
[2025-04-17T22:53:33.919+0000] {logging_mixin.py:188} INFO - [2025-04-17T22:53:33.919+0000] {dagbag.py:538} INFO - Filling up the DagBag from /home/airflow/.local/lib/python3.8/site-packages/airflow/example_dags/tutorial_taskflow_api.py
[2025-04-17T22:53:33.930+0000] {processor.py:840} INFO - DAG(s) 'tutorial_taskflow_api' retrieved from /home/airflow/.local/lib/python3.8/site-packages/airflow/example_dags/tutorial_taskflow_api.py
[2025-04-17T22:53:33.964+0000] {logging_mixin.py:188} INFO - [2025-04-17T22:53:33.964+0000] {dag.py:3036} INFO - Sync 1 DAGs
[2025-04-17T22:53:33.984+0000] {logging_mixin.py:188} INFO - [2025-04-17T22:53:33.984+0000] {dag.py:3823} INFO - Setting next_dagrun for tutorial_taskflow_api to None, run_after=None
[2025-04-17T22:53:34.017+0000] {processor.py:183} INFO - Processing /home/airflow/.local/lib/python3.8/site-packages/airflow/example_dags/tutorial_taskflow_api.py took 0.109 seconds
[2025-04-17T22:54:04.126+0000] {processor.py:161} INFO - Started process (PID=1526) to work on /home/airflow/.local/lib/python3.8/site-packages/airflow/example_dags/tutorial_taskflow_api.py
[2025-04-17T22:54:04.127+0000] {processor.py:830} INFO - Processing file /home/airflow/.local/lib/python3.8/site-packages/airflow/example_dags/tutorial_taskflow_api.py for tasks to queue
[2025-04-17T22:54:04.130+0000] {logging_mixin.py:188} INFO - [2025-04-17T22:54:04.129+0000] {dagbag.py:538} INFO - Filling up the DagBag from /home/airflow/.local/lib/python3.8/site-packages/airflow/example_dags/tutorial_taskflow_api.py
[2025-04-17T22:54:04.140+0000] {processor.py:840} INFO - DAG(s) 'tutorial_taskflow_api' retrieved from /home/airflow/.local/lib/python3.8/site-packages/airflow/example_dags/tutorial_taskflow_api.py
[2025-04-17T22:54:04.172+0000] {logging_mixin.py:188} INFO - [2025-04-17T22:54:04.172+0000] {dag.py:3036} INFO - Sync 1 DAGs
[2025-04-17T22:54:04.193+0000] {logging_mixin.py:188} INFO - [2025-04-17T22:54:04.193+0000] {dag.py:3823} INFO - Setting next_dagrun for tutorial_taskflow_api to None, run_after=None
[2025-04-17T22:54:04.222+0000] {processor.py:183} INFO - Processing /home/airflow/.local/lib/python3.8/site-packages/airflow/example_dags/tutorial_taskflow_api.py took 0.102 seconds
