[2025-04-17T22:40:50.582+0000] {processor.py:161} INFO - Started process (PID=110) to work on /home/airflow/.local/lib/python3.8/site-packages/airflow/example_dags/tutorial_dag.py
[2025-04-17T22:40:50.584+0000] {processor.py:830} INFO - Processing file /home/airflow/.local/lib/python3.8/site-packages/airflow/example_dags/tutorial_dag.py for tasks to queue
[2025-04-17T22:40:50.587+0000] {logging_mixin.py:188} INFO - [2025-04-17T22:40:50.587+0000] {dagbag.py:538} INFO - Filling up the DagBag from /home/airflow/.local/lib/python3.8/site-packages/airflow/example_dags/tutorial_dag.py
[2025-04-17T22:40:50.597+0000] {processor.py:840} INFO - DAG(s) 'tutorial_dag' retrieved from /home/airflow/.local/lib/python3.8/site-packages/airflow/example_dags/tutorial_dag.py
[2025-04-17T22:40:50.769+0000] {logging_mixin.py:188} INFO - [2025-04-17T22:40:50.768+0000] {dag.py:3036} INFO - Sync 1 DAGs
[2025-04-17T22:40:50.788+0000] {logging_mixin.py:188} INFO - [2025-04-17T22:40:50.788+0000] {dag.py:3823} INFO - Setting next_dagrun for tutorial_dag to None, run_after=None
[2025-04-17T22:40:50.821+0000] {processor.py:183} INFO - Processing /home/airflow/.local/lib/python3.8/site-packages/airflow/example_dags/tutorial_dag.py took 0.246 seconds
[2025-04-17T22:41:20.916+0000] {processor.py:161} INFO - Started process (PID=164) to work on /home/airflow/.local/lib/python3.8/site-packages/airflow/example_dags/tutorial_dag.py
[2025-04-17T22:41:20.917+0000] {processor.py:830} INFO - Processing file /home/airflow/.local/lib/python3.8/site-packages/airflow/example_dags/tutorial_dag.py for tasks to queue
[2025-04-17T22:41:20.920+0000] {logging_mixin.py:188} INFO - [2025-04-17T22:41:20.920+0000] {dagbag.py:538} INFO - Filling up the DagBag from /home/airflow/.local/lib/python3.8/site-packages/airflow/example_dags/tutorial_dag.py
[2025-04-17T22:41:20.929+0000] {processor.py:840} INFO - DAG(s) 'tutorial_dag' retrieved from /home/airflow/.local/lib/python3.8/site-packages/airflow/example_dags/tutorial_dag.py
[2025-04-17T22:41:20.962+0000] {logging_mixin.py:188} INFO - [2025-04-17T22:41:20.962+0000] {dag.py:3036} INFO - Sync 1 DAGs
[2025-04-17T22:41:20.982+0000] {logging_mixin.py:188} INFO - [2025-04-17T22:41:20.982+0000] {dag.py:3823} INFO - Setting next_dagrun for tutorial_dag to None, run_after=None
[2025-04-17T22:41:21.011+0000] {processor.py:183} INFO - Processing /home/airflow/.local/lib/python3.8/site-packages/airflow/example_dags/tutorial_dag.py took 0.100 seconds
[2025-04-17T22:41:51.439+0000] {processor.py:161} INFO - Started process (PID=220) to work on /home/airflow/.local/lib/python3.8/site-packages/airflow/example_dags/tutorial_dag.py
[2025-04-17T22:41:51.440+0000] {processor.py:830} INFO - Processing file /home/airflow/.local/lib/python3.8/site-packages/airflow/example_dags/tutorial_dag.py for tasks to queue
[2025-04-17T22:41:51.443+0000] {logging_mixin.py:188} INFO - [2025-04-17T22:41:51.443+0000] {dagbag.py:538} INFO - Filling up the DagBag from /home/airflow/.local/lib/python3.8/site-packages/airflow/example_dags/tutorial_dag.py
[2025-04-17T22:41:51.452+0000] {processor.py:840} INFO - DAG(s) 'tutorial_dag' retrieved from /home/airflow/.local/lib/python3.8/site-packages/airflow/example_dags/tutorial_dag.py
[2025-04-17T22:41:51.485+0000] {logging_mixin.py:188} INFO - [2025-04-17T22:41:51.485+0000] {dag.py:3036} INFO - Sync 1 DAGs
[2025-04-17T22:41:51.506+0000] {logging_mixin.py:188} INFO - [2025-04-17T22:41:51.506+0000] {dag.py:3823} INFO - Setting next_dagrun for tutorial_dag to None, run_after=None
[2025-04-17T22:41:51.538+0000] {processor.py:183} INFO - Processing /home/airflow/.local/lib/python3.8/site-packages/airflow/example_dags/tutorial_dag.py took 0.105 seconds
[2025-04-17T22:42:21.876+0000] {processor.py:161} INFO - Started process (PID=275) to work on /home/airflow/.local/lib/python3.8/site-packages/airflow/example_dags/tutorial_dag.py
[2025-04-17T22:42:21.878+0000] {processor.py:830} INFO - Processing file /home/airflow/.local/lib/python3.8/site-packages/airflow/example_dags/tutorial_dag.py for tasks to queue
[2025-04-17T22:42:21.882+0000] {logging_mixin.py:188} INFO - [2025-04-17T22:42:21.881+0000] {dagbag.py:538} INFO - Filling up the DagBag from /home/airflow/.local/lib/python3.8/site-packages/airflow/example_dags/tutorial_dag.py
[2025-04-17T22:42:21.897+0000] {processor.py:840} INFO - DAG(s) 'tutorial_dag' retrieved from /home/airflow/.local/lib/python3.8/site-packages/airflow/example_dags/tutorial_dag.py
[2025-04-17T22:42:21.949+0000] {logging_mixin.py:188} INFO - [2025-04-17T22:42:21.948+0000] {dag.py:3036} INFO - Sync 1 DAGs
[2025-04-17T22:42:21.971+0000] {logging_mixin.py:188} INFO - [2025-04-17T22:42:21.970+0000] {dag.py:3823} INFO - Setting next_dagrun for tutorial_dag to None, run_after=None
[2025-04-17T22:42:22.003+0000] {processor.py:183} INFO - Processing /home/airflow/.local/lib/python3.8/site-packages/airflow/example_dags/tutorial_dag.py took 0.132 seconds
[2025-04-17T22:42:52.324+0000] {processor.py:161} INFO - Started process (PID=330) to work on /home/airflow/.local/lib/python3.8/site-packages/airflow/example_dags/tutorial_dag.py
[2025-04-17T22:42:52.327+0000] {processor.py:830} INFO - Processing file /home/airflow/.local/lib/python3.8/site-packages/airflow/example_dags/tutorial_dag.py for tasks to queue
[2025-04-17T22:42:52.331+0000] {logging_mixin.py:188} INFO - [2025-04-17T22:42:52.331+0000] {dagbag.py:538} INFO - Filling up the DagBag from /home/airflow/.local/lib/python3.8/site-packages/airflow/example_dags/tutorial_dag.py
[2025-04-17T22:42:52.343+0000] {processor.py:840} INFO - DAG(s) 'tutorial_dag' retrieved from /home/airflow/.local/lib/python3.8/site-packages/airflow/example_dags/tutorial_dag.py
[2025-04-17T22:42:52.404+0000] {logging_mixin.py:188} INFO - [2025-04-17T22:42:52.403+0000] {dag.py:3036} INFO - Sync 1 DAGs
[2025-04-17T22:42:52.457+0000] {logging_mixin.py:188} INFO - [2025-04-17T22:42:52.457+0000] {dag.py:3823} INFO - Setting next_dagrun for tutorial_dag to None, run_after=None
[2025-04-17T22:42:52.494+0000] {processor.py:183} INFO - Processing /home/airflow/.local/lib/python3.8/site-packages/airflow/example_dags/tutorial_dag.py took 0.178 seconds
[2025-04-17T22:43:22.979+0000] {processor.py:161} INFO - Started process (PID=385) to work on /home/airflow/.local/lib/python3.8/site-packages/airflow/example_dags/tutorial_dag.py
[2025-04-17T22:43:22.980+0000] {processor.py:830} INFO - Processing file /home/airflow/.local/lib/python3.8/site-packages/airflow/example_dags/tutorial_dag.py for tasks to queue
[2025-04-17T22:43:22.983+0000] {logging_mixin.py:188} INFO - [2025-04-17T22:43:22.983+0000] {dagbag.py:538} INFO - Filling up the DagBag from /home/airflow/.local/lib/python3.8/site-packages/airflow/example_dags/tutorial_dag.py
[2025-04-17T22:43:22.992+0000] {processor.py:840} INFO - DAG(s) 'tutorial_dag' retrieved from /home/airflow/.local/lib/python3.8/site-packages/airflow/example_dags/tutorial_dag.py
[2025-04-17T22:43:23.028+0000] {logging_mixin.py:188} INFO - [2025-04-17T22:43:23.027+0000] {dag.py:3036} INFO - Sync 1 DAGs
[2025-04-17T22:43:23.047+0000] {logging_mixin.py:188} INFO - [2025-04-17T22:43:23.047+0000] {dag.py:3823} INFO - Setting next_dagrun for tutorial_dag to None, run_after=None
[2025-04-17T22:43:23.075+0000] {processor.py:183} INFO - Processing /home/airflow/.local/lib/python3.8/site-packages/airflow/example_dags/tutorial_dag.py took 0.102 seconds
[2025-04-17T22:43:53.609+0000] {processor.py:161} INFO - Started process (PID=440) to work on /home/airflow/.local/lib/python3.8/site-packages/airflow/example_dags/tutorial_dag.py
[2025-04-17T22:43:53.610+0000] {processor.py:830} INFO - Processing file /home/airflow/.local/lib/python3.8/site-packages/airflow/example_dags/tutorial_dag.py for tasks to queue
[2025-04-17T22:43:53.614+0000] {logging_mixin.py:188} INFO - [2025-04-17T22:43:53.613+0000] {dagbag.py:538} INFO - Filling up the DagBag from /home/airflow/.local/lib/python3.8/site-packages/airflow/example_dags/tutorial_dag.py
[2025-04-17T22:43:53.623+0000] {processor.py:840} INFO - DAG(s) 'tutorial_dag' retrieved from /home/airflow/.local/lib/python3.8/site-packages/airflow/example_dags/tutorial_dag.py
[2025-04-17T22:43:53.660+0000] {logging_mixin.py:188} INFO - [2025-04-17T22:43:53.660+0000] {dag.py:3036} INFO - Sync 1 DAGs
[2025-04-17T22:43:53.686+0000] {logging_mixin.py:188} INFO - [2025-04-17T22:43:53.685+0000] {dag.py:3823} INFO - Setting next_dagrun for tutorial_dag to None, run_after=None
[2025-04-17T22:43:53.724+0000] {processor.py:183} INFO - Processing /home/airflow/.local/lib/python3.8/site-packages/airflow/example_dags/tutorial_dag.py took 0.123 seconds
[2025-04-17T22:44:24.648+0000] {processor.py:161} INFO - Started process (PID=495) to work on /home/airflow/.local/lib/python3.8/site-packages/airflow/example_dags/tutorial_dag.py
[2025-04-17T22:44:24.649+0000] {processor.py:830} INFO - Processing file /home/airflow/.local/lib/python3.8/site-packages/airflow/example_dags/tutorial_dag.py for tasks to queue
[2025-04-17T22:44:24.653+0000] {logging_mixin.py:188} INFO - [2025-04-17T22:44:24.653+0000] {dagbag.py:538} INFO - Filling up the DagBag from /home/airflow/.local/lib/python3.8/site-packages/airflow/example_dags/tutorial_dag.py
[2025-04-17T22:44:24.663+0000] {processor.py:840} INFO - DAG(s) 'tutorial_dag' retrieved from /home/airflow/.local/lib/python3.8/site-packages/airflow/example_dags/tutorial_dag.py
[2025-04-17T22:44:24.706+0000] {logging_mixin.py:188} INFO - [2025-04-17T22:44:24.705+0000] {dag.py:3036} INFO - Sync 1 DAGs
[2025-04-17T22:44:24.730+0000] {logging_mixin.py:188} INFO - [2025-04-17T22:44:24.729+0000] {dag.py:3823} INFO - Setting next_dagrun for tutorial_dag to None, run_after=None
[2025-04-17T22:44:24.767+0000] {processor.py:183} INFO - Processing /home/airflow/.local/lib/python3.8/site-packages/airflow/example_dags/tutorial_dag.py took 0.126 seconds
[2025-04-17T22:44:54.847+0000] {processor.py:161} INFO - Started process (PID=550) to work on /home/airflow/.local/lib/python3.8/site-packages/airflow/example_dags/tutorial_dag.py
[2025-04-17T22:44:54.849+0000] {processor.py:830} INFO - Processing file /home/airflow/.local/lib/python3.8/site-packages/airflow/example_dags/tutorial_dag.py for tasks to queue
[2025-04-17T22:44:54.852+0000] {logging_mixin.py:188} INFO - [2025-04-17T22:44:54.852+0000] {dagbag.py:538} INFO - Filling up the DagBag from /home/airflow/.local/lib/python3.8/site-packages/airflow/example_dags/tutorial_dag.py
[2025-04-17T22:44:54.862+0000] {processor.py:840} INFO - DAG(s) 'tutorial_dag' retrieved from /home/airflow/.local/lib/python3.8/site-packages/airflow/example_dags/tutorial_dag.py
[2025-04-17T22:44:54.901+0000] {logging_mixin.py:188} INFO - [2025-04-17T22:44:54.901+0000] {dag.py:3036} INFO - Sync 1 DAGs
[2025-04-17T22:44:54.922+0000] {logging_mixin.py:188} INFO - [2025-04-17T22:44:54.922+0000] {dag.py:3823} INFO - Setting next_dagrun for tutorial_dag to None, run_after=None
[2025-04-17T22:44:54.950+0000] {processor.py:183} INFO - Processing /home/airflow/.local/lib/python3.8/site-packages/airflow/example_dags/tutorial_dag.py took 0.108 seconds
[2025-04-17T22:45:25.417+0000] {processor.py:161} INFO - Started process (PID=605) to work on /home/airflow/.local/lib/python3.8/site-packages/airflow/example_dags/tutorial_dag.py
[2025-04-17T22:45:25.418+0000] {processor.py:830} INFO - Processing file /home/airflow/.local/lib/python3.8/site-packages/airflow/example_dags/tutorial_dag.py for tasks to queue
[2025-04-17T22:45:25.421+0000] {logging_mixin.py:188} INFO - [2025-04-17T22:45:25.421+0000] {dagbag.py:538} INFO - Filling up the DagBag from /home/airflow/.local/lib/python3.8/site-packages/airflow/example_dags/tutorial_dag.py
[2025-04-17T22:45:25.430+0000] {processor.py:840} INFO - DAG(s) 'tutorial_dag' retrieved from /home/airflow/.local/lib/python3.8/site-packages/airflow/example_dags/tutorial_dag.py
[2025-04-17T22:45:25.465+0000] {logging_mixin.py:188} INFO - [2025-04-17T22:45:25.465+0000] {dag.py:3036} INFO - Sync 1 DAGs
[2025-04-17T22:45:25.485+0000] {logging_mixin.py:188} INFO - [2025-04-17T22:45:25.484+0000] {dag.py:3823} INFO - Setting next_dagrun for tutorial_dag to None, run_after=None
[2025-04-17T22:45:25.512+0000] {processor.py:183} INFO - Processing /home/airflow/.local/lib/python3.8/site-packages/airflow/example_dags/tutorial_dag.py took 0.101 seconds
[2025-04-17T22:45:55.978+0000] {processor.py:161} INFO - Started process (PID=660) to work on /home/airflow/.local/lib/python3.8/site-packages/airflow/example_dags/tutorial_dag.py
[2025-04-17T22:45:55.980+0000] {processor.py:830} INFO - Processing file /home/airflow/.local/lib/python3.8/site-packages/airflow/example_dags/tutorial_dag.py for tasks to queue
[2025-04-17T22:45:55.983+0000] {logging_mixin.py:188} INFO - [2025-04-17T22:45:55.983+0000] {dagbag.py:538} INFO - Filling up the DagBag from /home/airflow/.local/lib/python3.8/site-packages/airflow/example_dags/tutorial_dag.py
[2025-04-17T22:45:55.992+0000] {processor.py:840} INFO - DAG(s) 'tutorial_dag' retrieved from /home/airflow/.local/lib/python3.8/site-packages/airflow/example_dags/tutorial_dag.py
[2025-04-17T22:45:56.025+0000] {logging_mixin.py:188} INFO - [2025-04-17T22:45:56.025+0000] {dag.py:3036} INFO - Sync 1 DAGs
[2025-04-17T22:45:56.044+0000] {logging_mixin.py:188} INFO - [2025-04-17T22:45:56.044+0000] {dag.py:3823} INFO - Setting next_dagrun for tutorial_dag to None, run_after=None
[2025-04-17T22:45:56.075+0000] {processor.py:183} INFO - Processing /home/airflow/.local/lib/python3.8/site-packages/airflow/example_dags/tutorial_dag.py took 0.102 seconds
[2025-04-17T22:46:26.365+0000] {processor.py:161} INFO - Started process (PID=715) to work on /home/airflow/.local/lib/python3.8/site-packages/airflow/example_dags/tutorial_dag.py
[2025-04-17T22:46:26.367+0000] {processor.py:830} INFO - Processing file /home/airflow/.local/lib/python3.8/site-packages/airflow/example_dags/tutorial_dag.py for tasks to queue
[2025-04-17T22:46:26.370+0000] {logging_mixin.py:188} INFO - [2025-04-17T22:46:26.370+0000] {dagbag.py:538} INFO - Filling up the DagBag from /home/airflow/.local/lib/python3.8/site-packages/airflow/example_dags/tutorial_dag.py
[2025-04-17T22:46:26.379+0000] {processor.py:840} INFO - DAG(s) 'tutorial_dag' retrieved from /home/airflow/.local/lib/python3.8/site-packages/airflow/example_dags/tutorial_dag.py
[2025-04-17T22:46:26.413+0000] {logging_mixin.py:188} INFO - [2025-04-17T22:46:26.413+0000] {dag.py:3036} INFO - Sync 1 DAGs
[2025-04-17T22:46:26.433+0000] {logging_mixin.py:188} INFO - [2025-04-17T22:46:26.433+0000] {dag.py:3823} INFO - Setting next_dagrun for tutorial_dag to None, run_after=None
[2025-04-17T22:46:26.463+0000] {processor.py:183} INFO - Processing /home/airflow/.local/lib/python3.8/site-packages/airflow/example_dags/tutorial_dag.py took 0.103 seconds
[2025-04-17T22:46:57.284+0000] {processor.py:161} INFO - Started process (PID=770) to work on /home/airflow/.local/lib/python3.8/site-packages/airflow/example_dags/tutorial_dag.py
[2025-04-17T22:46:57.286+0000] {processor.py:830} INFO - Processing file /home/airflow/.local/lib/python3.8/site-packages/airflow/example_dags/tutorial_dag.py for tasks to queue
[2025-04-17T22:46:57.289+0000] {logging_mixin.py:188} INFO - [2025-04-17T22:46:57.288+0000] {dagbag.py:538} INFO - Filling up the DagBag from /home/airflow/.local/lib/python3.8/site-packages/airflow/example_dags/tutorial_dag.py
[2025-04-17T22:46:57.297+0000] {processor.py:840} INFO - DAG(s) 'tutorial_dag' retrieved from /home/airflow/.local/lib/python3.8/site-packages/airflow/example_dags/tutorial_dag.py
[2025-04-17T22:46:57.331+0000] {logging_mixin.py:188} INFO - [2025-04-17T22:46:57.330+0000] {dag.py:3036} INFO - Sync 1 DAGs
[2025-04-17T22:46:57.350+0000] {logging_mixin.py:188} INFO - [2025-04-17T22:46:57.350+0000] {dag.py:3823} INFO - Setting next_dagrun for tutorial_dag to None, run_after=None
[2025-04-17T22:46:57.379+0000] {processor.py:183} INFO - Processing /home/airflow/.local/lib/python3.8/site-packages/airflow/example_dags/tutorial_dag.py took 0.100 seconds
[2025-04-17T22:47:27.830+0000] {processor.py:161} INFO - Started process (PID=825) to work on /home/airflow/.local/lib/python3.8/site-packages/airflow/example_dags/tutorial_dag.py
[2025-04-17T22:47:27.832+0000] {processor.py:830} INFO - Processing file /home/airflow/.local/lib/python3.8/site-packages/airflow/example_dags/tutorial_dag.py for tasks to queue
[2025-04-17T22:47:27.836+0000] {logging_mixin.py:188} INFO - [2025-04-17T22:47:27.836+0000] {dagbag.py:538} INFO - Filling up the DagBag from /home/airflow/.local/lib/python3.8/site-packages/airflow/example_dags/tutorial_dag.py
[2025-04-17T22:47:27.846+0000] {processor.py:840} INFO - DAG(s) 'tutorial_dag' retrieved from /home/airflow/.local/lib/python3.8/site-packages/airflow/example_dags/tutorial_dag.py
[2025-04-17T22:47:27.881+0000] {logging_mixin.py:188} INFO - [2025-04-17T22:47:27.881+0000] {dag.py:3036} INFO - Sync 1 DAGs
[2025-04-17T22:47:27.901+0000] {logging_mixin.py:188} INFO - [2025-04-17T22:47:27.900+0000] {dag.py:3823} INFO - Setting next_dagrun for tutorial_dag to None, run_after=None
[2025-04-17T22:47:27.931+0000] {processor.py:183} INFO - Processing /home/airflow/.local/lib/python3.8/site-packages/airflow/example_dags/tutorial_dag.py took 0.107 seconds
[2025-04-17T22:47:57.996+0000] {processor.py:161} INFO - Started process (PID=880) to work on /home/airflow/.local/lib/python3.8/site-packages/airflow/example_dags/tutorial_dag.py
[2025-04-17T22:47:57.997+0000] {processor.py:830} INFO - Processing file /home/airflow/.local/lib/python3.8/site-packages/airflow/example_dags/tutorial_dag.py for tasks to queue
[2025-04-17T22:47:58.000+0000] {logging_mixin.py:188} INFO - [2025-04-17T22:47:58.000+0000] {dagbag.py:538} INFO - Filling up the DagBag from /home/airflow/.local/lib/python3.8/site-packages/airflow/example_dags/tutorial_dag.py
[2025-04-17T22:47:58.009+0000] {processor.py:840} INFO - DAG(s) 'tutorial_dag' retrieved from /home/airflow/.local/lib/python3.8/site-packages/airflow/example_dags/tutorial_dag.py
[2025-04-17T22:47:58.029+0000] {logging_mixin.py:188} INFO - [2025-04-17T22:47:58.029+0000] {dag.py:3036} INFO - Sync 1 DAGs
[2025-04-17T22:47:58.052+0000] {logging_mixin.py:188} INFO - [2025-04-17T22:47:58.051+0000] {dag.py:3823} INFO - Setting next_dagrun for tutorial_dag to None, run_after=None
[2025-04-17T22:47:58.083+0000] {processor.py:183} INFO - Processing /home/airflow/.local/lib/python3.8/site-packages/airflow/example_dags/tutorial_dag.py took 0.093 seconds
[2025-04-17T22:48:29.662+0000] {processor.py:161} INFO - Started process (PID=935) to work on /home/airflow/.local/lib/python3.8/site-packages/airflow/example_dags/tutorial_dag.py
[2025-04-17T22:48:29.663+0000] {processor.py:830} INFO - Processing file /home/airflow/.local/lib/python3.8/site-packages/airflow/example_dags/tutorial_dag.py for tasks to queue
[2025-04-17T22:48:29.666+0000] {logging_mixin.py:188} INFO - [2025-04-17T22:48:29.666+0000] {dagbag.py:538} INFO - Filling up the DagBag from /home/airflow/.local/lib/python3.8/site-packages/airflow/example_dags/tutorial_dag.py
[2025-04-17T22:48:29.675+0000] {processor.py:840} INFO - DAG(s) 'tutorial_dag' retrieved from /home/airflow/.local/lib/python3.8/site-packages/airflow/example_dags/tutorial_dag.py
[2025-04-17T22:48:29.833+0000] {logging_mixin.py:188} INFO - [2025-04-17T22:48:29.833+0000] {dag.py:3036} INFO - Sync 1 DAGs
[2025-04-17T22:48:29.849+0000] {logging_mixin.py:188} INFO - [2025-04-17T22:48:29.849+0000] {dag.py:3823} INFO - Setting next_dagrun for tutorial_dag to None, run_after=None
[2025-04-17T22:48:29.878+0000] {processor.py:183} INFO - Processing /home/airflow/.local/lib/python3.8/site-packages/airflow/example_dags/tutorial_dag.py took 0.222 seconds
[2025-04-17T22:49:00.247+0000] {processor.py:161} INFO - Started process (PID=990) to work on /home/airflow/.local/lib/python3.8/site-packages/airflow/example_dags/tutorial_dag.py
[2025-04-17T22:49:00.248+0000] {processor.py:830} INFO - Processing file /home/airflow/.local/lib/python3.8/site-packages/airflow/example_dags/tutorial_dag.py for tasks to queue
[2025-04-17T22:49:00.254+0000] {logging_mixin.py:188} INFO - [2025-04-17T22:49:00.253+0000] {dagbag.py:538} INFO - Filling up the DagBag from /home/airflow/.local/lib/python3.8/site-packages/airflow/example_dags/tutorial_dag.py
[2025-04-17T22:49:00.263+0000] {processor.py:840} INFO - DAG(s) 'tutorial_dag' retrieved from /home/airflow/.local/lib/python3.8/site-packages/airflow/example_dags/tutorial_dag.py
[2025-04-17T22:49:00.296+0000] {logging_mixin.py:188} INFO - [2025-04-17T22:49:00.296+0000] {dag.py:3036} INFO - Sync 1 DAGs
[2025-04-17T22:49:00.317+0000] {logging_mixin.py:188} INFO - [2025-04-17T22:49:00.316+0000] {dag.py:3823} INFO - Setting next_dagrun for tutorial_dag to None, run_after=None
[2025-04-17T22:49:00.347+0000] {processor.py:183} INFO - Processing /home/airflow/.local/lib/python3.8/site-packages/airflow/example_dags/tutorial_dag.py took 0.106 seconds
[2025-04-17T22:49:30.951+0000] {processor.py:161} INFO - Started process (PID=1045) to work on /home/airflow/.local/lib/python3.8/site-packages/airflow/example_dags/tutorial_dag.py
[2025-04-17T22:49:30.953+0000] {processor.py:830} INFO - Processing file /home/airflow/.local/lib/python3.8/site-packages/airflow/example_dags/tutorial_dag.py for tasks to queue
[2025-04-17T22:49:30.957+0000] {logging_mixin.py:188} INFO - [2025-04-17T22:49:30.956+0000] {dagbag.py:538} INFO - Filling up the DagBag from /home/airflow/.local/lib/python3.8/site-packages/airflow/example_dags/tutorial_dag.py
[2025-04-17T22:49:30.967+0000] {processor.py:840} INFO - DAG(s) 'tutorial_dag' retrieved from /home/airflow/.local/lib/python3.8/site-packages/airflow/example_dags/tutorial_dag.py
[2025-04-17T22:49:31.003+0000] {logging_mixin.py:188} INFO - [2025-04-17T22:49:31.002+0000] {dag.py:3036} INFO - Sync 1 DAGs
[2025-04-17T22:49:31.025+0000] {logging_mixin.py:188} INFO - [2025-04-17T22:49:31.025+0000] {dag.py:3823} INFO - Setting next_dagrun for tutorial_dag to None, run_after=None
[2025-04-17T22:49:31.056+0000] {processor.py:183} INFO - Processing /home/airflow/.local/lib/python3.8/site-packages/airflow/example_dags/tutorial_dag.py took 0.112 seconds
[2025-04-17T22:50:01.256+0000] {processor.py:161} INFO - Started process (PID=1100) to work on /home/airflow/.local/lib/python3.8/site-packages/airflow/example_dags/tutorial_dag.py
[2025-04-17T22:50:01.257+0000] {processor.py:830} INFO - Processing file /home/airflow/.local/lib/python3.8/site-packages/airflow/example_dags/tutorial_dag.py for tasks to queue
[2025-04-17T22:50:01.260+0000] {logging_mixin.py:188} INFO - [2025-04-17T22:50:01.260+0000] {dagbag.py:538} INFO - Filling up the DagBag from /home/airflow/.local/lib/python3.8/site-packages/airflow/example_dags/tutorial_dag.py
[2025-04-17T22:50:01.269+0000] {processor.py:840} INFO - DAG(s) 'tutorial_dag' retrieved from /home/airflow/.local/lib/python3.8/site-packages/airflow/example_dags/tutorial_dag.py
[2025-04-17T22:50:01.302+0000] {logging_mixin.py:188} INFO - [2025-04-17T22:50:01.301+0000] {dag.py:3036} INFO - Sync 1 DAGs
[2025-04-17T22:50:01.322+0000] {logging_mixin.py:188} INFO - [2025-04-17T22:50:01.322+0000] {dag.py:3823} INFO - Setting next_dagrun for tutorial_dag to None, run_after=None
[2025-04-17T22:50:01.351+0000] {processor.py:183} INFO - Processing /home/airflow/.local/lib/python3.8/site-packages/airflow/example_dags/tutorial_dag.py took 0.100 seconds
[2025-04-17T22:50:32.060+0000] {processor.py:161} INFO - Started process (PID=1155) to work on /home/airflow/.local/lib/python3.8/site-packages/airflow/example_dags/tutorial_dag.py
[2025-04-17T22:50:32.062+0000] {processor.py:830} INFO - Processing file /home/airflow/.local/lib/python3.8/site-packages/airflow/example_dags/tutorial_dag.py for tasks to queue
[2025-04-17T22:50:32.066+0000] {logging_mixin.py:188} INFO - [2025-04-17T22:50:32.065+0000] {dagbag.py:538} INFO - Filling up the DagBag from /home/airflow/.local/lib/python3.8/site-packages/airflow/example_dags/tutorial_dag.py
[2025-04-17T22:50:32.079+0000] {processor.py:840} INFO - DAG(s) 'tutorial_dag' retrieved from /home/airflow/.local/lib/python3.8/site-packages/airflow/example_dags/tutorial_dag.py
[2025-04-17T22:50:32.115+0000] {logging_mixin.py:188} INFO - [2025-04-17T22:50:32.115+0000] {dag.py:3036} INFO - Sync 1 DAGs
[2025-04-17T22:50:32.135+0000] {logging_mixin.py:188} INFO - [2025-04-17T22:50:32.135+0000] {dag.py:3823} INFO - Setting next_dagrun for tutorial_dag to None, run_after=None
[2025-04-17T22:50:32.166+0000] {processor.py:183} INFO - Processing /home/airflow/.local/lib/python3.8/site-packages/airflow/example_dags/tutorial_dag.py took 0.112 seconds
[2025-04-17T22:51:02.672+0000] {processor.py:161} INFO - Started process (PID=1210) to work on /home/airflow/.local/lib/python3.8/site-packages/airflow/example_dags/tutorial_dag.py
[2025-04-17T22:51:02.674+0000] {processor.py:830} INFO - Processing file /home/airflow/.local/lib/python3.8/site-packages/airflow/example_dags/tutorial_dag.py for tasks to queue
[2025-04-17T22:51:02.677+0000] {logging_mixin.py:188} INFO - [2025-04-17T22:51:02.677+0000] {dagbag.py:538} INFO - Filling up the DagBag from /home/airflow/.local/lib/python3.8/site-packages/airflow/example_dags/tutorial_dag.py
[2025-04-17T22:51:02.686+0000] {processor.py:840} INFO - DAG(s) 'tutorial_dag' retrieved from /home/airflow/.local/lib/python3.8/site-packages/airflow/example_dags/tutorial_dag.py
[2025-04-17T22:51:02.726+0000] {logging_mixin.py:188} INFO - [2025-04-17T22:51:02.726+0000] {dag.py:3036} INFO - Sync 1 DAGs
[2025-04-17T22:51:02.746+0000] {logging_mixin.py:188} INFO - [2025-04-17T22:51:02.746+0000] {dag.py:3823} INFO - Setting next_dagrun for tutorial_dag to None, run_after=None
[2025-04-17T22:51:02.781+0000] {processor.py:183} INFO - Processing /home/airflow/.local/lib/python3.8/site-packages/airflow/example_dags/tutorial_dag.py took 0.114 seconds
[2025-04-17T22:51:33.048+0000] {processor.py:161} INFO - Started process (PID=1265) to work on /home/airflow/.local/lib/python3.8/site-packages/airflow/example_dags/tutorial_dag.py
[2025-04-17T22:51:33.049+0000] {processor.py:830} INFO - Processing file /home/airflow/.local/lib/python3.8/site-packages/airflow/example_dags/tutorial_dag.py for tasks to queue
[2025-04-17T22:51:33.053+0000] {logging_mixin.py:188} INFO - [2025-04-17T22:51:33.052+0000] {dagbag.py:538} INFO - Filling up the DagBag from /home/airflow/.local/lib/python3.8/site-packages/airflow/example_dags/tutorial_dag.py
[2025-04-17T22:51:33.063+0000] {processor.py:840} INFO - DAG(s) 'tutorial_dag' retrieved from /home/airflow/.local/lib/python3.8/site-packages/airflow/example_dags/tutorial_dag.py
[2025-04-17T22:51:33.099+0000] {logging_mixin.py:188} INFO - [2025-04-17T22:51:33.098+0000] {dag.py:3036} INFO - Sync 1 DAGs
[2025-04-17T22:51:33.120+0000] {logging_mixin.py:188} INFO - [2025-04-17T22:51:33.120+0000] {dag.py:3823} INFO - Setting next_dagrun for tutorial_dag to None, run_after=None
[2025-04-17T22:51:33.150+0000] {processor.py:183} INFO - Processing /home/airflow/.local/lib/python3.8/site-packages/airflow/example_dags/tutorial_dag.py took 0.107 seconds
[2025-04-17T22:52:03.592+0000] {processor.py:161} INFO - Started process (PID=1320) to work on /home/airflow/.local/lib/python3.8/site-packages/airflow/example_dags/tutorial_dag.py
[2025-04-17T22:52:03.594+0000] {processor.py:830} INFO - Processing file /home/airflow/.local/lib/python3.8/site-packages/airflow/example_dags/tutorial_dag.py for tasks to queue
[2025-04-17T22:52:03.597+0000] {logging_mixin.py:188} INFO - [2025-04-17T22:52:03.596+0000] {dagbag.py:538} INFO - Filling up the DagBag from /home/airflow/.local/lib/python3.8/site-packages/airflow/example_dags/tutorial_dag.py
[2025-04-17T22:52:03.605+0000] {processor.py:840} INFO - DAG(s) 'tutorial_dag' retrieved from /home/airflow/.local/lib/python3.8/site-packages/airflow/example_dags/tutorial_dag.py
[2025-04-17T22:52:03.645+0000] {logging_mixin.py:188} INFO - [2025-04-17T22:52:03.645+0000] {dag.py:3036} INFO - Sync 1 DAGs
[2025-04-17T22:52:03.675+0000] {logging_mixin.py:188} INFO - [2025-04-17T22:52:03.674+0000] {dag.py:3823} INFO - Setting next_dagrun for tutorial_dag to None, run_after=None
[2025-04-17T22:52:03.703+0000] {processor.py:183} INFO - Processing /home/airflow/.local/lib/python3.8/site-packages/airflow/example_dags/tutorial_dag.py took 0.116 seconds
[2025-04-17T22:52:34.574+0000] {processor.py:161} INFO - Started process (PID=1375) to work on /home/airflow/.local/lib/python3.8/site-packages/airflow/example_dags/tutorial_dag.py
[2025-04-17T22:52:34.576+0000] {processor.py:830} INFO - Processing file /home/airflow/.local/lib/python3.8/site-packages/airflow/example_dags/tutorial_dag.py for tasks to queue
[2025-04-17T22:52:34.579+0000] {logging_mixin.py:188} INFO - [2025-04-17T22:52:34.579+0000] {dagbag.py:538} INFO - Filling up the DagBag from /home/airflow/.local/lib/python3.8/site-packages/airflow/example_dags/tutorial_dag.py
[2025-04-17T22:52:34.592+0000] {processor.py:840} INFO - DAG(s) 'tutorial_dag' retrieved from /home/airflow/.local/lib/python3.8/site-packages/airflow/example_dags/tutorial_dag.py
[2025-04-17T22:52:34.632+0000] {logging_mixin.py:188} INFO - [2025-04-17T22:52:34.632+0000] {dag.py:3036} INFO - Sync 1 DAGs
[2025-04-17T22:52:34.664+0000] {logging_mixin.py:188} INFO - [2025-04-17T22:52:34.664+0000] {dag.py:3823} INFO - Setting next_dagrun for tutorial_dag to None, run_after=None
[2025-04-17T22:52:34.706+0000] {processor.py:183} INFO - Processing /home/airflow/.local/lib/python3.8/site-packages/airflow/example_dags/tutorial_dag.py took 0.137 seconds
[2025-04-17T22:53:05.507+0000] {processor.py:161} INFO - Started process (PID=1430) to work on /home/airflow/.local/lib/python3.8/site-packages/airflow/example_dags/tutorial_dag.py
[2025-04-17T22:53:05.509+0000] {processor.py:830} INFO - Processing file /home/airflow/.local/lib/python3.8/site-packages/airflow/example_dags/tutorial_dag.py for tasks to queue
[2025-04-17T22:53:05.513+0000] {logging_mixin.py:188} INFO - [2025-04-17T22:53:05.512+0000] {dagbag.py:538} INFO - Filling up the DagBag from /home/airflow/.local/lib/python3.8/site-packages/airflow/example_dags/tutorial_dag.py
[2025-04-17T22:53:05.522+0000] {processor.py:840} INFO - DAG(s) 'tutorial_dag' retrieved from /home/airflow/.local/lib/python3.8/site-packages/airflow/example_dags/tutorial_dag.py
[2025-04-17T22:53:05.582+0000] {logging_mixin.py:188} INFO - [2025-04-17T22:53:05.582+0000] {dag.py:3036} INFO - Sync 1 DAGs
[2025-04-17T22:53:05.616+0000] {logging_mixin.py:188} INFO - [2025-04-17T22:53:05.616+0000] {dag.py:3823} INFO - Setting next_dagrun for tutorial_dag to None, run_after=None
[2025-04-17T22:53:05.659+0000] {processor.py:183} INFO - Processing /home/airflow/.local/lib/python3.8/site-packages/airflow/example_dags/tutorial_dag.py took 0.159 seconds
[2025-04-17T22:53:36.422+0000] {processor.py:161} INFO - Started process (PID=1485) to work on /home/airflow/.local/lib/python3.8/site-packages/airflow/example_dags/tutorial_dag.py
[2025-04-17T22:53:36.423+0000] {processor.py:830} INFO - Processing file /home/airflow/.local/lib/python3.8/site-packages/airflow/example_dags/tutorial_dag.py for tasks to queue
[2025-04-17T22:53:36.426+0000] {logging_mixin.py:188} INFO - [2025-04-17T22:53:36.426+0000] {dagbag.py:538} INFO - Filling up the DagBag from /home/airflow/.local/lib/python3.8/site-packages/airflow/example_dags/tutorial_dag.py
[2025-04-17T22:53:36.437+0000] {processor.py:840} INFO - DAG(s) 'tutorial_dag' retrieved from /home/airflow/.local/lib/python3.8/site-packages/airflow/example_dags/tutorial_dag.py
[2025-04-17T22:53:36.473+0000] {logging_mixin.py:188} INFO - [2025-04-17T22:53:36.473+0000] {dag.py:3036} INFO - Sync 1 DAGs
[2025-04-17T22:53:36.496+0000] {logging_mixin.py:188} INFO - [2025-04-17T22:53:36.495+0000] {dag.py:3823} INFO - Setting next_dagrun for tutorial_dag to None, run_after=None
[2025-04-17T22:53:36.527+0000] {processor.py:183} INFO - Processing /home/airflow/.local/lib/python3.8/site-packages/airflow/example_dags/tutorial_dag.py took 0.111 seconds
[2025-04-17T22:54:07.195+0000] {processor.py:161} INFO - Started process (PID=1540) to work on /home/airflow/.local/lib/python3.8/site-packages/airflow/example_dags/tutorial_dag.py
[2025-04-17T22:54:07.197+0000] {processor.py:830} INFO - Processing file /home/airflow/.local/lib/python3.8/site-packages/airflow/example_dags/tutorial_dag.py for tasks to queue
[2025-04-17T22:54:07.200+0000] {logging_mixin.py:188} INFO - [2025-04-17T22:54:07.200+0000] {dagbag.py:538} INFO - Filling up the DagBag from /home/airflow/.local/lib/python3.8/site-packages/airflow/example_dags/tutorial_dag.py
[2025-04-17T22:54:07.210+0000] {processor.py:840} INFO - DAG(s) 'tutorial_dag' retrieved from /home/airflow/.local/lib/python3.8/site-packages/airflow/example_dags/tutorial_dag.py
[2025-04-17T22:54:07.244+0000] {logging_mixin.py:188} INFO - [2025-04-17T22:54:07.243+0000] {dag.py:3036} INFO - Sync 1 DAGs
[2025-04-17T22:54:07.265+0000] {logging_mixin.py:188} INFO - [2025-04-17T22:54:07.265+0000] {dag.py:3823} INFO - Setting next_dagrun for tutorial_dag to None, run_after=None
[2025-04-17T22:54:07.296+0000] {processor.py:183} INFO - Processing /home/airflow/.local/lib/python3.8/site-packages/airflow/example_dags/tutorial_dag.py took 0.106 seconds
